#
# A fatal error has been detected by the Java Runtime Environment:
#
#  SIGSEGV (0xb) at pc=0x0000000107803854, pid=52067, tid=27399
#
# JRE version: OpenJDK Runtime Environment (15.0.2+7) (build 15.0.2+7-27)
# Java VM: OpenJDK 64-Bit Server VM (15.0.2+7-27, mixed mode, tiered, compressed oops, g1 gc, bsd-amd64)
# Problematic frame:
# V  [libjvm.dylib+0x3854]  AccessInternal::PostRuntimeDispatch<G1BarrierSet::AccessBarrier<548980ull, G1BarrierSet>, (AccessInternal::BarrierType)2, 548980ull>::oop_access_barrier(void*)+0x4
#
# No core dump will be written. Core dumps have been disabled. To enable core dumping, try "ulimit -c unlimited" before starting Java again
#
# If you would like to submit a bug report, please visit:
#   https://bugreport.java.com/bugreport/crash.jsp
#

---------------  S U M M A R Y ------------

Command Line: -Djava.awt.headless=true -javaagent:/var/folders/kf/6s3yyz091ynfywzf3k3mq2cm0000gn/T/1617350530933092591480972417724106533362184458336.jar -Dfile.encoding=UTF-8 org.pitest.mutationtest.execute.MutationTestMinion 55413

Host: MacBookPro12,1 x86_64 3100 MHz, 4 cores, 16G, Darwin 20.3.0
Time: Fri Apr  2 02:02:45 2021 MDT elapsed time: 1.436206 seconds (0d 0h 0m 1s)

---------------  T H R E A D  ---------------

Current thread (0x00007f80b6933e00):  JavaThread "mutationTestThread" daemon [_thread_in_vm, id=27399, stack(0x00007000023b9000,0x00007000024b9000)]

Stack: [0x00007000023b9000,0x00007000024b9000],  sp=0x00007000024b7820,  free space=1018k
Native frames: (J=compiled Java code, A=aot compiled Java code, j=interpreted, Vv=VM code, C=native code)
V  [libjvm.dylib+0x3854]  AccessInternal::PostRuntimeDispatch<G1BarrierSet::AccessBarrier<548980ull, G1BarrierSet>, (AccessInternal::BarrierType)2, 548980ull>::oop_access_barrier(void*)+0x4
V  [libjvm.dylib+0x518281]  jni_GetStringUTFChars+0xd1
C  [JniInchi-1.03_1-MAC-X86_64+0xba690]  initInchiInput+0x6c4
C  [JniInchi-1.03_1-MAC-X86_64+0xba7b4]  Java_net_sf_jniinchi_JniInchiWrapper_GetINCHI+0x27
j  net.sf.jniinchi.JniInchiWrapper.GetINCHI(Lnet/sf/jniinchi/JniInchiInput;)Lnet/sf/jniinchi/JniInchiOutput;+0
j  net.sf.jniinchi.JniInchiWrapper.getInchi(Lnet/sf/jniinchi/JniInchiInput;)Lnet/sf/jniinchi/JniInchiOutput;+23
j  net.sf.jniinchi.TestJniInchiWrapper.testGetInchiNull()V+1
v  ~StubRoutines::call_stub
V  [libjvm.dylib+0x4ae582]  JavaCalls::call_helper(JavaValue*, methodHandle const&, JavaCallArguments*, Thread*)+0x2e2
V  [libjvm.dylib+0x89f2ae]  invoke(InstanceKlass*, methodHandle const&, Handle, bool, objArrayHandle, BasicType, objArrayHandle, bool, Thread*)+0x8ee
V  [libjvm.dylib+0x89e994]  Reflection::invoke_method(oopDesc*, Handle, objArrayHandle, Thread*)+0x244
V  [libjvm.dylib+0x55d399]  JVM_InvokeMethod+0x329
j  jdk.internal.reflect.NativeMethodAccessorImpl.invoke0(Ljava/lang/reflect/Method;Ljava/lang/Object;[Ljava/lang/Object;)Ljava/lang/Object;+0 java.base@15.0.2
j  jdk.internal.reflect.NativeMethodAccessorImpl.invoke(Ljava/lang/Object;[Ljava/lang/Object;)Ljava/lang/Object;+113 java.base@15.0.2
j  jdk.internal.reflect.DelegatingMethodAccessorImpl.invoke(Ljava/lang/Object;[Ljava/lang/Object;)Ljava/lang/Object;+6 java.base@15.0.2
j  java.lang.reflect.Method.invoke(Ljava/lang/Object;[Ljava/lang/Object;)Ljava/lang/Object;+59 java.base@15.0.2
j  org.junit.runners.model.FrameworkMethod$1.runReflectiveCall()Ljava/lang/Object;+15
j  org.junit.internal.runners.model.ReflectiveCallable.run()Ljava/lang/Object;+1
j  org.junit.runners.model.FrameworkMethod.invokeExplosively(Ljava/lang/Object;[Ljava/lang/Object;)Ljava/lang/Object;+10
j  org.junit.internal.runners.statements.InvokeMethod.evaluate()V+12
j  org.junit.internal.runners.statements.ExpectException.evaluate()V+6
j  org.junit.runners.ParentRunner$3.evaluate()V+4
j  org.junit.runners.BlockJUnit4ClassRunner$1.evaluate()V+11
j  org.junit.runners.ParentRunner.runLeaf(Lorg/junit/runners/model/Statement;Lorg/junit/runner/Description;Lorg/junit/runner/notification/RunNotifier;)V+17
j  org.junit.runners.BlockJUnit4ClassRunner.runChild(Lorg/junit/runners/model/FrameworkMethod;Lorg/junit/runner/notification/RunNotifier;)V+38
j  org.junit.runners.BlockJUnit4ClassRunner.runChild(Ljava/lang/Object;Lorg/junit/runner/notification/RunNotifier;)V+6
j  org.junit.runners.ParentRunner$4.run()V+12
j  org.junit.runners.ParentRunner$1.schedule(Ljava/lang/Runnable;)V+1
j  org.junit.runners.ParentRunner.runChildren(Lorg/junit/runner/notification/RunNotifier;)V+44
j  org.junit.runners.ParentRunner.access$100(Lorg/junit/runners/ParentRunner;Lorg/junit/runner/notification/RunNotifier;)V+2
j  org.junit.runners.ParentRunner$2.evaluate()V+8
j  org.junit.runners.ParentRunner$3.evaluate()V+4
j  org.junit.runners.ParentRunner.run(Lorg/junit/runner/notification/RunNotifier;)V+24
j  org.pitest.junit.adapter.CustomRunnerExecutor.run()V+34
j  org.pitest.junit.adapter.AdaptedJUnitTestUnit.execute(Lorg/pitest/testapi/ResultCollector;)V+34
j  org.pitest.mutationtest.execute.MutationTimeoutDecorator.lambda$createRunnable$0(Lorg/pitest/testapi/ResultCollector;)V+5
j  org.pitest.mutationtest.execute.MutationTimeoutDecorator$$Lambda$117+0x000000080017d0d8.run()V+8
j  java.util.concurrent.Executors$RunnableAdapter.call()Ljava/lang/Object;+4 java.base@15.0.2
j  java.util.concurrent.FutureTask.run()V+39 java.base@15.0.2
j  java.lang.Thread.run()V+11 java.base@15.0.2
v  ~StubRoutines::call_stub
V  [libjvm.dylib+0x4ae582]  JavaCalls::call_helper(JavaValue*, methodHandle const&, JavaCallArguments*, Thread*)+0x2e2
V  [libjvm.dylib+0x4ad469]  JavaCalls::call_virtual(JavaValue*, Klass*, Symbol*, Symbol*, JavaCallArguments*, Thread*)+0x1e9
V  [libjvm.dylib+0x4ad533]  JavaCalls::call_virtual(JavaValue*, Handle, Klass*, Symbol*, Symbol*, Thread*)+0x63
V  [libjvm.dylib+0x558f80]  thread_entry(JavaThread*, Thread*)+0xb0
V  [libjvm.dylib+0x99ae92]  JavaThread::thread_main_inner()+0xb2
V  [libjvm.dylib+0x997fa1]  Thread::call_run()+0x71
V  [libjvm.dylib+0x82a037]  thread_native_entry(Thread*)+0x197
C  [libsystem_pthread.dylib+0x6950]  _pthread_start+0xe0
C  [libsystem_pthread.dylib+0x247b]  thread_start+0xf

Java frames: (J=compiled Java code, j=interpreted, Vv=VM code)
j  net.sf.jniinchi.JniInchiWrapper.GetINCHI(Lnet/sf/jniinchi/JniInchiInput;)Lnet/sf/jniinchi/JniInchiOutput;+0
j  net.sf.jniinchi.JniInchiWrapper.getInchi(Lnet/sf/jniinchi/JniInchiInput;)Lnet/sf/jniinchi/JniInchiOutput;+23
j  net.sf.jniinchi.TestJniInchiWrapper.testGetInchiNull()V+1
v  ~StubRoutines::call_stub
j  jdk.internal.reflect.NativeMethodAccessorImpl.invoke0(Ljava/lang/reflect/Method;Ljava/lang/Object;[Ljava/lang/Object;)Ljava/lang/Object;+0 java.base@15.0.2
j  jdk.internal.reflect.NativeMethodAccessorImpl.invoke(Ljava/lang/Object;[Ljava/lang/Object;)Ljava/lang/Object;+113 java.base@15.0.2
j  jdk.internal.reflect.DelegatingMethodAccessorImpl.invoke(Ljava/lang/Object;[Ljava/lang/Object;)Ljava/lang/Object;+6 java.base@15.0.2
j  java.lang.reflect.Method.invoke(Ljava/lang/Object;[Ljava/lang/Object;)Ljava/lang/Object;+59 java.base@15.0.2
j  org.junit.runners.model.FrameworkMethod$1.runReflectiveCall()Ljava/lang/Object;+15
j  org.junit.internal.runners.model.ReflectiveCallable.run()Ljava/lang/Object;+1
j  org.junit.runners.model.FrameworkMethod.invokeExplosively(Ljava/lang/Object;[Ljava/lang/Object;)Ljava/lang/Object;+10
j  org.junit.internal.runners.statements.InvokeMethod.evaluate()V+12
j  org.junit.internal.runners.statements.ExpectException.evaluate()V+6
j  org.junit.runners.ParentRunner$3.evaluate()V+4
j  org.junit.runners.BlockJUnit4ClassRunner$1.evaluate()V+11
j  org.junit.runners.ParentRunner.runLeaf(Lorg/junit/runners/model/Statement;Lorg/junit/runner/Description;Lorg/junit/runner/notification/RunNotifier;)V+17
j  org.junit.runners.BlockJUnit4ClassRunner.runChild(Lorg/junit/runners/model/FrameworkMethod;Lorg/junit/runner/notification/RunNotifier;)V+38
j  org.junit.runners.BlockJUnit4ClassRunner.runChild(Ljava/lang/Object;Lorg/junit/runner/notification/RunNotifier;)V+6
j  org.junit.runners.ParentRunner$4.run()V+12
j  org.junit.runners.ParentRunner$1.schedule(Ljava/lang/Runnable;)V+1
j  org.junit.runners.ParentRunner.runChildren(Lorg/junit/runner/notification/RunNotifier;)V+44
j  org.junit.runners.ParentRunner.access$100(Lorg/junit/runners/ParentRunner;Lorg/junit/runner/notification/RunNotifier;)V+2
j  org.junit.runners.ParentRunner$2.evaluate()V+8
j  org.junit.runners.ParentRunner$3.evaluate()V+4
j  org.junit.runners.ParentRunner.run(Lorg/junit/runner/notification/RunNotifier;)V+24
j  org.pitest.junit.adapter.CustomRunnerExecutor.run()V+34
j  org.pitest.junit.adapter.AdaptedJUnitTestUnit.execute(Lorg/pitest/testapi/ResultCollector;)V+34
j  org.pitest.mutationtest.execute.MutationTimeoutDecorator.lambda$createRunnable$0(Lorg/pitest/testapi/ResultCollector;)V+5
j  org.pitest.mutationtest.execute.MutationTimeoutDecorator$$Lambda$117+0x000000080017d0d8.run()V+8
j  java.util.concurrent.Executors$RunnableAdapter.call()Ljava/lang/Object;+4 java.base@15.0.2
j  java.util.concurrent.FutureTask.run()V+39 java.base@15.0.2
j  java.lang.Thread.run()V+11 java.base@15.0.2
v  ~StubRoutines::call_stub

siginfo: si_signo: 11 (SIGSEGV), si_code: 1 (SEGV_MAPERR), si_addr: 0x0000000000000000

Register to memory mapping:

RAX=0xe3dc15ace1de00cd is an unknown value
RBX=0x00007f80b6934128 points into unknown readable memory: 0x00000001083cff70 | 70 ff 3c 08 01 00 00 00
RCX=0x00007f80b8d057d0 points into unknown readable memory: 0x000000070fbb8698 | 98 86 bb 0f 07 00 00 00
RDX=0x00007000024b793f is pointing into the stack for thread: 0x00007f80b6933e00
RSP=0x00007000024b7820 is pointing into the stack for thread: 0x00007f80b6933e00
RBP=0x00007000024b7820 is pointing into the stack for thread: 0x00007f80b6933e00
RSI=0x0 is NULL
RDI=0x0 is NULL
R8 =0x00007000024b6b10 is pointing into the stack for thread: 0x00007f80b6933e00
R9 =0x00007000024b6db0 is pointing into the stack for thread: 0x00007f80b6933e00
R10=0x00000001082923c0: _ZL18hsdis_library_name+0x1112 in /Users/thomasmatthews/.p2/pool/plugins/org.eclipse.justj.openjdk.hotspot.jre.full.macosx.x86_64_15.0.2.v20210201-0955/jre/lib/server/libjvm.dylib at 0x0000000107800000
R11=0x00000f80b43584e9 is an unknown value
R12=0x00007f80b6933e00 is a thread
R13=0x0 is NULL
R14=0x00007000024b793f is pointing into the stack for thread: 0x00007f80b6933e00
R15=0x0 is NULL


Registers:
RAX=0xe3dc15ace1de00cd, RBX=0x00007f80b6934128, RCX=0x00007f80b8d057d0, RDX=0x00007000024b793f
RSP=0x00007000024b7820, RBP=0x00007000024b7820, RSI=0x0000000000000000, RDI=0x0000000000000000
R8 =0x00007000024b6b10, R9 =0x00007000024b6db0, R10=0x00000001082923c0, R11=0x00000f80b43584e9
R12=0x00007f80b6933e00, R13=0x0000000000000000, R14=0x00007000024b793f, R15=0x0000000000000000
RIP=0x0000000107803854, EFLAGS=0x0000000000010246, ERR=0x0000000000000004
  TRAPNO=0x000000000000000e

Top of Stack: (sp=0x00007000024b7820)
0x00007000024b7820:   00007000024b78b0 0000000107d18281
0x00007000024b7830:   00007f80b6933e00 00007f80b8d057c8
0x00007000024b7840:   00007000000003db 00000001082a4ac6
0x00007000024b7850:   000000000000000c 0000000000000000
0x00007000024b7860:   00007f80b6933e00 00007f80b8d057c8
0x00007000024b7870:   00007000000003db 00000001082a4ac6
0x00007000024b7880:   e3dc15ace1de00cd 0000000000000000
0x00007000024b7890:   00007f80b6934128 0000000000000000
0x00007000024b78a0:   00007000024b7a70 00007f80b6934128
0x00007000024b78b0:   00007000024b7970 0000000105716690
0x00007000024b78c0:   00007000024b793f 00007f80b70a3610
0x00007000024b78d0:   0000000000000000 00007000024b79a0
0x00007000024b78e0:   00007f80b70a3600 00000000b550e570
0x00007000024b78f0:   0000000000000000 00007f8000000000
0x00007000024b7900:   00000000000003d8 00007000024b79af
0x00007000024b7910:   00007000024b7998 00007f80b70a361c
0x00007000024b7920:   0000000000000000 0000000000000000
0x00007000024b7930:   00007000024b7980 0100000107ffd1d8
0x00007000024b7940:   00007000024b7960 0000000129554b08
0x00007000024b7950:   00007f80b6934128 00007000024b79a0
0x00007000024b7960:   00007000024b7a70 00007f80b6933e00
0x00007000024b7970:   00007000024b79e0 00000001057167b4
0x00007000024b7980:   00007000024b79d0 0000000107ca9f3f
0x00007000024b7990:   0000000000000000 0000000129554b08
0x00007000024b79a0:   00007f80b6933e00 00007f80b6933e00
0x00007000024b79b0:   0000000129554b08 0000000000000000
0x00007000024b79c0:   0000000129554b08 0000000000000000
0x00007000024b79d0:   0000000129554b08 00007000024b7a70
0x00007000024b79e0:   00007000024b7a48 000000010d7e93d0
0x00007000024b79f0:   0000000129556b00 000000010d7e90d6
0x00007000024b7a00:   00007000024b7a00 0000000129554b08
0x00007000024b7a10:   00007000024b7a70 0000000129557728 

Instructions: (pc=0x0000000107803854)
0x0000000107803754:   ff 0b 73 0e 48 63 c7 48 8d 0d 2e a9 ae 00 8b 04
0x0000000107803764:   81 c3 55 48 89 e5 48 8d 3d e3 be a6 00 be 9c 00
0x0000000107803774:   00 00 e8 b5 c1 2f 00 e8 20 63 82 00 31 c0 5d c3
0x0000000107803784:   66 66 66 2e 0f 1f 84 00 00 00 00 00 55 48 89 e5
0x0000000107803794:   48 8b 47 08 0f b7 48 32 0f b7 40 30 8d 44 01 19
0x00000001078037a4:   5d c3 66 2e 0f 1f 84 00 00 00 00 00 55 48 89 e5
0x00000001078037b4:   53 50 48 89 fb 48 8d 0d 78 c8 c2 00 48 8d 05 59
0x00000001078037c4:   0f c0 00 48 8b 00 8b 40 10 ff c8 80 39 00 74 10
0x00000001078037d4:   83 f8 04 73 1f 48 98 48 8d 0d fe 50 b2 00 eb 0e
0x00000001078037e4:   83 f8 04 73 0f 48 98 48 8d 0d 0e 51 b2 00 48 8b
0x00000001078037f4:   04 c1 eb 21 48 8d 3d 8c be a6 00 48 8d 15 b5 be
0x0000000107803804:   a6 00 be e8 00 00 00 31 c0 e8 1e bf 2f 00 e8 89
0x0000000107803814:   62 82 00 31 c0 48 89 05 10 8f bc 00 48 89 df 48
0x0000000107803824:   83 c4 08 5b 5d ff e0 0f 1f 44 00 00 55 48 89 e5
0x0000000107803834:   48 8b 07 5d c3 0f 1f 80 00 00 00 00 55 48 89 e5
0x0000000107803844:   48 8b 07 5d c3 0f 1f 80 00 00 00 00 55 48 89 e5
0x0000000107803854:   48 8b 07 5d c3 0f 1f 80 00 00 00 00 55 48 89 e5
0x0000000107803864:   41 57 41 56 53 50 49 89 fe 49 8b 1e 4c 8d 3d c1
0x0000000107803874:   e4 c5 00 49 85 1f 74 3c 48 89 df e8 5c 5c a3 00
0x0000000107803884:   48 89 c1 48 85 c9 74 29 48 89 d8 f0 49 0f b1 0e
0x0000000107803894:   48 89 c2 48 39 da 74 19 0f 1f 40 00 49 85 17 74
0x00000001078038a4:   10 48 89 d0 f0 49 0f b1 0e 48 39 d0 48 89 c2 75
0x00000001078038b4:   eb 48 89 cb 48 89 d8 48 83 c4 08 5b 41 5e 41 5f
0x00000001078038c4:   5d c3 66 2e 0f 1f 84 00 00 00 00 00 55 48 89 e5
0x00000001078038d4:   48 8b 07 5d c3 0f 1f 80 00 00 00 00 55 48 89 e5
0x00000001078038e4:   48 8b 07 5d c3 0f 1f 80 00 00 00 00 55 48 89 e5
0x00000001078038f4:   48 8b 07 5d c3 0f 1f 80 00 00 00 00 55 48 89 e5
0x0000000107803904:   41 57 41 56 53 50 49 89 fe 49 8b 1e 4c 8d 3d 21
0x0000000107803914:   e4 c5 00 49 85 1f 74 3c 48 89 df e8 bc 5b a3 00
0x0000000107803924:   48 89 c1 48 85 c9 74 29 48 89 d8 f0 49 0f b1 0e
0x0000000107803934:   48 89 c2 48 39 da 74 19 0f 1f 40 00 49 85 17 74
0x0000000107803944:   10 48 89 d0 f0 49 0f b1 0e 48 39 d0 48 89 c2 75 


Stack slot to memory mapping:
stack at sp + 0 slots: 0x00007000024b78b0 is pointing into the stack for thread: 0x00007f80b6933e00
stack at sp + 1 slots: 0x0000000107d18281: jni_GetStringUTFChars+0xd1 in /Users/thomasmatthews/.p2/pool/plugins/org.eclipse.justj.openjdk.hotspot.jre.full.macosx.x86_64_15.0.2.v20210201-0955/jre/lib/server/libjvm.dylib at 0x0000000107800000
stack at sp + 2 slots: 0x00007f80b6933e00 is a thread
stack at sp + 3 slots: 0x00007f80b8d057c8 points into unknown readable memory: 0x000000070fbb8698 | 98 86 bb 0f 07 00 00 00
stack at sp + 4 slots: 0x00007000000003db is an unknown value
stack at sp + 5 slots: 0x00000001082a4ac6: _ZL18hsdis_library_name+0x13818 in /Users/thomasmatthews/.p2/pool/plugins/org.eclipse.justj.openjdk.hotspot.jre.full.macosx.x86_64_15.0.2.v20210201-0955/jre/lib/server/libjvm.dylib at 0x0000000107800000
stack at sp + 6 slots: 0x000000000000000c is an unknown value
stack at sp + 7 slots: 0x0 is NULL


---------------  P R O C E S S  ---------------

Threads class SMR info:
_java_thread_list=0x00007f80b85131b0, length=12, elements={
0x00007f80b600de00, 0x00007f80b684ac00, 0x00007f80b684ce00, 0x00007f80b7809400,
0x00007f80b60cf400, 0x00007f80b60d0a00, 0x00007f80b684e400, 0x00007f80b684bc00,
0x00007f80b783b200, 0x00007f80b6892a00, 0x00007f80b58dc200, 0x00007f80b6933e00
}

Java Threads: ( => current thread )
  0x00007f80b600de00 JavaThread "main" [_thread_blocked, id=9731, stack(0x0000700000cf1000,0x0000700000df1000)]
  0x00007f80b684ac00 JavaThread "Reference Handler" daemon [_thread_blocked, id=16899, stack(0x0000700001406000,0x0000700001506000)]
  0x00007f80b684ce00 JavaThread "Finalizer" daemon [_thread_blocked, id=14851, stack(0x0000700001509000,0x0000700001609000)]
  0x00007f80b7809400 JavaThread "Signal Dispatcher" daemon [_thread_blocked, id=22531, stack(0x0000700001795000,0x0000700001895000)]
  0x00007f80b60cf400 JavaThread "Service Thread" daemon [_thread_blocked, id=23299, stack(0x0000700001898000,0x0000700001998000)]
  0x00007f80b60d0a00 JavaThread "C2 CompilerThread0" daemon [_thread_in_native, id=23811, stack(0x000070000199b000,0x0000700001a9b000)]
  0x00007f80b684e400 JavaThread "C1 CompilerThread0" daemon [_thread_blocked, id=24323, stack(0x0000700001a9e000,0x0000700001b9e000)]
  0x00007f80b684bc00 JavaThread "Sweeper thread" daemon [_thread_blocked, id=40451, stack(0x0000700001ba1000,0x0000700001ca1000)]
  0x00007f80b783b200 JavaThread "Common-Cleaner" daemon [_thread_blocked, id=25091, stack(0x0000700001ca4000,0x0000700001da4000)]
  0x00007f80b6892a00 JavaThread "Notification Thread" daemon [_thread_blocked, id=39171, stack(0x0000700001da7000,0x0000700001ea7000)]
  0x00007f80b58dc200 JavaThread "C2 CompilerThread1" daemon [_thread_in_native, id=37635, stack(0x00007000022b6000,0x00007000023b6000)]
=>0x00007f80b6933e00 JavaThread "mutationTestThread" daemon [_thread_in_vm, id=27399, stack(0x00007000023b9000,0x00007000024b9000)]

Other Threads:
  0x00007f80b5451010 VMThread "VM Thread" [stack: 0x0000700001303000,0x0000700001403000] [id=13827]
  0x00007f80b564b7b0 WatcherThread [stack: 0x0000700001eaa000,0x0000700001faa000] [id=25859]
  0x00007f80b561a210 GCTaskThread "GC Thread#0" [stack: 0x0000700000df4000,0x0000700000ef4000] [id=19203]
  0x00007f80b56bab40 GCTaskThread "GC Thread#1" [stack: 0x0000700001fad000,0x00007000020ad000] [id=38659]
  0x00007f80b56bb770 GCTaskThread "GC Thread#2" [stack: 0x00007000020b0000,0x00007000021b0000] [id=38403]
  0x00007f80b56bc760 GCTaskThread "GC Thread#3" [stack: 0x00007000021b3000,0x00007000022b3000] [id=38147]
  0x00007f80b561b390 ConcurrentGCThread "G1 Main Marker" [stack: 0x0000700000ef7000,0x0000700000ff7000] [id=18947]
  0x00007f80b5414d00 ConcurrentGCThread "G1 Conc#0" [stack: 0x0000700000ffa000,0x00007000010fa000] [id=12547]
  0x00007f80b5430730 ConcurrentGCThread "G1 Refine#0" [stack: 0x00007000010fd000,0x00007000011fd000] [id=13059]
  0x00007f80b54317b0 ConcurrentGCThread "G1 Young RemSet Sampling" [stack: 0x0000700001200000,0x0000700001300000] [id=17923]

Threads with active compile tasks:
C2 CompilerThread0     1450 1365       4       java.util.regex.Pattern$Branch::match (66 bytes)
C2 CompilerThread1     1450 1649       4       java.util.regex.Pattern$BmpCharProperty::match (55 bytes)

VM state: not at safepoint (normal execution)

VM Mutex/Monitor currently owned by a thread: None

Heap address: 0x0000000700000000, size: 4096 MB, Compressed Oops mode: Zero based, Oop shift amount: 3
CDS disabled.
Compressed class space mapped at: 0x0000000800000000-0x0000000840000000, size: 1073741824
Narrow klass base: 0x0000000800000000, Narrow klass shift: 0, Narrow klass range: 0x40000000

GC Precious Log:
 CPUs: 4 total, 4 available
 Memory: 16384M
 Large Page Support: Disabled
 NUMA Support: Disabled
 Compressed Oops: Enabled (Zero based)
 Heap Region Size: 2M
 Heap Min Capacity: 8M
 Heap Initial Capacity: 256M
 Heap Max Capacity: 4G
 Pre-touch: Disabled
 Parallel Workers: 4
 Concurrent Workers: 1
 Concurrent Refinement Workers: 4
 Periodic GC: Disabled

Heap:
 garbage-first heap   total 262144K, used 8215K [0x0000000700000000, 0x0000000800000000)
  region size 2048K, 4 young (8192K), 1 survivors (2048K)
 Metaspace       used 17530K, capacity 17778K, committed 18048K, reserved 1064960K
  class space    used 1777K, capacity 1869K, committed 1920K, reserved 1048576K

Heap Regions: E=young(eden), S=young(survivor), O=old, HS=humongous(starts), HC=humongous(continues), CS=collection set, F=free, OA=open archive, CA=closed archive, TAMS=top-at-mark-start (previous, next)
|   0|0x0000000700000000, 0x0000000700200000, 0x0000000700200000|100%| O|  |TAMS 0x0000000700000000, 0x0000000700000000| Untracked 
|   1|0x0000000700200000, 0x00000007002b8000, 0x0000000700400000| 35%| O|  |TAMS 0x0000000700200000, 0x0000000700200000| Untracked 
|   2|0x0000000700400000, 0x0000000700400000, 0x0000000700600000|  0%| F|  |TAMS 0x0000000700400000, 0x0000000700400000| Untracked 
|   3|0x0000000700600000, 0x0000000700600000, 0x0000000700800000|  0%| F|  |TAMS 0x0000000700600000, 0x0000000700600000| Untracked 
|   4|0x0000000700800000, 0x0000000700800000, 0x0000000700a00000|  0%| F|  |TAMS 0x0000000700800000, 0x0000000700800000| Untracked 
|   5|0x0000000700a00000, 0x0000000700a00000, 0x0000000700c00000|  0%| F|  |TAMS 0x0000000700a00000, 0x0000000700a00000| Untracked 
|   6|0x0000000700c00000, 0x0000000700c00000, 0x0000000700e00000|  0%| F|  |TAMS 0x0000000700c00000, 0x0000000700c00000| Untracked 
|   7|0x0000000700e00000, 0x0000000700e00000, 0x0000000701000000|  0%| F|  |TAMS 0x0000000700e00000, 0x0000000700e00000| Untracked 
|   8|0x0000000701000000, 0x0000000701000000, 0x0000000701200000|  0%| F|  |TAMS 0x0000000701000000, 0x0000000701000000| Untracked 
|   9|0x0000000701200000, 0x0000000701200000, 0x0000000701400000|  0%| F|  |TAMS 0x0000000701200000, 0x0000000701200000| Untracked 
|  10|0x0000000701400000, 0x0000000701400000, 0x0000000701600000|  0%| F|  |TAMS 0x0000000701400000, 0x0000000701400000| Untracked 
|  11|0x0000000701600000, 0x0000000701600000, 0x0000000701800000|  0%| F|  |TAMS 0x0000000701600000, 0x0000000701600000| Untracked 
|  12|0x0000000701800000, 0x0000000701800000, 0x0000000701a00000|  0%| F|  |TAMS 0x0000000701800000, 0x0000000701800000| Untracked 
|  13|0x0000000701a00000, 0x0000000701a00000, 0x0000000701c00000|  0%| F|  |TAMS 0x0000000701a00000, 0x0000000701a00000| Untracked 
|  14|0x0000000701c00000, 0x0000000701c00000, 0x0000000701e00000|  0%| F|  |TAMS 0x0000000701c00000, 0x0000000701c00000| Untracked 
|  15|0x0000000701e00000, 0x0000000701e00000, 0x0000000702000000|  0%| F|  |TAMS 0x0000000701e00000, 0x0000000701e00000| Untracked 
|  16|0x0000000702000000, 0x0000000702000000, 0x0000000702200000|  0%| F|  |TAMS 0x0000000702000000, 0x0000000702000000| Untracked 
|  17|0x0000000702200000, 0x0000000702200000, 0x0000000702400000|  0%| F|  |TAMS 0x0000000702200000, 0x0000000702200000| Untracked 
|  18|0x0000000702400000, 0x0000000702400000, 0x0000000702600000|  0%| F|  |TAMS 0x0000000702400000, 0x0000000702400000| Untracked 
|  19|0x0000000702600000, 0x0000000702600000, 0x0000000702800000|  0%| F|  |TAMS 0x0000000702600000, 0x0000000702600000| Untracked 
|  20|0x0000000702800000, 0x0000000702800000, 0x0000000702a00000|  0%| F|  |TAMS 0x0000000702800000, 0x0000000702800000| Untracked 
|  21|0x0000000702a00000, 0x0000000702a00000, 0x0000000702c00000|  0%| F|  |TAMS 0x0000000702a00000, 0x0000000702a00000| Untracked 
|  22|0x0000000702c00000, 0x0000000702c00000, 0x0000000702e00000|  0%| F|  |TAMS 0x0000000702c00000, 0x0000000702c00000| Untracked 
|  23|0x0000000702e00000, 0x0000000702e00000, 0x0000000703000000|  0%| F|  |TAMS 0x0000000702e00000, 0x0000000702e00000| Untracked 
|  24|0x0000000703000000, 0x0000000703000000, 0x0000000703200000|  0%| F|  |TAMS 0x0000000703000000, 0x0000000703000000| Untracked 
|  25|0x0000000703200000, 0x0000000703200000, 0x0000000703400000|  0%| F|  |TAMS 0x0000000703200000, 0x0000000703200000| Untracked 
|  26|0x0000000703400000, 0x0000000703400000, 0x0000000703600000|  0%| F|  |TAMS 0x0000000703400000, 0x0000000703400000| Untracked 
|  27|0x0000000703600000, 0x0000000703600000, 0x0000000703800000|  0%| F|  |TAMS 0x0000000703600000, 0x0000000703600000| Untracked 
|  28|0x0000000703800000, 0x0000000703800000, 0x0000000703a00000|  0%| F|  |TAMS 0x0000000703800000, 0x0000000703800000| Untracked 
|  29|0x0000000703a00000, 0x0000000703a00000, 0x0000000703c00000|  0%| F|  |TAMS 0x0000000703a00000, 0x0000000703a00000| Untracked 
|  30|0x0000000703c00000, 0x0000000703c00000, 0x0000000703e00000|  0%| F|  |TAMS 0x0000000703c00000, 0x0000000703c00000| Untracked 
|  31|0x0000000703e00000, 0x0000000703e00000, 0x0000000704000000|  0%| F|  |TAMS 0x0000000703e00000, 0x0000000703e00000| Untracked 
|  32|0x0000000704000000, 0x0000000704000000, 0x0000000704200000|  0%| F|  |TAMS 0x0000000704000000, 0x0000000704000000| Untracked 
|  33|0x0000000704200000, 0x0000000704200000, 0x0000000704400000|  0%| F|  |TAMS 0x0000000704200000, 0x0000000704200000| Untracked 
|  34|0x0000000704400000, 0x0000000704400000, 0x0000000704600000|  0%| F|  |TAMS 0x0000000704400000, 0x0000000704400000| Untracked 
|  35|0x0000000704600000, 0x0000000704600000, 0x0000000704800000|  0%| F|  |TAMS 0x0000000704600000, 0x0000000704600000| Untracked 
|  36|0x0000000704800000, 0x0000000704800000, 0x0000000704a00000|  0%| F|  |TAMS 0x0000000704800000, 0x0000000704800000| Untracked 
|  37|0x0000000704a00000, 0x0000000704a00000, 0x0000000704c00000|  0%| F|  |TAMS 0x0000000704a00000, 0x0000000704a00000| Untracked 
|  38|0x0000000704c00000, 0x0000000704c00000, 0x0000000704e00000|  0%| F|  |TAMS 0x0000000704c00000, 0x0000000704c00000| Untracked 
|  39|0x0000000704e00000, 0x0000000704e00000, 0x0000000705000000|  0%| F|  |TAMS 0x0000000704e00000, 0x0000000704e00000| Untracked 
|  40|0x0000000705000000, 0x0000000705000000, 0x0000000705200000|  0%| F|  |TAMS 0x0000000705000000, 0x0000000705000000| Untracked 
|  41|0x0000000705200000, 0x0000000705200000, 0x0000000705400000|  0%| F|  |TAMS 0x0000000705200000, 0x0000000705200000| Untracked 
|  42|0x0000000705400000, 0x0000000705400000, 0x0000000705600000|  0%| F|  |TAMS 0x0000000705400000, 0x0000000705400000| Untracked 
|  43|0x0000000705600000, 0x0000000705600000, 0x0000000705800000|  0%| F|  |TAMS 0x0000000705600000, 0x0000000705600000| Untracked 
|  44|0x0000000705800000, 0x0000000705800000, 0x0000000705a00000|  0%| F|  |TAMS 0x0000000705800000, 0x0000000705800000| Untracked 
|  45|0x0000000705a00000, 0x0000000705a00000, 0x0000000705c00000|  0%| F|  |TAMS 0x0000000705a00000, 0x0000000705a00000| Untracked 
|  46|0x0000000705c00000, 0x0000000705c00000, 0x0000000705e00000|  0%| F|  |TAMS 0x0000000705c00000, 0x0000000705c00000| Untracked 
|  47|0x0000000705e00000, 0x0000000705e00000, 0x0000000706000000|  0%| F|  |TAMS 0x0000000705e00000, 0x0000000705e00000| Untracked 
|  48|0x0000000706000000, 0x0000000706000000, 0x0000000706200000|  0%| F|  |TAMS 0x0000000706000000, 0x0000000706000000| Untracked 
|  49|0x0000000706200000, 0x0000000706200000, 0x0000000706400000|  0%| F|  |TAMS 0x0000000706200000, 0x0000000706200000| Untracked 
|  50|0x0000000706400000, 0x0000000706400000, 0x0000000706600000|  0%| F|  |TAMS 0x0000000706400000, 0x0000000706400000| Untracked 
|  51|0x0000000706600000, 0x0000000706600000, 0x0000000706800000|  0%| F|  |TAMS 0x0000000706600000, 0x0000000706600000| Untracked 
|  52|0x0000000706800000, 0x0000000706800000, 0x0000000706a00000|  0%| F|  |TAMS 0x0000000706800000, 0x0000000706800000| Untracked 
|  53|0x0000000706a00000, 0x0000000706a00000, 0x0000000706c00000|  0%| F|  |TAMS 0x0000000706a00000, 0x0000000706a00000| Untracked 
|  54|0x0000000706c00000, 0x0000000706c00000, 0x0000000706e00000|  0%| F|  |TAMS 0x0000000706c00000, 0x0000000706c00000| Untracked 
|  55|0x0000000706e00000, 0x0000000706e00000, 0x0000000707000000|  0%| F|  |TAMS 0x0000000706e00000, 0x0000000706e00000| Untracked 
|  56|0x0000000707000000, 0x0000000707000000, 0x0000000707200000|  0%| F|  |TAMS 0x0000000707000000, 0x0000000707000000| Untracked 
|  57|0x0000000707200000, 0x0000000707200000, 0x0000000707400000|  0%| F|  |TAMS 0x0000000707200000, 0x0000000707200000| Untracked 
|  58|0x0000000707400000, 0x0000000707400000, 0x0000000707600000|  0%| F|  |TAMS 0x0000000707400000, 0x0000000707400000| Untracked 
|  59|0x0000000707600000, 0x0000000707600000, 0x0000000707800000|  0%| F|  |TAMS 0x0000000707600000, 0x0000000707600000| Untracked 
|  60|0x0000000707800000, 0x0000000707800000, 0x0000000707a00000|  0%| F|  |TAMS 0x0000000707800000, 0x0000000707800000| Untracked 
|  61|0x0000000707a00000, 0x0000000707a00000, 0x0000000707c00000|  0%| F|  |TAMS 0x0000000707a00000, 0x0000000707a00000| Untracked 
|  62|0x0000000707c00000, 0x0000000707c00000, 0x0000000707e00000|  0%| F|  |TAMS 0x0000000707c00000, 0x0000000707c00000| Untracked 
|  63|0x0000000707e00000, 0x0000000707e00000, 0x0000000708000000|  0%| F|  |TAMS 0x0000000707e00000, 0x0000000707e00000| Untracked 
|  64|0x0000000708000000, 0x0000000708000000, 0x0000000708200000|  0%| F|  |TAMS 0x0000000708000000, 0x0000000708000000| Untracked 
|  65|0x0000000708200000, 0x0000000708200000, 0x0000000708400000|  0%| F|  |TAMS 0x0000000708200000, 0x0000000708200000| Untracked 
|  66|0x0000000708400000, 0x0000000708400000, 0x0000000708600000|  0%| F|  |TAMS 0x0000000708400000, 0x0000000708400000| Untracked 
|  67|0x0000000708600000, 0x0000000708600000, 0x0000000708800000|  0%| F|  |TAMS 0x0000000708600000, 0x0000000708600000| Untracked 
|  68|0x0000000708800000, 0x0000000708800000, 0x0000000708a00000|  0%| F|  |TAMS 0x0000000708800000, 0x0000000708800000| Untracked 
|  69|0x0000000708a00000, 0x0000000708a00000, 0x0000000708c00000|  0%| F|  |TAMS 0x0000000708a00000, 0x0000000708a00000| Untracked 
|  70|0x0000000708c00000, 0x0000000708c00000, 0x0000000708e00000|  0%| F|  |TAMS 0x0000000708c00000, 0x0000000708c00000| Untracked 
|  71|0x0000000708e00000, 0x0000000708e00000, 0x0000000709000000|  0%| F|  |TAMS 0x0000000708e00000, 0x0000000708e00000| Untracked 
|  72|0x0000000709000000, 0x0000000709000000, 0x0000000709200000|  0%| F|  |TAMS 0x0000000709000000, 0x0000000709000000| Untracked 
|  73|0x0000000709200000, 0x0000000709200000, 0x0000000709400000|  0%| F|  |TAMS 0x0000000709200000, 0x0000000709200000| Untracked 
|  74|0x0000000709400000, 0x0000000709400000, 0x0000000709600000|  0%| F|  |TAMS 0x0000000709400000, 0x0000000709400000| Untracked 
|  75|0x0000000709600000, 0x0000000709600000, 0x0000000709800000|  0%| F|  |TAMS 0x0000000709600000, 0x0000000709600000| Untracked 
|  76|0x0000000709800000, 0x0000000709800000, 0x0000000709a00000|  0%| F|  |TAMS 0x0000000709800000, 0x0000000709800000| Untracked 
|  77|0x0000000709a00000, 0x0000000709a00000, 0x0000000709c00000|  0%| F|  |TAMS 0x0000000709a00000, 0x0000000709a00000| Untracked 
|  78|0x0000000709c00000, 0x0000000709c00000, 0x0000000709e00000|  0%| F|  |TAMS 0x0000000709c00000, 0x0000000709c00000| Untracked 
|  79|0x0000000709e00000, 0x0000000709e00000, 0x000000070a000000|  0%| F|  |TAMS 0x0000000709e00000, 0x0000000709e00000| Untracked 
|  80|0x000000070a000000, 0x000000070a000000, 0x000000070a200000|  0%| F|  |TAMS 0x000000070a000000, 0x000000070a000000| Untracked 
|  81|0x000000070a200000, 0x000000070a200000, 0x000000070a400000|  0%| F|  |TAMS 0x000000070a200000, 0x000000070a200000| Untracked 
|  82|0x000000070a400000, 0x000000070a400000, 0x000000070a600000|  0%| F|  |TAMS 0x000000070a400000, 0x000000070a400000| Untracked 
|  83|0x000000070a600000, 0x000000070a600000, 0x000000070a800000|  0%| F|  |TAMS 0x000000070a600000, 0x000000070a600000| Untracked 
|  84|0x000000070a800000, 0x000000070a800000, 0x000000070aa00000|  0%| F|  |TAMS 0x000000070a800000, 0x000000070a800000| Untracked 
|  85|0x000000070aa00000, 0x000000070aa00000, 0x000000070ac00000|  0%| F|  |TAMS 0x000000070aa00000, 0x000000070aa00000| Untracked 
|  86|0x000000070ac00000, 0x000000070ac00000, 0x000000070ae00000|  0%| F|  |TAMS 0x000000070ac00000, 0x000000070ac00000| Untracked 
|  87|0x000000070ae00000, 0x000000070ae00000, 0x000000070b000000|  0%| F|  |TAMS 0x000000070ae00000, 0x000000070ae00000| Untracked 
|  88|0x000000070b000000, 0x000000070b000000, 0x000000070b200000|  0%| F|  |TAMS 0x000000070b000000, 0x000000070b000000| Untracked 
|  89|0x000000070b200000, 0x000000070b200000, 0x000000070b400000|  0%| F|  |TAMS 0x000000070b200000, 0x000000070b200000| Untracked 
|  90|0x000000070b400000, 0x000000070b400000, 0x000000070b600000|  0%| F|  |TAMS 0x000000070b400000, 0x000000070b400000| Untracked 
|  91|0x000000070b600000, 0x000000070b600000, 0x000000070b800000|  0%| F|  |TAMS 0x000000070b600000, 0x000000070b600000| Untracked 
|  92|0x000000070b800000, 0x000000070b800000, 0x000000070ba00000|  0%| F|  |TAMS 0x000000070b800000, 0x000000070b800000| Untracked 
|  93|0x000000070ba00000, 0x000000070ba00000, 0x000000070bc00000|  0%| F|  |TAMS 0x000000070ba00000, 0x000000070ba00000| Untracked 
|  94|0x000000070bc00000, 0x000000070bc00000, 0x000000070be00000|  0%| F|  |TAMS 0x000000070bc00000, 0x000000070bc00000| Untracked 
|  95|0x000000070be00000, 0x000000070be00000, 0x000000070c000000|  0%| F|  |TAMS 0x000000070be00000, 0x000000070be00000| Untracked 
|  96|0x000000070c000000, 0x000000070c000000, 0x000000070c200000|  0%| F|  |TAMS 0x000000070c000000, 0x000000070c000000| Untracked 
|  97|0x000000070c200000, 0x000000070c200000, 0x000000070c400000|  0%| F|  |TAMS 0x000000070c200000, 0x000000070c200000| Untracked 
|  98|0x000000070c400000, 0x000000070c400000, 0x000000070c600000|  0%| F|  |TAMS 0x000000070c400000, 0x000000070c400000| Untracked 
|  99|0x000000070c600000, 0x000000070c600000, 0x000000070c800000|  0%| F|  |TAMS 0x000000070c600000, 0x000000070c600000| Untracked 
| 100|0x000000070c800000, 0x000000070c800000, 0x000000070ca00000|  0%| F|  |TAMS 0x000000070c800000, 0x000000070c800000| Untracked 
| 101|0x000000070ca00000, 0x000000070ca00000, 0x000000070cc00000|  0%| F|  |TAMS 0x000000070ca00000, 0x000000070ca00000| Untracked 
| 102|0x000000070cc00000, 0x000000070cc00000, 0x000000070ce00000|  0%| F|  |TAMS 0x000000070cc00000, 0x000000070cc00000| Untracked 
| 103|0x000000070ce00000, 0x000000070ce00000, 0x000000070d000000|  0%| F|  |TAMS 0x000000070ce00000, 0x000000070ce00000| Untracked 
| 104|0x000000070d000000, 0x000000070d000000, 0x000000070d200000|  0%| F|  |TAMS 0x000000070d000000, 0x000000070d000000| Untracked 
| 105|0x000000070d200000, 0x000000070d200000, 0x000000070d400000|  0%| F|  |TAMS 0x000000070d200000, 0x000000070d200000| Untracked 
| 106|0x000000070d400000, 0x000000070d400000, 0x000000070d600000|  0%| F|  |TAMS 0x000000070d400000, 0x000000070d400000| Untracked 
| 107|0x000000070d600000, 0x000000070d600000, 0x000000070d800000|  0%| F|  |TAMS 0x000000070d600000, 0x000000070d600000| Untracked 
| 108|0x000000070d800000, 0x000000070d800000, 0x000000070da00000|  0%| F|  |TAMS 0x000000070d800000, 0x000000070d800000| Untracked 
| 109|0x000000070da00000, 0x000000070da00000, 0x000000070dc00000|  0%| F|  |TAMS 0x000000070da00000, 0x000000070da00000| Untracked 
| 110|0x000000070dc00000, 0x000000070dc00000, 0x000000070de00000|  0%| F|  |TAMS 0x000000070dc00000, 0x000000070dc00000| Untracked 
| 111|0x000000070de00000, 0x000000070de00000, 0x000000070e000000|  0%| F|  |TAMS 0x000000070de00000, 0x000000070de00000| Untracked 
| 112|0x000000070e000000, 0x000000070e000000, 0x000000070e200000|  0%| F|  |TAMS 0x000000070e000000, 0x000000070e000000| Untracked 
| 113|0x000000070e200000, 0x000000070e200000, 0x000000070e400000|  0%| F|  |TAMS 0x000000070e200000, 0x000000070e200000| Untracked 
| 114|0x000000070e400000, 0x000000070e400000, 0x000000070e600000|  0%| F|  |TAMS 0x000000070e400000, 0x000000070e400000| Untracked 
| 115|0x000000070e600000, 0x000000070e600000, 0x000000070e800000|  0%| F|  |TAMS 0x000000070e600000, 0x000000070e600000| Untracked 
| 116|0x000000070e800000, 0x000000070e800000, 0x000000070ea00000|  0%| F|  |TAMS 0x000000070e800000, 0x000000070e800000| Untracked 
| 117|0x000000070ea00000, 0x000000070ea00000, 0x000000070ec00000|  0%| F|  |TAMS 0x000000070ea00000, 0x000000070ea00000| Untracked 
| 118|0x000000070ec00000, 0x000000070ec00000, 0x000000070ee00000|  0%| F|  |TAMS 0x000000070ec00000, 0x000000070ec00000| Untracked 
| 119|0x000000070ee00000, 0x000000070ee00000, 0x000000070f000000|  0%| F|  |TAMS 0x000000070ee00000, 0x000000070ee00000| Untracked 
| 120|0x000000070f000000, 0x000000070f14dc18, 0x000000070f200000| 65%| S|CS|TAMS 0x000000070f000000, 0x000000070f000000| Complete 
| 121|0x000000070f200000, 0x000000070f200000, 0x000000070f400000|  0%| F|  |TAMS 0x000000070f200000, 0x000000070f200000| Untracked 
| 122|0x000000070f400000, 0x000000070f400000, 0x000000070f600000|  0%| F|  |TAMS 0x000000070f400000, 0x000000070f400000| Untracked 
| 123|0x000000070f600000, 0x000000070f600000, 0x000000070f800000|  0%| F|  |TAMS 0x000000070f600000, 0x000000070f600000| Untracked 
| 124|0x000000070f800000, 0x000000070f800000, 0x000000070fa00000|  0%| F|  |TAMS 0x000000070f800000, 0x000000070f800000| Untracked 
| 125|0x000000070fa00000, 0x000000070fbd4de0, 0x000000070fc00000| 91%| E|  |TAMS 0x000000070fa00000, 0x000000070fa00000| Complete 
| 126|0x000000070fc00000, 0x000000070fe00000, 0x000000070fe00000|100%| E|CS|TAMS 0x000000070fc00000, 0x000000070fc00000| Complete 
| 127|0x000000070fe00000, 0x0000000710000000, 0x0000000710000000|100%| E|CS|TAMS 0x000000070fe00000, 0x000000070fe00000| Complete 

Card table byte_map: [0x0000000108fd3000,0x00000001097d3000] _byte_map_base: 0x00000001057d3000

Marking Bits (Prev, Next): (CMBitMap*) 0x00007f80b6839410, (CMBitMap*) 0x00007f80b6839450
 Prev Bits: [0x000000011cfda000, 0x0000000120fda000)
 Next Bits: [0x0000000120fda000, 0x0000000124fda000)

Polling page: 0x0000000105132000

Metaspace:

Usage:
  Non-class:     15.54 MB capacity,    15.38 MB (>99%) used,   136.63 KB ( <1%) free+waste,    19.69 KB ( <1%) overhead. 
      Class:      1.83 MB capacity,     1.74 MB ( 95%) used,    84.38 KB (  5%) free+waste,     7.06 KB ( <1%) overhead. 
       Both:     17.36 MB capacity,    17.12 MB ( 99%) used,   221.01 KB (  1%) free+waste,    26.75 KB ( <1%) overhead. 

Virtual space:
  Non-class space:       16.00 MB reserved,      15.75 MB ( 98%) committed 
      Class space:        1.00 GB reserved,       1.88 MB ( <1%) committed 
             Both:        1.02 GB reserved,      17.62 MB (  2%) committed 

Chunk freelists:
   Non-Class:  107.00 KB
       Class:  19.00 KB
        Both:  126.00 KB

MaxMetaspaceSize: 17179869184.00 GB
CompressedClassSpaceSize: 1.00 GB

CodeHeap 'non-profiled nmethods': size=120032Kb used=428Kb max_used=428Kb free=119603Kb
 bounds [0x00000001152a2000, 0x0000000115512000, 0x000000011c7da000]
CodeHeap 'profiled nmethods': size=120028Kb used=2918Kb max_used=2918Kb free=117109Kb
 bounds [0x000000010dd6b000, 0x000000010e04b000, 0x00000001152a2000]
CodeHeap 'non-nmethods': size=5700Kb used=1176Kb max_used=1208Kb free=4523Kb
 bounds [0x000000010d7da000, 0x000000010da4a000, 0x000000010dd6b000]
 total_blobs=2081 nmethods=1648 adapters=346
 compilation: enabled
              stopped_count=0, restarted_count=0
 full_count=0

Compilation events (20 events):
Event: 1.420 Thread 0x00007f80b684e400 1631       3       org.pitest.coverage.analysis.ControlFlowAnalyser::isInstruction (20 bytes)
Event: 1.420 Thread 0x00007f80b684e400 nmethod 1631 0x000000010e03af90 code [0x000000010e03b120, 0x000000010e03b490]
Event: 1.420 Thread 0x00007f80b684e400 1636       3       org.pitest.reloc.asm.tree.AbstractInsnNode::acceptAnnotations (141 bytes)
Event: 1.421 Thread 0x00007f80b684e400 nmethod 1636 0x000000010e03b510 code [0x000000010e03b760, 0x000000010e03c2f0]
Event: 1.421 Thread 0x00007f80b684e400 1643       3       org.pitest.reloc.asm.Label::<init> (5 bytes)
Event: 1.421 Thread 0x00007f80b684e400 nmethod 1643 0x000000010e03c610 code [0x000000010e03c7a0, 0x000000010e03c8f0]
Event: 1.421 Thread 0x00007f80b684e400 1640       3       org.pitest.reloc.asm.Frame::push (109 bytes)
Event: 1.421 Thread 0x00007f80b684e400 nmethod 1640 0x000000010e03c990 code [0x000000010e03cb60, 0x000000010e03d0e0]
Event: 1.421 Thread 0x00007f80b684e400 1642       1       org.pitest.reloc.asm.SymbolTable::getMajorVersion (5 bytes)
Event: 1.421 Thread 0x00007f80b684e400 nmethod 1642 0x000000011530c490 code [0x000000011530c620, 0x000000011530c6d0]
Event: 1.421 Thread 0x00007f80b684e400 1641       1       org.pitest.coverage.analysis.Block::getLines (5 bytes)
Event: 1.421 Thread 0x00007f80b684e400 nmethod 1641 0x000000011530c790 code [0x000000011530c920, 0x000000011530c9d0]
Event: 1.421 Thread 0x00007f80b684e400 1634       1       org.pitest.reloc.asm.tree.VarInsnNode::getType (2 bytes)
Event: 1.421 Thread 0x00007f80b684e400 nmethod 1634 0x000000011530ca90 code [0x000000011530cc20, 0x000000011530ccd0]
Event: 1.430 Thread 0x00007f80b684e400 1646       3       java.lang.reflect.AccessibleObject::checkCanSetAccessible (386 bytes)
Event: 1.432 Thread 0x00007f80b58dc200 1649       4       java.util.regex.Pattern$BmpCharProperty::match (55 bytes)
Event: 1.434 Thread 0x00007f80b684e400 nmethod 1646 0x000000010e03d290 code [0x000000010e03d9c0, 0x000000010e041300]
Event: 1.434 Thread 0x00007f80b684e400 1647       3       java.lang.Class::annotationData (44 bytes)
Event: 1.435 Thread 0x00007f80b684e400 nmethod 1647 0x000000010e042690 code [0x000000010e042840, 0x000000010e042af0]
Event: 1.435 Thread 0x00007f80b684e400 1648       3       java.lang.Class::getAnnotation (22 bytes)

GC Heap History (4 events):
Event: 0.668 GC heap before
{Heap before GC invocations=0 (full 0):
 garbage-first heap   total 262144K, used 10240K [0x0000000700000000, 0x0000000800000000)
  region size 2048K, 6 young (12288K), 0 survivors (0K)
 Metaspace       used 11300K, capacity 11497K, committed 11648K, reserved 1060864K
  class space    used 1089K, capacity 1147K, committed 1152K, reserved 1048576K
}
Event: 0.674 GC heap after
{Heap after GC invocations=1 (full 0):
 garbage-first heap   total 262144K, used 2847K [0x0000000700000000, 0x0000000800000000)
  region size 2048K, 1 young (2048K), 1 survivors (2048K)
 Metaspace       used 11300K, capacity 11497K, committed 11648K, reserved 1060864K
  class space    used 1089K, capacity 1147K, committed 1152K, reserved 1048576K
}
Event: 1.222 GC heap before
{Heap before GC invocations=1 (full 0):
 garbage-first heap   total 262144K, used 15135K [0x0000000700000000, 0x0000000800000000)
  region size 2048K, 7 young (14336K), 1 survivors (2048K)
 Metaspace       used 15193K, capacity 15367K, committed 15744K, reserved 1062912K
  class space    used 1496K, capacity 1537K, committed 1664K, reserved 1048576K
}
Event: 1.233 GC heap after
{Heap after GC invocations=2 (full 0):
 garbage-first heap   total 262144K, used 4119K [0x0000000700000000, 0x0000000800000000)
  region size 2048K, 1 young (2048K), 1 survivors (2048K)
 Metaspace       used 15193K, capacity 15367K, committed 15744K, reserved 1062912K
  class space    used 1496K, capacity 1537K, committed 1664K, reserved 1048576K
}

Deoptimization events (20 events):
Event: 0.960 Thread 0x00007f80b600de00 DEOPT PACKING pc=0x000000010dee68c9 sp=0x0000700000dedde0
Event: 0.960 Thread 0x00007f80b600de00 DEOPT UNPACKING pc=0x000000010d827f2b sp=0x0000700000ded2b8 mode 0
Event: 0.961 Thread 0x00007f80b600de00 DEOPT PACKING pc=0x000000010dee68c9 sp=0x0000700000dedde0
Event: 0.961 Thread 0x00007f80b600de00 DEOPT UNPACKING pc=0x000000010d827f2b sp=0x0000700000ded2b8 mode 0
Event: 0.963 Thread 0x00007f80b600de00 DEOPT PACKING pc=0x000000010dee6694 sp=0x0000700000def1d0
Event: 0.963 Thread 0x00007f80b600de00 DEOPT UNPACKING pc=0x000000010d827f2b sp=0x0000700000dee6a8 mode 0
Event: 1.008 Thread 0x00007f80b600de00 DEOPT PACKING pc=0x000000010de82dda sp=0x0000700000def8e0
Event: 1.008 Thread 0x00007f80b600de00 DEOPT UNPACKING pc=0x000000010d827f2b sp=0x0000700000deed88 mode 0
Event: 1.097 Thread 0x00007f80b600de00 Uncommon trap: trap_request=0xffffff45 fr.pc=0x00000001152dd594 relative=0x00000000000009d4
Event: 1.097 Thread 0x00007f80b600de00 Uncommon trap: reason=unstable_if action=reinterpret pc=0x00000001152dd594 method=java.util.HashMap.resize()[Ljava/util/HashMap$Node; @ 203 c2
Event: 1.097 Thread 0x00007f80b600de00 DEOPT PACKING pc=0x00000001152dd594 sp=0x0000700000df0350
Event: 1.097 Thread 0x00007f80b600de00 DEOPT UNPACKING pc=0x000000010d828125 sp=0x0000700000df02f0 mode 2
Event: 1.147 Thread 0x00007f80b600de00 Uncommon trap: trap_request=0xffffff45 fr.pc=0x00000001152d3068 relative=0x0000000000000428
Event: 1.147 Thread 0x00007f80b600de00 Uncommon trap: reason=unstable_if action=reinterpret pc=0x00000001152d3068 method=java.lang.StringLatin1.replace([BCC)Ljava/lang/String; @ 19 c2
Event: 1.147 Thread 0x00007f80b600de00 DEOPT PACKING pc=0x00000001152d3068 sp=0x0000700000df0370
Event: 1.147 Thread 0x00007f80b600de00 DEOPT UNPACKING pc=0x000000010d828125 sp=0x0000700000df0310 mode 2
Event: 1.292 Thread 0x00007f80b695fe00 Uncommon trap: trap_request=0xffffff45 fr.pc=0x00000001152fc3a4 relative=0x00000000000000a4
Event: 1.292 Thread 0x00007f80b695fe00 Uncommon trap: reason=unstable_if action=reinterpret pc=0x00000001152fc3a4 method=sun.reflect.generics.parser.SignatureParser.current()C @ 39 c2
Event: 1.292 Thread 0x00007f80b695fe00 DEOPT PACKING pc=0x00000001152fc3a4 sp=0x00007000024b5510
Event: 1.292 Thread 0x00007f80b695fe00 DEOPT UNPACKING pc=0x000000010d828125 sp=0x00007000024b54c8 mode 2

Classes unloaded (0 events):
No events

Classes redefined (2 events):
Event: 1.210 Thread 0x00007f80b5451010 redefined class name=net.sf.jniinchi.JniInchiWrapper, count=1
Event: 1.425 Thread 0x00007f80b5451010 redefined class name=net.sf.jniinchi.JniInchiWrapper, count=2

Internal exceptions (20 events):
Event: 0.388 Thread 0x00007f80b600de00 Exception <a 'java/lang/NoSuchMethodError'{0x000000070fb984c0}: 'java.lang.Object java.lang.invoke.DirectMethodHandle$Holder.invokeInterface(java.lang.Object, java.lang.Object)'> (0x000000070fb984c0) 
thrown [./open/src/hotspot/share/interpreter/linkResolver.cpp, line 782]
Event: 0.389 Thread 0x00007f80b600de00 Exception <a 'java/lang/NoSuchMethodError'{0x000000070fba0b50}: 'java.lang.Object java.lang.invoke.DirectMethodHandle$Holder.invokeStaticInit(java.lang.Object, java.lang.Object, java.lang.Object)'> (0x000000070fba0b50) 
thrown [./open/src/hotspot/share/interpreter/linkResolver.cpp, line 782]
Event: 0.396 Thread 0x00007f80b600de00 Exception <a 'java/lang/NoSuchMethodError'{0x000000070fbcf158}: 'int java.lang.invoke.DirectMethodHandle$Holder.invokeSpecial(java.lang.Object, java.lang.Object, java.lang.Object)'> (0x000000070fbcf158) 
thrown [./open/src/hotspot/share/interpreter/linkResolver.cpp, line 782]
Event: 0.584 Thread 0x00007f80b600de00 Exception <a 'java/lang/NoSuchMethodError'{0x000000070f7c8958}: 'int java.lang.invoke.DirectMethodHandle$Holder.invokeStaticInit(java.lang.Object, java.lang.Object, java.lang.Object)'> (0x000000070f7c8958) 
thrown [./open/src/hotspot/share/interpreter/linkResolver.cpp, line 782]
Event: 0.603 Thread 0x00007f80b600de00 Exception <a 'java/lang/NoSuchMethodError'{0x000000070f4b6ff8}: 'int java.lang.invoke.DirectMethodHandle$Holder.invokeSpecialIFC(java.lang.Object, java.lang.Object, java.lang.Object)'> (0x000000070f4b6ff8) 
thrown [./open/src/hotspot/share/interpreter/linkResolver.cpp, line 782]
Event: 0.718 Thread 0x00007f80b600de00 Exception <a 'java/lang/NoSuchMethodError'{0x000000070fe949d0}: 'void java.lang.invoke.DirectMethodHandle$Holder.invokeStaticInit(java.lang.Object, java.lang.Object)'> (0x000000070fe949d0) 
thrown [./open/src/hotspot/share/interpreter/linkResolver.cpp, line 782]
Event: 0.992 Thread 0x00007f80b600de00 Exception <a 'java/lang/IncompatibleClassChangeError'{0x000000070fbe7408}: Found class java.lang.Object, but interface was expected> (0x000000070fbe7408) 
thrown [./open/src/hotspot/share/interpreter/linkResolver.cpp, line 848]
Event: 1.009 Thread 0x00007f80b600de00 Exception <a 'java/lang/NoSuchMethodError'{0x000000070f870278}: 'java.lang.Object java.lang.invoke.DirectMethodHandle$Holder.newInvokeSpecial(java.lang.Object, java.lang.Object, java.lang.Object, java.lang.Object, java.lang.Object)'> (0x000000070f870278) 
thrown [./open/src/hotspot/share/interpreter/linkResolver.cpp, line 782]
Event: 1.289 Thread 0x00007f80b695fe00 Exception <a 'java/lang/ClassNotFoundException'{0x000000070ffd5760}: org/apache/log4j/PatternLayoutBeanInfo> (0x000000070ffd5760) 
thrown [./open/src/hotspot/share/classfile/systemDictionary.cpp, line 295]
Event: 1.289 Thread 0x00007f80b695fe00 Exception <a 'java/lang/ClassNotFoundException'{0x000000070ffd91a8}: org/apache/log4j/LayoutBeanInfo> (0x000000070ffd91a8) 
thrown [./open/src/hotspot/share/classfile/systemDictionary.cpp, line 295]
Event: 1.290 Thread 0x00007f80b695fe00 Exception <a 'java/lang/ClassNotFoundException'{0x000000070ffd9ea8}: java/lang/ObjectBeanInfo> (0x000000070ffd9ea8) 
thrown [./open/src/hotspot/share/classfile/systemDictionary.cpp, line 295]
Event: 1.290 Thread 0x00007f80b695fe00 Exception <a 'java/lang/ClassNotFoundException'{0x000000070ffdbec0}: java/lang/ObjectCustomizer> (0x000000070ffdbec0) 
thrown [./open/src/hotspot/share/classfile/systemDictionary.cpp, line 295]
Event: 1.301 Thread 0x00007f80b695fe00 Exception <a 'java/lang/ClassNotFoundException'{0x000000070fc111f8}: org/apache/log4j/LayoutCustomizer> (0x000000070fc111f8) 
thrown [./open/src/hotspot/share/classfile/systemDictionary.cpp, line 295]
Event: 1.304 Thread 0x00007f80b695fe00 Exception <a 'java/lang/ClassNotFoundException'{0x000000070fc24d18}: org/apache/log4j/PatternLayoutCustomizer> (0x000000070fc24d18) 
thrown [./open/src/hotspot/share/classfile/systemDictionary.cpp, line 295]
Event: 1.396 Thread 0x00007f80b695fe00 Exception <a 'java/lang/reflect/InvocationTargetException'{0x000000070fa6f808}> (0x000000070fa6f808) 
thrown [./open/src/hotspot/share/runtime/reflection.cpp, line 1157]
Event: 1.403 Thread 0x00007f80b600de00 Exception <a 'java/lang/NoSuchMethodError'{0x000000070fa9f420}: 'void java.lang.invoke.DirectMethodHandle$Holder.invokeStatic(java.lang.Object, java.lang.Object, java.lang.Object)'> (0x000000070fa9f420) 
thrown [./open/src/hotspot/share/interpreter/linkResolver.cpp, line 782]
Event: 1.435 Thread 0x00007f80b6933e00 Exception <a 'java/lang/NullPointerException'{0x000000070fbb7e10}> (0x000000070fbb7e10) 
thrown [./open/src/hotspot/share/prims/jni.cpp, line 987]
Event: 1.435 Thread 0x00007f80b6933e00 Exception <a 'java/lang/NullPointerException'{0x000000070fbb80e8}> (0x000000070fbb80e8) 
thrown [./open/src/hotspot/share/prims/jni.cpp, line 987]
Event: 1.435 Thread 0x00007f80b6933e00 Exception <a 'java/lang/NullPointerException'{0x000000070fbb83c0}> (0x000000070fbb83c0) 
thrown [./open/src/hotspot/share/prims/jni.cpp, line 987]
Event: 1.435 Thread 0x00007f80b6933e00 Exception <a 'java/lang/NullPointerException'{0x000000070fbb8698}> (0x000000070fbb8698) 
thrown [./open/src/hotspot/share/prims/jni.cpp, line 987]

Events (20 events):
Event: 1.404 loading class org/pitest/testapi/TestResult
Event: 1.404 loading class org/pitest/testapi/TestResult done
Event: 1.405 loading class org/pitest/testapi/Description
Event: 1.405 loading class org/pitest/testapi/Description done
Event: 1.405 loading class org/pitest/testapi/Description
Event: 1.405 loading class org/pitest/testapi/Description done
Event: 1.405 loading class org/pitest/testapi/Description
Event: 1.405 loading class org/pitest/testapi/Description done
Event: 1.405 loading class org/pitest/mutationtest/MutationStatusTestPair
Event: 1.405 loading class org/pitest/mutationtest/MutationStatusTestPair done
Event: 1.406 loading class org/pitest/mutationtest/DetectionStatus
Event: 1.406 loading class org/pitest/mutationtest/DetectionStatus done
Event: 1.410 loading class org/pitest/mutationtest/engine/gregor/AbstractJumpMutator$Substitution
Event: 1.410 loading class org/pitest/mutationtest/engine/gregor/AbstractJumpMutator$Substitution done
Event: 1.423 Executing VM operation: RedefineClasses
Event: 1.430 Executing VM operation: RedefineClasses done
Event: 1.430 Thread 0x00007f80b6933e00 Thread added: 0x00007f80b6933e00
Event: 1.430 Protecting memory [0x00007000023b9000,0x00007000023bd000] with protection modes 0
Event: 1.433 Executing VM operation: ICBufferFull
Event: 1.433 Executing VM operation: ICBufferFull done


Dynamic libraries:
0x00007fff2a791000 	/usr/lib/libz.1.dylib
0x00000001050ff000 	/Users/thomasmatthews/.p2/pool/plugins/org.eclipse.justj.openjdk.hotspot.jre.full.macosx.x86_64_15.0.2.v20210201-0955/jre/lib/libjli.dylib
0x00007fff352e3000 	/System/Library/Frameworks/Cocoa.framework/Versions/A/Cocoa
0x00007fff22508000 	/System/Library/Frameworks/Security.framework/Versions/A/Security
0x00007fff334e0000 	/System/Library/Frameworks/ApplicationServices.framework/Versions/A/ApplicationServices
0x00007fff2a859000 	/usr/lib/libSystem.B.dylib
0x00007fff2a853000 	/usr/lib/system/libcache.dylib
0x00007fff2a80f000 	/usr/lib/system/libcommonCrypto.dylib
0x00007fff2a839000 	/usr/lib/system/libcompiler_rt.dylib
0x00007fff2a82e000 	/usr/lib/system/libcopyfile.dylib
0x00007fff203dc000 	/usr/lib/system/libcorecrypto.dylib
0x00007fff204a9000 	/usr/lib/system/libdispatch.dylib
0x00007fff2065d000 	/usr/lib/system/libdyld.dylib
0x00007fff2a84a000 	/usr/lib/system/libkeymgr.dylib
0x00007fff2dc92000 	/usr/lib/system/liblaunch.dylib
0x00007fff2a7ed000 	/usr/lib/system/libmacho.dylib
0x00007fff2a007000 	/usr/lib/system/libquarantine.dylib
0x00007fff2a847000 	/usr/lib/system/libremovefile.dylib
0x00007fff24e9f000 	/usr/lib/system/libsystem_asl.dylib
0x00007fff2038c000 	/usr/lib/system/libsystem_blocks.dylib
0x00007fff2052a000 	/usr/lib/system/libsystem_c.dylib
0x00007fff2a841000 	/usr/lib/system/libsystem_collections.dylib
0x00007fff292fb000 	/usr/lib/system/libsystem_configuration.dylib
0x00007fff285ee000 	/usr/lib/system/libsystem_containermanager.dylib
0x00007fff2a589000 	/usr/lib/system/libsystem_coreservices.dylib
0x00007fff22abc000 	/usr/lib/system/libsystem_darwin.dylib
0x00007fff2a84b000 	/usr/lib/system/libsystem_dnssd.dylib
0x00007fff20527000 	/usr/lib/system/libsystem_featureflags.dylib
0x00007fff206a2000 	/usr/lib/system/libsystem_info.dylib
0x00007fff2a7a4000 	/usr/lib/system/libsystem_m.dylib
0x00007fff2047c000 	/usr/lib/system/libsystem_malloc.dylib
0x00007fff24e33000 	/usr/lib/system/libsystem_networkextension.dylib
0x00007fff22ed7000 	/usr/lib/system/libsystem_notify.dylib
0x00007fff30146000 	/usr/lib/system/libsystem_product_info_filter.dylib
0x00007fff292ff000 	/usr/lib/system/libsystem_sandbox.dylib
0x00007fff2a844000 	/usr/lib/system/libsystem_secinit.dylib
0x00007fff20622000 	/usr/lib/system/libsystem_kernel.dylib
0x00007fff20698000 	/usr/lib/system/libsystem_platform.dylib
0x00007fff20651000 	/usr/lib/system/libsystem_pthread.dylib
0x00007fff2659e000 	/usr/lib/system/libsystem_symptoms.dylib
0x00007fff203c4000 	/usr/lib/system/libsystem_trace.dylib
0x00007fff2a81b000 	/usr/lib/system/libunwind.dylib
0x00007fff2038e000 	/usr/lib/system/libxpc.dylib
0x00007fff20609000 	/usr/lib/libc++abi.dylib
0x00007fff204ee000 	/usr/lib/libobjc.A.dylib
0x00007fff2a826000 	/usr/lib/liboah.dylib
0x00007fff205b3000 	/usr/lib/libc++.1.dylib
0x00007fff206ce000 	/System/Library/Frameworks/CoreFoundation.framework/Versions/A/CoreFoundation
0x00007fff2147b000 	/System/Library/Frameworks/Foundation.framework/Versions/C/Foundation
0x00007fff22f2f000 	/System/Library/Frameworks/AppKit.framework/Versions/C/AppKit
0x00007fff25dc7000 	/System/Library/Frameworks/CoreData.framework/Versions/A/CoreData
0x00007fff23c92000 	/System/Library/PrivateFrameworks/UIFoundation.framework/Versions/A/UIFoundation
0x00007fff2febf000 	/System/Library/PrivateFrameworks/RemoteViewServices.framework/Versions/A/RemoteViewServices
0x00007fff28cb8000 	/System/Library/PrivateFrameworks/XCTTargetBootstrap.framework/Versions/A/XCTTargetBootstrap
0x00007fff2b999000 	/usr/lib/libspindump.dylib
0x00007fff23ee7000 	/System/Library/Frameworks/UniformTypeIdentifiers.framework/Versions/A/UniformTypeIdentifiers
0x00007fff2748e000 	/usr/lib/libapp_launch_measurement.dylib
0x00007fff27491000 	/System/Library/PrivateFrameworks/CoreAutoLayout.framework/Versions/A/CoreAutoLayout
0x00007fff2861a000 	/System/Library/Frameworks/Metal.framework/Versions/A/Metal
0x00007fff2930a000 	/usr/lib/liblangid.dylib
0x00007fff28cbc000 	/System/Library/PrivateFrameworks/CoreSVG.framework/Versions/A/CoreSVG
0x00007fff24ece000 	/System/Library/PrivateFrameworks/SkyLight.framework/Versions/A/SkyLight
0x00007fff25235000 	/System/Library/Frameworks/CoreGraphics.framework/Versions/A/CoreGraphics
0x00007fff30516000 	/System/Library/Frameworks/Accelerate.framework/Versions/A/Accelerate
0x00007fff2b3d4000 	/System/Library/PrivateFrameworks/IconServices.framework/Versions/A/IconServices
0x00007fff285ff000 	/System/Library/Frameworks/IOSurface.framework/Versions/A/IOSurface
0x00007fff26750000 	/usr/lib/libDiagnosticMessagesClient.dylib
0x00007fff28ca4000 	/System/Library/PrivateFrameworks/DFRFoundation.framework/Versions/A/DFRFoundation
0x00007fff2285a000 	/usr/lib/libicucore.A.dylib
0x00007fff2cee0000 	/System/Library/Frameworks/AudioToolbox.framework/Versions/A/AudioToolbox
0x00007fff2c185000 	/System/Library/PrivateFrameworks/DataDetectorsCore.framework/Versions/A/DataDetectorsCore
0x00007fff289a4000 	/System/Library/Frameworks/Carbon.framework/Versions/A/Frameworks/HIToolbox.framework/Versions/A/HIToolbox
0x00007fff26ee9000 	/System/Library/Frameworks/QuartzCore.framework/Versions/A/QuartzCore
0x00007fff2fefb000 	/System/Library/Frameworks/Carbon.framework/Versions/A/Frameworks/SpeechRecognition.framework/Versions/A/SpeechRecognition
0x00007fff271f6000 	/System/Library/PrivateFrameworks/CoreUI.framework/Versions/A/CoreUI
0x00007fff21e63000 	/System/Library/Frameworks/CoreAudio.framework/Versions/A/CoreAudio
0x00007fff2683b000 	/System/Library/Frameworks/DiskArbitration.framework/Versions/A/DiskArbitration
0x00007fff2bd94000 	/System/Library/PrivateFrameworks/MultitouchSupport.framework/Versions/A/MultitouchSupport
0x00007fff2c17c000 	/System/Library/PrivateFrameworks/InternationalSupport.framework/Versions/A/InternationalSupport
0x00007fff24e42000 	/usr/lib/libenergytrace.dylib
0x00007fff22e28000 	/System/Library/Frameworks/IOKit.framework/Versions/A/IOKit
0x00007fff30248000 	/System/Library/Frameworks/CoreServices.framework/Versions/A/CoreServices
0x00007fff27424000 	/System/Library/PrivateFrameworks/PerformanceAnalysis.framework/Versions/A/PerformanceAnalysis
0x00007fff6cbb2000 	/System/Library/Frameworks/OpenGL.framework/Versions/A/OpenGL
0x00007fff2c201000 	/System/Library/PrivateFrameworks/UserActivity.framework/Versions/A/UserActivity
0x00007fff258c9000 	/System/Library/Frameworks/ColorSync.framework/Versions/A/ColorSync
0x00007fff28f21000 	/System/Library/Frameworks/CoreImage.framework/Versions/A/CoreImage
0x00007fff21c7a000 	/System/Library/Frameworks/CoreText.framework/Versions/A/CoreText
0x00007fff28ce6000 	/System/Library/Frameworks/ImageIO.framework/Versions/A/ImageIO
0x00007fff2a85f000 	/System/Library/PrivateFrameworks/SoftLinking.framework/Versions/A/SoftLinking
0x00007fff274da000 	/usr/lib/libxml2.2.dylib
0x00007fff2aad1000 	/usr/lib/libcompression.dylib
0x00007fff24e43000 	/usr/lib/libMobileGestalt.dylib
0x00007fff2c0af000 	/System/Library/PrivateFrameworks/TextureIO.framework/Versions/A/TextureIO
0x00007fff2b0f7000 	/usr/lib/libate.dylib
0x00007fff2aedc000 	/usr/lib/liblzma.5.dylib
0x00007fff2118f000 	/System/Library/Frameworks/SystemConfiguration.framework/Versions/A/SystemConfiguration
0x00007fff2a85b000 	/usr/lib/libfakelink.dylib
0x00007fff24995000 	/System/Library/Frameworks/CFNetwork.framework/Versions/A/CFNetwork
0x00007fff2a99b000 	/usr/lib/libarchive.2.dylib
0x00007fff2120d000 	/usr/lib/libCRFSuite.dylib
0x00007fff2a02e000 	/usr/lib/libbsm.0.dylib
0x00007fff24351000 	/usr/lib/libnetwork.dylib
0x00007fff2a860000 	/usr/lib/libpcap.A.dylib
0x00007fff26597000 	/usr/lib/libdns_services.dylib
0x00007fff2aef5000 	/usr/lib/libcoretls_cfhelpers.dylib
0x00007fff2aa9f000 	/usr/lib/libapple_nghttp2.dylib
0x00007fff2a7f3000 	/usr/lib/system/libkxld.dylib
0x00007fff261fd000 	/usr/lib/libsqlite3.dylib
0x00007fff2a56b000 	/System/Library/PrivateFrameworks/AppleFSCompression.framework/Versions/A/AppleFSCompression
0x00007fff2a016000 	/usr/lib/libcoretls.dylib
0x00007fff2aacc000 	/usr/lib/libpam.2.dylib
0x00007fff2aff2000 	/usr/lib/libxar.1.dylib
0x00007fff29306000 	/System/Library/PrivateFrameworks/AppleSystemInfo.framework/Versions/A/AppleSystemInfo
0x00007fff29c59000 	/System/Library/PrivateFrameworks/IOMobileFramebuffer.framework/Versions/A/IOMobileFramebuffer
0x00007fff2a57b000 	/usr/lib/libbz2.1.0.dylib
0x00007fff2a898000 	/usr/lib/libiconv.2.dylib
0x00007fff2a7ec000 	/usr/lib/libcharset.1.dylib
0x00007fff27460000 	/System/Library/Frameworks/CoreServices.framework/Versions/A/Frameworks/FSEvents.framework/Versions/A/FSEvents
0x00007fff22ac6000 	/System/Library/Frameworks/CoreServices.framework/Versions/A/Frameworks/CarbonCore.framework/Versions/A/CarbonCore
0x00007fff267a0000 	/System/Library/Frameworks/CoreServices.framework/Versions/A/Frameworks/Metadata.framework/Versions/A/Metadata
0x00007fff2a58e000 	/System/Library/Frameworks/CoreServices.framework/Versions/A/Frameworks/OSServices.framework/Versions/A/OSServices
0x00007fff2aa0d000 	/System/Library/Frameworks/CoreServices.framework/Versions/A/Frameworks/SearchKit.framework/Versions/A/SearchKit
0x00007fff26521000 	/System/Library/Frameworks/CoreServices.framework/Versions/A/Frameworks/AE.framework/Versions/A/AE
0x00007fff20b6a000 	/System/Library/Frameworks/CoreServices.framework/Versions/A/Frameworks/LaunchServices.framework/Versions/A/LaunchServices
0x00007fff2ae8d000 	/System/Library/Frameworks/CoreServices.framework/Versions/A/Frameworks/DictionaryServices.framework/Versions/A/DictionaryServices
0x00007fff27469000 	/System/Library/Frameworks/CoreServices.framework/Versions/A/Frameworks/SharedFileList.framework/Versions/A/SharedFileList
0x00007fff2a00a000 	/usr/lib/libCheckFix.dylib
0x00007fff24eb6000 	/System/Library/PrivateFrameworks/TCC.framework/Versions/A/TCC
0x00007fff2930c000 	/System/Library/PrivateFrameworks/CoreNLP.framework/Versions/A/CoreNLP
0x00007fff26753000 	/System/Library/PrivateFrameworks/MetadataUtilities.framework/Versions/A/MetadataUtilities
0x00007fff21243000 	/usr/lib/libmecabra.dylib
0x00007fff2a31d000 	/System/Library/Frameworks/MLCompute.framework/Versions/A/MLCompute
0x00007fff2a03f000 	/usr/lib/libmecab.dylib
0x00007fff2a089000 	/usr/lib/libgermantok.dylib
0x00007fff2aa75000 	/usr/lib/libThaiTokenizer.dylib
0x00007fff2b02d000 	/usr/lib/libChineseTokenizer.dylib
0x00007fff2aaca000 	/System/Library/Frameworks/MetalPerformanceShaders.framework/Versions/A/MetalPerformanceShaders
0x00007fff26842000 	/System/Library/Frameworks/Accelerate.framework/Versions/A/Frameworks/vImage.framework/Versions/A/vImage
0x00007fff30221000 	/System/Library/Frameworks/Accelerate.framework/Versions/A/Frameworks/vecLib.framework/Versions/A/vecLib
0x00007fff2b038000 	/System/Library/Frameworks/Accelerate.framework/Versions/A/Frameworks/vecLib.framework/Versions/A/libvMisc.dylib
0x00007fff29a72000 	/System/Library/Frameworks/Accelerate.framework/Versions/A/Frameworks/vecLib.framework/Versions/A/libvDSP.dylib
0x00007fff20e6e000 	/System/Library/Frameworks/Accelerate.framework/Versions/A/Frameworks/vecLib.framework/Versions/A/libBLAS.dylib
0x00007fff2aaf0000 	/System/Library/Frameworks/Accelerate.framework/Versions/A/Frameworks/vecLib.framework/Versions/A/libLAPACK.dylib
0x00007fff2a08f000 	/System/Library/Frameworks/Accelerate.framework/Versions/A/Frameworks/vecLib.framework/Versions/A/libLinearAlgebra.dylib
0x00007fff2aab7000 	/System/Library/Frameworks/Accelerate.framework/Versions/A/Frameworks/vecLib.framework/Versions/A/libSparseBLAS.dylib
0x00007fff2aaea000 	/System/Library/Frameworks/Accelerate.framework/Versions/A/Frameworks/vecLib.framework/Versions/A/libQuadrature.dylib
0x00007fff293b4000 	/System/Library/Frameworks/Accelerate.framework/Versions/A/Frameworks/vecLib.framework/Versions/A/libBNNS.dylib
0x00007fff21120000 	/System/Library/Frameworks/Accelerate.framework/Versions/A/Frameworks/vecLib.framework/Versions/A/libSparse.dylib
0x00007fff2929f000 	/System/Library/Frameworks/MetalPerformanceShaders.framework/Versions/A/Frameworks/MPSCore.framework/Versions/A/MPSCore
0x00007fff2a4da000 	/System/Library/Frameworks/MetalPerformanceShaders.framework/Versions/A/Frameworks/MPSImage.framework/Versions/A/MPSImage
0x00007fff2a0a5000 	/System/Library/Frameworks/MetalPerformanceShaders.framework/Versions/A/Frameworks/MPSNeuralNetwork.framework/Versions/A/MPSNeuralNetwork
0x00007fff2a465000 	/System/Library/Frameworks/MetalPerformanceShaders.framework/Versions/A/Frameworks/MPSMatrix.framework/Versions/A/MPSMatrix
0x00007fff2a2cd000 	/System/Library/Frameworks/MetalPerformanceShaders.framework/Versions/A/Frameworks/MPSRayIntersector.framework/Versions/A/MPSRayIntersector
0x00007fff2a49c000 	/System/Library/Frameworks/MetalPerformanceShaders.framework/Versions/A/Frameworks/MPSNDArray.framework/Versions/A/MPSNDArray
0x00007fff20d9a000 	/System/Library/PrivateFrameworks/MetalTools.framework/Versions/A/MetalTools
0x00007fff29304000 	/System/Library/PrivateFrameworks/AggregateDictionary.framework/Versions/A/AggregateDictionary
0x00007fff2672b000 	/System/Library/PrivateFrameworks/CoreAnalytics.framework/Versions/A/CoreAnalytics
0x00007fff2aa77000 	/System/Library/PrivateFrameworks/AppleSauce.framework/Versions/A/AppleSauce
0x00007fff28611000 	/System/Library/PrivateFrameworks/IOAccelerator.framework/Versions/A/IOAccelerator
0x00007fff6cba6000 	/System/Library/Frameworks/OpenGL.framework/Versions/A/Libraries/libCoreFSCache.dylib
0x00007fff217df000 	/System/Library/PrivateFrameworks/LanguageModeling.framework/Versions/A/LanguageModeling
0x00007fff29c46000 	/System/Library/PrivateFrameworks/CoreEmoji.framework/Versions/A/CoreEmoji
0x00007fff293ad000 	/System/Library/PrivateFrameworks/LinguisticData.framework/Versions/A/LinguisticData
0x00007fff210d2000 	/System/Library/PrivateFrameworks/Lexicon.framework/Versions/A/Lexicon
0x00007fff2a989000 	/usr/lib/libcmph.dylib
0x00007fff27440000 	/System/Library/Frameworks/OpenDirectory.framework/Versions/A/Frameworks/CFOpenDirectory.framework/Versions/A/CFOpenDirectory
0x00007fff27430000 	/System/Library/Frameworks/OpenDirectory.framework/Versions/A/OpenDirectory
0x00007fff2aef7000 	/System/Library/PrivateFrameworks/APFS.framework/Versions/A/APFS
0x00007fff29f6b000 	/System/Library/Frameworks/SecurityFoundation.framework/Versions/A/SecurityFoundation
0x00007fff2b000000 	/usr/lib/libutil.dylib
0x00007fff22ded000 	/System/Library/PrivateFrameworks/CoreServicesStore.framework/Versions/A/CoreServicesStore
0x00007fff2a002000 	/System/Library/Frameworks/ServiceManagement.framework/Versions/A/ServiceManagement
0x00007fff2b004000 	/usr/lib/libxslt.1.dylib
0x00007fff29ff8000 	/System/Library/PrivateFrameworks/BackgroundTaskManagement.framework/Versions/A/BackgroundTaskManagement
0x00007fff2bff9000 	/System/Library/Frameworks/ImageIO.framework/Versions/A/Resources/libRadiance.dylib
0x00007fff2c003000 	/System/Library/Frameworks/ImageIO.framework/Versions/A/Resources/libJPEG.dylib
0x00007fff2bf4e000 	/System/Library/Frameworks/ImageIO.framework/Versions/A/Resources/libPng.dylib
0x00007fff2bf75000 	/System/Library/Frameworks/ImageIO.framework/Versions/A/Resources/libTIFF.dylib
0x00007fff2c058000 	/System/Library/Frameworks/ImageIO.framework/Versions/A/Resources/libGIF.dylib
0x00007fff2bcb1000 	/System/Library/Frameworks/ImageIO.framework/Versions/A/Resources/libJP2.dylib
0x00007fff2b39b000 	/usr/lib/libexpat.1.dylib
0x00007fff2bc66000 	/System/Library/PrivateFrameworks/AppleJPEG.framework/Versions/A/AppleJPEG
0x00007fff28847000 	/System/Library/PrivateFrameworks/FontServices.framework/libFontParser.dylib
0x00007fff264d5000 	/System/Library/PrivateFrameworks/RunningBoardServices.framework/Versions/A/RunningBoardServices
0x00007fff2bd90000 	/System/Library/PrivateFrameworks/WatchdogClient.framework/Versions/A/WatchdogClient
0x00007fff218cc000 	/System/Library/Frameworks/CoreDisplay.framework/Versions/A/CoreDisplay
0x00007fff2875d000 	/System/Library/Frameworks/CoreMedia.framework/Versions/A/CoreMedia
0x00007fff275bd000 	/System/Library/Frameworks/CoreVideo.framework/Versions/A/CoreVideo
0x00007fff2bdc8000 	/System/Library/Frameworks/VideoToolbox.framework/Versions/A/VideoToolbox
0x00007fff26453000 	/System/Library/PrivateFrameworks/BaseBoard.framework/Versions/A/BaseBoard
0x00007fff2b4e0000 	/System/Library/PrivateFrameworks/PersistentConnection.framework/Versions/A/PersistentConnection
0x00007fff261e6000 	/System/Library/PrivateFrameworks/ProtocolBuffer.framework/Versions/A/ProtocolBuffer
0x00007fff2643a000 	/System/Library/PrivateFrameworks/CommonUtilities.framework/Versions/A/CommonUtilities
0x00007fff2bbfb000 	/System/Library/PrivateFrameworks/Bom.framework/Versions/A/Bom
0x00007fff2bff2000 	/System/Library/PrivateFrameworks/GPUWrangler.framework/Versions/A/GPUWrangler
0x00007fff2bfd5000 	/System/Library/PrivateFrameworks/IOPresentment.framework/Versions/A/IOPresentment
0x00007fff2bffd000 	/System/Library/PrivateFrameworks/DSExternalDisplay.framework/Versions/A/DSExternalDisplay
0x00007fff2c05d000 	/System/Library/PrivateFrameworks/CMCaptureCore.framework/Versions/A/CMCaptureCore
0x00007fff2b980000 	/System/Library/PrivateFrameworks/AppServerSupport.framework/Versions/A/AppServerSupport
0x00007fff2da31000 	/System/Library/PrivateFrameworks/perfdata.framework/Versions/A/perfdata
0x00007fff29f5a000 	/System/Library/PrivateFrameworks/AssertionServices.framework/Versions/A/AssertionServices
0x00007fff21a03000 	/System/Library/PrivateFrameworks/AudioToolboxCore.framework/Versions/A/AudioToolboxCore
0x00007fff28740000 	/System/Library/PrivateFrameworks/caulk.framework/Versions/A/caulk
0x00007fff3d6dc000 	/System/Library/PrivateFrameworks/SystemPolicy.framework/Versions/A/SystemPolicy
0x00007fff2b190000 	/usr/lib/libIOReport.dylib
0x00007fff2d253000 	/usr/lib/libSMC.dylib
0x00007fff2bf1b000 	/usr/lib/libAudioToolboxUtility.dylib
0x00007fff3e046000 	/usr/lib/libmis.dylib
0x00007fff6cc02000 	/System/Library/Frameworks/OpenGL.framework/Versions/A/Libraries/libGLU.dylib
0x00007fff6cbc5000 	/System/Library/Frameworks/OpenGL.framework/Versions/A/Libraries/libGFXShared.dylib
0x00007fff6cdd4000 	/System/Library/Frameworks/OpenGL.framework/Versions/A/Libraries/libGL.dylib
0x00007fff6cbce000 	/System/Library/Frameworks/OpenGL.framework/Versions/A/Libraries/libGLImage.dylib
0x00007fff6cbc2000 	/System/Library/Frameworks/OpenGL.framework/Versions/A/Libraries/libCVMSPluginSupport.dylib
0x00007fff6cbad000 	/System/Library/Frameworks/OpenGL.framework/Versions/A/Libraries/libCoreVMClient.dylib
0x00007fff6e215000 	/System/Library/Frameworks/OpenCL.framework/Versions/A/OpenCL
0x00007fff2b50a000 	/System/Library/PrivateFrameworks/GraphVisualizer.framework/Versions/A/GraphVisualizer
0x00007fff2b519000 	/System/Library/PrivateFrameworks/FaceCore.framework/Versions/A/FaceCore
0x00007fff2b935000 	/System/Library/PrivateFrameworks/OTSVG.framework/Versions/A/OTSVG
0x00007fff271b4000 	/System/Library/Frameworks/ApplicationServices.framework/Versions/A/Frameworks/ATS.framework/Versions/A/Resources/libFontRegistry.dylib
0x00007fff2b987000 	/System/Library/PrivateFrameworks/FontServices.framework/libhvf.dylib
0x00007fff2b347000 	/System/Library/PrivateFrameworks/AppleVA.framework/Versions/A/AppleVA
0x00007fff2d09c000 	/System/Library/Frameworks/ApplicationServices.framework/Versions/A/Frameworks/ATS.framework/Versions/A/ATS
0x00007fff2d3ae000 	/System/Library/Frameworks/ApplicationServices.framework/Versions/A/Frameworks/ColorSyncLegacy.framework/Versions/A/ColorSyncLegacy
0x00007fff259c0000 	/System/Library/Frameworks/ApplicationServices.framework/Versions/A/Frameworks/HIServices.framework/Versions/A/HIServices
0x00007fff2d393000 	/System/Library/Frameworks/ApplicationServices.framework/Versions/A/Frameworks/LangAnalysis.framework/Versions/A/LangAnalysis
0x00007fff2c067000 	/System/Library/Frameworks/ApplicationServices.framework/Versions/A/Frameworks/PrintCore.framework/Versions/A/PrintCore
0x00007fff2d3b6000 	/System/Library/Frameworks/ApplicationServices.framework/Versions/A/Frameworks/QD.framework/Versions/A/QD
0x00007fff2d08c000 	/System/Library/Frameworks/ApplicationServices.framework/Versions/A/Frameworks/SpeechSynthesis.framework/Versions/A/SpeechSynthesis
0x00007fff2c028000 	/System/Library/Frameworks/ApplicationServices.framework/Versions/A/Frameworks/ATSUI.framework/Versions/A/ATSUI
0x00007fff2d333000 	/usr/lib/libcups.2.dylib
0x00007fff2d3a3000 	/System/Library/PrivateFrameworks/NetAuth.framework/Versions/A/NetAuth
0x00007fff2da4d000 	/System/Library/Frameworks/Kerberos.framework/Versions/A/Kerberos
0x00007fff2da5d000 	/System/Library/Frameworks/GSS.framework/Versions/A/GSS
0x00007fff2d108000 	/usr/lib/libresolv.9.dylib
0x00007fff2b99c000 	/System/Library/PrivateFrameworks/Heimdal.framework/Versions/A/Heimdal
0x00007fff337e1000 	/System/Library/Frameworks/Kerberos.framework/Versions/A/Libraries/libHeimdalProxy.dylib
0x00007fff265a6000 	/System/Library/Frameworks/Network.framework/Versions/A/Network
0x00007fff2b3b5000 	/usr/lib/libheimdal-asn1.dylib
0x00007fff2daad000 	/System/Library/PrivateFrameworks/CommonAuth.framework/Versions/A/CommonAuth
0x00007fff2760a000 	/System/Library/PrivateFrameworks/login.framework/Versions/A/Frameworks/loginsupport.framework/Versions/A/loginsupport
0x00007fff2d011000 	/System/Library/PrivateFrameworks/AudioSession.framework/Versions/A/AudioSession
0x00007fff2d079000 	/usr/lib/libAudioStatistics.dylib
0x00007fff2b442000 	/System/Library/PrivateFrameworks/MediaExperience.framework/Versions/A/MediaExperience
0x00007fff2ceae000 	/System/Library/PrivateFrameworks/AudioSession.framework/libSessionUtility.dylib
0x00007fff2da3e000 	/usr/lib/libperfcheck.dylib
0x00007fff2d3c2000 	/System/Library/PrivateFrameworks/AudioResourceArbitration.framework/Versions/A/AudioResourceArbitration
0x00007fff2b3bf000 	/System/Library/PrivateFrameworks/IconFoundation.framework/Versions/A/IconFoundation
0x00007fff2feeb000 	/System/Library/PrivateFrameworks/SpeechRecognitionCore.framework/Versions/A/SpeechRecognitionCore
0x0000000107800000 	/Users/thomasmatthews/.p2/pool/plugins/org.eclipse.justj.openjdk.hotspot.jre.full.macosx.x86_64_15.0.2.v20210201-0955/jre/lib/server/libjvm.dylib
0x0000000105126000 	/Users/thomasmatthews/.p2/pool/plugins/org.eclipse.justj.openjdk.hotspot.jre.full.macosx.x86_64_15.0.2.v20210201-0955/jre/lib/libjimage.dylib
0x0000000105134000 	/Users/thomasmatthews/.p2/pool/plugins/org.eclipse.justj.openjdk.hotspot.jre.full.macosx.x86_64_15.0.2.v20210201-0955/jre/lib/libinstrument.dylib
0x0000000105144000 	/Users/thomasmatthews/.p2/pool/plugins/org.eclipse.justj.openjdk.hotspot.jre.full.macosx.x86_64_15.0.2.v20210201-0955/jre/lib/libjava.dylib
0x00000001051b7000 	/Users/thomasmatthews/.p2/pool/plugins/org.eclipse.justj.openjdk.hotspot.jre.full.macosx.x86_64_15.0.2.v20210201-0955/jre/lib/libzip.dylib
0x00000001053ff000 	/Users/thomasmatthews/.p2/pool/plugins/org.eclipse.justj.openjdk.hotspot.jre.full.macosx.x86_64_15.0.2.v20210201-0955/jre/lib/libnio.dylib
0x0000000105413000 	/Users/thomasmatthews/.p2/pool/plugins/org.eclipse.justj.openjdk.hotspot.jre.full.macosx.x86_64_15.0.2.v20210201-0955/jre/lib/libnet.dylib
0x000000010542c000 	/Users/thomasmatthews/.p2/pool/plugins/org.eclipse.justj.openjdk.hotspot.jre.full.macosx.x86_64_15.0.2.v20210201-0955/jre/lib/libverify.dylib
0x0000000105640000 	/Users/thomasmatthews/.p2/pool/plugins/org.eclipse.justj.openjdk.hotspot.jre.full.macosx.x86_64_15.0.2.v20210201-0955/jre/lib/libextnet.dylib
0x0000000105647000 	/Users/thomasmatthews/.p2/pool/plugins/org.eclipse.justj.openjdk.hotspot.jre.full.macosx.x86_64_15.0.2.v20210201-0955/jre/lib/libmanagement.dylib
0x0000000105651000 	/Users/thomasmatthews/.p2/pool/plugins/org.eclipse.justj.openjdk.hotspot.jre.full.macosx.x86_64_15.0.2.v20210201-0955/jre/lib/libmanagement_ext.dylib
0x000000010565c000 	/Users/thomasmatthews/eclipse-workspace/25_jni-inchi/target/classes/META-INF/jniinchi/1.03_1/MAC-X86_64/JniInchi-1.03_1-MAC-X86_64


VM Arguments:
jvm_args: -Djava.awt.headless=true -javaagent:/var/folders/kf/6s3yyz091ynfywzf3k3mq2cm0000gn/T/1617350530933092591480972417724106533362184458336.jar -Dfile.encoding=UTF-8 
java_command: org.pitest.mutationtest.execute.MutationTestMinion 55413
java_class_path (initial): /Users/thomasmatthews/.p2/pool/plugins/org.pitest_1.4.11:/Users/thomasmatthews/.p2/pool/plugins/org.pitest.pitclipse.runner_2.1.1.jar:/Users/thomasmatthews/.p2/pool/plugins/org.pitest_1.4.11/lib/pitest.jar:/Users/thomasmatthews/.p2/pool/plugins/org.pitest_1.4.11/lib/pitest-entry.jar:/Users/thomasmatthews/.p2/pool/plugins/org.pitest_1.4.11/lib/pitest-command-line.jar:/Users/thomasmatthews/.p2/pool/plugins/org.pitest_1.4.11/lib/pitest-html-report.jar:/Users/thomasmatthews/.p2/pool/plugins/com.google.guava_27.1.0.v20190517-1946.jar:/Users/thomasmatthews/.p2/pool/plugins/org.pitest.pitclipse.listeners_2.1.1.jar:/Users/thomasmatthews/eclipse-workspace/25_jni-inchi/target/classes:/Users/thomasmatthews/eclipse-workspace/25_jni-inchi/target/test-classes:/Users/thomasmatthews/eclipse-workspace/25_jni-inchi/lib/jnati-core-0.4.jar:/Users/thomasmatthews/eclipse-workspace/25_jni-inchi/lib/jnati-deploy-0.4.jar:/Users/thomasmatthews/eclipse-workspace/25_jni-inchi/lib/log4j-1.2.14.jar:/Users/thomasmatthews/.p2/pool/plugins/org.junit_4.13.0.v20200204-1500.jar:/Users/thomasmatthews/.p2/pool/plugins/org.hamcrest.core_1.3.0.v20180420-1519.jar
Launcher Type: SUN_STANDARD

[Global flags]
     intx CICompilerCount                          = 3                                         {product} {ergonomic}
     uint ConcGCThreads                            = 1                                         {product} {ergonomic}
     uint G1ConcRefinementThreads                  = 4                                         {product} {ergonomic}
   size_t G1HeapRegionSize                         = 2097152                                   {product} {ergonomic}
    uintx GCDrainStackTargetSize                   = 64                                        {product} {ergonomic}
   size_t InitialHeapSize                          = 268435456                                 {product} {ergonomic}
   size_t MarkStackSize                            = 4194304                                   {product} {ergonomic}
   size_t MaxHeapSize                              = 4294967296                                {product} {ergonomic}
   size_t MaxNewSize                               = 2575302656                                {product} {ergonomic}
   size_t MinHeapDeltaBytes                        = 2097152                                   {product} {ergonomic}
   size_t MinHeapSize                              = 8388608                                   {product} {ergonomic}
    uintx NonNMethodCodeHeapSize                   = 5832780                                {pd product} {ergonomic}
    uintx NonProfiledCodeHeapSize                  = 122912730                              {pd product} {ergonomic}
    uintx ProfiledCodeHeapSize                     = 122912730                              {pd product} {ergonomic}
    uintx ReservedCodeCacheSize                    = 251658240                              {pd product} {ergonomic}
     bool SegmentedCodeCache                       = true                                      {product} {ergonomic}
   size_t SoftMaxHeapSize                          = 4294967296                             {manageable} {ergonomic}
     bool UseCompressedClassPointers               = true                                 {lp64_product} {ergonomic}
     bool UseCompressedOops                        = true                                 {lp64_product} {ergonomic}
     bool UseG1GC                                  = true                                      {product} {ergonomic}
     bool UseNUMA                                  = false                                     {product} {ergonomic}
     bool UseNUMAInterleaving                      = false                                     {product} {ergonomic}

Logging:
Log output configuration:
 #0: stdout all=warning uptime,level,tags
 #1: stderr all=off uptime,level,tags

Environment Variables:
CLASSPATH=/Users/thomasmatthews/.p2/pool/plugins/org.pitest_1.4.11:/Users/thomasmatthews/.p2/pool/plugins/org.pitest.pitclipse.runner_2.1.1.jar:/Users/thomasmatthews/.p2/pool/plugins/org.pitest_1.4.11/lib/pitest.jar:/Users/thomasmatthews/.p2/pool/plugins/org.pitest_1.4.11/lib/pitest-entry.jar:/Users/thomasmatthews/.p2/pool/plugins/org.pitest_1.4.11/lib/pitest-command-line.jar:/Users/thomasmatthews/.p2/pool/plugins/org.pitest_1.4.11/lib/pitest-html-report.jar:/Users/thomasmatthews/.p2/pool/plugins/com.google.guava_27.1.0.v20190517-1946.jar:/Users/thomasmatthews/.p2/pool/plugins/org.pitest.pitclipse.listeners_2.1.1.jar:/Users/thomasmatthews/eclipse-workspace/25_jni-inchi/target/classes:/Users/thomasmatthews/eclipse-workspace/25_jni-inchi/target/test-classes:/Users/thomasmatthews/eclipse-workspace/25_jni-inchi/lib/jnati-core-0.4.jar:/Users/thomasmatthews/eclipse-workspace/25_jni-inchi/lib/jnati-deploy-0.4.jar:/Users/thomasmatthews/eclipse-workspace/25_jni-inchi/lib/log4j-1.2.14.jar:/Users/thomasmatthews/.p2/pool/plugins/org.junit_4.13.0.v20200204-1500.jar:/Users/thomasmatthews/.p2/pool/plugins/org.hamcrest.core_1.3.0.v20180420-1519.jar
PATH=/usr/bin:/bin:/usr/sbin:/sbin
SHELL=/bin/zsh
DISPLAY=/private/tmp/com.apple.launchd.H4MAuLrG8E/org.xquartz:0

Signal Handlers:
SIGSEGV: [libjvm.dylib+0xa01020], sa_mask[0]=11111111011111110111111111111111, sa_flags=SA_ONSTACK|SA_RESTART|SA_SIGINFO
SIGBUS: [libjvm.dylib+0xa01020], sa_mask[0]=11111111011111110111111111111111, sa_flags=SA_RESTART|SA_SIGINFO
SIGFPE: [libjvm.dylib+0xa01020], sa_mask[0]=11111111011111110111111111111111, sa_flags=SA_RESTART|SA_SIGINFO
SIGPIPE: [libjvm.dylib+0x82c500], sa_mask[0]=11111111011111110111111111111111, sa_flags=SA_RESTART|SA_SIGINFO
SIGXFSZ: [libjvm.dylib+0x82c500], sa_mask[0]=11111111011111110111111111111111, sa_flags=SA_RESTART|SA_SIGINFO
SIGILL: [libjvm.dylib+0xa01020], sa_mask[0]=11111111011111110111111111111111, sa_flags=SA_RESTART|SA_SIGINFO
SIGUSR2: [libjvm.dylib+0x82d010], sa_mask[0]=00100000000000000000000000000000, sa_flags=SA_RESTART|SA_SIGINFO
SIGHUP: [libjvm.dylib+0x82b710], sa_mask[0]=11111111011111110111111111111111, sa_flags=SA_RESTART|SA_SIGINFO
SIGINT: [libjvm.dylib+0x82b710], sa_mask[0]=11111111011111110111111111111111, sa_flags=SA_RESTART|SA_SIGINFO
SIGTERM: [libjvm.dylib+0x82b710], sa_mask[0]=11111111011111110111111111111111, sa_flags=SA_RESTART|SA_SIGINFO
SIGQUIT: [libjvm.dylib+0x82b710], sa_mask[0]=11111111011111110111111111111111, sa_flags=SA_RESTART|SA_SIGINFO


---------------  S Y S T E M  ---------------

OS:uname: Darwin 20.3.0 Darwin Kernel Version 20.3.0: Thu Jan 21 00:07:06 PST 2021; root:xnu-7195.81.3~1/RELEASE_X86_64 x86_64
OS uptime: 9 days 10:20 hours
rlimit (soft/hard): STACK 8192k/65532k , CORE 0k/infinity , NPROC 2784/4176 , NOFILE 10240/infinity , AS infinity/infinity , CPU infinity/infinity , DATA infinity/infinity , FSIZE infinity/infinity , MEMLOCK infinity/infinity , RSS infinity/infinity
load average: 16.82 6.49 3.47

CPU: total 4 (initial active 4) (2 cores per cpu, 2 threads per core) family 6 model 61 stepping 4 microcode 0x2f, cmov, cx8, fxsr, mmx, sse, sse2, sse3, ssse3, sse4.1, sse4.2, popcnt, vzeroupper, avx, avx2, aes, clmul, erms, 3dnowpref, lzcnt, ht, tsc, tscinvbit, bmi1, bmi2, adx, fma, clflush

Memory: 4k page, physical 16777216k(916960k free), swap 2097152k(1450240k free)

vm_info: OpenJDK 64-Bit Server VM (15.0.2+7-27) for bsd-amd64 JRE (15.0.2+7-27), built on Dec  7 2020 20:01:12 by "mach5one" with clang 4.2.1 Compatible Apple LLVM 10.0.0 (clang-1000.11.45.5)

END.
