#
# A fatal error has been detected by the Java Runtime Environment:
#
#  SIGSEGV (0xb) at pc=0x0000000100ac7854, pid=68088, tid=37067
#
# JRE version: OpenJDK Runtime Environment (15.0.2+7) (build 15.0.2+7-27)
# Java VM: OpenJDK 64-Bit Server VM (15.0.2+7-27, mixed mode, tiered, compressed oops, g1 gc, bsd-amd64)
# Problematic frame:
# V  [libjvm.dylib+0x3854]  AccessInternal::PostRuntimeDispatch<G1BarrierSet::AccessBarrier<548980ull, G1BarrierSet>, (AccessInternal::BarrierType)2, 548980ull>::oop_access_barrier(void*)+0x4
#
# No core dump will be written. Core dumps have been disabled. To enable core dumping, try "ulimit -c unlimited" before starting Java again
#
# If you would like to submit a bug report, please visit:
#   https://bugreport.java.com/bugreport/crash.jsp
#

---------------  S U M M A R Y ------------

Command Line: -Djava.awt.headless=true -javaagent:/var/folders/kf/6s3yyz091ynfywzf3k3mq2cm0000gn/T/16148355627070580662948681972514546938054423415113.jar -Dfile.encoding=UTF-8 org.pitest.mutationtest.execute.MutationTestMinion 57659

Host: MacBookPro12,1 x86_64 3100 MHz, 4 cores, 16G, Darwin 20.3.0
Time: Wed Mar  3 22:26:33 2021 MST elapsed time: 2.077108 seconds (0d 0h 0m 2s)

---------------  T H R E A D  ---------------

Current thread (0x00007fdfec861c00):  JavaThread "mutationTestThread" daemon [_thread_in_vm, id=37067, stack(0x000070001082f000,0x000070001092f000)]

Stack: [0x000070001082f000,0x000070001092f000],  sp=0x000070001092d900,  free space=1018k
Native frames: (J=compiled Java code, A=aot compiled Java code, j=interpreted, Vv=VM code, C=native code)
V  [libjvm.dylib+0x3854]  AccessInternal::PostRuntimeDispatch<G1BarrierSet::AccessBarrier<548980ull, G1BarrierSet>, (AccessInternal::BarrierType)2, 548980ull>::oop_access_barrier(void*)+0x4
V  [libjvm.dylib+0x518281]  jni_GetStringUTFChars+0xd1
C  [JniInchi-1.03_1-MAC-X86_64+0xba83a]  Java_net_sf_jniinchi_JniInchiWrapper_GetINCHIKeyFromINCHI+0x32
j  net.sf.jniinchi.JniInchiWrapper.GetINCHIKeyFromINCHI(Ljava/lang/String;)Lnet/sf/jniinchi/JniInchiOutputKey;+0
j  net.sf.jniinchi.JniInchiWrapper.getInchiKey(Ljava/lang/String;)Lnet/sf/jniinchi/JniInchiOutputKey;+24
j  net.sf.jniinchi.TestJniInchiWrapper.testGetInchiKeyNull()V+1
v  ~StubRoutines::call_stub
V  [libjvm.dylib+0x4ae582]  JavaCalls::call_helper(JavaValue*, methodHandle const&, JavaCallArguments*, Thread*)+0x2e2
V  [libjvm.dylib+0x89f2ae]  invoke(InstanceKlass*, methodHandle const&, Handle, bool, objArrayHandle, BasicType, objArrayHandle, bool, Thread*)+0x8ee
V  [libjvm.dylib+0x89e994]  Reflection::invoke_method(oopDesc*, Handle, objArrayHandle, Thread*)+0x244
V  [libjvm.dylib+0x55d399]  JVM_InvokeMethod+0x329
j  jdk.internal.reflect.NativeMethodAccessorImpl.invoke0(Ljava/lang/reflect/Method;Ljava/lang/Object;[Ljava/lang/Object;)Ljava/lang/Object;+0 java.base@15.0.2
j  jdk.internal.reflect.NativeMethodAccessorImpl.invoke(Ljava/lang/Object;[Ljava/lang/Object;)Ljava/lang/Object;+113 java.base@15.0.2
j  jdk.internal.reflect.DelegatingMethodAccessorImpl.invoke(Ljava/lang/Object;[Ljava/lang/Object;)Ljava/lang/Object;+6 java.base@15.0.2
j  java.lang.reflect.Method.invoke(Ljava/lang/Object;[Ljava/lang/Object;)Ljava/lang/Object;+59 java.base@15.0.2
j  org.junit.runners.model.FrameworkMethod$1.runReflectiveCall()Ljava/lang/Object;+15
j  org.junit.internal.runners.model.ReflectiveCallable.run()Ljava/lang/Object;+1
j  org.junit.runners.model.FrameworkMethod.invokeExplosively(Ljava/lang/Object;[Ljava/lang/Object;)Ljava/lang/Object;+10
j  org.junit.internal.runners.statements.InvokeMethod.evaluate()V+12
j  org.junit.internal.runners.statements.ExpectException.evaluate()V+6
j  org.junit.runners.ParentRunner$3.evaluate()V+4
j  org.junit.runners.BlockJUnit4ClassRunner$1.evaluate()V+11
j  org.junit.runners.ParentRunner.runLeaf(Lorg/junit/runners/model/Statement;Lorg/junit/runner/Description;Lorg/junit/runner/notification/RunNotifier;)V+17
j  org.junit.runners.BlockJUnit4ClassRunner.runChild(Lorg/junit/runners/model/FrameworkMethod;Lorg/junit/runner/notification/RunNotifier;)V+38
j  org.junit.runners.BlockJUnit4ClassRunner.runChild(Ljava/lang/Object;Lorg/junit/runner/notification/RunNotifier;)V+6
j  org.junit.runners.ParentRunner$4.run()V+12
j  org.junit.runners.ParentRunner$1.schedule(Ljava/lang/Runnable;)V+1
j  org.junit.runners.ParentRunner.runChildren(Lorg/junit/runner/notification/RunNotifier;)V+44
j  org.junit.runners.ParentRunner.access$100(Lorg/junit/runners/ParentRunner;Lorg/junit/runner/notification/RunNotifier;)V+2
j  org.junit.runners.ParentRunner$2.evaluate()V+8
j  org.junit.runners.ParentRunner$3.evaluate()V+4
j  org.junit.runners.ParentRunner.run(Lorg/junit/runner/notification/RunNotifier;)V+24
j  org.pitest.junit.adapter.CustomRunnerExecutor.run()V+34
j  org.pitest.junit.adapter.AdaptedJUnitTestUnit.execute(Lorg/pitest/testapi/ResultCollector;)V+34
j  org.pitest.mutationtest.execute.MutationTimeoutDecorator.lambda$createRunnable$0(Lorg/pitest/testapi/ResultCollector;)V+5
j  org.pitest.mutationtest.execute.MutationTimeoutDecorator$$Lambda$116+0x000000080017c708.run()V+8
j  java.util.concurrent.Executors$RunnableAdapter.call()Ljava/lang/Object;+4 java.base@15.0.2
j  java.util.concurrent.FutureTask.run()V+39 java.base@15.0.2
j  java.lang.Thread.run()V+11 java.base@15.0.2
v  ~StubRoutines::call_stub
V  [libjvm.dylib+0x4ae582]  JavaCalls::call_helper(JavaValue*, methodHandle const&, JavaCallArguments*, Thread*)+0x2e2
V  [libjvm.dylib+0x4ad469]  JavaCalls::call_virtual(JavaValue*, Klass*, Symbol*, Symbol*, JavaCallArguments*, Thread*)+0x1e9
V  [libjvm.dylib+0x4ad533]  JavaCalls::call_virtual(JavaValue*, Handle, Klass*, Symbol*, Symbol*, Thread*)+0x63
V  [libjvm.dylib+0x558f80]  thread_entry(JavaThread*, Thread*)+0xb0
V  [libjvm.dylib+0x99ae92]  JavaThread::thread_main_inner()+0xb2
V  [libjvm.dylib+0x997fa1]  Thread::call_run()+0x71
V  [libjvm.dylib+0x82a037]  thread_native_entry(Thread*)+0x197
C  [libsystem_pthread.dylib+0x6950]  _pthread_start+0xe0
C  [libsystem_pthread.dylib+0x247b]  thread_start+0xf

Java frames: (J=compiled Java code, j=interpreted, Vv=VM code)
j  net.sf.jniinchi.JniInchiWrapper.GetINCHIKeyFromINCHI(Ljava/lang/String;)Lnet/sf/jniinchi/JniInchiOutputKey;+0
j  net.sf.jniinchi.JniInchiWrapper.getInchiKey(Ljava/lang/String;)Lnet/sf/jniinchi/JniInchiOutputKey;+24
j  net.sf.jniinchi.TestJniInchiWrapper.testGetInchiKeyNull()V+1
v  ~StubRoutines::call_stub
j  jdk.internal.reflect.NativeMethodAccessorImpl.invoke0(Ljava/lang/reflect/Method;Ljava/lang/Object;[Ljava/lang/Object;)Ljava/lang/Object;+0 java.base@15.0.2
j  jdk.internal.reflect.NativeMethodAccessorImpl.invoke(Ljava/lang/Object;[Ljava/lang/Object;)Ljava/lang/Object;+113 java.base@15.0.2
j  jdk.internal.reflect.DelegatingMethodAccessorImpl.invoke(Ljava/lang/Object;[Ljava/lang/Object;)Ljava/lang/Object;+6 java.base@15.0.2
j  java.lang.reflect.Method.invoke(Ljava/lang/Object;[Ljava/lang/Object;)Ljava/lang/Object;+59 java.base@15.0.2
j  org.junit.runners.model.FrameworkMethod$1.runReflectiveCall()Ljava/lang/Object;+15
j  org.junit.internal.runners.model.ReflectiveCallable.run()Ljava/lang/Object;+1
j  org.junit.runners.model.FrameworkMethod.invokeExplosively(Ljava/lang/Object;[Ljava/lang/Object;)Ljava/lang/Object;+10
j  org.junit.internal.runners.statements.InvokeMethod.evaluate()V+12
j  org.junit.internal.runners.statements.ExpectException.evaluate()V+6
j  org.junit.runners.ParentRunner$3.evaluate()V+4
j  org.junit.runners.BlockJUnit4ClassRunner$1.evaluate()V+11
j  org.junit.runners.ParentRunner.runLeaf(Lorg/junit/runners/model/Statement;Lorg/junit/runner/Description;Lorg/junit/runner/notification/RunNotifier;)V+17
j  org.junit.runners.BlockJUnit4ClassRunner.runChild(Lorg/junit/runners/model/FrameworkMethod;Lorg/junit/runner/notification/RunNotifier;)V+38
j  org.junit.runners.BlockJUnit4ClassRunner.runChild(Ljava/lang/Object;Lorg/junit/runner/notification/RunNotifier;)V+6
j  org.junit.runners.ParentRunner$4.run()V+12
j  org.junit.runners.ParentRunner$1.schedule(Ljava/lang/Runnable;)V+1
j  org.junit.runners.ParentRunner.runChildren(Lorg/junit/runner/notification/RunNotifier;)V+44
j  org.junit.runners.ParentRunner.access$100(Lorg/junit/runners/ParentRunner;Lorg/junit/runner/notification/RunNotifier;)V+2
j  org.junit.runners.ParentRunner$2.evaluate()V+8
j  org.junit.runners.ParentRunner$3.evaluate()V+4
j  org.junit.runners.ParentRunner.run(Lorg/junit/runner/notification/RunNotifier;)V+24
j  org.pitest.junit.adapter.CustomRunnerExecutor.run()V+34
j  org.pitest.junit.adapter.AdaptedJUnitTestUnit.execute(Lorg/pitest/testapi/ResultCollector;)V+34
j  org.pitest.mutationtest.execute.MutationTimeoutDecorator.lambda$createRunnable$0(Lorg/pitest/testapi/ResultCollector;)V+5
j  org.pitest.mutationtest.execute.MutationTimeoutDecorator$$Lambda$116+0x000000080017c708.run()V+8
j  java.util.concurrent.Executors$RunnableAdapter.call()Ljava/lang/Object;+4 java.base@15.0.2
j  java.util.concurrent.FutureTask.run()V+39 java.base@15.0.2
j  java.lang.Thread.run()V+11 java.base@15.0.2
v  ~StubRoutines::call_stub

siginfo: si_signo: 11 (SIGSEGV), si_code: 1 (SEGV_MAPERR), si_addr: 0x0000000000000000

Register to memory mapping:

RAX=0x0000000101aa5000 points into unknown readable memory: 0x0000000000000000 | 00 00 00 00 00 00 00 00
RBX=0x00007fdfec861f28 points into unknown readable memory: 0x0000000101693f70 | 70 3f 69 01 01 00 00 00
RCX=0x00007fdfec6415c8 points into unknown readable memory: 0x0000000000000000 | 00 00 00 00 00 00 00 00
RDX=0x0 is NULL
RSP=0x000070001092d900 is pointing into the stack for thread: 0x00007fdfec861c00
RBP=0x000070001092d900 is pointing into the stack for thread: 0x00007fdfec861c00
RSI=0x0 is NULL
RDI=0x0 is NULL
R8 ={method} {0x000000010277f390} 'GetINCHIKeyFromINCHI' '(Ljava/lang/String;)Lnet/sf/jniinchi/JniInchiOutputKey;' in 'net/sf/jniinchi/JniInchiWrapper'
R9 =0x00007fdfe9dd9ea0 points into unknown readable memory: 0x00000001229d8880 | 80 88 9d 22 01 00 00 00
R10=0x00000001081a63a1 is at code_begin+897 in an Interpreter codelet
method entry point (kind = native)  [0x00000001081a6020, 0x00000001081a6980]  2400 bytes
R11=0x0000000000000102 is an unknown value
R12=0x00007fdfec861c00 is a thread
R13={method} {0x000000010277f390} 'GetINCHIKeyFromINCHI' '(Ljava/lang/String;)Lnet/sf/jniinchi/JniInchiOutputKey;' in 'net/sf/jniinchi/JniInchiWrapper'
R14=0x0 is NULL
R15=0x0 is NULL


Registers:
RAX=0x0000000101aa5000, RBX=0x00007fdfec861f28, RCX=0x00007fdfec6415c8, RDX=0x0000000000000000
RSP=0x000070001092d900, RBP=0x000070001092d900, RSI=0x0000000000000000, RDI=0x0000000000000000
R8 =0x000000010277f390, R9 =0x00007fdfe9dd9ea0, R10=0x00000001081a63a1, R11=0x0000000000000102
R12=0x00007fdfec861c00, R13=0x000000010277f390, R14=0x0000000000000000, R15=0x0000000000000000
RIP=0x0000000100ac7854, EFLAGS=0x0000000000010246, ERR=0x0000000000000004
  TRAPNO=0x000000000000000e

Top of Stack: (sp=0x000070001092d900)
0x000070001092d900:   000070001092d990 0000000100fdc281
0x000070001092d910:   000070001092d940 000000010129aa1b
0x000070001092d920:   3ff0000000000000 00000001027a2210
0x000070001092d930:   000070001092d978 000000010277f390
0x000070001092d940:   00007fdfec861c00 0000000000000000
0x000070001092d950:   00007fdfe9dd8090 00007fdfe9dd8090
0x000070001092d960:   00007fdfe9dd9ea0 000000010277f390
0x000070001092d970:   00007fdfec861f28 000000010277f390
0x000070001092d980:   000070001092da70 00007fdfec861c00
0x000070001092d990:   000070001092d9e0 0000000124e2f83a
0x000070001092d9a0:   0000000000000000 00007fdfec861c00
0x000070001092d9b0:   000000010277f390 000000010277f390
0x000070001092d9c0:   0000000000000000 000000010277f390
0x000070001092d9d0:   000070001092da70 00007fdfec861c00
0x000070001092d9e0:   000070001092da48 00000001081a63d0
0x000070001092d9f0:   000000010274ad10 00000001081a60d6
0x000070001092da00:   000070001092da00 000000010277f390
0x000070001092da10:   000070001092da70 00000001027a18d8
0x000070001092da20:   0000000000000000 000000070e200588
0x000070001092da30:   000000010277f390 0000000000000000
0x000070001092da40:   000070001092da68 000070001092dac0
0x000070001092da50:   00000001081a0c20 0000000000000000
0x000070001092da60:   00000001081a35bb 0000000000000000
0x000070001092da70:   000000070f208240 000070001092da78
0x000070001092da80:   000000010277e9b0 000070001092dae8
0x000070001092da90:   00000001027a18d8 0000000000000000
0x000070001092daa0:   000000070e200588 000000010277ea08
0x000070001092dab0:   000070001092da68 000070001092dae8
0x000070001092dac0:   000070001092db38 00000001081a0c20
0x000070001092dad0:   0000000000000000 0000000000000000
0x000070001092dae0:   000000070f208240 0000000000000000
0x000070001092daf0:   000070001092daf0 0000000101fa9bc9 

Instructions: (pc=0x0000000100ac7854)
0x0000000100ac7754:   ff 0b 73 0e 48 63 c7 48 8d 0d 2e a9 ae 00 8b 04
0x0000000100ac7764:   81 c3 55 48 89 e5 48 8d 3d e3 be a6 00 be 9c 00
0x0000000100ac7774:   00 00 e8 b5 c1 2f 00 e8 20 63 82 00 31 c0 5d c3
0x0000000100ac7784:   66 66 66 2e 0f 1f 84 00 00 00 00 00 55 48 89 e5
0x0000000100ac7794:   48 8b 47 08 0f b7 48 32 0f b7 40 30 8d 44 01 19
0x0000000100ac77a4:   5d c3 66 2e 0f 1f 84 00 00 00 00 00 55 48 89 e5
0x0000000100ac77b4:   53 50 48 89 fb 48 8d 0d 78 c8 c2 00 48 8d 05 59
0x0000000100ac77c4:   0f c0 00 48 8b 00 8b 40 10 ff c8 80 39 00 74 10
0x0000000100ac77d4:   83 f8 04 73 1f 48 98 48 8d 0d fe 50 b2 00 eb 0e
0x0000000100ac77e4:   83 f8 04 73 0f 48 98 48 8d 0d 0e 51 b2 00 48 8b
0x0000000100ac77f4:   04 c1 eb 21 48 8d 3d 8c be a6 00 48 8d 15 b5 be
0x0000000100ac7804:   a6 00 be e8 00 00 00 31 c0 e8 1e bf 2f 00 e8 89
0x0000000100ac7814:   62 82 00 31 c0 48 89 05 10 8f bc 00 48 89 df 48
0x0000000100ac7824:   83 c4 08 5b 5d ff e0 0f 1f 44 00 00 55 48 89 e5
0x0000000100ac7834:   48 8b 07 5d c3 0f 1f 80 00 00 00 00 55 48 89 e5
0x0000000100ac7844:   48 8b 07 5d c3 0f 1f 80 00 00 00 00 55 48 89 e5
0x0000000100ac7854:   48 8b 07 5d c3 0f 1f 80 00 00 00 00 55 48 89 e5
0x0000000100ac7864:   41 57 41 56 53 50 49 89 fe 49 8b 1e 4c 8d 3d c1
0x0000000100ac7874:   e4 c5 00 49 85 1f 74 3c 48 89 df e8 5c 5c a3 00
0x0000000100ac7884:   48 89 c1 48 85 c9 74 29 48 89 d8 f0 49 0f b1 0e
0x0000000100ac7894:   48 89 c2 48 39 da 74 19 0f 1f 40 00 49 85 17 74
0x0000000100ac78a4:   10 48 89 d0 f0 49 0f b1 0e 48 39 d0 48 89 c2 75
0x0000000100ac78b4:   eb 48 89 cb 48 89 d8 48 83 c4 08 5b 41 5e 41 5f
0x0000000100ac78c4:   5d c3 66 2e 0f 1f 84 00 00 00 00 00 55 48 89 e5
0x0000000100ac78d4:   48 8b 07 5d c3 0f 1f 80 00 00 00 00 55 48 89 e5
0x0000000100ac78e4:   48 8b 07 5d c3 0f 1f 80 00 00 00 00 55 48 89 e5
0x0000000100ac78f4:   48 8b 07 5d c3 0f 1f 80 00 00 00 00 55 48 89 e5
0x0000000100ac7904:   41 57 41 56 53 50 49 89 fe 49 8b 1e 4c 8d 3d 21
0x0000000100ac7914:   e4 c5 00 49 85 1f 74 3c 48 89 df e8 bc 5b a3 00
0x0000000100ac7924:   48 89 c1 48 85 c9 74 29 48 89 d8 f0 49 0f b1 0e
0x0000000100ac7934:   48 89 c2 48 39 da 74 19 0f 1f 40 00 49 85 17 74
0x0000000100ac7944:   10 48 89 d0 f0 49 0f b1 0e 48 39 d0 48 89 c2 75 


Stack slot to memory mapping:
stack at sp + 0 slots: 0x000070001092d990 is pointing into the stack for thread: 0x00007fdfec861c00
stack at sp + 1 slots: 0x0000000100fdc281: jni_GetStringUTFChars+0xd1 in /Users/thomasmatthews/.p2/pool/plugins/org.eclipse.justj.openjdk.hotspot.jre.full.macosx.x86_64_15.0.2.v20210201-0955/jre/lib/server/libjvm.dylib at 0x0000000100ac4000
stack at sp + 2 slots: 0x000070001092d940 is pointing into the stack for thread: 0x00007fdfec861c00
stack at sp + 3 slots: 0x000000010129aa1b: _ZN14MethodCountersC2ERK12methodHandle+0x1bb in /Users/thomasmatthews/.p2/pool/plugins/org.eclipse.justj.openjdk.hotspot.jre.full.macosx.x86_64_15.0.2.v20210201-0955/jre/lib/server/libjvm.dylib at 0x0000000100ac4000
stack at sp + 4 slots: 0x3ff0000000000000 is an unknown value
stack at sp + 5 slots: 0x00000001027a2210 is pointing into metadata
stack at sp + 6 slots: 0x000070001092d978 is pointing into the stack for thread: 0x00007fdfec861c00
stack at sp + 7 slots: {method} {0x000000010277f390} 'GetINCHIKeyFromINCHI' '(Ljava/lang/String;)Lnet/sf/jniinchi/JniInchiOutputKey;' in 'net/sf/jniinchi/JniInchiWrapper'


---------------  P R O C E S S  ---------------

Threads class SMR info:
_java_thread_list=0x00007fdfe9dda3b0, length=12, elements={
0x00007fdfea00c600, 0x00007fdfec809800, 0x00007fdfea8f1c00, 0x00007fdfea00be00,
0x00007fdfea00e400, 0x00007fdfea00ea00, 0x00007fdfea900000, 0x00007fdfea8fb800,
0x00007fdfea01b200, 0x00007fdfea022000, 0x00007fdfec84ca00, 0x00007fdfec861c00
}

Java Threads: ( => current thread )
  0x00007fdfea00c600 JavaThread "main" [_thread_blocked, id=6147, stack(0x000070000f1ea000,0x000070000f2ea000)]
  0x00007fdfec809800 JavaThread "Reference Handler" daemon [_thread_blocked, id=14339, stack(0x000070000f8ff000,0x000070000f9ff000)]
  0x00007fdfea8f1c00 JavaThread "Finalizer" daemon [_thread_blocked, id=16387, stack(0x000070000fa02000,0x000070000fb02000)]
  0x00007fdfea00be00 JavaThread "Signal Dispatcher" daemon [_thread_blocked, id=42499, stack(0x000070000fc0b000,0x000070000fd0b000)]
  0x00007fdfea00e400 JavaThread "Service Thread" daemon [_thread_blocked, id=23043, stack(0x000070000fd0e000,0x000070000fe0e000)]
  0x00007fdfea00ea00 JavaThread "C2 CompilerThread0" daemon [_thread_in_native, id=41219, stack(0x000070000fe11000,0x000070000ff11000)]
  0x00007fdfea900000 JavaThread "C1 CompilerThread0" daemon [_thread_blocked, id=40451, stack(0x000070000ff14000,0x0000700010014000)]
  0x00007fdfea8fb800 JavaThread "Sweeper thread" daemon [_thread_blocked, id=24323, stack(0x0000700010017000,0x0000700010117000)]
  0x00007fdfea01b200 JavaThread "Common-Cleaner" daemon [_thread_blocked, id=25091, stack(0x000070001011a000,0x000070001021a000)]
  0x00007fdfea022000 JavaThread "Notification Thread" daemon [_thread_blocked, id=39171, stack(0x000070001021d000,0x000070001031d000)]
  0x00007fdfec84ca00 JavaThread "C2 CompilerThread1" daemon [_thread_in_native, id=26883, stack(0x0000700010423000,0x0000700010523000)]
=>0x00007fdfec861c00 JavaThread "mutationTestThread" daemon [_thread_in_vm, id=37067, stack(0x000070001082f000,0x000070001092f000)]

Other Threads:
  0x00007fdfe9c1f160 VMThread "VM Thread" [stack: 0x000070000f7fc000,0x000070000f8fc000] [id=18179]
  0x00007fdfe9e107e0 WatcherThread [stack: 0x0000700010320000,0x0000700010420000] [id=25859]
  0x00007fdfe9f1afd0 GCTaskThread "GC Thread#0" [stack: 0x000070000f2ed000,0x000070000f3ed000] [id=12803]
  0x00007fdfe9e54e20 GCTaskThread "GC Thread#1" [stack: 0x0000700010526000,0x0000700010626000] [id=38915]
  0x00007fdfe9e55a50 GCTaskThread "GC Thread#2" [stack: 0x0000700010629000,0x0000700010729000] [id=38403]
  0x00007fdfe9e566a0 GCTaskThread "GC Thread#3" [stack: 0x000070001072c000,0x000070001082c000] [id=27395]
  0x00007fdfe9f1c150 ConcurrentGCThread "G1 Main Marker" [stack: 0x000070000f3f0000,0x000070000f4f0000] [id=13059]
  0x00007fdfe9c14da0 ConcurrentGCThread "G1 Conc#0" [stack: 0x000070000f4f3000,0x000070000f5f3000] [id=13571]
  0x00007fdfe9f37d40 ConcurrentGCThread "G1 Refine#0" [stack: 0x000070000f5f6000,0x000070000f6f6000] [id=18947]
  0x00007fdfe9c15d90 ConcurrentGCThread "G1 Young RemSet Sampling" [stack: 0x000070000f6f9000,0x000070000f7f9000] [id=18435]

Threads with active compile tasks:
C2 CompilerThread0     2094 2088       4       java.util.regex.Pattern$BmpCharPredicate$$Lambda$102/0x000000080015e9a0::is (15 bytes)
C2 CompilerThread1     2094 2055       4       org.junit.runners.BlockJUnit4ClassRunner::describeChild (52 bytes)

VM state: not at safepoint (normal execution)

VM Mutex/Monitor currently owned by a thread: None

Heap address: 0x0000000700000000, size: 4096 MB, Compressed Oops mode: Zero based, Oop shift amount: 3
CDS disabled.
Compressed class space mapped at: 0x0000000800000000-0x0000000840000000, size: 1073741824
Narrow klass base: 0x0000000800000000, Narrow klass shift: 0, Narrow klass range: 0x40000000

GC Precious Log:
 CPUs: 4 total, 4 available
 Memory: 16384M
 Large Page Support: Disabled
 NUMA Support: Disabled
 Compressed Oops: Enabled (Zero based)
 Heap Region Size: 2M
 Heap Min Capacity: 8M
 Heap Initial Capacity: 256M
 Heap Max Capacity: 4G
 Pre-touch: Disabled
 Parallel Workers: 4
 Concurrent Workers: 1
 Concurrent Refinement Workers: 4
 Periodic GC: Disabled

Heap:
 garbage-first heap   total 262144K, used 16586K [0x0000000700000000, 0x0000000800000000)
  region size 2048K, 8 young (16384K), 1 survivors (2048K)
 Metaspace       used 17813K, capacity 18040K, committed 18304K, reserved 1064960K
  class space    used 1794K, capacity 1870K, committed 1920K, reserved 1048576K

Heap Regions: E=young(eden), S=young(survivor), O=old, HS=humongous(starts), HC=humongous(continues), CS=collection set, F=free, OA=open archive, CA=closed archive, TAMS=top-at-mark-start (previous, next)
|   0|0x0000000700000000, 0x0000000700200000, 0x0000000700200000|100%| O|  |TAMS 0x0000000700000000, 0x0000000700000000| Untracked 
|   1|0x0000000700200000, 0x00000007002b3200, 0x0000000700400000| 34%| O|  |TAMS 0x0000000700200000, 0x0000000700200000| Untracked 
|   2|0x0000000700400000, 0x0000000700400000, 0x0000000700600000|  0%| F|  |TAMS 0x0000000700400000, 0x0000000700400000| Untracked 
|   3|0x0000000700600000, 0x0000000700600000, 0x0000000700800000|  0%| F|  |TAMS 0x0000000700600000, 0x0000000700600000| Untracked 
|   4|0x0000000700800000, 0x0000000700800000, 0x0000000700a00000|  0%| F|  |TAMS 0x0000000700800000, 0x0000000700800000| Untracked 
|   5|0x0000000700a00000, 0x0000000700a00000, 0x0000000700c00000|  0%| F|  |TAMS 0x0000000700a00000, 0x0000000700a00000| Untracked 
|   6|0x0000000700c00000, 0x0000000700c00000, 0x0000000700e00000|  0%| F|  |TAMS 0x0000000700c00000, 0x0000000700c00000| Untracked 
|   7|0x0000000700e00000, 0x0000000700e00000, 0x0000000701000000|  0%| F|  |TAMS 0x0000000700e00000, 0x0000000700e00000| Untracked 
|   8|0x0000000701000000, 0x0000000701000000, 0x0000000701200000|  0%| F|  |TAMS 0x0000000701000000, 0x0000000701000000| Untracked 
|   9|0x0000000701200000, 0x0000000701200000, 0x0000000701400000|  0%| F|  |TAMS 0x0000000701200000, 0x0000000701200000| Untracked 
|  10|0x0000000701400000, 0x0000000701400000, 0x0000000701600000|  0%| F|  |TAMS 0x0000000701400000, 0x0000000701400000| Untracked 
|  11|0x0000000701600000, 0x0000000701600000, 0x0000000701800000|  0%| F|  |TAMS 0x0000000701600000, 0x0000000701600000| Untracked 
|  12|0x0000000701800000, 0x0000000701800000, 0x0000000701a00000|  0%| F|  |TAMS 0x0000000701800000, 0x0000000701800000| Untracked 
|  13|0x0000000701a00000, 0x0000000701a00000, 0x0000000701c00000|  0%| F|  |TAMS 0x0000000701a00000, 0x0000000701a00000| Untracked 
|  14|0x0000000701c00000, 0x0000000701c00000, 0x0000000701e00000|  0%| F|  |TAMS 0x0000000701c00000, 0x0000000701c00000| Untracked 
|  15|0x0000000701e00000, 0x0000000701e00000, 0x0000000702000000|  0%| F|  |TAMS 0x0000000701e00000, 0x0000000701e00000| Untracked 
|  16|0x0000000702000000, 0x0000000702000000, 0x0000000702200000|  0%| F|  |TAMS 0x0000000702000000, 0x0000000702000000| Untracked 
|  17|0x0000000702200000, 0x0000000702200000, 0x0000000702400000|  0%| F|  |TAMS 0x0000000702200000, 0x0000000702200000| Untracked 
|  18|0x0000000702400000, 0x0000000702400000, 0x0000000702600000|  0%| F|  |TAMS 0x0000000702400000, 0x0000000702400000| Untracked 
|  19|0x0000000702600000, 0x0000000702600000, 0x0000000702800000|  0%| F|  |TAMS 0x0000000702600000, 0x0000000702600000| Untracked 
|  20|0x0000000702800000, 0x0000000702800000, 0x0000000702a00000|  0%| F|  |TAMS 0x0000000702800000, 0x0000000702800000| Untracked 
|  21|0x0000000702a00000, 0x0000000702a00000, 0x0000000702c00000|  0%| F|  |TAMS 0x0000000702a00000, 0x0000000702a00000| Untracked 
|  22|0x0000000702c00000, 0x0000000702c00000, 0x0000000702e00000|  0%| F|  |TAMS 0x0000000702c00000, 0x0000000702c00000| Untracked 
|  23|0x0000000702e00000, 0x0000000702e00000, 0x0000000703000000|  0%| F|  |TAMS 0x0000000702e00000, 0x0000000702e00000| Untracked 
|  24|0x0000000703000000, 0x0000000703000000, 0x0000000703200000|  0%| F|  |TAMS 0x0000000703000000, 0x0000000703000000| Untracked 
|  25|0x0000000703200000, 0x0000000703200000, 0x0000000703400000|  0%| F|  |TAMS 0x0000000703200000, 0x0000000703200000| Untracked 
|  26|0x0000000703400000, 0x0000000703400000, 0x0000000703600000|  0%| F|  |TAMS 0x0000000703400000, 0x0000000703400000| Untracked 
|  27|0x0000000703600000, 0x0000000703600000, 0x0000000703800000|  0%| F|  |TAMS 0x0000000703600000, 0x0000000703600000| Untracked 
|  28|0x0000000703800000, 0x0000000703800000, 0x0000000703a00000|  0%| F|  |TAMS 0x0000000703800000, 0x0000000703800000| Untracked 
|  29|0x0000000703a00000, 0x0000000703a00000, 0x0000000703c00000|  0%| F|  |TAMS 0x0000000703a00000, 0x0000000703a00000| Untracked 
|  30|0x0000000703c00000, 0x0000000703c00000, 0x0000000703e00000|  0%| F|  |TAMS 0x0000000703c00000, 0x0000000703c00000| Untracked 
|  31|0x0000000703e00000, 0x0000000703e00000, 0x0000000704000000|  0%| F|  |TAMS 0x0000000703e00000, 0x0000000703e00000| Untracked 
|  32|0x0000000704000000, 0x0000000704000000, 0x0000000704200000|  0%| F|  |TAMS 0x0000000704000000, 0x0000000704000000| Untracked 
|  33|0x0000000704200000, 0x0000000704200000, 0x0000000704400000|  0%| F|  |TAMS 0x0000000704200000, 0x0000000704200000| Untracked 
|  34|0x0000000704400000, 0x0000000704400000, 0x0000000704600000|  0%| F|  |TAMS 0x0000000704400000, 0x0000000704400000| Untracked 
|  35|0x0000000704600000, 0x0000000704600000, 0x0000000704800000|  0%| F|  |TAMS 0x0000000704600000, 0x0000000704600000| Untracked 
|  36|0x0000000704800000, 0x0000000704800000, 0x0000000704a00000|  0%| F|  |TAMS 0x0000000704800000, 0x0000000704800000| Untracked 
|  37|0x0000000704a00000, 0x0000000704a00000, 0x0000000704c00000|  0%| F|  |TAMS 0x0000000704a00000, 0x0000000704a00000| Untracked 
|  38|0x0000000704c00000, 0x0000000704c00000, 0x0000000704e00000|  0%| F|  |TAMS 0x0000000704c00000, 0x0000000704c00000| Untracked 
|  39|0x0000000704e00000, 0x0000000704e00000, 0x0000000705000000|  0%| F|  |TAMS 0x0000000704e00000, 0x0000000704e00000| Untracked 
|  40|0x0000000705000000, 0x0000000705000000, 0x0000000705200000|  0%| F|  |TAMS 0x0000000705000000, 0x0000000705000000| Untracked 
|  41|0x0000000705200000, 0x0000000705200000, 0x0000000705400000|  0%| F|  |TAMS 0x0000000705200000, 0x0000000705200000| Untracked 
|  42|0x0000000705400000, 0x0000000705400000, 0x0000000705600000|  0%| F|  |TAMS 0x0000000705400000, 0x0000000705400000| Untracked 
|  43|0x0000000705600000, 0x0000000705600000, 0x0000000705800000|  0%| F|  |TAMS 0x0000000705600000, 0x0000000705600000| Untracked 
|  44|0x0000000705800000, 0x0000000705800000, 0x0000000705a00000|  0%| F|  |TAMS 0x0000000705800000, 0x0000000705800000| Untracked 
|  45|0x0000000705a00000, 0x0000000705a00000, 0x0000000705c00000|  0%| F|  |TAMS 0x0000000705a00000, 0x0000000705a00000| Untracked 
|  46|0x0000000705c00000, 0x0000000705c00000, 0x0000000705e00000|  0%| F|  |TAMS 0x0000000705c00000, 0x0000000705c00000| Untracked 
|  47|0x0000000705e00000, 0x0000000705e00000, 0x0000000706000000|  0%| F|  |TAMS 0x0000000705e00000, 0x0000000705e00000| Untracked 
|  48|0x0000000706000000, 0x0000000706000000, 0x0000000706200000|  0%| F|  |TAMS 0x0000000706000000, 0x0000000706000000| Untracked 
|  49|0x0000000706200000, 0x0000000706200000, 0x0000000706400000|  0%| F|  |TAMS 0x0000000706200000, 0x0000000706200000| Untracked 
|  50|0x0000000706400000, 0x0000000706400000, 0x0000000706600000|  0%| F|  |TAMS 0x0000000706400000, 0x0000000706400000| Untracked 
|  51|0x0000000706600000, 0x0000000706600000, 0x0000000706800000|  0%| F|  |TAMS 0x0000000706600000, 0x0000000706600000| Untracked 
|  52|0x0000000706800000, 0x0000000706800000, 0x0000000706a00000|  0%| F|  |TAMS 0x0000000706800000, 0x0000000706800000| Untracked 
|  53|0x0000000706a00000, 0x0000000706a00000, 0x0000000706c00000|  0%| F|  |TAMS 0x0000000706a00000, 0x0000000706a00000| Untracked 
|  54|0x0000000706c00000, 0x0000000706c00000, 0x0000000706e00000|  0%| F|  |TAMS 0x0000000706c00000, 0x0000000706c00000| Untracked 
|  55|0x0000000706e00000, 0x0000000706e00000, 0x0000000707000000|  0%| F|  |TAMS 0x0000000706e00000, 0x0000000706e00000| Untracked 
|  56|0x0000000707000000, 0x0000000707000000, 0x0000000707200000|  0%| F|  |TAMS 0x0000000707000000, 0x0000000707000000| Untracked 
|  57|0x0000000707200000, 0x0000000707200000, 0x0000000707400000|  0%| F|  |TAMS 0x0000000707200000, 0x0000000707200000| Untracked 
|  58|0x0000000707400000, 0x0000000707400000, 0x0000000707600000|  0%| F|  |TAMS 0x0000000707400000, 0x0000000707400000| Untracked 
|  59|0x0000000707600000, 0x0000000707600000, 0x0000000707800000|  0%| F|  |TAMS 0x0000000707600000, 0x0000000707600000| Untracked 
|  60|0x0000000707800000, 0x0000000707800000, 0x0000000707a00000|  0%| F|  |TAMS 0x0000000707800000, 0x0000000707800000| Untracked 
|  61|0x0000000707a00000, 0x0000000707a00000, 0x0000000707c00000|  0%| F|  |TAMS 0x0000000707a00000, 0x0000000707a00000| Untracked 
|  62|0x0000000707c00000, 0x0000000707c00000, 0x0000000707e00000|  0%| F|  |TAMS 0x0000000707c00000, 0x0000000707c00000| Untracked 
|  63|0x0000000707e00000, 0x0000000707e00000, 0x0000000708000000|  0%| F|  |TAMS 0x0000000707e00000, 0x0000000707e00000| Untracked 
|  64|0x0000000708000000, 0x0000000708000000, 0x0000000708200000|  0%| F|  |TAMS 0x0000000708000000, 0x0000000708000000| Untracked 
|  65|0x0000000708200000, 0x0000000708200000, 0x0000000708400000|  0%| F|  |TAMS 0x0000000708200000, 0x0000000708200000| Untracked 
|  66|0x0000000708400000, 0x0000000708400000, 0x0000000708600000|  0%| F|  |TAMS 0x0000000708400000, 0x0000000708400000| Untracked 
|  67|0x0000000708600000, 0x0000000708600000, 0x0000000708800000|  0%| F|  |TAMS 0x0000000708600000, 0x0000000708600000| Untracked 
|  68|0x0000000708800000, 0x0000000708800000, 0x0000000708a00000|  0%| F|  |TAMS 0x0000000708800000, 0x0000000708800000| Untracked 
|  69|0x0000000708a00000, 0x0000000708a00000, 0x0000000708c00000|  0%| F|  |TAMS 0x0000000708a00000, 0x0000000708a00000| Untracked 
|  70|0x0000000708c00000, 0x0000000708c00000, 0x0000000708e00000|  0%| F|  |TAMS 0x0000000708c00000, 0x0000000708c00000| Untracked 
|  71|0x0000000708e00000, 0x0000000708e00000, 0x0000000709000000|  0%| F|  |TAMS 0x0000000708e00000, 0x0000000708e00000| Untracked 
|  72|0x0000000709000000, 0x0000000709000000, 0x0000000709200000|  0%| F|  |TAMS 0x0000000709000000, 0x0000000709000000| Untracked 
|  73|0x0000000709200000, 0x0000000709200000, 0x0000000709400000|  0%| F|  |TAMS 0x0000000709200000, 0x0000000709200000| Untracked 
|  74|0x0000000709400000, 0x0000000709400000, 0x0000000709600000|  0%| F|  |TAMS 0x0000000709400000, 0x0000000709400000| Untracked 
|  75|0x0000000709600000, 0x0000000709600000, 0x0000000709800000|  0%| F|  |TAMS 0x0000000709600000, 0x0000000709600000| Untracked 
|  76|0x0000000709800000, 0x0000000709800000, 0x0000000709a00000|  0%| F|  |TAMS 0x0000000709800000, 0x0000000709800000| Untracked 
|  77|0x0000000709a00000, 0x0000000709a00000, 0x0000000709c00000|  0%| F|  |TAMS 0x0000000709a00000, 0x0000000709a00000| Untracked 
|  78|0x0000000709c00000, 0x0000000709c00000, 0x0000000709e00000|  0%| F|  |TAMS 0x0000000709c00000, 0x0000000709c00000| Untracked 
|  79|0x0000000709e00000, 0x0000000709e00000, 0x000000070a000000|  0%| F|  |TAMS 0x0000000709e00000, 0x0000000709e00000| Untracked 
|  80|0x000000070a000000, 0x000000070a000000, 0x000000070a200000|  0%| F|  |TAMS 0x000000070a000000, 0x000000070a000000| Untracked 
|  81|0x000000070a200000, 0x000000070a200000, 0x000000070a400000|  0%| F|  |TAMS 0x000000070a200000, 0x000000070a200000| Untracked 
|  82|0x000000070a400000, 0x000000070a400000, 0x000000070a600000|  0%| F|  |TAMS 0x000000070a400000, 0x000000070a400000| Untracked 
|  83|0x000000070a600000, 0x000000070a600000, 0x000000070a800000|  0%| F|  |TAMS 0x000000070a600000, 0x000000070a600000| Untracked 
|  84|0x000000070a800000, 0x000000070a800000, 0x000000070aa00000|  0%| F|  |TAMS 0x000000070a800000, 0x000000070a800000| Untracked 
|  85|0x000000070aa00000, 0x000000070aa00000, 0x000000070ac00000|  0%| F|  |TAMS 0x000000070aa00000, 0x000000070aa00000| Untracked 
|  86|0x000000070ac00000, 0x000000070ac00000, 0x000000070ae00000|  0%| F|  |TAMS 0x000000070ac00000, 0x000000070ac00000| Untracked 
|  87|0x000000070ae00000, 0x000000070ae00000, 0x000000070b000000|  0%| F|  |TAMS 0x000000070ae00000, 0x000000070ae00000| Untracked 
|  88|0x000000070b000000, 0x000000070b000000, 0x000000070b200000|  0%| F|  |TAMS 0x000000070b000000, 0x000000070b000000| Untracked 
|  89|0x000000070b200000, 0x000000070b200000, 0x000000070b400000|  0%| F|  |TAMS 0x000000070b200000, 0x000000070b200000| Untracked 
|  90|0x000000070b400000, 0x000000070b400000, 0x000000070b600000|  0%| F|  |TAMS 0x000000070b400000, 0x000000070b400000| Untracked 
|  91|0x000000070b600000, 0x000000070b600000, 0x000000070b800000|  0%| F|  |TAMS 0x000000070b600000, 0x000000070b600000| Untracked 
|  92|0x000000070b800000, 0x000000070b800000, 0x000000070ba00000|  0%| F|  |TAMS 0x000000070b800000, 0x000000070b800000| Untracked 
|  93|0x000000070ba00000, 0x000000070ba00000, 0x000000070bc00000|  0%| F|  |TAMS 0x000000070ba00000, 0x000000070ba00000| Untracked 
|  94|0x000000070bc00000, 0x000000070bc00000, 0x000000070be00000|  0%| F|  |TAMS 0x000000070bc00000, 0x000000070bc00000| Untracked 
|  95|0x000000070be00000, 0x000000070be00000, 0x000000070c000000|  0%| F|  |TAMS 0x000000070be00000, 0x000000070be00000| Untracked 
|  96|0x000000070c000000, 0x000000070c000000, 0x000000070c200000|  0%| F|  |TAMS 0x000000070c000000, 0x000000070c000000| Untracked 
|  97|0x000000070c200000, 0x000000070c200000, 0x000000070c400000|  0%| F|  |TAMS 0x000000070c200000, 0x000000070c200000| Untracked 
|  98|0x000000070c400000, 0x000000070c400000, 0x000000070c600000|  0%| F|  |TAMS 0x000000070c400000, 0x000000070c400000| Untracked 
|  99|0x000000070c600000, 0x000000070c600000, 0x000000070c800000|  0%| F|  |TAMS 0x000000070c600000, 0x000000070c600000| Untracked 
| 100|0x000000070c800000, 0x000000070c800000, 0x000000070ca00000|  0%| F|  |TAMS 0x000000070c800000, 0x000000070c800000| Untracked 
| 101|0x000000070ca00000, 0x000000070ca00000, 0x000000070cc00000|  0%| F|  |TAMS 0x000000070ca00000, 0x000000070ca00000| Untracked 
| 102|0x000000070cc00000, 0x000000070cc00000, 0x000000070ce00000|  0%| F|  |TAMS 0x000000070cc00000, 0x000000070cc00000| Untracked 
| 103|0x000000070ce00000, 0x000000070ce00000, 0x000000070d000000|  0%| F|  |TAMS 0x000000070ce00000, 0x000000070ce00000| Untracked 
| 104|0x000000070d000000, 0x000000070d000000, 0x000000070d200000|  0%| F|  |TAMS 0x000000070d000000, 0x000000070d000000| Untracked 
| 105|0x000000070d200000, 0x000000070d200000, 0x000000070d400000|  0%| F|  |TAMS 0x000000070d200000, 0x000000070d200000| Untracked 
| 106|0x000000070d400000, 0x000000070d400000, 0x000000070d600000|  0%| F|  |TAMS 0x000000070d400000, 0x000000070d400000| Untracked 
| 107|0x000000070d600000, 0x000000070d600000, 0x000000070d800000|  0%| F|  |TAMS 0x000000070d600000, 0x000000070d600000| Untracked 
| 108|0x000000070d800000, 0x000000070d800000, 0x000000070da00000|  0%| F|  |TAMS 0x000000070d800000, 0x000000070d800000| Untracked 
| 109|0x000000070da00000, 0x000000070da00000, 0x000000070dc00000|  0%| F|  |TAMS 0x000000070da00000, 0x000000070da00000| Untracked 
| 110|0x000000070dc00000, 0x000000070dc00000, 0x000000070de00000|  0%| F|  |TAMS 0x000000070dc00000, 0x000000070dc00000| Untracked 
| 111|0x000000070de00000, 0x000000070de00000, 0x000000070e000000|  0%| F|  |TAMS 0x000000070de00000, 0x000000070de00000| Untracked 
| 112|0x000000070e000000, 0x000000070e000000, 0x000000070e200000|  0%| F|  |TAMS 0x000000070e000000, 0x000000070e000000| Untracked 
| 113|0x000000070e200000, 0x000000070e37f9f0, 0x000000070e400000| 74%| S|CS|TAMS 0x000000070e200000, 0x000000070e200000| Complete 
| 114|0x000000070e400000, 0x000000070e400000, 0x000000070e600000|  0%| F|  |TAMS 0x000000070e400000, 0x000000070e400000| Untracked 
| 115|0x000000070e600000, 0x000000070e600000, 0x000000070e800000|  0%| F|  |TAMS 0x000000070e600000, 0x000000070e600000| Untracked 
| 116|0x000000070e800000, 0x000000070e800000, 0x000000070ea00000|  0%| F|  |TAMS 0x000000070e800000, 0x000000070e800000| Untracked 
| 117|0x000000070ea00000, 0x000000070ea00000, 0x000000070ec00000|  0%| F|  |TAMS 0x000000070ea00000, 0x000000070ea00000| Untracked 
| 118|0x000000070ec00000, 0x000000070ec00000, 0x000000070ee00000|  0%| F|  |TAMS 0x000000070ec00000, 0x000000070ec00000| Untracked 
| 119|0x000000070ee00000, 0x000000070ee00000, 0x000000070f000000|  0%| F|  |TAMS 0x000000070ee00000, 0x000000070ee00000| Untracked 
| 120|0x000000070f000000, 0x000000070f000000, 0x000000070f200000|  0%| F|  |TAMS 0x000000070f000000, 0x000000070f000000| Untracked 
| 121|0x000000070f200000, 0x000000070f380928, 0x000000070f400000| 75%| E|  |TAMS 0x000000070f200000, 0x000000070f200000| Complete 
| 122|0x000000070f400000, 0x000000070f600000, 0x000000070f600000|100%| E|CS|TAMS 0x000000070f400000, 0x000000070f400000| Complete 
| 123|0x000000070f600000, 0x000000070f800000, 0x000000070f800000|100%| E|CS|TAMS 0x000000070f600000, 0x000000070f600000| Complete 
| 124|0x000000070f800000, 0x000000070fa00000, 0x000000070fa00000|100%| E|CS|TAMS 0x000000070f800000, 0x000000070f800000| Complete 
| 125|0x000000070fa00000, 0x000000070fc00000, 0x000000070fc00000|100%| E|CS|TAMS 0x000000070fa00000, 0x000000070fa00000| Complete 
| 126|0x000000070fc00000, 0x000000070fe00000, 0x000000070fe00000|100%| E|CS|TAMS 0x000000070fc00000, 0x000000070fc00000| Complete 
| 127|0x000000070fe00000, 0x0000000710000000, 0x0000000710000000|100%| E|CS|TAMS 0x000000070fe00000, 0x000000070fe00000| Complete 

Card table byte_map: [0x0000000117997000,0x0000000118197000] _byte_map_base: 0x0000000114197000

Marking Bits (Prev, Next): (CMBitMap*) 0x00007fdfea835410, (CMBitMap*) 0x00007fdfea835450
 Prev Bits: [0x0000000118997000, 0x000000011c997000)
 Next Bits: [0x000000011c997000, 0x0000000120997000)

Polling page: 0x0000000101aa4000

Metaspace:

Usage:
  Non-class:     15.79 MB capacity,    15.64 MB (>99%) used,   130.75 KB ( <1%) free+waste,    20.06 KB ( <1%) overhead. 
      Class:      1.83 MB capacity,     1.75 MB ( 96%) used,    68.23 KB (  4%) free+waste,     7.12 KB ( <1%) overhead. 
       Both:     17.62 MB capacity,    17.40 MB ( 99%) used,   198.98 KB (  1%) free+waste,    27.19 KB ( <1%) overhead. 

Virtual space:
  Non-class space:       16.00 MB reserved,      16.00 MB (100%) committed 
      Class space:        1.00 GB reserved,       1.88 MB ( <1%) committed 
             Both:        1.02 GB reserved,      17.88 MB (  2%) committed 

Chunk freelists:
   Non-Class:  86.00 KB
       Class:  18.00 KB
        Both:  104.00 KB

MaxMetaspaceSize: 17179869184.00 GB
CompressedClassSpaceSize: 1.00 GB

CodeHeap 'non-profiled nmethods': size=120032Kb used=757Kb max_used=757Kb free=119275Kb
 bounds [0x000000010fc5f000, 0x000000010fecf000, 0x0000000117197000]
CodeHeap 'profiled nmethods': size=120028Kb used=3576Kb max_used=3576Kb free=116452Kb
 bounds [0x0000000108728000, 0x0000000108aa8000, 0x000000010fc5f000]
CodeHeap 'non-nmethods': size=5700Kb used=1174Kb max_used=1263Kb free=4525Kb
 bounds [0x0000000108197000, 0x0000000108407000, 0x0000000108728000]
 total_blobs=2499 nmethods=2064 adapters=348
 compilation: enabled
              stopped_count=0, restarted_count=0
 full_count=0

Compilation events (20 events):
Event: 2.052 Thread 0x00007fdfea900000 nmethod 2060 0x0000000108aa1090 code [0x0000000108aa1240, 0x0000000108aa1540]
Event: 2.054 Thread 0x00007fdfea900000 2064       3       java.lang.Class::isLocalOrAnonymousClass (5 bytes)
Event: 2.054 Thread 0x00007fdfea900000 nmethod 2064 0x0000000108aa1690 code [0x0000000108aa1840, 0x0000000108aa1a30]
Event: 2.054 Thread 0x00007fdfea900000 2065       3       java.lang.Class::hasEnclosingMethodInfo (17 bytes)
Event: 2.054 Thread 0x00007fdfea900000 nmethod 2065 0x0000000108aa1b10 code [0x0000000108aa1cc0, 0x0000000108aa1e50]
Event: 2.054 Thread 0x00007fdfea900000 2066       1       org.pitest.testapi.TestResult::getState (5 bytes)
Event: 2.055 Thread 0x00007fdfea900000 nmethod 2066 0x000000010fd19610 code [0x000000010fd197a0, 0x000000010fd19850]
Event: 2.055 Thread 0x00007fdfea00ea00 nmethod 2057 0x000000010fd19910 code [0x000000010fd19ac0, 0x000000010fd1a068]
Event: 2.055 Thread 0x00007fdfea900000 2067       3       sun.nio.ch.Util::isBufferTooLarge (15 bytes)
Event: 2.055 Thread 0x00007fdfea00ea00 2058       4       java.lang.Object::equals (11 bytes)
Event: 2.055 Thread 0x00007fdfea900000 nmethod 2067 0x0000000108aa1f10 code [0x0000000108aa20a0, 0x0000000108aa21f0]
Event: 2.055 Thread 0x00007fdfea900000 2068       3       java.util.Calendar::complete (40 bytes)
Event: 2.056 Thread 0x00007fdfea00ea00 nmethod 2058 0x000000010fd1a410 code [0x000000010fd1a580, 0x000000010fd1a5f8]
Event: 2.056 Thread 0x00007fdfea00ea00 2059       4       org.junit.runners.model.TestClass::getAnnotatedMembers (52 bytes)
Event: 2.056 Thread 0x00007fdfea900000 nmethod 2068 0x0000000108aa2290 code [0x0000000108aa2440, 0x0000000108aa27f0]
Event: 2.056 Thread 0x00007fdfea900000 2069       3       java.util.Calendar::get (10 bytes)
Event: 2.056 Thread 0x00007fdfea900000 nmethod 2069 0x0000000108aa2910 code [0x0000000108aa2ac0, 0x0000000108aa2d00]
Event: 2.056 Thread 0x00007fdfea900000 2070       1       org.pitest.mutationtest.engine.MutationIdentifier::getMutator (5 bytes)
Event: 2.056 Thread 0x00007fdfea900000 nmethod 2070 0x000000010fd1a710 code [0x000000010fd1a8a0, 0x000000010fd1a950]
Event: 2.057 Thread 0x00007fdfea900000 2072       3       org.pitest.reloc.asm.ClassReader::readCode (5089 bytes)

GC Heap History (6 events):
Event: 0.619 GC heap before
{Heap before GC invocations=0 (full 0):
 garbage-first heap   total 262144K, used 10240K [0x0000000700000000, 0x0000000800000000)
  region size 2048K, 6 young (12288K), 0 survivors (0K)
 Metaspace       used 11282K, capacity 11433K, committed 11648K, reserved 1060864K
  class space    used 1092K, capacity 1147K, committed 1152K, reserved 1048576K
}
Event: 0.625 GC heap after
{Heap after GC invocations=1 (full 0):
 garbage-first heap   total 262144K, used 2841K [0x0000000700000000, 0x0000000800000000)
  region size 2048K, 1 young (2048K), 1 survivors (2048K)
 Metaspace       used 11282K, capacity 11433K, committed 11648K, reserved 1060864K
  class space    used 1092K, capacity 1147K, committed 1152K, reserved 1048576K
}
Event: 0.928 GC heap before
{Heap before GC invocations=1 (full 0):
 garbage-first heap   total 262144K, used 15129K [0x0000000700000000, 0x0000000800000000)
  region size 2048K, 7 young (14336K), 1 survivors (2048K)
 Metaspace       used 15321K, capacity 15489K, committed 15744K, reserved 1062912K
  class space    used 1540K, capacity 1600K, committed 1664K, reserved 1048576K
}
Event: 0.932 GC heap after
{Heap after GC invocations=2 (full 0):
 garbage-first heap   total 262144K, used 3913K [0x0000000700000000, 0x0000000800000000)
  region size 2048K, 1 young (2048K), 1 survivors (2048K)
 Metaspace       used 15321K, capacity 15489K, committed 15744K, reserved 1062912K
  class space    used 1540K, capacity 1600K, committed 1664K, reserved 1048576K
}
Event: 1.535 GC heap before
{Heap before GC invocations=2 (full 0):
 garbage-first heap   total 262144K, used 30537K [0x0000000700000000, 0x0000000800000000)
  region size 2048K, 14 young (28672K), 1 survivors (2048K)
 Metaspace       used 17757K, capacity 17976K, committed 18304K, reserved 1064960K
  class space    used 1794K, capacity 1870K, committed 1920K, reserved 1048576K
}
Event: 1.538 GC heap after
{Heap after GC invocations=3 (full 0):
 garbage-first heap   total 262144K, used 4298K [0x0000000700000000, 0x0000000800000000)
  region size 2048K, 1 young (2048K), 1 survivors (2048K)
 Metaspace       used 17757K, capacity 17976K, committed 18304K, reserved 1064960K
  class space    used 1794K, capacity 1870K, committed 1920K, reserved 1048576K
}

Deoptimization events (20 events):
Event: 0.949 Thread 0x00007fdfea105600 DEOPT PACKING pc=0x000000010fcb7764 sp=0x000070001092d3e0
Event: 0.949 Thread 0x00007fdfea105600 DEOPT UNPACKING pc=0x00000001081e5125 sp=0x000070001092d3c8 mode 2
Event: 0.961 Thread 0x00007fdfea105600 Uncommon trap: trap_request=0xffffff45 fr.pc=0x000000010fcbc58c relative=0x000000000000006c
Event: 0.961 Thread 0x00007fdfea105600 Uncommon trap: reason=unstable_if action=reinterpret pc=0x000000010fcbc58c method=sun.net.www.ParseUtil.firstEncodeIndex(Ljava/lang/String;)I @ 51 c2
Event: 0.961 Thread 0x00007fdfea105600 DEOPT PACKING pc=0x000000010fcbc58c sp=0x000070001092d210
Event: 0.961 Thread 0x00007fdfea105600 DEOPT UNPACKING pc=0x00000001081e5125 sp=0x000070001092d1b8 mode 2
Event: 0.961 Thread 0x00007fdfea105600 Uncommon trap: trap_request=0xffffff45 fr.pc=0x000000010fcb8ac4 relative=0x0000000000000084
Event: 0.961 Thread 0x00007fdfea105600 Uncommon trap: reason=unstable_if action=reinterpret pc=0x000000010fcb8ac4 method=sun.net.www.ParseUtil.firstEncodeIndex(Ljava/lang/String;)I @ 51 c2
Event: 0.961 Thread 0x00007fdfea105600 DEOPT PACKING pc=0x000000010fcb8ac4 sp=0x000070001092d210
Event: 0.961 Thread 0x00007fdfea105600 DEOPT UNPACKING pc=0x00000001081e5125 sp=0x000070001092d1b8 mode 2
Event: 1.308 Thread 0x00007fdfeb813200 DEOPT PACKING pc=0x0000000108a3e34e sp=0x0000700010a31210
Event: 1.308 Thread 0x00007fdfeb813200 DEOPT UNPACKING pc=0x00000001081e4f2b sp=0x0000700010a30740 mode 0
Event: 1.385 Thread 0x00007fdfea0a6800 DEOPT PACKING pc=0x0000000108a3e32d sp=0x000070001092e210
Event: 1.385 Thread 0x00007fdfea0a6800 DEOPT UNPACKING pc=0x00000001081e4f2b sp=0x000070001092d740 mode 0
Event: 1.460 Thread 0x00007fdfea0a6800 DEOPT PACKING pc=0x0000000108a3e34e sp=0x000070001092e1d0
Event: 1.460 Thread 0x00007fdfea0a6800 DEOPT UNPACKING pc=0x00000001081e4f2b sp=0x000070001092d700 mode 0
Event: 1.530 Thread 0x00007fdfea9fd800 DEOPT PACKING pc=0x0000000108a3e32d sp=0x000070001092e1d0
Event: 1.530 Thread 0x00007fdfea9fd800 DEOPT UNPACKING pc=0x00000001081e4f2b sp=0x000070001092d700 mode 0
Event: 1.535 Thread 0x00007fdfea13f000 DEOPT PACKING pc=0x0000000108a83557 sp=0x0000700010b349e0
Event: 1.535 Thread 0x00007fdfea13f000 DEOPT UNPACKING pc=0x00000001081e4f2b sp=0x0000700010b33ea0 mode 3

Classes unloaded (0 events):
No events

Classes redefined (12 events):
Event: 0.886 Thread 0x00007fdfe9c1f160 redefined class name=net.sf.jniinchi.JniInchiWrapper, count=1
Event: 1.026 Thread 0x00007fdfe9c1f160 redefined class name=net.sf.jniinchi.JniInchiWrapper, count=2
Event: 1.051 Thread 0x00007fdfe9c1f160 redefined class name=net.sf.jniinchi.JniInchiWrapper, count=3
Event: 1.076 Thread 0x00007fdfe9c1f160 redefined class name=net.sf.jniinchi.JniInchiWrapper, count=4
Event: 1.099 Thread 0x00007fdfe9c1f160 redefined class name=net.sf.jniinchi.JniInchiWrapper, count=5
Event: 1.136 Thread 0x00007fdfe9c1f160 redefined class name=net.sf.jniinchi.JniInchiWrapper, count=6
Event: 1.156 Thread 0x00007fdfe9c1f160 redefined class name=net.sf.jniinchi.JniInchiWrapper, count=7
Event: 1.185 Thread 0x00007fdfe9c1f160 redefined class name=net.sf.jniinchi.JniInchiWrapper, count=8
Event: 1.212 Thread 0x00007fdfe9c1f160 redefined class name=net.sf.jniinchi.JniInchiWrapper, count=9
Event: 1.233 Thread 0x00007fdfe9c1f160 redefined class name=net.sf.jniinchi.JniInchiWrapper, count=10
Event: 1.261 Thread 0x00007fdfe9c1f160 redefined class name=net.sf.jniinchi.JniInchiWrapper, count=11
Event: 2.067 Thread 0x00007fdfe9c1f160 redefined class name=net.sf.jniinchi.JniInchiWrapper, count=12

Internal exceptions (20 events):
Event: 0.795 Thread 0x00007fdfea00c600 Exception <a 'java/lang/NoSuchMethodError'{0x000000070f85f1d8}: 'java.lang.Object java.lang.invoke.DirectMethodHandle$Holder.newInvokeSpecial(java.lang.Object, java.lang.Object, java.lang.Object, java.lang.Object, java.lang.Object)'> (0x000000070f85f1d8) 
thrown [./open/src/hotspot/share/interpreter/linkResolver.cpp, line 782]
Event: 0.936 Thread 0x00007fdfea105600 Exception <a 'java/lang/ClassNotFoundException'{0x000000070fe2f728}: org/apache/log4j/PatternLayoutBeanInfo> (0x000000070fe2f728) 
thrown [./open/src/hotspot/share/classfile/systemDictionary.cpp, line 295]
Event: 0.936 Thread 0x00007fdfea105600 Exception <a 'java/lang/ClassNotFoundException'{0x000000070fe33170}: org/apache/log4j/LayoutBeanInfo> (0x000000070fe33170) 
thrown [./open/src/hotspot/share/classfile/systemDictionary.cpp, line 295]
Event: 0.936 Thread 0x00007fdfea105600 Exception <a 'java/lang/ClassNotFoundException'{0x000000070fe33e70}: java/lang/ObjectBeanInfo> (0x000000070fe33e70) 
thrown [./open/src/hotspot/share/classfile/systemDictionary.cpp, line 295]
Event: 0.936 Thread 0x00007fdfea105600 Exception <a 'java/lang/ClassNotFoundException'{0x000000070fe35e88}: java/lang/ObjectCustomizer> (0x000000070fe35e88) 
thrown [./open/src/hotspot/share/classfile/systemDictionary.cpp, line 295]
Event: 0.942 Thread 0x00007fdfea105600 Exception <a 'java/lang/ClassNotFoundException'{0x000000070fe6a6e0}: org/apache/log4j/LayoutCustomizer> (0x000000070fe6a6e0) 
thrown [./open/src/hotspot/share/classfile/systemDictionary.cpp, line 295]
Event: 0.943 Thread 0x00007fdfea105600 Exception <a 'java/lang/ClassNotFoundException'{0x000000070fe7dfb8}: org/apache/log4j/PatternLayoutCustomizer> (0x000000070fe7dfb8) 
thrown [./open/src/hotspot/share/classfile/systemDictionary.cpp, line 295]
Event: 1.005 Thread 0x00007fdfea105600 Exception <a 'java/lang/reflect/InvocationTargetException'{0x000000070fcf9518}> (0x000000070fcf9518) 
thrown [./open/src/hotspot/share/runtime/reflection.cpp, line 1157]
Event: 1.009 Thread 0x00007fdfea00c600 Exception <a 'java/lang/NoSuchMethodError'{0x000000070fd494e8}: 'void java.lang.invoke.DirectMethodHandle$Holder.invokeStatic(java.lang.Object, java.lang.Object, java.lang.Object)'> (0x000000070fd494e8) 
thrown [./open/src/hotspot/share/interpreter/linkResolver.cpp, line 782]
Event: 1.036 Thread 0x00007fdfeb813200 Exception <a 'java/lang/reflect/InvocationTargetException'{0x000000070fa23778}> (0x000000070fa23778) 
thrown [./open/src/hotspot/share/runtime/reflection.cpp, line 1157]
Event: 1.061 Thread 0x00007fdfea8e5000 Exception <a 'java/lang/NullPointerException'{0x000000070fae1c10}> (0x000000070fae1c10) 
thrown [./open/src/hotspot/share/interpreter/linkResolver.cpp, line 1374]
Event: 1.061 Thread 0x00007fdfea8e5000 Exception <a 'java/lang/reflect/InvocationTargetException'{0x000000070fae1ee8}> (0x000000070fae1ee8) 
thrown [./open/src/hotspot/share/runtime/reflection.cpp, line 1157]
Event: 1.110 Thread 0x00007fdfec84c000 Exception <a 'java/lang/reflect/InvocationTargetException'{0x000000070fbe38b8}> (0x000000070fbe38b8) 
thrown [./open/src/hotspot/share/runtime/reflection.cpp, line 1157]
Event: 1.167 Thread 0x00007fdfeb813200 Exception <a 'java/lang/NullPointerException'{0x000000070f95d9f8}> (0x000000070f95d9f8) 
thrown [./open/src/hotspot/share/interpreter/linkResolver.cpp, line 1374]
Event: 1.167 Thread 0x00007fdfeb813200 Exception <a 'java/lang/reflect/InvocationTargetException'{0x000000070f95dcd0}> (0x000000070f95dcd0) 
thrown [./open/src/hotspot/share/runtime/reflection.cpp, line 1157]
Event: 1.196 Thread 0x00007fdfea0a6800 Exception <a 'java/lang/reflect/InvocationTargetException'{0x000000070f61b010}> (0x000000070f61b010) 
thrown [./open/src/hotspot/share/runtime/reflection.cpp, line 1157]
Event: 1.221 Thread 0x00007fdfea9fd400 Exception <a 'java/lang/reflect/InvocationTargetException'{0x000000070f662d80}> (0x000000070f662d80) 
thrown [./open/src/hotspot/share/runtime/reflection.cpp, line 1157]
Event: 1.248 Thread 0x00007fdfec84a800 Exception <a 'java/lang/NullPointerException'{0x000000070f721af0}> (0x000000070f721af0) 
thrown [./open/src/hotspot/share/interpreter/linkResolver.cpp, line 1457]
Event: 1.248 Thread 0x00007fdfec84a800 Exception <a 'java/lang/reflect/InvocationTargetException'{0x000000070f721dc8}> (0x000000070f721dc8) 
thrown [./open/src/hotspot/share/runtime/reflection.cpp, line 1157]
Event: 1.288 Thread 0x00007fdfea0f9a00 Exception <a 'java/lang/IllegalArgumentException'{0x000000070f5136c0}: Too many atoms> (0x000000070f5136c0) 
thrown [./open/src/hotspot/share/prims/jni.cpp, line 599]

Events (20 events):
Event: 2.050 Thread 0x00007fdfea9fd800 Thread added: 0x00007fdfea9fd800
Event: 2.050 Protecting memory [0x000070001082f000,0x0000700010833000] with protection modes 0
Event: 2.052 Protecting memory [0x000070001082f000,0x0000700010833000] with protection modes 3
Event: 2.052 Thread 0x00007fdfea9fd800 Thread exited: 0x00007fdfea9fd800
Event: 2.052 Thread 0x00007fdfea0a6800 Thread added: 0x00007fdfea0a6800
Event: 2.052 Protecting memory [0x000070001082f000,0x0000700010833000] with protection modes 0
Event: 2.053 Executing VM operation: ICBufferFull
Event: 2.053 Executing VM operation: ICBufferFull done
Event: 2.053 Protecting memory [0x000070001082f000,0x0000700010833000] with protection modes 3
Event: 2.053 Thread 0x00007fdfea0a6800 Thread exited: 0x00007fdfea0a6800
Event: 2.053 Thread 0x00007fdfea0f9a00 Thread added: 0x00007fdfea0f9a00
Event: 2.053 Protecting memory [0x000070001082f000,0x0000700010833000] with protection modes 0
Event: 2.054 Protecting memory [0x000070001082f000,0x0000700010833000] with protection modes 3
Event: 2.054 Thread 0x00007fdfea0f9a00 Thread exited: 0x00007fdfea0f9a00
Event: 2.064 Executing VM operation: RedefineClasses
Event: 2.071 Executing VM operation: RedefineClasses done
Event: 2.071 Thread 0x00007fdfec861c00 Thread added: 0x00007fdfec861c00
Event: 2.071 Protecting memory [0x000070001082f000,0x0000700010833000] with protection modes 0
Event: 2.073 Executing VM operation: ICBufferFull
Event: 2.073 Executing VM operation: ICBufferFull done


Dynamic libraries:
0x00007fff2a532000 	/usr/lib/libz.1.dylib
0x0000000100a9d000 	/Users/thomasmatthews/.p2/pool/plugins/org.eclipse.justj.openjdk.hotspot.jre.full.macosx.x86_64_15.0.2.v20210201-0955/jre/lib/libjli.dylib
0x00007fff35084000 	/System/Library/Frameworks/Cocoa.framework/Versions/A/Cocoa
0x00007fff222a9000 	/System/Library/Frameworks/Security.framework/Versions/A/Security
0x00007fff33281000 	/System/Library/Frameworks/ApplicationServices.framework/Versions/A/ApplicationServices
0x00007fff2a5fa000 	/usr/lib/libSystem.B.dylib
0x00007fff2a5f4000 	/usr/lib/system/libcache.dylib
0x00007fff2a5b0000 	/usr/lib/system/libcommonCrypto.dylib
0x00007fff2a5da000 	/usr/lib/system/libcompiler_rt.dylib
0x00007fff2a5cf000 	/usr/lib/system/libcopyfile.dylib
0x00007fff2017d000 	/usr/lib/system/libcorecrypto.dylib
0x00007fff2024a000 	/usr/lib/system/libdispatch.dylib
0x00007fff203fe000 	/usr/lib/system/libdyld.dylib
0x00007fff2a5eb000 	/usr/lib/system/libkeymgr.dylib
0x00007fff2da33000 	/usr/lib/system/liblaunch.dylib
0x00007fff2a58e000 	/usr/lib/system/libmacho.dylib
0x00007fff29da8000 	/usr/lib/system/libquarantine.dylib
0x00007fff2a5e8000 	/usr/lib/system/libremovefile.dylib
0x00007fff24c40000 	/usr/lib/system/libsystem_asl.dylib
0x00007fff2012d000 	/usr/lib/system/libsystem_blocks.dylib
0x00007fff202cb000 	/usr/lib/system/libsystem_c.dylib
0x00007fff2a5e2000 	/usr/lib/system/libsystem_collections.dylib
0x00007fff2909c000 	/usr/lib/system/libsystem_configuration.dylib
0x00007fff2838f000 	/usr/lib/system/libsystem_containermanager.dylib
0x00007fff2a32a000 	/usr/lib/system/libsystem_coreservices.dylib
0x00007fff2285d000 	/usr/lib/system/libsystem_darwin.dylib
0x00007fff2a5ec000 	/usr/lib/system/libsystem_dnssd.dylib
0x00007fff202c8000 	/usr/lib/system/libsystem_featureflags.dylib
0x00007fff20443000 	/usr/lib/system/libsystem_info.dylib
0x00007fff2a545000 	/usr/lib/system/libsystem_m.dylib
0x00007fff2021d000 	/usr/lib/system/libsystem_malloc.dylib
0x00007fff24bd4000 	/usr/lib/system/libsystem_networkextension.dylib
0x00007fff22c78000 	/usr/lib/system/libsystem_notify.dylib
0x00007fff2fee7000 	/usr/lib/system/libsystem_product_info_filter.dylib
0x00007fff290a0000 	/usr/lib/system/libsystem_sandbox.dylib
0x00007fff2a5e5000 	/usr/lib/system/libsystem_secinit.dylib
0x00007fff203c3000 	/usr/lib/system/libsystem_kernel.dylib
0x00007fff20439000 	/usr/lib/system/libsystem_platform.dylib
0x00007fff203f2000 	/usr/lib/system/libsystem_pthread.dylib
0x00007fff2633f000 	/usr/lib/system/libsystem_symptoms.dylib
0x00007fff20165000 	/usr/lib/system/libsystem_trace.dylib
0x00007fff2a5bc000 	/usr/lib/system/libunwind.dylib
0x00007fff2012f000 	/usr/lib/system/libxpc.dylib
0x00007fff203aa000 	/usr/lib/libc++abi.dylib
0x00007fff2028f000 	/usr/lib/libobjc.A.dylib
0x00007fff2a5c7000 	/usr/lib/liboah.dylib
0x00007fff20354000 	/usr/lib/libc++.1.dylib
0x00007fff2046f000 	/System/Library/Frameworks/CoreFoundation.framework/Versions/A/CoreFoundation
0x00007fff2121c000 	/System/Library/Frameworks/Foundation.framework/Versions/C/Foundation
0x00007fff22cd0000 	/System/Library/Frameworks/AppKit.framework/Versions/C/AppKit
0x00007fff25b68000 	/System/Library/Frameworks/CoreData.framework/Versions/A/CoreData
0x00007fff23a33000 	/System/Library/PrivateFrameworks/UIFoundation.framework/Versions/A/UIFoundation
0x00007fff2fc60000 	/System/Library/PrivateFrameworks/RemoteViewServices.framework/Versions/A/RemoteViewServices
0x00007fff28a59000 	/System/Library/PrivateFrameworks/XCTTargetBootstrap.framework/Versions/A/XCTTargetBootstrap
0x00007fff2b73a000 	/usr/lib/libspindump.dylib
0x00007fff23c88000 	/System/Library/Frameworks/UniformTypeIdentifiers.framework/Versions/A/UniformTypeIdentifiers
0x00007fff2722f000 	/usr/lib/libapp_launch_measurement.dylib
0x00007fff27232000 	/System/Library/PrivateFrameworks/CoreAutoLayout.framework/Versions/A/CoreAutoLayout
0x00007fff283bb000 	/System/Library/Frameworks/Metal.framework/Versions/A/Metal
0x00007fff290ab000 	/usr/lib/liblangid.dylib
0x00007fff28a5d000 	/System/Library/PrivateFrameworks/CoreSVG.framework/Versions/A/CoreSVG
0x00007fff24c6f000 	/System/Library/PrivateFrameworks/SkyLight.framework/Versions/A/SkyLight
0x00007fff24fd6000 	/System/Library/Frameworks/CoreGraphics.framework/Versions/A/CoreGraphics
0x00007fff302b7000 	/System/Library/Frameworks/Accelerate.framework/Versions/A/Accelerate
0x00007fff2b175000 	/System/Library/PrivateFrameworks/IconServices.framework/Versions/A/IconServices
0x00007fff283a0000 	/System/Library/Frameworks/IOSurface.framework/Versions/A/IOSurface
0x00007fff264f1000 	/usr/lib/libDiagnosticMessagesClient.dylib
0x00007fff28a45000 	/System/Library/PrivateFrameworks/DFRFoundation.framework/Versions/A/DFRFoundation
0x00007fff225fb000 	/usr/lib/libicucore.A.dylib
0x00007fff2cc81000 	/System/Library/Frameworks/AudioToolbox.framework/Versions/A/AudioToolbox
0x00007fff2bf26000 	/System/Library/PrivateFrameworks/DataDetectorsCore.framework/Versions/A/DataDetectorsCore
0x00007fff28745000 	/System/Library/Frameworks/Carbon.framework/Versions/A/Frameworks/HIToolbox.framework/Versions/A/HIToolbox
0x00007fff26c8a000 	/System/Library/Frameworks/QuartzCore.framework/Versions/A/QuartzCore
0x00007fff2fc9c000 	/System/Library/Frameworks/Carbon.framework/Versions/A/Frameworks/SpeechRecognition.framework/Versions/A/SpeechRecognition
0x00007fff26f97000 	/System/Library/PrivateFrameworks/CoreUI.framework/Versions/A/CoreUI
0x00007fff21c04000 	/System/Library/Frameworks/CoreAudio.framework/Versions/A/CoreAudio
0x00007fff265dc000 	/System/Library/Frameworks/DiskArbitration.framework/Versions/A/DiskArbitration
0x00007fff2bb35000 	/System/Library/PrivateFrameworks/MultitouchSupport.framework/Versions/A/MultitouchSupport
0x00007fff2bf1d000 	/System/Library/PrivateFrameworks/InternationalSupport.framework/Versions/A/InternationalSupport
0x00007fff24be3000 	/usr/lib/libenergytrace.dylib
0x00007fff22bc9000 	/System/Library/Frameworks/IOKit.framework/Versions/A/IOKit
0x00007fff2ffe9000 	/System/Library/Frameworks/CoreServices.framework/Versions/A/CoreServices
0x00007fff271c5000 	/System/Library/PrivateFrameworks/PerformanceAnalysis.framework/Versions/A/PerformanceAnalysis
0x00007fff6c952000 	/System/Library/Frameworks/OpenGL.framework/Versions/A/OpenGL
0x00007fff2bfa2000 	/System/Library/PrivateFrameworks/UserActivity.framework/Versions/A/UserActivity
0x00007fff2566a000 	/System/Library/Frameworks/ColorSync.framework/Versions/A/ColorSync
0x00007fff28cc2000 	/System/Library/Frameworks/CoreImage.framework/Versions/A/CoreImage
0x00007fff21a1b000 	/System/Library/Frameworks/CoreText.framework/Versions/A/CoreText
0x00007fff28a87000 	/System/Library/Frameworks/ImageIO.framework/Versions/A/ImageIO
0x00007fff2a600000 	/System/Library/PrivateFrameworks/SoftLinking.framework/Versions/A/SoftLinking
0x00007fff2727b000 	/usr/lib/libxml2.2.dylib
0x00007fff2a872000 	/usr/lib/libcompression.dylib
0x00007fff24be4000 	/usr/lib/libMobileGestalt.dylib
0x00007fff2be50000 	/System/Library/PrivateFrameworks/TextureIO.framework/Versions/A/TextureIO
0x00007fff2ae98000 	/usr/lib/libate.dylib
0x00007fff2ac7d000 	/usr/lib/liblzma.5.dylib
0x00007fff20f30000 	/System/Library/Frameworks/SystemConfiguration.framework/Versions/A/SystemConfiguration
0x00007fff2a5fc000 	/usr/lib/libfakelink.dylib
0x00007fff24736000 	/System/Library/Frameworks/CFNetwork.framework/Versions/A/CFNetwork
0x00007fff2a73c000 	/usr/lib/libarchive.2.dylib
0x00007fff20fae000 	/usr/lib/libCRFSuite.dylib
0x00007fff29dcf000 	/usr/lib/libbsm.0.dylib
0x00007fff240f2000 	/usr/lib/libnetwork.dylib
0x00007fff2a601000 	/usr/lib/libpcap.A.dylib
0x00007fff26338000 	/usr/lib/libdns_services.dylib
0x00007fff2ac96000 	/usr/lib/libcoretls_cfhelpers.dylib
0x00007fff2a840000 	/usr/lib/libapple_nghttp2.dylib
0x00007fff2a594000 	/usr/lib/system/libkxld.dylib
0x00007fff25f9e000 	/usr/lib/libsqlite3.dylib
0x00007fff2a30c000 	/System/Library/PrivateFrameworks/AppleFSCompression.framework/Versions/A/AppleFSCompression
0x00007fff29db7000 	/usr/lib/libcoretls.dylib
0x00007fff2a86d000 	/usr/lib/libpam.2.dylib
0x00007fff2ad93000 	/usr/lib/libxar.1.dylib
0x00007fff290a7000 	/System/Library/PrivateFrameworks/AppleSystemInfo.framework/Versions/A/AppleSystemInfo
0x00007fff299fa000 	/System/Library/PrivateFrameworks/IOMobileFramebuffer.framework/Versions/A/IOMobileFramebuffer
0x00007fff2a31c000 	/usr/lib/libbz2.1.0.dylib
0x00007fff2a639000 	/usr/lib/libiconv.2.dylib
0x00007fff2a58d000 	/usr/lib/libcharset.1.dylib
0x00007fff27201000 	/System/Library/Frameworks/CoreServices.framework/Versions/A/Frameworks/FSEvents.framework/Versions/A/FSEvents
0x00007fff22867000 	/System/Library/Frameworks/CoreServices.framework/Versions/A/Frameworks/CarbonCore.framework/Versions/A/CarbonCore
0x00007fff26541000 	/System/Library/Frameworks/CoreServices.framework/Versions/A/Frameworks/Metadata.framework/Versions/A/Metadata
0x00007fff2a32f000 	/System/Library/Frameworks/CoreServices.framework/Versions/A/Frameworks/OSServices.framework/Versions/A/OSServices
0x00007fff2a7ae000 	/System/Library/Frameworks/CoreServices.framework/Versions/A/Frameworks/SearchKit.framework/Versions/A/SearchKit
0x00007fff262c2000 	/System/Library/Frameworks/CoreServices.framework/Versions/A/Frameworks/AE.framework/Versions/A/AE
0x00007fff2090b000 	/System/Library/Frameworks/CoreServices.framework/Versions/A/Frameworks/LaunchServices.framework/Versions/A/LaunchServices
0x00007fff2ac2e000 	/System/Library/Frameworks/CoreServices.framework/Versions/A/Frameworks/DictionaryServices.framework/Versions/A/DictionaryServices
0x00007fff2720a000 	/System/Library/Frameworks/CoreServices.framework/Versions/A/Frameworks/SharedFileList.framework/Versions/A/SharedFileList
0x00007fff29dab000 	/usr/lib/libCheckFix.dylib
0x00007fff24c57000 	/System/Library/PrivateFrameworks/TCC.framework/Versions/A/TCC
0x00007fff290ad000 	/System/Library/PrivateFrameworks/CoreNLP.framework/Versions/A/CoreNLP
0x00007fff264f4000 	/System/Library/PrivateFrameworks/MetadataUtilities.framework/Versions/A/MetadataUtilities
0x00007fff20fe4000 	/usr/lib/libmecabra.dylib
0x00007fff2a0be000 	/System/Library/Frameworks/MLCompute.framework/Versions/A/MLCompute
0x00007fff29de0000 	/usr/lib/libmecab.dylib
0x00007fff29e2a000 	/usr/lib/libgermantok.dylib
0x00007fff2a816000 	/usr/lib/libThaiTokenizer.dylib
0x00007fff2adce000 	/usr/lib/libChineseTokenizer.dylib
0x00007fff2a86b000 	/System/Library/Frameworks/MetalPerformanceShaders.framework/Versions/A/MetalPerformanceShaders
0x00007fff265e3000 	/System/Library/Frameworks/Accelerate.framework/Versions/A/Frameworks/vImage.framework/Versions/A/vImage
0x00007fff2ffc2000 	/System/Library/Frameworks/Accelerate.framework/Versions/A/Frameworks/vecLib.framework/Versions/A/vecLib
0x00007fff2add9000 	/System/Library/Frameworks/Accelerate.framework/Versions/A/Frameworks/vecLib.framework/Versions/A/libvMisc.dylib
0x00007fff29813000 	/System/Library/Frameworks/Accelerate.framework/Versions/A/Frameworks/vecLib.framework/Versions/A/libvDSP.dylib
0x00007fff20c0f000 	/System/Library/Frameworks/Accelerate.framework/Versions/A/Frameworks/vecLib.framework/Versions/A/libBLAS.dylib
0x00007fff2a891000 	/System/Library/Frameworks/Accelerate.framework/Versions/A/Frameworks/vecLib.framework/Versions/A/libLAPACK.dylib
0x00007fff29e30000 	/System/Library/Frameworks/Accelerate.framework/Versions/A/Frameworks/vecLib.framework/Versions/A/libLinearAlgebra.dylib
0x00007fff2a858000 	/System/Library/Frameworks/Accelerate.framework/Versions/A/Frameworks/vecLib.framework/Versions/A/libSparseBLAS.dylib
0x00007fff2a88b000 	/System/Library/Frameworks/Accelerate.framework/Versions/A/Frameworks/vecLib.framework/Versions/A/libQuadrature.dylib
0x00007fff29155000 	/System/Library/Frameworks/Accelerate.framework/Versions/A/Frameworks/vecLib.framework/Versions/A/libBNNS.dylib
0x00007fff20ec1000 	/System/Library/Frameworks/Accelerate.framework/Versions/A/Frameworks/vecLib.framework/Versions/A/libSparse.dylib
0x00007fff29040000 	/System/Library/Frameworks/MetalPerformanceShaders.framework/Versions/A/Frameworks/MPSCore.framework/Versions/A/MPSCore
0x00007fff2a27b000 	/System/Library/Frameworks/MetalPerformanceShaders.framework/Versions/A/Frameworks/MPSImage.framework/Versions/A/MPSImage
0x00007fff29e46000 	/System/Library/Frameworks/MetalPerformanceShaders.framework/Versions/A/Frameworks/MPSNeuralNetwork.framework/Versions/A/MPSNeuralNetwork
0x00007fff2a206000 	/System/Library/Frameworks/MetalPerformanceShaders.framework/Versions/A/Frameworks/MPSMatrix.framework/Versions/A/MPSMatrix
0x00007fff2a06e000 	/System/Library/Frameworks/MetalPerformanceShaders.framework/Versions/A/Frameworks/MPSRayIntersector.framework/Versions/A/MPSRayIntersector
0x00007fff2a23d000 	/System/Library/Frameworks/MetalPerformanceShaders.framework/Versions/A/Frameworks/MPSNDArray.framework/Versions/A/MPSNDArray
0x00007fff20b3b000 	/System/Library/PrivateFrameworks/MetalTools.framework/Versions/A/MetalTools
0x00007fff290a5000 	/System/Library/PrivateFrameworks/AggregateDictionary.framework/Versions/A/AggregateDictionary
0x00007fff264cc000 	/System/Library/PrivateFrameworks/CoreAnalytics.framework/Versions/A/CoreAnalytics
0x00007fff2a818000 	/System/Library/PrivateFrameworks/AppleSauce.framework/Versions/A/AppleSauce
0x00007fff283b2000 	/System/Library/PrivateFrameworks/IOAccelerator.framework/Versions/A/IOAccelerator
0x00007fff6c946000 	/System/Library/Frameworks/OpenGL.framework/Versions/A/Libraries/libCoreFSCache.dylib
0x00007fff21580000 	/System/Library/PrivateFrameworks/LanguageModeling.framework/Versions/A/LanguageModeling
0x00007fff299e7000 	/System/Library/PrivateFrameworks/CoreEmoji.framework/Versions/A/CoreEmoji
0x00007fff2914e000 	/System/Library/PrivateFrameworks/LinguisticData.framework/Versions/A/LinguisticData
0x00007fff20e73000 	/System/Library/PrivateFrameworks/Lexicon.framework/Versions/A/Lexicon
0x00007fff2a72a000 	/usr/lib/libcmph.dylib
0x00007fff271e1000 	/System/Library/Frameworks/OpenDirectory.framework/Versions/A/Frameworks/CFOpenDirectory.framework/Versions/A/CFOpenDirectory
0x00007fff271d1000 	/System/Library/Frameworks/OpenDirectory.framework/Versions/A/OpenDirectory
0x00007fff2ac98000 	/System/Library/PrivateFrameworks/APFS.framework/Versions/A/APFS
0x00007fff29d0c000 	/System/Library/Frameworks/SecurityFoundation.framework/Versions/A/SecurityFoundation
0x00007fff2ada1000 	/usr/lib/libutil.dylib
0x00007fff22b8e000 	/System/Library/PrivateFrameworks/CoreServicesStore.framework/Versions/A/CoreServicesStore
0x00007fff29da3000 	/System/Library/Frameworks/ServiceManagement.framework/Versions/A/ServiceManagement
0x00007fff2ada5000 	/usr/lib/libxslt.1.dylib
0x00007fff29d99000 	/System/Library/PrivateFrameworks/BackgroundTaskManagement.framework/Versions/A/BackgroundTaskManagement
0x00007fff2bd9a000 	/System/Library/Frameworks/ImageIO.framework/Versions/A/Resources/libRadiance.dylib
0x00007fff2bda4000 	/System/Library/Frameworks/ImageIO.framework/Versions/A/Resources/libJPEG.dylib
0x00007fff2bcef000 	/System/Library/Frameworks/ImageIO.framework/Versions/A/Resources/libPng.dylib
0x00007fff2bd16000 	/System/Library/Frameworks/ImageIO.framework/Versions/A/Resources/libTIFF.dylib
0x00007fff2bdf9000 	/System/Library/Frameworks/ImageIO.framework/Versions/A/Resources/libGIF.dylib
0x00007fff2ba52000 	/System/Library/Frameworks/ImageIO.framework/Versions/A/Resources/libJP2.dylib
0x00007fff2b13c000 	/usr/lib/libexpat.1.dylib
0x00007fff2ba07000 	/System/Library/PrivateFrameworks/AppleJPEG.framework/Versions/A/AppleJPEG
0x00007fff285e8000 	/System/Library/PrivateFrameworks/FontServices.framework/libFontParser.dylib
0x00007fff26276000 	/System/Library/PrivateFrameworks/RunningBoardServices.framework/Versions/A/RunningBoardServices
0x00007fff2bb31000 	/System/Library/PrivateFrameworks/WatchdogClient.framework/Versions/A/WatchdogClient
0x00007fff2166d000 	/System/Library/Frameworks/CoreDisplay.framework/Versions/A/CoreDisplay
0x00007fff284fe000 	/System/Library/Frameworks/CoreMedia.framework/Versions/A/CoreMedia
0x00007fff2735e000 	/System/Library/Frameworks/CoreVideo.framework/Versions/A/CoreVideo
0x00007fff2bb69000 	/System/Library/Frameworks/VideoToolbox.framework/Versions/A/VideoToolbox
0x00007fff261f4000 	/System/Library/PrivateFrameworks/BaseBoard.framework/Versions/A/BaseBoard
0x00007fff2b281000 	/System/Library/PrivateFrameworks/PersistentConnection.framework/Versions/A/PersistentConnection
0x00007fff25f87000 	/System/Library/PrivateFrameworks/ProtocolBuffer.framework/Versions/A/ProtocolBuffer
0x00007fff261db000 	/System/Library/PrivateFrameworks/CommonUtilities.framework/Versions/A/CommonUtilities
0x00007fff2b99c000 	/System/Library/PrivateFrameworks/Bom.framework/Versions/A/Bom
0x00007fff2bd93000 	/System/Library/PrivateFrameworks/GPUWrangler.framework/Versions/A/GPUWrangler
0x00007fff2bd76000 	/System/Library/PrivateFrameworks/IOPresentment.framework/Versions/A/IOPresentment
0x00007fff2bd9e000 	/System/Library/PrivateFrameworks/DSExternalDisplay.framework/Versions/A/DSExternalDisplay
0x00007fff2bdfe000 	/System/Library/PrivateFrameworks/CMCaptureCore.framework/Versions/A/CMCaptureCore
0x00007fff2b721000 	/System/Library/PrivateFrameworks/AppServerSupport.framework/Versions/A/AppServerSupport
0x00007fff2d7d2000 	/System/Library/PrivateFrameworks/perfdata.framework/Versions/A/perfdata
0x00007fff29cfb000 	/System/Library/PrivateFrameworks/AssertionServices.framework/Versions/A/AssertionServices
0x00007fff217a4000 	/System/Library/PrivateFrameworks/AudioToolboxCore.framework/Versions/A/AudioToolboxCore
0x00007fff284e1000 	/System/Library/PrivateFrameworks/caulk.framework/Versions/A/caulk
0x00007fff3d47d000 	/System/Library/PrivateFrameworks/SystemPolicy.framework/Versions/A/SystemPolicy
0x00007fff2af31000 	/usr/lib/libIOReport.dylib
0x00007fff2cff4000 	/usr/lib/libSMC.dylib
0x00007fff2bcbc000 	/usr/lib/libAudioToolboxUtility.dylib
0x00007fff3dde7000 	/usr/lib/libmis.dylib
0x00007fff6c9a2000 	/System/Library/Frameworks/OpenGL.framework/Versions/A/Libraries/libGLU.dylib
0x00007fff6c965000 	/System/Library/Frameworks/OpenGL.framework/Versions/A/Libraries/libGFXShared.dylib
0x00007fff6cb74000 	/System/Library/Frameworks/OpenGL.framework/Versions/A/Libraries/libGL.dylib
0x00007fff6c96e000 	/System/Library/Frameworks/OpenGL.framework/Versions/A/Libraries/libGLImage.dylib
0x00007fff6c962000 	/System/Library/Frameworks/OpenGL.framework/Versions/A/Libraries/libCVMSPluginSupport.dylib
0x00007fff6c94d000 	/System/Library/Frameworks/OpenGL.framework/Versions/A/Libraries/libCoreVMClient.dylib
0x00007fff6dfb5000 	/System/Library/Frameworks/OpenCL.framework/Versions/A/OpenCL
0x00007fff2b2ab000 	/System/Library/PrivateFrameworks/GraphVisualizer.framework/Versions/A/GraphVisualizer
0x00007fff2b2ba000 	/System/Library/PrivateFrameworks/FaceCore.framework/Versions/A/FaceCore
0x00007fff2b6d6000 	/System/Library/PrivateFrameworks/OTSVG.framework/Versions/A/OTSVG
0x00007fff26f55000 	/System/Library/Frameworks/ApplicationServices.framework/Versions/A/Frameworks/ATS.framework/Versions/A/Resources/libFontRegistry.dylib
0x00007fff2b728000 	/System/Library/PrivateFrameworks/FontServices.framework/libhvf.dylib
0x00007fff2b0e8000 	/System/Library/PrivateFrameworks/AppleVA.framework/Versions/A/AppleVA
0x00007fff2ce3d000 	/System/Library/Frameworks/ApplicationServices.framework/Versions/A/Frameworks/ATS.framework/Versions/A/ATS
0x00007fff2d14f000 	/System/Library/Frameworks/ApplicationServices.framework/Versions/A/Frameworks/ColorSyncLegacy.framework/Versions/A/ColorSyncLegacy
0x00007fff25761000 	/System/Library/Frameworks/ApplicationServices.framework/Versions/A/Frameworks/HIServices.framework/Versions/A/HIServices
0x00007fff2d134000 	/System/Library/Frameworks/ApplicationServices.framework/Versions/A/Frameworks/LangAnalysis.framework/Versions/A/LangAnalysis
0x00007fff2be08000 	/System/Library/Frameworks/ApplicationServices.framework/Versions/A/Frameworks/PrintCore.framework/Versions/A/PrintCore
0x00007fff2d157000 	/System/Library/Frameworks/ApplicationServices.framework/Versions/A/Frameworks/QD.framework/Versions/A/QD
0x00007fff2ce2d000 	/System/Library/Frameworks/ApplicationServices.framework/Versions/A/Frameworks/SpeechSynthesis.framework/Versions/A/SpeechSynthesis
0x00007fff2bdc9000 	/System/Library/Frameworks/ApplicationServices.framework/Versions/A/Frameworks/ATSUI.framework/Versions/A/ATSUI
0x00007fff2d0d4000 	/usr/lib/libcups.2.dylib
0x00007fff2d144000 	/System/Library/PrivateFrameworks/NetAuth.framework/Versions/A/NetAuth
0x00007fff2d7ee000 	/System/Library/Frameworks/Kerberos.framework/Versions/A/Kerberos
0x00007fff2d7fe000 	/System/Library/Frameworks/GSS.framework/Versions/A/GSS
0x00007fff2cea9000 	/usr/lib/libresolv.9.dylib
0x00007fff2b73d000 	/System/Library/PrivateFrameworks/Heimdal.framework/Versions/A/Heimdal
0x00007fff33582000 	/System/Library/Frameworks/Kerberos.framework/Versions/A/Libraries/libHeimdalProxy.dylib
0x00007fff26347000 	/System/Library/Frameworks/Network.framework/Versions/A/Network
0x00007fff2b156000 	/usr/lib/libheimdal-asn1.dylib
0x00007fff2d84e000 	/System/Library/PrivateFrameworks/CommonAuth.framework/Versions/A/CommonAuth
0x00007fff273ab000 	/System/Library/PrivateFrameworks/login.framework/Versions/A/Frameworks/loginsupport.framework/Versions/A/loginsupport
0x00007fff2cdb2000 	/System/Library/PrivateFrameworks/AudioSession.framework/Versions/A/AudioSession
0x00007fff2ce1a000 	/usr/lib/libAudioStatistics.dylib
0x00007fff2b1e3000 	/System/Library/PrivateFrameworks/MediaExperience.framework/Versions/A/MediaExperience
0x00007fff2cc4f000 	/System/Library/PrivateFrameworks/AudioSession.framework/libSessionUtility.dylib
0x00007fff2d7df000 	/usr/lib/libperfcheck.dylib
0x00007fff2d163000 	/System/Library/PrivateFrameworks/AudioResourceArbitration.framework/Versions/A/AudioResourceArbitration
0x00007fff2b160000 	/System/Library/PrivateFrameworks/IconFoundation.framework/Versions/A/IconFoundation
0x00007fff2fc8c000 	/System/Library/PrivateFrameworks/SpeechRecognitionCore.framework/Versions/A/SpeechRecognitionCore
0x0000000100ac4000 	/Users/thomasmatthews/.p2/pool/plugins/org.eclipse.justj.openjdk.hotspot.jre.full.macosx.x86_64_15.0.2.v20210201-0955/jre/lib/server/libjvm.dylib
0x0000000101a98000 	/Users/thomasmatthews/.p2/pool/plugins/org.eclipse.justj.openjdk.hotspot.jre.full.macosx.x86_64_15.0.2.v20210201-0955/jre/lib/libjimage.dylib
0x0000000101aa6000 	/Users/thomasmatthews/.p2/pool/plugins/org.eclipse.justj.openjdk.hotspot.jre.full.macosx.x86_64_15.0.2.v20210201-0955/jre/lib/libinstrument.dylib
0x0000000101ab6000 	/Users/thomasmatthews/.p2/pool/plugins/org.eclipse.justj.openjdk.hotspot.jre.full.macosx.x86_64_15.0.2.v20210201-0955/jre/lib/libjava.dylib
0x0000000101b29000 	/Users/thomasmatthews/.p2/pool/plugins/org.eclipse.justj.openjdk.hotspot.jre.full.macosx.x86_64_15.0.2.v20210201-0955/jre/lib/libzip.dylib
0x0000000101d71000 	/Users/thomasmatthews/.p2/pool/plugins/org.eclipse.justj.openjdk.hotspot.jre.full.macosx.x86_64_15.0.2.v20210201-0955/jre/lib/libnio.dylib
0x0000000101d85000 	/Users/thomasmatthews/.p2/pool/plugins/org.eclipse.justj.openjdk.hotspot.jre.full.macosx.x86_64_15.0.2.v20210201-0955/jre/lib/libnet.dylib
0x0000000101d9e000 	/Users/thomasmatthews/.p2/pool/plugins/org.eclipse.justj.openjdk.hotspot.jre.full.macosx.x86_64_15.0.2.v20210201-0955/jre/lib/libverify.dylib
0x0000000101fb0000 	/Users/thomasmatthews/.p2/pool/plugins/org.eclipse.justj.openjdk.hotspot.jre.full.macosx.x86_64_15.0.2.v20210201-0955/jre/lib/libextnet.dylib
0x0000000101fb7000 	/Users/thomasmatthews/.p2/pool/plugins/org.eclipse.justj.openjdk.hotspot.jre.full.macosx.x86_64_15.0.2.v20210201-0955/jre/lib/libmanagement.dylib
0x0000000101fc1000 	/Users/thomasmatthews/.p2/pool/plugins/org.eclipse.justj.openjdk.hotspot.jre.full.macosx.x86_64_15.0.2.v20210201-0955/jre/lib/libmanagement_ext.dylib
0x0000000124d75000 	/Users/thomasmatthews/eclipse-workspace/25_jni-inchi/target/classes/META-INF/jniinchi/1.03_1/MAC-X86_64/JniInchi-1.03_1-MAC-X86_64


VM Arguments:
jvm_args: -Djava.awt.headless=true -javaagent:/var/folders/kf/6s3yyz091ynfywzf3k3mq2cm0000gn/T/16148355627070580662948681972514546938054423415113.jar -Dfile.encoding=UTF-8 
java_command: org.pitest.mutationtest.execute.MutationTestMinion 57659
java_class_path (initial): /Users/thomasmatthews/.p2/pool/plugins/org.pitest_1.4.11:/Users/thomasmatthews/.p2/pool/plugins/org.pitest.pitclipse.runner_2.1.1.jar:/Users/thomasmatthews/.p2/pool/plugins/org.pitest_1.4.11/lib/pitest.jar:/Users/thomasmatthews/.p2/pool/plugins/org.pitest_1.4.11/lib/pitest-entry.jar:/Users/thomasmatthews/.p2/pool/plugins/org.pitest_1.4.11/lib/pitest-command-line.jar:/Users/thomasmatthews/.p2/pool/plugins/org.pitest_1.4.11/lib/pitest-html-report.jar:/Users/thomasmatthews/.p2/pool/plugins/com.google.guava_27.1.0.v20190517-1946.jar:/Users/thomasmatthews/.p2/pool/plugins/org.pitest.pitclipse.listeners_2.1.1.jar:/Users/thomasmatthews/eclipse-workspace/25_jni-inchi/target/classes:/Users/thomasmatthews/eclipse-workspace/25_jni-inchi/target/test-classes:/Users/thomasmatthews/eclipse-workspace/25_jni-inchi/lib/jnati-core-0.4.jar:/Users/thomasmatthews/eclipse-workspace/25_jni-inchi/lib/jnati-deploy-0.4.jar:/Users/thomasmatthews/eclipse-workspace/25_jni-inchi/lib/log4j-1.2.14.jar:/Users/thomasmatthews/.p2/pool/plugins/org.junit_4.13.0.v20200204-1500.jar:/Users/thomasmatthews/.p2/pool/plugins/org.hamcrest.core_1.3.0.v20180420-1519.jar
Launcher Type: SUN_STANDARD

[Global flags]
     intx CICompilerCount                          = 3                                         {product} {ergonomic}
     uint ConcGCThreads                            = 1                                         {product} {ergonomic}
     uint G1ConcRefinementThreads                  = 4                                         {product} {ergonomic}
   size_t G1HeapRegionSize                         = 2097152                                   {product} {ergonomic}
    uintx GCDrainStackTargetSize                   = 64                                        {product} {ergonomic}
   size_t InitialHeapSize                          = 268435456                                 {product} {ergonomic}
   size_t MarkStackSize                            = 4194304                                   {product} {ergonomic}
   size_t MaxHeapSize                              = 4294967296                                {product} {ergonomic}
   size_t MaxNewSize                               = 2575302656                                {product} {ergonomic}
   size_t MinHeapDeltaBytes                        = 2097152                                   {product} {ergonomic}
   size_t MinHeapSize                              = 8388608                                   {product} {ergonomic}
    uintx NonNMethodCodeHeapSize                   = 5832780                                {pd product} {ergonomic}
    uintx NonProfiledCodeHeapSize                  = 122912730                              {pd product} {ergonomic}
    uintx ProfiledCodeHeapSize                     = 122912730                              {pd product} {ergonomic}
    uintx ReservedCodeCacheSize                    = 251658240                              {pd product} {ergonomic}
     bool SegmentedCodeCache                       = true                                      {product} {ergonomic}
   size_t SoftMaxHeapSize                          = 4294967296                             {manageable} {ergonomic}
     bool UseCompressedClassPointers               = true                                 {lp64_product} {ergonomic}
     bool UseCompressedOops                        = true                                 {lp64_product} {ergonomic}
     bool UseG1GC                                  = true                                      {product} {ergonomic}
     bool UseNUMA                                  = false                                     {product} {ergonomic}
     bool UseNUMAInterleaving                      = false                                     {product} {ergonomic}

Logging:
Log output configuration:
 #0: stdout all=warning uptime,level,tags
 #1: stderr all=off uptime,level,tags

Environment Variables:
CLASSPATH=/Users/thomasmatthews/.p2/pool/plugins/org.pitest_1.4.11:/Users/thomasmatthews/.p2/pool/plugins/org.pitest.pitclipse.runner_2.1.1.jar:/Users/thomasmatthews/.p2/pool/plugins/org.pitest_1.4.11/lib/pitest.jar:/Users/thomasmatthews/.p2/pool/plugins/org.pitest_1.4.11/lib/pitest-entry.jar:/Users/thomasmatthews/.p2/pool/plugins/org.pitest_1.4.11/lib/pitest-command-line.jar:/Users/thomasmatthews/.p2/pool/plugins/org.pitest_1.4.11/lib/pitest-html-report.jar:/Users/thomasmatthews/.p2/pool/plugins/com.google.guava_27.1.0.v20190517-1946.jar:/Users/thomasmatthews/.p2/pool/plugins/org.pitest.pitclipse.listeners_2.1.1.jar:/Users/thomasmatthews/eclipse-workspace/25_jni-inchi/target/classes:/Users/thomasmatthews/eclipse-workspace/25_jni-inchi/target/test-classes:/Users/thomasmatthews/eclipse-workspace/25_jni-inchi/lib/jnati-core-0.4.jar:/Users/thomasmatthews/eclipse-workspace/25_jni-inchi/lib/jnati-deploy-0.4.jar:/Users/thomasmatthews/eclipse-workspace/25_jni-inchi/lib/log4j-1.2.14.jar:/Users/thomasmatthews/.p2/pool/plugins/org.junit_4.13.0.v20200204-1500.jar:/Users/thomasmatthews/.p2/pool/plugins/org.hamcrest.core_1.3.0.v20180420-1519.jar
PATH=/usr/bin:/bin:/usr/sbin:/sbin
SHELL=/bin/zsh
DISPLAY=/private/tmp/com.apple.launchd.3oFu3RZlpt/org.xquartz:0

Signal Handlers:
SIGSEGV: [libjvm.dylib+0xa01020], sa_mask[0]=11111111011111110111111111111111, sa_flags=SA_ONSTACK|SA_RESTART|SA_SIGINFO
SIGBUS: [libjvm.dylib+0xa01020], sa_mask[0]=11111111011111110111111111111111, sa_flags=SA_RESTART|SA_SIGINFO
SIGFPE: [libjvm.dylib+0xa01020], sa_mask[0]=11111111011111110111111111111111, sa_flags=SA_RESTART|SA_SIGINFO
SIGPIPE: [libjvm.dylib+0x82c500], sa_mask[0]=11111111011111110111111111111111, sa_flags=SA_RESTART|SA_SIGINFO
SIGXFSZ: [libjvm.dylib+0x82c500], sa_mask[0]=11111111011111110111111111111111, sa_flags=SA_RESTART|SA_SIGINFO
SIGILL: [libjvm.dylib+0xa01020], sa_mask[0]=11111111011111110111111111111111, sa_flags=SA_RESTART|SA_SIGINFO
SIGUSR2: [libjvm.dylib+0x82d010], sa_mask[0]=00100000000000000000000000000000, sa_flags=SA_RESTART|SA_SIGINFO
SIGHUP: [libjvm.dylib+0x82b710], sa_mask[0]=11111111011111110111111111111111, sa_flags=SA_RESTART|SA_SIGINFO
SIGINT: [libjvm.dylib+0x82b710], sa_mask[0]=11111111011111110111111111111111, sa_flags=SA_RESTART|SA_SIGINFO
SIGTERM: [libjvm.dylib+0x82b710], sa_mask[0]=11111111011111110111111111111111, sa_flags=SA_RESTART|SA_SIGINFO
SIGQUIT: [libjvm.dylib+0x82b710], sa_mask[0]=11111111011111110111111111111111, sa_flags=SA_RESTART|SA_SIGINFO


---------------  S Y S T E M  ---------------

OS:uname: Darwin 20.3.0 Darwin Kernel Version 20.3.0: Thu Jan 21 00:07:06 PST 2021; root:xnu-7195.81.3~1/RELEASE_X86_64 x86_64
OS uptime: 12 days 4:24 hours
rlimit (soft/hard): STACK 8192k/65532k , CORE 0k/infinity , NPROC 2784/4176 , NOFILE 10240/infinity , AS infinity/infinity , CPU infinity/infinity , DATA infinity/infinity , FSIZE infinity/infinity , MEMLOCK infinity/infinity , RSS infinity/infinity
load average: 7.50 5.13 3.67

CPU: total 4 (initial active 4) (2 cores per cpu, 2 threads per core) family 6 model 61 stepping 4 microcode 0x2f, cmov, cx8, fxsr, mmx, sse, sse2, sse3, ssse3, sse4.1, sse4.2, popcnt, vzeroupper, avx, avx2, aes, clmul, erms, 3dnowpref, lzcnt, ht, tsc, tscinvbit, bmi1, bmi2, adx, fma, clflush

Memory: 4k page, physical 16777216k(336848k free), swap 2097152k(1072384k free)

vm_info: OpenJDK 64-Bit Server VM (15.0.2+7-27) for bsd-amd64 JRE (15.0.2+7-27), built on Dec  7 2020 20:01:12 by "mach5one" with clang 4.2.1 Compatible Apple LLVM 10.0.0 (clang-1000.11.45.5)

END.
