#
# A fatal error has been detected by the Java Runtime Environment:
#
#  SIGSEGV (0xb) at pc=0x000000010f803854, pid=68072, tid=37127
#
# JRE version: OpenJDK Runtime Environment (15.0.2+7) (build 15.0.2+7-27)
# Java VM: OpenJDK 64-Bit Server VM (15.0.2+7-27, mixed mode, tiered, compressed oops, g1 gc, bsd-amd64)
# Problematic frame:
# V  [libjvm.dylib+0x3854]  AccessInternal::PostRuntimeDispatch<G1BarrierSet::AccessBarrier<548980ull, G1BarrierSet>, (AccessInternal::BarrierType)2, 548980ull>::oop_access_barrier(void*)+0x4
#
# No core dump will be written. Core dumps have been disabled. To enable core dumping, try "ulimit -c unlimited" before starting Java again
#
# If you would like to submit a bug report, please visit:
#   https://bugreport.java.com/bugreport/crash.jsp
#

---------------  S U M M A R Y ------------

Command Line: -Djava.awt.headless=true -javaagent:/var/folders/kf/6s3yyz091ynfywzf3k3mq2cm0000gn/T/16148355627070580662948681972514546938054423415113.jar -Dfile.encoding=UTF-8 org.pitest.mutationtest.execute.MutationTestMinion 57631

Host: MacBookPro12,1 x86_64 3100 MHz, 4 cores, 16G, Darwin 20.3.0
Time: Wed Mar  3 22:26:19 2021 MST elapsed time: 3.953786 seconds (0d 0h 0m 3s)

---------------  T H R E A D  ---------------

Current thread (0x00007f8f829bf000):  JavaThread "mutationTestThread" daemon [_thread_in_vm, id=37127, stack(0x0000700006d53000,0x0000700006e53000)]

Stack: [0x0000700006d53000,0x0000700006e53000],  sp=0x0000700006e51820,  free space=1018k
Native frames: (J=compiled Java code, A=aot compiled Java code, j=interpreted, Vv=VM code, C=native code)
V  [libjvm.dylib+0x3854]  AccessInternal::PostRuntimeDispatch<G1BarrierSet::AccessBarrier<548980ull, G1BarrierSet>, (AccessInternal::BarrierType)2, 548980ull>::oop_access_barrier(void*)+0x4
V  [libjvm.dylib+0x518281]  jni_GetStringUTFChars+0xd1
C  [JniInchi-1.03_1-MAC-X86_64+0xba690]  initInchiInput+0x6c4
C  [JniInchi-1.03_1-MAC-X86_64+0xba739]  Java_net_sf_jniinchi_JniInchiWrapper_GetStdINCHI+0x27
j  net.sf.jniinchi.JniInchiWrapper.GetStdINCHI(Lnet/sf/jniinchi/JniInchiInput;)Lnet/sf/jniinchi/JniInchiOutput;+0
j  net.sf.jniinchi.JniInchiWrapper.getStdInchi(Lnet/sf/jniinchi/JniInchiInput;)Lnet/sf/jniinchi/JniInchiOutput;+23
j  net.sf.jniinchi.TestJniInchiWrapper.testGetStdInchiNull()V+1
v  ~StubRoutines::call_stub
V  [libjvm.dylib+0x4ae582]  JavaCalls::call_helper(JavaValue*, methodHandle const&, JavaCallArguments*, Thread*)+0x2e2
V  [libjvm.dylib+0x89f2ae]  invoke(InstanceKlass*, methodHandle const&, Handle, bool, objArrayHandle, BasicType, objArrayHandle, bool, Thread*)+0x8ee
V  [libjvm.dylib+0x89e994]  Reflection::invoke_method(oopDesc*, Handle, objArrayHandle, Thread*)+0x244
V  [libjvm.dylib+0x55d399]  JVM_InvokeMethod+0x329
j  jdk.internal.reflect.NativeMethodAccessorImpl.invoke0(Ljava/lang/reflect/Method;Ljava/lang/Object;[Ljava/lang/Object;)Ljava/lang/Object;+0 java.base@15.0.2
j  jdk.internal.reflect.NativeMethodAccessorImpl.invoke(Ljava/lang/Object;[Ljava/lang/Object;)Ljava/lang/Object;+113 java.base@15.0.2
j  jdk.internal.reflect.DelegatingMethodAccessorImpl.invoke(Ljava/lang/Object;[Ljava/lang/Object;)Ljava/lang/Object;+6 java.base@15.0.2
j  java.lang.reflect.Method.invoke(Ljava/lang/Object;[Ljava/lang/Object;)Ljava/lang/Object;+59 java.base@15.0.2
j  org.junit.runners.model.FrameworkMethod$1.runReflectiveCall()Ljava/lang/Object;+15
j  org.junit.internal.runners.model.ReflectiveCallable.run()Ljava/lang/Object;+1
j  org.junit.runners.model.FrameworkMethod.invokeExplosively(Ljava/lang/Object;[Ljava/lang/Object;)Ljava/lang/Object;+10
j  org.junit.internal.runners.statements.InvokeMethod.evaluate()V+12
j  org.junit.internal.runners.statements.ExpectException.evaluate()V+6
j  org.junit.runners.ParentRunner$3.evaluate()V+4
j  org.junit.runners.BlockJUnit4ClassRunner$1.evaluate()V+11
j  org.junit.runners.ParentRunner.runLeaf(Lorg/junit/runners/model/Statement;Lorg/junit/runner/Description;Lorg/junit/runner/notification/RunNotifier;)V+17
j  org.junit.runners.BlockJUnit4ClassRunner.runChild(Lorg/junit/runners/model/FrameworkMethod;Lorg/junit/runner/notification/RunNotifier;)V+38
j  org.junit.runners.BlockJUnit4ClassRunner.runChild(Ljava/lang/Object;Lorg/junit/runner/notification/RunNotifier;)V+6
j  org.junit.runners.ParentRunner$4.run()V+12
j  org.junit.runners.ParentRunner$1.schedule(Ljava/lang/Runnable;)V+1
j  org.junit.runners.ParentRunner.runChildren(Lorg/junit/runner/notification/RunNotifier;)V+44
j  org.junit.runners.ParentRunner.access$100(Lorg/junit/runners/ParentRunner;Lorg/junit/runner/notification/RunNotifier;)V+2
j  org.junit.runners.ParentRunner$2.evaluate()V+8
j  org.junit.runners.ParentRunner$3.evaluate()V+4
j  org.junit.runners.ParentRunner.run(Lorg/junit/runner/notification/RunNotifier;)V+24
j  org.pitest.junit.adapter.CustomRunnerExecutor.run()V+34
j  org.pitest.junit.adapter.AdaptedJUnitTestUnit.execute(Lorg/pitest/testapi/ResultCollector;)V+34
j  org.pitest.mutationtest.execute.MutationTimeoutDecorator.lambda$createRunnable$0(Lorg/pitest/testapi/ResultCollector;)V+5
j  org.pitest.mutationtest.execute.MutationTimeoutDecorator$$Lambda$117+0x000000080017b328.run()V+8
j  java.util.concurrent.Executors$RunnableAdapter.call()Ljava/lang/Object;+4 java.base@15.0.2
j  java.util.concurrent.FutureTask.run()V+39 java.base@15.0.2
j  java.lang.Thread.run()V+11 java.base@15.0.2
v  ~StubRoutines::call_stub
V  [libjvm.dylib+0x4ae582]  JavaCalls::call_helper(JavaValue*, methodHandle const&, JavaCallArguments*, Thread*)+0x2e2
V  [libjvm.dylib+0x4ad469]  JavaCalls::call_virtual(JavaValue*, Klass*, Symbol*, Symbol*, JavaCallArguments*, Thread*)+0x1e9
V  [libjvm.dylib+0x4ad533]  JavaCalls::call_virtual(JavaValue*, Handle, Klass*, Symbol*, Symbol*, Thread*)+0x63
V  [libjvm.dylib+0x558f80]  thread_entry(JavaThread*, Thread*)+0xb0
V  [libjvm.dylib+0x99ae92]  JavaThread::thread_main_inner()+0xb2
V  [libjvm.dylib+0x997fa1]  Thread::call_run()+0x71
V  [libjvm.dylib+0x82a037]  thread_native_entry(Thread*)+0x197
C  [libsystem_pthread.dylib+0x6950]  _pthread_start+0xe0
C  [libsystem_pthread.dylib+0x247b]  thread_start+0xf

Java frames: (J=compiled Java code, j=interpreted, Vv=VM code)
j  net.sf.jniinchi.JniInchiWrapper.GetStdINCHI(Lnet/sf/jniinchi/JniInchiInput;)Lnet/sf/jniinchi/JniInchiOutput;+0
j  net.sf.jniinchi.JniInchiWrapper.getStdInchi(Lnet/sf/jniinchi/JniInchiInput;)Lnet/sf/jniinchi/JniInchiOutput;+23
j  net.sf.jniinchi.TestJniInchiWrapper.testGetStdInchiNull()V+1
v  ~StubRoutines::call_stub
j  jdk.internal.reflect.NativeMethodAccessorImpl.invoke0(Ljava/lang/reflect/Method;Ljava/lang/Object;[Ljava/lang/Object;)Ljava/lang/Object;+0 java.base@15.0.2
j  jdk.internal.reflect.NativeMethodAccessorImpl.invoke(Ljava/lang/Object;[Ljava/lang/Object;)Ljava/lang/Object;+113 java.base@15.0.2
j  jdk.internal.reflect.DelegatingMethodAccessorImpl.invoke(Ljava/lang/Object;[Ljava/lang/Object;)Ljava/lang/Object;+6 java.base@15.0.2
j  java.lang.reflect.Method.invoke(Ljava/lang/Object;[Ljava/lang/Object;)Ljava/lang/Object;+59 java.base@15.0.2
j  org.junit.runners.model.FrameworkMethod$1.runReflectiveCall()Ljava/lang/Object;+15
j  org.junit.internal.runners.model.ReflectiveCallable.run()Ljava/lang/Object;+1
j  org.junit.runners.model.FrameworkMethod.invokeExplosively(Ljava/lang/Object;[Ljava/lang/Object;)Ljava/lang/Object;+10
j  org.junit.internal.runners.statements.InvokeMethod.evaluate()V+12
j  org.junit.internal.runners.statements.ExpectException.evaluate()V+6
j  org.junit.runners.ParentRunner$3.evaluate()V+4
j  org.junit.runners.BlockJUnit4ClassRunner$1.evaluate()V+11
j  org.junit.runners.ParentRunner.runLeaf(Lorg/junit/runners/model/Statement;Lorg/junit/runner/Description;Lorg/junit/runner/notification/RunNotifier;)V+17
j  org.junit.runners.BlockJUnit4ClassRunner.runChild(Lorg/junit/runners/model/FrameworkMethod;Lorg/junit/runner/notification/RunNotifier;)V+38
j  org.junit.runners.BlockJUnit4ClassRunner.runChild(Ljava/lang/Object;Lorg/junit/runner/notification/RunNotifier;)V+6
j  org.junit.runners.ParentRunner$4.run()V+12
j  org.junit.runners.ParentRunner$1.schedule(Ljava/lang/Runnable;)V+1
j  org.junit.runners.ParentRunner.runChildren(Lorg/junit/runner/notification/RunNotifier;)V+44
j  org.junit.runners.ParentRunner.access$100(Lorg/junit/runners/ParentRunner;Lorg/junit/runner/notification/RunNotifier;)V+2
j  org.junit.runners.ParentRunner$2.evaluate()V+8
j  org.junit.runners.ParentRunner$3.evaluate()V+4
j  org.junit.runners.ParentRunner.run(Lorg/junit/runner/notification/RunNotifier;)V+24
j  org.pitest.junit.adapter.CustomRunnerExecutor.run()V+34
j  org.pitest.junit.adapter.AdaptedJUnitTestUnit.execute(Lorg/pitest/testapi/ResultCollector;)V+34
j  org.pitest.mutationtest.execute.MutationTimeoutDecorator.lambda$createRunnable$0(Lorg/pitest/testapi/ResultCollector;)V+5
j  org.pitest.mutationtest.execute.MutationTimeoutDecorator$$Lambda$117+0x000000080017b328.run()V+8
j  java.util.concurrent.Executors$RunnableAdapter.call()Ljava/lang/Object;+4 java.base@15.0.2
j  java.util.concurrent.FutureTask.run()V+39 java.base@15.0.2
j  java.lang.Thread.run()V+11 java.base@15.0.2
v  ~StubRoutines::call_stub

siginfo: si_signo: 11 (SIGSEGV), si_code: 1 (SEGV_MAPERR), si_addr: 0x0000000000000000

Register to memory mapping:

RAX=0x55964fa4a6940007 is an unknown value
RBX=0x00007f8f829bf328 points into unknown readable memory: 0x00000001103cff70 | 70 ff 3c 10 01 00 00 00
RCX=0x00007f8f816af480 points into unknown readable memory: 0x000000070fa0a030 | 30 a0 a0 0f 07 00 00 00
RDX=0x0000700006e5193f is pointing into the stack for thread: 0x00007f8f829bf000
RSP=0x0000700006e51820 is pointing into the stack for thread: 0x00007f8f829bf000
RBP=0x0000700006e51820 is pointing into the stack for thread: 0x00007f8f829bf000
RSI=0x0 is NULL
RDI=0x0 is NULL
R8 =0x0000700006e50b10 is pointing into the stack for thread: 0x00007f8f829bf000
R9 =0x0000700006e50db0 is pointing into the stack for thread: 0x00007f8f829bf000
R10=0x00000001102923c0: _ZL18hsdis_library_name+0x1112 in /Users/thomasmatthews/.p2/pool/plugins/org.eclipse.justj.openjdk.hotspot.jre.full.macosx.x86_64_15.0.2.v20210201-0955/jre/lib/server/libjvm.dylib at 0x000000010f800000
R11=0x00000f8f7c1b92e9 is an unknown value
R12=0x00007f8f829bf000 is a thread
R13=0x0 is NULL
R14=0x0000700006e5193f is pointing into the stack for thread: 0x00007f8f829bf000
R15=0x0 is NULL


Registers:
RAX=0x55964fa4a6940007, RBX=0x00007f8f829bf328, RCX=0x00007f8f816af480, RDX=0x0000700006e5193f
RSP=0x0000700006e51820, RBP=0x0000700006e51820, RSI=0x0000000000000000, RDI=0x0000000000000000
R8 =0x0000700006e50b10, R9 =0x0000700006e50db0, R10=0x00000001102923c0, R11=0x00000f8f7c1b92e9
R12=0x00007f8f829bf000, R13=0x0000000000000000, R14=0x0000700006e5193f, R15=0x0000000000000000
RIP=0x000000010f803854, EFLAGS=0x0000000000010246, ERR=0x0000000000000004
  TRAPNO=0x000000000000000e

Top of Stack: (sp=0x0000700006e51820)
0x0000700006e51820:   0000700006e518b0 000000010fd18281
0x0000700006e51830:   00007f8f829bf000 00007f8f816af478
0x0000700006e51840:   00007000000003db 00000001102a4ac6
0x0000700006e51850:   000000000000000c 0000000000000000
0x0000700006e51860:   00007f8f829bf000 00007f8f816af478
0x0000700006e51870:   00007000000003db 00000001102a4ac6
0x0000700006e51880:   55964fa4a6940007 0000000000000000
0x0000700006e51890:   00007f8f829bf328 0000000000000000
0x0000700006e518a0:   0000700006e51a70 00007f8f829bf328
0x0000700006e518b0:   0000700006e51970 000000011a5fa690
0x0000700006e518c0:   0000700006e5193f 00007f8f816cd380
0x0000700006e518d0:   0000000000000000 0000700006e519a0
0x0000700006e518e0:   00007f8f816cd370 000000008384fd40
0x0000700006e518f0:   0000000000000000 00007f8f00000000
0x0000700006e51900:   00000000000003d8 0000700006e519af
0x0000700006e51910:   0000700006e51998 00007f8f816cd38c
0x0000700006e51920:   0000000000000000 0000000000000000
0x0000700006e51930:   0000700006e51980 010000010fffd1d8
0x0000700006e51940:   0000700006e51960 00000001318b5258
0x0000700006e51950:   00007f8f829bf328 0000700006e519a0
0x0000700006e51960:   0000700006e51a70 00007f8f829bf000
0x0000700006e51970:   0000700006e519e0 000000011a5fa739
0x0000700006e51980:   0000700006e519d0 000000010fca9f3f
0x0000700006e51990:   0000000000000000 00000001318b5258
0x0000700006e519a0:   00007f8f829bf000 00007f8f829bf000
0x0000700006e519b0:   00000001318b5258 0000000000000000
0x0000700006e519c0:   00000001318b5258 0000000000000000
0x0000700006e519d0:   00000001318b5258 0000700006e51a70
0x0000700006e519e0:   0000700006e51a48 000000011a7903d0
0x0000700006e519f0:   00000001318b71b0 000000011a7900d6
0x0000700006e51a00:   0000700006e51a00 00000001318b5258
0x0000700006e51a10:   0000700006e51a70 00000001318b7dd8 

Instructions: (pc=0x000000010f803854)
0x000000010f803754:   ff 0b 73 0e 48 63 c7 48 8d 0d 2e a9 ae 00 8b 04
0x000000010f803764:   81 c3 55 48 89 e5 48 8d 3d e3 be a6 00 be 9c 00
0x000000010f803774:   00 00 e8 b5 c1 2f 00 e8 20 63 82 00 31 c0 5d c3
0x000000010f803784:   66 66 66 2e 0f 1f 84 00 00 00 00 00 55 48 89 e5
0x000000010f803794:   48 8b 47 08 0f b7 48 32 0f b7 40 30 8d 44 01 19
0x000000010f8037a4:   5d c3 66 2e 0f 1f 84 00 00 00 00 00 55 48 89 e5
0x000000010f8037b4:   53 50 48 89 fb 48 8d 0d 78 c8 c2 00 48 8d 05 59
0x000000010f8037c4:   0f c0 00 48 8b 00 8b 40 10 ff c8 80 39 00 74 10
0x000000010f8037d4:   83 f8 04 73 1f 48 98 48 8d 0d fe 50 b2 00 eb 0e
0x000000010f8037e4:   83 f8 04 73 0f 48 98 48 8d 0d 0e 51 b2 00 48 8b
0x000000010f8037f4:   04 c1 eb 21 48 8d 3d 8c be a6 00 48 8d 15 b5 be
0x000000010f803804:   a6 00 be e8 00 00 00 31 c0 e8 1e bf 2f 00 e8 89
0x000000010f803814:   62 82 00 31 c0 48 89 05 10 8f bc 00 48 89 df 48
0x000000010f803824:   83 c4 08 5b 5d ff e0 0f 1f 44 00 00 55 48 89 e5
0x000000010f803834:   48 8b 07 5d c3 0f 1f 80 00 00 00 00 55 48 89 e5
0x000000010f803844:   48 8b 07 5d c3 0f 1f 80 00 00 00 00 55 48 89 e5
0x000000010f803854:   48 8b 07 5d c3 0f 1f 80 00 00 00 00 55 48 89 e5
0x000000010f803864:   41 57 41 56 53 50 49 89 fe 49 8b 1e 4c 8d 3d c1
0x000000010f803874:   e4 c5 00 49 85 1f 74 3c 48 89 df e8 5c 5c a3 00
0x000000010f803884:   48 89 c1 48 85 c9 74 29 48 89 d8 f0 49 0f b1 0e
0x000000010f803894:   48 89 c2 48 39 da 74 19 0f 1f 40 00 49 85 17 74
0x000000010f8038a4:   10 48 89 d0 f0 49 0f b1 0e 48 39 d0 48 89 c2 75
0x000000010f8038b4:   eb 48 89 cb 48 89 d8 48 83 c4 08 5b 41 5e 41 5f
0x000000010f8038c4:   5d c3 66 2e 0f 1f 84 00 00 00 00 00 55 48 89 e5
0x000000010f8038d4:   48 8b 07 5d c3 0f 1f 80 00 00 00 00 55 48 89 e5
0x000000010f8038e4:   48 8b 07 5d c3 0f 1f 80 00 00 00 00 55 48 89 e5
0x000000010f8038f4:   48 8b 07 5d c3 0f 1f 80 00 00 00 00 55 48 89 e5
0x000000010f803904:   41 57 41 56 53 50 49 89 fe 49 8b 1e 4c 8d 3d 21
0x000000010f803914:   e4 c5 00 49 85 1f 74 3c 48 89 df e8 bc 5b a3 00
0x000000010f803924:   48 89 c1 48 85 c9 74 29 48 89 d8 f0 49 0f b1 0e
0x000000010f803934:   48 89 c2 48 39 da 74 19 0f 1f 40 00 49 85 17 74
0x000000010f803944:   10 48 89 d0 f0 49 0f b1 0e 48 39 d0 48 89 c2 75 


Stack slot to memory mapping:
stack at sp + 0 slots: 0x0000700006e518b0 is pointing into the stack for thread: 0x00007f8f829bf000
stack at sp + 1 slots: 0x000000010fd18281: jni_GetStringUTFChars+0xd1 in /Users/thomasmatthews/.p2/pool/plugins/org.eclipse.justj.openjdk.hotspot.jre.full.macosx.x86_64_15.0.2.v20210201-0955/jre/lib/server/libjvm.dylib at 0x000000010f800000
stack at sp + 2 slots: 0x00007f8f829bf000 is a thread
stack at sp + 3 slots: 0x00007f8f816af478 points into unknown readable memory: 0x000000070fa0a030 | 30 a0 a0 0f 07 00 00 00
stack at sp + 4 slots: 0x00007000000003db is an unknown value
stack at sp + 5 slots: 0x00000001102a4ac6: _ZL18hsdis_library_name+0x13818 in /Users/thomasmatthews/.p2/pool/plugins/org.eclipse.justj.openjdk.hotspot.jre.full.macosx.x86_64_15.0.2.v20210201-0955/jre/lib/server/libjvm.dylib at 0x000000010f800000
stack at sp + 6 slots: 0x000000000000000c is an unknown value
stack at sp + 7 slots: 0x0 is NULL


---------------  P R O C E S S  ---------------

Threads class SMR info:
_java_thread_list=0x00007f8f815c6630, length=11, elements={
0x00007f8f8200de00, 0x00007f8f830cca00, 0x00007f8f830cf600, 0x00007f8f81826e00,
0x00007f8f830d1c00, 0x00007f8f82019600, 0x00007f8f830d2200, 0x00007f8f8281d800,
0x00007f8f8281de00, 0x00007f8f830d2800, 0x00007f8f829bf000
}

Java Threads: ( => current thread )
  0x00007f8f8200de00 JavaThread "main" [_thread_blocked, id=6403, stack(0x0000700005811000,0x0000700005911000)]
  0x00007f8f830cca00 JavaThread "Reference Handler" daemon [_thread_blocked, id=16131, stack(0x0000700005f26000,0x0000700006026000)]
  0x00007f8f830cf600 JavaThread "Finalizer" daemon [_thread_blocked, id=18435, stack(0x0000700006029000,0x0000700006129000)]
  0x00007f8f81826e00 JavaThread "Signal Dispatcher" daemon [_thread_blocked, id=42243, stack(0x0000700006232000,0x0000700006332000)]
  0x00007f8f830d1c00 JavaThread "Service Thread" daemon [_thread_blocked, id=23043, stack(0x0000700006335000,0x0000700006435000)]
  0x00007f8f82019600 JavaThread "C2 CompilerThread0" daemon [_thread_in_native, id=41219, stack(0x0000700006438000,0x0000700006538000)]
  0x00007f8f830d2200 JavaThread "C1 CompilerThread0" daemon [_thread_blocked, id=23811, stack(0x000070000653b000,0x000070000663b000)]
  0x00007f8f8281d800 JavaThread "Sweeper thread" daemon [_thread_blocked, id=40195, stack(0x000070000663e000,0x000070000673e000)]
  0x00007f8f8281de00 JavaThread "Common-Cleaner" daemon [_thread_blocked, id=39939, stack(0x0000700006741000,0x0000700006841000)]
  0x00007f8f830d2800 JavaThread "Notification Thread" daemon [_thread_blocked, id=39427, stack(0x0000700006844000,0x0000700006944000)]
=>0x00007f8f829bf000 JavaThread "mutationTestThread" daemon [_thread_in_vm, id=37127, stack(0x0000700006d53000,0x0000700006e53000)]

Other Threads:
  0x00007f8f83840490 VMThread "VM Thread" [stack: 0x0000700005e23000,0x0000700005f23000] [id=15363]
  0x00007f8f8144e920 WatcherThread [stack: 0x0000700006947000,0x0000700006a47000] [id=38915]
  0x00007f8f83815630 GCTaskThread "GC Thread#0" [stack: 0x0000700005914000,0x0000700005a14000] [id=13315]
  0x00007f8f838a4d30 GCTaskThread "GC Thread#1" [stack: 0x0000700006a4a000,0x0000700006b4a000] [id=38403]
  0x00007f8f838a5930 GCTaskThread "GC Thread#2" [stack: 0x0000700006b4d000,0x0000700006c4d000] [id=37891]
  0x00007f8f838a6530 GCTaskThread "GC Thread#3" [stack: 0x0000700006c50000,0x0000700006d50000] [id=37379]
  0x00007f8f838167b0 ConcurrentGCThread "G1 Main Marker" [stack: 0x0000700005a17000,0x0000700005b17000] [id=20483]
  0x00007f8f83817880 ConcurrentGCThread "G1 Conc#0" [stack: 0x0000700005b1a000,0x0000700005c1a000] [id=14083]
  0x00007f8f838332b0 ConcurrentGCThread "G1 Refine#0" [stack: 0x0000700005c1d000,0x0000700005d1d000] [id=19715]
  0x00007f8f83834330 ConcurrentGCThread "G1 Young RemSet Sampling" [stack: 0x0000700005d20000,0x0000700005e20000] [id=19459]

Threads with active compile tasks:
C2 CompilerThread0     3972 1514 % !   4       java.util.concurrent.ConcurrentHashMap::transfer @ 96 (849 bytes)

VM state: not at safepoint (normal execution)

VM Mutex/Monitor currently owned by a thread: None

Heap address: 0x0000000700000000, size: 4096 MB, Compressed Oops mode: Zero based, Oop shift amount: 3
CDS disabled.
Compressed class space mapped at: 0x0000000800000000-0x0000000840000000, size: 1073741824
Narrow klass base: 0x0000000800000000, Narrow klass shift: 0, Narrow klass range: 0x40000000

GC Precious Log:
 CPUs: 4 total, 4 available
 Memory: 16384M
 Large Page Support: Disabled
 NUMA Support: Disabled
 Compressed Oops: Enabled (Zero based)
 Heap Region Size: 2M
 Heap Min Capacity: 8M
 Heap Initial Capacity: 256M
 Heap Max Capacity: 4G
 Pre-touch: Disabled
 Parallel Workers: 4
 Concurrent Workers: 1
 Concurrent Refinement Workers: 4
 Periodic GC: Disabled

Heap:
 garbage-first heap   total 262144K, used 8047K [0x0000000700000000, 0x0000000800000000)
  region size 2048K, 4 young (8192K), 1 survivors (2048K)
 Metaspace       used 17363K, capacity 17548K, committed 17792K, reserved 1064960K
  class space    used 1768K, capacity 1836K, committed 1920K, reserved 1048576K

Heap Regions: E=young(eden), S=young(survivor), O=old, HS=humongous(starts), HC=humongous(continues), CS=collection set, F=free, OA=open archive, CA=closed archive, TAMS=top-at-mark-start (previous, next)
|   0|0x0000000700000000, 0x0000000700200000, 0x0000000700200000|100%| O|  |TAMS 0x0000000700000000, 0x0000000700000000| Untracked 
|   1|0x0000000700200000, 0x00000007002b8a00, 0x0000000700400000| 36%| O|  |TAMS 0x0000000700200000, 0x0000000700200000| Untracked 
|   2|0x0000000700400000, 0x0000000700400000, 0x0000000700600000|  0%| F|  |TAMS 0x0000000700400000, 0x0000000700400000| Untracked 
|   3|0x0000000700600000, 0x0000000700600000, 0x0000000700800000|  0%| F|  |TAMS 0x0000000700600000, 0x0000000700600000| Untracked 
|   4|0x0000000700800000, 0x0000000700800000, 0x0000000700a00000|  0%| F|  |TAMS 0x0000000700800000, 0x0000000700800000| Untracked 
|   5|0x0000000700a00000, 0x0000000700a00000, 0x0000000700c00000|  0%| F|  |TAMS 0x0000000700a00000, 0x0000000700a00000| Untracked 
|   6|0x0000000700c00000, 0x0000000700c00000, 0x0000000700e00000|  0%| F|  |TAMS 0x0000000700c00000, 0x0000000700c00000| Untracked 
|   7|0x0000000700e00000, 0x0000000700e00000, 0x0000000701000000|  0%| F|  |TAMS 0x0000000700e00000, 0x0000000700e00000| Untracked 
|   8|0x0000000701000000, 0x0000000701000000, 0x0000000701200000|  0%| F|  |TAMS 0x0000000701000000, 0x0000000701000000| Untracked 
|   9|0x0000000701200000, 0x0000000701200000, 0x0000000701400000|  0%| F|  |TAMS 0x0000000701200000, 0x0000000701200000| Untracked 
|  10|0x0000000701400000, 0x0000000701400000, 0x0000000701600000|  0%| F|  |TAMS 0x0000000701400000, 0x0000000701400000| Untracked 
|  11|0x0000000701600000, 0x0000000701600000, 0x0000000701800000|  0%| F|  |TAMS 0x0000000701600000, 0x0000000701600000| Untracked 
|  12|0x0000000701800000, 0x0000000701800000, 0x0000000701a00000|  0%| F|  |TAMS 0x0000000701800000, 0x0000000701800000| Untracked 
|  13|0x0000000701a00000, 0x0000000701a00000, 0x0000000701c00000|  0%| F|  |TAMS 0x0000000701a00000, 0x0000000701a00000| Untracked 
|  14|0x0000000701c00000, 0x0000000701c00000, 0x0000000701e00000|  0%| F|  |TAMS 0x0000000701c00000, 0x0000000701c00000| Untracked 
|  15|0x0000000701e00000, 0x0000000701e00000, 0x0000000702000000|  0%| F|  |TAMS 0x0000000701e00000, 0x0000000701e00000| Untracked 
|  16|0x0000000702000000, 0x0000000702000000, 0x0000000702200000|  0%| F|  |TAMS 0x0000000702000000, 0x0000000702000000| Untracked 
|  17|0x0000000702200000, 0x0000000702200000, 0x0000000702400000|  0%| F|  |TAMS 0x0000000702200000, 0x0000000702200000| Untracked 
|  18|0x0000000702400000, 0x0000000702400000, 0x0000000702600000|  0%| F|  |TAMS 0x0000000702400000, 0x0000000702400000| Untracked 
|  19|0x0000000702600000, 0x0000000702600000, 0x0000000702800000|  0%| F|  |TAMS 0x0000000702600000, 0x0000000702600000| Untracked 
|  20|0x0000000702800000, 0x0000000702800000, 0x0000000702a00000|  0%| F|  |TAMS 0x0000000702800000, 0x0000000702800000| Untracked 
|  21|0x0000000702a00000, 0x0000000702a00000, 0x0000000702c00000|  0%| F|  |TAMS 0x0000000702a00000, 0x0000000702a00000| Untracked 
|  22|0x0000000702c00000, 0x0000000702c00000, 0x0000000702e00000|  0%| F|  |TAMS 0x0000000702c00000, 0x0000000702c00000| Untracked 
|  23|0x0000000702e00000, 0x0000000702e00000, 0x0000000703000000|  0%| F|  |TAMS 0x0000000702e00000, 0x0000000702e00000| Untracked 
|  24|0x0000000703000000, 0x0000000703000000, 0x0000000703200000|  0%| F|  |TAMS 0x0000000703000000, 0x0000000703000000| Untracked 
|  25|0x0000000703200000, 0x0000000703200000, 0x0000000703400000|  0%| F|  |TAMS 0x0000000703200000, 0x0000000703200000| Untracked 
|  26|0x0000000703400000, 0x0000000703400000, 0x0000000703600000|  0%| F|  |TAMS 0x0000000703400000, 0x0000000703400000| Untracked 
|  27|0x0000000703600000, 0x0000000703600000, 0x0000000703800000|  0%| F|  |TAMS 0x0000000703600000, 0x0000000703600000| Untracked 
|  28|0x0000000703800000, 0x0000000703800000, 0x0000000703a00000|  0%| F|  |TAMS 0x0000000703800000, 0x0000000703800000| Untracked 
|  29|0x0000000703a00000, 0x0000000703a00000, 0x0000000703c00000|  0%| F|  |TAMS 0x0000000703a00000, 0x0000000703a00000| Untracked 
|  30|0x0000000703c00000, 0x0000000703c00000, 0x0000000703e00000|  0%| F|  |TAMS 0x0000000703c00000, 0x0000000703c00000| Untracked 
|  31|0x0000000703e00000, 0x0000000703e00000, 0x0000000704000000|  0%| F|  |TAMS 0x0000000703e00000, 0x0000000703e00000| Untracked 
|  32|0x0000000704000000, 0x0000000704000000, 0x0000000704200000|  0%| F|  |TAMS 0x0000000704000000, 0x0000000704000000| Untracked 
|  33|0x0000000704200000, 0x0000000704200000, 0x0000000704400000|  0%| F|  |TAMS 0x0000000704200000, 0x0000000704200000| Untracked 
|  34|0x0000000704400000, 0x0000000704400000, 0x0000000704600000|  0%| F|  |TAMS 0x0000000704400000, 0x0000000704400000| Untracked 
|  35|0x0000000704600000, 0x0000000704600000, 0x0000000704800000|  0%| F|  |TAMS 0x0000000704600000, 0x0000000704600000| Untracked 
|  36|0x0000000704800000, 0x0000000704800000, 0x0000000704a00000|  0%| F|  |TAMS 0x0000000704800000, 0x0000000704800000| Untracked 
|  37|0x0000000704a00000, 0x0000000704a00000, 0x0000000704c00000|  0%| F|  |TAMS 0x0000000704a00000, 0x0000000704a00000| Untracked 
|  38|0x0000000704c00000, 0x0000000704c00000, 0x0000000704e00000|  0%| F|  |TAMS 0x0000000704c00000, 0x0000000704c00000| Untracked 
|  39|0x0000000704e00000, 0x0000000704e00000, 0x0000000705000000|  0%| F|  |TAMS 0x0000000704e00000, 0x0000000704e00000| Untracked 
|  40|0x0000000705000000, 0x0000000705000000, 0x0000000705200000|  0%| F|  |TAMS 0x0000000705000000, 0x0000000705000000| Untracked 
|  41|0x0000000705200000, 0x0000000705200000, 0x0000000705400000|  0%| F|  |TAMS 0x0000000705200000, 0x0000000705200000| Untracked 
|  42|0x0000000705400000, 0x0000000705400000, 0x0000000705600000|  0%| F|  |TAMS 0x0000000705400000, 0x0000000705400000| Untracked 
|  43|0x0000000705600000, 0x0000000705600000, 0x0000000705800000|  0%| F|  |TAMS 0x0000000705600000, 0x0000000705600000| Untracked 
|  44|0x0000000705800000, 0x0000000705800000, 0x0000000705a00000|  0%| F|  |TAMS 0x0000000705800000, 0x0000000705800000| Untracked 
|  45|0x0000000705a00000, 0x0000000705a00000, 0x0000000705c00000|  0%| F|  |TAMS 0x0000000705a00000, 0x0000000705a00000| Untracked 
|  46|0x0000000705c00000, 0x0000000705c00000, 0x0000000705e00000|  0%| F|  |TAMS 0x0000000705c00000, 0x0000000705c00000| Untracked 
|  47|0x0000000705e00000, 0x0000000705e00000, 0x0000000706000000|  0%| F|  |TAMS 0x0000000705e00000, 0x0000000705e00000| Untracked 
|  48|0x0000000706000000, 0x0000000706000000, 0x0000000706200000|  0%| F|  |TAMS 0x0000000706000000, 0x0000000706000000| Untracked 
|  49|0x0000000706200000, 0x0000000706200000, 0x0000000706400000|  0%| F|  |TAMS 0x0000000706200000, 0x0000000706200000| Untracked 
|  50|0x0000000706400000, 0x0000000706400000, 0x0000000706600000|  0%| F|  |TAMS 0x0000000706400000, 0x0000000706400000| Untracked 
|  51|0x0000000706600000, 0x0000000706600000, 0x0000000706800000|  0%| F|  |TAMS 0x0000000706600000, 0x0000000706600000| Untracked 
|  52|0x0000000706800000, 0x0000000706800000, 0x0000000706a00000|  0%| F|  |TAMS 0x0000000706800000, 0x0000000706800000| Untracked 
|  53|0x0000000706a00000, 0x0000000706a00000, 0x0000000706c00000|  0%| F|  |TAMS 0x0000000706a00000, 0x0000000706a00000| Untracked 
|  54|0x0000000706c00000, 0x0000000706c00000, 0x0000000706e00000|  0%| F|  |TAMS 0x0000000706c00000, 0x0000000706c00000| Untracked 
|  55|0x0000000706e00000, 0x0000000706e00000, 0x0000000707000000|  0%| F|  |TAMS 0x0000000706e00000, 0x0000000706e00000| Untracked 
|  56|0x0000000707000000, 0x0000000707000000, 0x0000000707200000|  0%| F|  |TAMS 0x0000000707000000, 0x0000000707000000| Untracked 
|  57|0x0000000707200000, 0x0000000707200000, 0x0000000707400000|  0%| F|  |TAMS 0x0000000707200000, 0x0000000707200000| Untracked 
|  58|0x0000000707400000, 0x0000000707400000, 0x0000000707600000|  0%| F|  |TAMS 0x0000000707400000, 0x0000000707400000| Untracked 
|  59|0x0000000707600000, 0x0000000707600000, 0x0000000707800000|  0%| F|  |TAMS 0x0000000707600000, 0x0000000707600000| Untracked 
|  60|0x0000000707800000, 0x0000000707800000, 0x0000000707a00000|  0%| F|  |TAMS 0x0000000707800000, 0x0000000707800000| Untracked 
|  61|0x0000000707a00000, 0x0000000707a00000, 0x0000000707c00000|  0%| F|  |TAMS 0x0000000707a00000, 0x0000000707a00000| Untracked 
|  62|0x0000000707c00000, 0x0000000707c00000, 0x0000000707e00000|  0%| F|  |TAMS 0x0000000707c00000, 0x0000000707c00000| Untracked 
|  63|0x0000000707e00000, 0x0000000707e00000, 0x0000000708000000|  0%| F|  |TAMS 0x0000000707e00000, 0x0000000707e00000| Untracked 
|  64|0x0000000708000000, 0x0000000708000000, 0x0000000708200000|  0%| F|  |TAMS 0x0000000708000000, 0x0000000708000000| Untracked 
|  65|0x0000000708200000, 0x0000000708200000, 0x0000000708400000|  0%| F|  |TAMS 0x0000000708200000, 0x0000000708200000| Untracked 
|  66|0x0000000708400000, 0x0000000708400000, 0x0000000708600000|  0%| F|  |TAMS 0x0000000708400000, 0x0000000708400000| Untracked 
|  67|0x0000000708600000, 0x0000000708600000, 0x0000000708800000|  0%| F|  |TAMS 0x0000000708600000, 0x0000000708600000| Untracked 
|  68|0x0000000708800000, 0x0000000708800000, 0x0000000708a00000|  0%| F|  |TAMS 0x0000000708800000, 0x0000000708800000| Untracked 
|  69|0x0000000708a00000, 0x0000000708a00000, 0x0000000708c00000|  0%| F|  |TAMS 0x0000000708a00000, 0x0000000708a00000| Untracked 
|  70|0x0000000708c00000, 0x0000000708c00000, 0x0000000708e00000|  0%| F|  |TAMS 0x0000000708c00000, 0x0000000708c00000| Untracked 
|  71|0x0000000708e00000, 0x0000000708e00000, 0x0000000709000000|  0%| F|  |TAMS 0x0000000708e00000, 0x0000000708e00000| Untracked 
|  72|0x0000000709000000, 0x0000000709000000, 0x0000000709200000|  0%| F|  |TAMS 0x0000000709000000, 0x0000000709000000| Untracked 
|  73|0x0000000709200000, 0x0000000709200000, 0x0000000709400000|  0%| F|  |TAMS 0x0000000709200000, 0x0000000709200000| Untracked 
|  74|0x0000000709400000, 0x0000000709400000, 0x0000000709600000|  0%| F|  |TAMS 0x0000000709400000, 0x0000000709400000| Untracked 
|  75|0x0000000709600000, 0x0000000709600000, 0x0000000709800000|  0%| F|  |TAMS 0x0000000709600000, 0x0000000709600000| Untracked 
|  76|0x0000000709800000, 0x0000000709800000, 0x0000000709a00000|  0%| F|  |TAMS 0x0000000709800000, 0x0000000709800000| Untracked 
|  77|0x0000000709a00000, 0x0000000709a00000, 0x0000000709c00000|  0%| F|  |TAMS 0x0000000709a00000, 0x0000000709a00000| Untracked 
|  78|0x0000000709c00000, 0x0000000709c00000, 0x0000000709e00000|  0%| F|  |TAMS 0x0000000709c00000, 0x0000000709c00000| Untracked 
|  79|0x0000000709e00000, 0x0000000709e00000, 0x000000070a000000|  0%| F|  |TAMS 0x0000000709e00000, 0x0000000709e00000| Untracked 
|  80|0x000000070a000000, 0x000000070a000000, 0x000000070a200000|  0%| F|  |TAMS 0x000000070a000000, 0x000000070a000000| Untracked 
|  81|0x000000070a200000, 0x000000070a200000, 0x000000070a400000|  0%| F|  |TAMS 0x000000070a200000, 0x000000070a200000| Untracked 
|  82|0x000000070a400000, 0x000000070a400000, 0x000000070a600000|  0%| F|  |TAMS 0x000000070a400000, 0x000000070a400000| Untracked 
|  83|0x000000070a600000, 0x000000070a600000, 0x000000070a800000|  0%| F|  |TAMS 0x000000070a600000, 0x000000070a600000| Untracked 
|  84|0x000000070a800000, 0x000000070a800000, 0x000000070aa00000|  0%| F|  |TAMS 0x000000070a800000, 0x000000070a800000| Untracked 
|  85|0x000000070aa00000, 0x000000070aa00000, 0x000000070ac00000|  0%| F|  |TAMS 0x000000070aa00000, 0x000000070aa00000| Untracked 
|  86|0x000000070ac00000, 0x000000070ac00000, 0x000000070ae00000|  0%| F|  |TAMS 0x000000070ac00000, 0x000000070ac00000| Untracked 
|  87|0x000000070ae00000, 0x000000070ae00000, 0x000000070b000000|  0%| F|  |TAMS 0x000000070ae00000, 0x000000070ae00000| Untracked 
|  88|0x000000070b000000, 0x000000070b000000, 0x000000070b200000|  0%| F|  |TAMS 0x000000070b000000, 0x000000070b000000| Untracked 
|  89|0x000000070b200000, 0x000000070b200000, 0x000000070b400000|  0%| F|  |TAMS 0x000000070b200000, 0x000000070b200000| Untracked 
|  90|0x000000070b400000, 0x000000070b400000, 0x000000070b600000|  0%| F|  |TAMS 0x000000070b400000, 0x000000070b400000| Untracked 
|  91|0x000000070b600000, 0x000000070b600000, 0x000000070b800000|  0%| F|  |TAMS 0x000000070b600000, 0x000000070b600000| Untracked 
|  92|0x000000070b800000, 0x000000070b800000, 0x000000070ba00000|  0%| F|  |TAMS 0x000000070b800000, 0x000000070b800000| Untracked 
|  93|0x000000070ba00000, 0x000000070ba00000, 0x000000070bc00000|  0%| F|  |TAMS 0x000000070ba00000, 0x000000070ba00000| Untracked 
|  94|0x000000070bc00000, 0x000000070bc00000, 0x000000070be00000|  0%| F|  |TAMS 0x000000070bc00000, 0x000000070bc00000| Untracked 
|  95|0x000000070be00000, 0x000000070be00000, 0x000000070c000000|  0%| F|  |TAMS 0x000000070be00000, 0x000000070be00000| Untracked 
|  96|0x000000070c000000, 0x000000070c000000, 0x000000070c200000|  0%| F|  |TAMS 0x000000070c000000, 0x000000070c000000| Untracked 
|  97|0x000000070c200000, 0x000000070c200000, 0x000000070c400000|  0%| F|  |TAMS 0x000000070c200000, 0x000000070c200000| Untracked 
|  98|0x000000070c400000, 0x000000070c400000, 0x000000070c600000|  0%| F|  |TAMS 0x000000070c400000, 0x000000070c400000| Untracked 
|  99|0x000000070c600000, 0x000000070c600000, 0x000000070c800000|  0%| F|  |TAMS 0x000000070c600000, 0x000000070c600000| Untracked 
| 100|0x000000070c800000, 0x000000070c800000, 0x000000070ca00000|  0%| F|  |TAMS 0x000000070c800000, 0x000000070c800000| Untracked 
| 101|0x000000070ca00000, 0x000000070ca00000, 0x000000070cc00000|  0%| F|  |TAMS 0x000000070ca00000, 0x000000070ca00000| Untracked 
| 102|0x000000070cc00000, 0x000000070cc00000, 0x000000070ce00000|  0%| F|  |TAMS 0x000000070cc00000, 0x000000070cc00000| Untracked 
| 103|0x000000070ce00000, 0x000000070ce00000, 0x000000070d000000|  0%| F|  |TAMS 0x000000070ce00000, 0x000000070ce00000| Untracked 
| 104|0x000000070d000000, 0x000000070d000000, 0x000000070d200000|  0%| F|  |TAMS 0x000000070d000000, 0x000000070d000000| Untracked 
| 105|0x000000070d200000, 0x000000070d200000, 0x000000070d400000|  0%| F|  |TAMS 0x000000070d200000, 0x000000070d200000| Untracked 
| 106|0x000000070d400000, 0x000000070d400000, 0x000000070d600000|  0%| F|  |TAMS 0x000000070d400000, 0x000000070d400000| Untracked 
| 107|0x000000070d600000, 0x000000070d600000, 0x000000070d800000|  0%| F|  |TAMS 0x000000070d600000, 0x000000070d600000| Untracked 
| 108|0x000000070d800000, 0x000000070d800000, 0x000000070da00000|  0%| F|  |TAMS 0x000000070d800000, 0x000000070d800000| Untracked 
| 109|0x000000070da00000, 0x000000070da00000, 0x000000070dc00000|  0%| F|  |TAMS 0x000000070da00000, 0x000000070da00000| Untracked 
| 110|0x000000070dc00000, 0x000000070dc00000, 0x000000070de00000|  0%| F|  |TAMS 0x000000070dc00000, 0x000000070dc00000| Untracked 
| 111|0x000000070de00000, 0x000000070de00000, 0x000000070e000000|  0%| F|  |TAMS 0x000000070de00000, 0x000000070de00000| Untracked 
| 112|0x000000070e000000, 0x000000070e000000, 0x000000070e200000|  0%| F|  |TAMS 0x000000070e000000, 0x000000070e000000| Untracked 
| 113|0x000000070e200000, 0x000000070e200000, 0x000000070e400000|  0%| F|  |TAMS 0x000000070e200000, 0x000000070e200000| Untracked 
| 114|0x000000070e400000, 0x000000070e400000, 0x000000070e600000|  0%| F|  |TAMS 0x000000070e400000, 0x000000070e400000| Untracked 
| 115|0x000000070e600000, 0x000000070e600000, 0x000000070e800000|  0%| F|  |TAMS 0x000000070e600000, 0x000000070e600000| Untracked 
| 116|0x000000070e800000, 0x000000070e800000, 0x000000070ea00000|  0%| F|  |TAMS 0x000000070e800000, 0x000000070e800000| Untracked 
| 117|0x000000070ea00000, 0x000000070ea00000, 0x000000070ec00000|  0%| F|  |TAMS 0x000000070ea00000, 0x000000070ea00000| Untracked 
| 118|0x000000070ec00000, 0x000000070ec00000, 0x000000070ee00000|  0%| F|  |TAMS 0x000000070ec00000, 0x000000070ec00000| Untracked 
| 119|0x000000070ee00000, 0x000000070ee00000, 0x000000070f000000|  0%| F|  |TAMS 0x000000070ee00000, 0x000000070ee00000| Untracked 
| 120|0x000000070f000000, 0x000000070f1234a8, 0x000000070f200000| 56%| S|CS|TAMS 0x000000070f000000, 0x000000070f000000| Complete 
| 121|0x000000070f200000, 0x000000070f200000, 0x000000070f400000|  0%| F|  |TAMS 0x000000070f200000, 0x000000070f200000| Untracked 
| 122|0x000000070f400000, 0x000000070f400000, 0x000000070f600000|  0%| F|  |TAMS 0x000000070f400000, 0x000000070f400000| Untracked 
| 123|0x000000070f600000, 0x000000070f600000, 0x000000070f800000|  0%| F|  |TAMS 0x000000070f600000, 0x000000070f600000| Untracked 
| 124|0x000000070f800000, 0x000000070f800000, 0x000000070fa00000|  0%| F|  |TAMS 0x000000070f800000, 0x000000070f800000| Untracked 
| 125|0x000000070fa00000, 0x000000070fa43140, 0x000000070fc00000| 13%| E|  |TAMS 0x000000070fa00000, 0x000000070fa00000| Complete 
| 126|0x000000070fc00000, 0x000000070fe00000, 0x000000070fe00000|100%| E|CS|TAMS 0x000000070fc00000, 0x000000070fc00000| Complete 
| 127|0x000000070fe00000, 0x0000000710000000, 0x0000000710000000|100%| E|CS|TAMS 0x000000070fe00000, 0x000000070fe00000| Complete 

Card table byte_map: [0x0000000114b40000,0x0000000115340000] _byte_map_base: 0x0000000111340000

Marking Bits (Prev, Next): (CMBitMap*) 0x00007f8f8302c210, (CMBitMap*) 0x00007f8f8302c250
 Prev Bits: [0x0000000115b40000, 0x0000000119b40000)
 Next Bits: [0x0000000129781000, 0x000000012d781000)

Polling page: 0x000000010d684000

Metaspace:

Usage:
  Non-class:     15.34 MB capacity,    15.23 MB (>99%) used,    97.14 KB ( <1%) free+waste,    19.38 KB ( <1%) overhead. 
      Class:      1.79 MB capacity,     1.73 MB ( 96%) used,    60.73 KB (  3%) free+waste,     6.94 KB ( <1%) overhead. 
       Both:     17.14 MB capacity,    16.96 MB ( 99%) used,   157.88 KB ( <1%) free+waste,    26.31 KB ( <1%) overhead. 

Virtual space:
  Non-class space:       16.00 MB reserved,      15.50 MB ( 97%) committed 
      Class space:        1.00 GB reserved,       1.88 MB ( <1%) committed 
             Both:        1.02 GB reserved,      17.38 MB (  2%) committed 

Chunk freelists:
   Non-Class:  32.00 KB
       Class:  20.00 KB
        Both:  52.00 KB

MaxMetaspaceSize: 17179869184.00 GB
CompressedClassSpaceSize: 1.00 GB

CodeHeap 'non-profiled nmethods': size=120032Kb used=410Kb max_used=410Kb free=119621Kb
 bounds [0x0000000122249000, 0x00000001224b9000, 0x0000000129781000]
CodeHeap 'profiled nmethods': size=120028Kb used=2703Kb max_used=2703Kb free=117324Kb
 bounds [0x000000011ad12000, 0x000000011afc2000, 0x0000000122249000]
CodeHeap 'non-nmethods': size=5700Kb used=1176Kb max_used=1194Kb free=4523Kb
 bounds [0x000000011a781000, 0x000000011a9f1000, 0x000000011ad12000]
 total_blobs=1946 nmethods=1513 adapters=346
 compilation: enabled
              stopped_count=0, restarted_count=0
 full_count=0

Compilation events (20 events):
Event: 3.903 Thread 0x00007f8f830d2200 nmethod 1500 0x000000011afaeb10 code [0x000000011afaecc0, 0x000000011afaef80]
Event: 3.903 Thread 0x00007f8f830d2200 1502       1       org.pitest.reloc.asm.SymbolTable::getMajorVersion (5 bytes)
Event: 3.903 Thread 0x00007f8f830d2200 nmethod 1502 0x00000001222ae790 code [0x00000001222ae920, 0x00000001222ae9d0]
Event: 3.919 Thread 0x00007f8f830d2200 1506       3       org.junit.runners.model.TestClass::addToAnnotationLists (93 bytes)
Event: 3.919 Thread 0x00007f8f830d2200 nmethod 1506 0x000000011afaf110 code [0x000000011afaf340, 0x000000011afafd50]
Event: 3.920 Thread 0x00007f8f830d2200 1512       3       java.util.Formatter$Flags::<init> (10 bytes)
Event: 3.920 Thread 0x00007f8f830d2200 nmethod 1512 0x000000011afb0090 code [0x000000011afb0220, 0x000000011afb0370]
Event: 3.920 Thread 0x00007f8f830d2200 1513       3       java.util.regex.Pattern$LastNode::match (45 bytes)
Event: 3.920 Thread 0x00007f8f830d2200 nmethod 1513 0x000000011afb0410 code [0x000000011afb05a0, 0x000000011afb0790]
Event: 3.920 Thread 0x00007f8f830d2200 1507       3       java.lang.reflect.AccessibleObject::checkCanSetAccessible (386 bytes)
Event: 3.924 Thread 0x00007f8f830d2200 nmethod 1507 0x000000011afb0890 code [0x000000011afb0fc0, 0x000000011afb4900]
Event: 3.924 Thread 0x00007f8f830d2200 1508       1       java.util.stream.Collectors$CollectorImpl::supplier (5 bytes)
Event: 3.924 Thread 0x00007f8f830d2200 nmethod 1508 0x00000001222aea90 code [0x00000001222aec20, 0x00000001222aecd0]
Event: 3.924 Thread 0x00007f8f830d2200 1509       1       java.util.stream.Collectors$CollectorImpl::accumulator (5 bytes)
Event: 3.924 Thread 0x00007f8f830d2200 nmethod 1509 0x00000001222aed90 code [0x00000001222aef20, 0x00000001222aefd0]
Event: 3.924 Thread 0x00007f8f830d2200 1510       1       java.util.stream.Collectors$CollectorImpl::combiner (5 bytes)
Event: 3.924 Thread 0x00007f8f830d2200 nmethod 1510 0x00000001222af090 code [0x00000001222af220, 0x00000001222af2d0]
Event: 3.924 Thread 0x00007f8f830d2200 1511       1       java.util.stream.ReduceOps$Box::get (5 bytes)
Event: 3.924 Thread 0x00007f8f830d2200 nmethod 1511 0x00000001222af390 code [0x00000001222af520, 0x00000001222af5d0]
Event: 3.932 Thread 0x00007f8f82019600 1514 % !   4       java.util.concurrent.ConcurrentHashMap::transfer @ 96 (849 bytes)

GC Heap History (4 events):
Event: 1.960 GC heap before
{Heap before GC invocations=0 (full 0):
 garbage-first heap   total 262144K, used 10240K [0x0000000700000000, 0x0000000800000000)
  region size 2048K, 6 young (12288K), 0 survivors (0K)
 Metaspace       used 11314K, capacity 11433K, committed 11648K, reserved 1060864K
  class space    used 1092K, capacity 1147K, committed 1152K, reserved 1048576K
}
Event: 1.964 GC heap after
{Heap after GC invocations=1 (full 0):
 garbage-first heap   total 262144K, used 2833K [0x0000000700000000, 0x0000000800000000)
  region size 2048K, 1 young (2048K), 1 survivors (2048K)
 Metaspace       used 11314K, capacity 11433K, committed 11648K, reserved 1060864K
  class space    used 1092K, capacity 1147K, committed 1152K, reserved 1048576K
}
Event: 3.413 GC heap before
{Heap before GC invocations=1 (full 0):
 garbage-first heap   total 262144K, used 15121K [0x0000000700000000, 0x0000000800000000)
  region size 2048K, 7 young (14336K), 1 survivors (2048K)
 Metaspace       used 15452K, capacity 15617K, committed 15744K, reserved 1062912K
  class space    used 1554K, capacity 1600K, committed 1664K, reserved 1048576K
}
Event: 3.417 GC heap after
{Heap after GC invocations=2 (full 0):
 garbage-first heap   total 262144K, used 3951K [0x0000000700000000, 0x0000000800000000)
  region size 2048K, 1 young (2048K), 1 survivors (2048K)
 Metaspace       used 15452K, capacity 15617K, committed 15744K, reserved 1062912K
  class space    used 1554K, capacity 1600K, committed 1664K, reserved 1048576K
}

Deoptimization events (20 events):
Event: 2.408 Thread 0x00007f8f8200de00 Uncommon trap: trap_request=0xffffffc6 fr.pc=0x00000001222895b0 relative=0x0000000000000270
Event: 2.408 Thread 0x00007f8f8200de00 Uncommon trap: reason=bimorphic_or_optimized_type_check action=maybe_recompile pc=0x00000001222895b0 method=java.util.HashMap.getNode(Ljava/lang/Object;)Ljava/util/HashMap$Node; @ 128 c2
Event: 2.408 Thread 0x00007f8f8200de00 DEOPT PACKING pc=0x00000001222895b0 sp=0x000070000590bd10
Event: 2.408 Thread 0x00007f8f8200de00 DEOPT UNPACKING pc=0x000000011a7cf125 sp=0x000070000590bca8 mode 2
Event: 2.685 Thread 0x00007f8f8200de00 DEOPT PACKING pc=0x000000011ae40ada sp=0x000070000590f8e0
Event: 2.685 Thread 0x00007f8f8200de00 DEOPT UNPACKING pc=0x000000011a7cef2b sp=0x000070000590ed88 mode 0
Event: 3.030 Thread 0x00007f8f8200de00 Uncommon trap: trap_request=0xffffff45 fr.pc=0x000000012227dccc relative=0x000000000000042c
Event: 3.030 Thread 0x00007f8f8200de00 Uncommon trap: reason=unstable_if action=reinterpret pc=0x000000012227dccc method=java.lang.StringLatin1.replace([BCC)Ljava/lang/String; @ 19 c2
Event: 3.030 Thread 0x00007f8f8200de00 DEOPT PACKING pc=0x000000012227dccc sp=0x0000700005910380
Event: 3.030 Thread 0x00007f8f8200de00 DEOPT UNPACKING pc=0x000000011a7cf125 sp=0x0000700005910310 mode 2
Event: 3.428 Thread 0x00007f8f829bf000 Uncommon trap: trap_request=0xffffffc6 fr.pc=0x00000001222895b0 relative=0x0000000000000270
Event: 3.428 Thread 0x00007f8f829bf000 Uncommon trap: reason=bimorphic_or_optimized_type_check action=maybe_recompile pc=0x00000001222895b0 method=java.util.HashMap.getNode(Ljava/lang/Object;)Ljava/util/HashMap$Node; @ 128 c2
Event: 3.442 Thread 0x00007f8f829bf000 DEOPT PACKING pc=0x00000001222895b0 sp=0x0000700006e50140
Event: 3.442 Thread 0x00007f8f829bf000 DEOPT UNPACKING pc=0x000000011a7cf125 sp=0x0000700006e500d8 mode 2
Event: 3.444 Thread 0x00007f8f829bf000 Uncommon trap: trap_request=0xffffffc6 fr.pc=0x00000001222895b0 relative=0x0000000000000270
Event: 3.444 Thread 0x00007f8f829bf000 Uncommon trap: reason=bimorphic_or_optimized_type_check action=maybe_recompile pc=0x00000001222895b0 method=java.util.HashMap.getNode(Ljava/lang/Object;)Ljava/util/HashMap$Node; @ 128 c2
Event: 3.444 Thread 0x00007f8f829bf000 DEOPT PACKING pc=0x00000001222895b0 sp=0x0000700006e502c0
Event: 3.444 Thread 0x00007f8f829bf000 DEOPT UNPACKING pc=0x000000011a7cf125 sp=0x0000700006e50258 mode 2
Event: 3.869 Thread 0x00007f8f829bf000 DEOPT PACKING pc=0x000000011ae15288 sp=0x0000700006e51730
Event: 3.869 Thread 0x00007f8f829bf000 DEOPT UNPACKING pc=0x000000011a7cef2b sp=0x0000700006e50c68 mode 0

Classes unloaded (0 events):
No events

Classes redefined (2 events):
Event: 3.340 Thread 0x00007f8f83840490 redefined class name=net.sf.jniinchi.JniInchiWrapper, count=1
Event: 3.908 Thread 0x00007f8f83840490 redefined class name=net.sf.jniinchi.JniInchiWrapper, count=2

Internal exceptions (20 events):
Event: 1.402 Thread 0x00007f8f8200de00 Exception <a 'java/lang/NoSuchMethodError'{0x000000070fb99528}: 'java.lang.Object java.lang.invoke.DirectMethodHandle$Holder.invokeInterface(java.lang.Object, java.lang.Object)'> (0x000000070fb99528) 
thrown [./open/src/hotspot/share/interpreter/linkResolver.cpp, line 782]
Event: 1.407 Thread 0x00007f8f8200de00 Exception <a 'java/lang/NoSuchMethodError'{0x000000070fba1bb8}: 'java.lang.Object java.lang.invoke.DirectMethodHandle$Holder.invokeStaticInit(java.lang.Object, java.lang.Object, java.lang.Object)'> (0x000000070fba1bb8) 
thrown [./open/src/hotspot/share/interpreter/linkResolver.cpp, line 782]
Event: 1.423 Thread 0x00007f8f8200de00 Exception <a 'java/lang/NoSuchMethodError'{0x000000070fbd01c0}: 'int java.lang.invoke.DirectMethodHandle$Holder.invokeSpecial(java.lang.Object, java.lang.Object, java.lang.Object)'> (0x000000070fbd01c0) 
thrown [./open/src/hotspot/share/interpreter/linkResolver.cpp, line 782]
Event: 1.819 Thread 0x00007f8f8200de00 Exception <a 'java/lang/NoSuchMethodError'{0x000000070f7cc718}: 'int java.lang.invoke.DirectMethodHandle$Holder.invokeStaticInit(java.lang.Object, java.lang.Object, java.lang.Object)'> (0x000000070f7cc718) 
thrown [./open/src/hotspot/share/interpreter/linkResolver.cpp, line 782]
Event: 1.853 Thread 0x00007f8f8200de00 Exception <a 'java/lang/NoSuchMethodError'{0x000000070f4baff0}: 'int java.lang.invoke.DirectMethodHandle$Holder.invokeSpecialIFC(java.lang.Object, java.lang.Object, java.lang.Object)'> (0x000000070f4baff0) 
thrown [./open/src/hotspot/share/interpreter/linkResolver.cpp, line 782]
Event: 2.005 Thread 0x00007f8f8200de00 Exception <a 'java/lang/NoSuchMethodError'{0x000000070fe94a40}: 'void java.lang.invoke.DirectMethodHandle$Holder.invokeStaticInit(java.lang.Object, java.lang.Object)'> (0x000000070fe94a40) 
thrown [./open/src/hotspot/share/interpreter/linkResolver.cpp, line 782]
Event: 2.662 Thread 0x00007f8f8200de00 Exception <a 'java/lang/IncompatibleClassChangeError'{0x000000070fbd59d8}: Found class java.lang.Object, but interface was expected> (0x000000070fbd59d8) 
thrown [./open/src/hotspot/share/interpreter/linkResolver.cpp, line 848]
Event: 2.687 Thread 0x00007f8f8200de00 Exception <a 'java/lang/NoSuchMethodError'{0x000000070f85f1d8}: 'java.lang.Object java.lang.invoke.DirectMethodHandle$Holder.newInvokeSpecial(java.lang.Object, java.lang.Object, java.lang.Object, java.lang.Object, java.lang.Object)'> (0x000000070f85f1d8) 
thrown [./open/src/hotspot/share/interpreter/linkResolver.cpp, line 782]
Event: 3.411 Thread 0x00007f8f829bf000 Exception <a 'java/lang/ClassNotFoundException'{0x000000070f5f4078}: org/apache/log4j/PatternLayoutBeanInfo> (0x000000070f5f4078) 
thrown [./open/src/hotspot/share/classfile/systemDictionary.cpp, line 295]
Event: 3.411 Thread 0x00007f8f829bf000 Exception <a 'java/lang/ClassNotFoundException'{0x000000070f5f7ac0}: org/apache/log4j/LayoutBeanInfo> (0x000000070f5f7ac0) 
thrown [./open/src/hotspot/share/classfile/systemDictionary.cpp, line 295]
Event: 3.412 Thread 0x00007f8f829bf000 Exception <a 'java/lang/ClassNotFoundException'{0x000000070f5f87c0}: java/lang/ObjectBeanInfo> (0x000000070f5f87c0) 
thrown [./open/src/hotspot/share/classfile/systemDictionary.cpp, line 295]
Event: 3.412 Thread 0x00007f8f829bf000 Exception <a 'java/lang/ClassNotFoundException'{0x000000070f5fa7d8}: java/lang/ObjectCustomizer> (0x000000070f5fa7d8) 
thrown [./open/src/hotspot/share/classfile/systemDictionary.cpp, line 295]
Event: 3.428 Thread 0x00007f8f829bf000 Exception <a 'java/lang/ClassNotFoundException'{0x000000070fe2f500}: org/apache/log4j/LayoutCustomizer> (0x000000070fe2f500) 
thrown [./open/src/hotspot/share/classfile/systemDictionary.cpp, line 295]
Event: 3.444 Thread 0x00007f8f829bf000 Exception <a 'java/lang/ClassNotFoundException'{0x000000070fe42dd8}: org/apache/log4j/PatternLayoutCustomizer> (0x000000070fe42dd8) 
thrown [./open/src/hotspot/share/classfile/systemDictionary.cpp, line 295]
Event: 3.869 Thread 0x00007f8f829bf000 Exception <a 'java/lang/reflect/InvocationTargetException'{0x000000070fcc38e0}> (0x000000070fcc38e0) 
thrown [./open/src/hotspot/share/runtime/reflection.cpp, line 1157]
Event: 3.883 Thread 0x00007f8f8200de00 Exception <a 'java/lang/NoSuchMethodError'{0x000000070fd099f0}: 'void java.lang.invoke.DirectMethodHandle$Holder.invokeStatic(java.lang.Object, java.lang.Object, java.lang.Object)'> (0x000000070fd099f0) 
thrown [./open/src/hotspot/share/interpreter/linkResolver.cpp, line 782]
Event: 3.932 Thread 0x00007f8f829bf000 Exception <a 'java/lang/NullPointerException'{0x000000070fa097a8}> (0x000000070fa097a8) 
thrown [./open/src/hotspot/share/prims/jni.cpp, line 987]
Event: 3.932 Thread 0x00007f8f829bf000 Exception <a 'java/lang/NullPointerException'{0x000000070fa09a80}> (0x000000070fa09a80) 
thrown [./open/src/hotspot/share/prims/jni.cpp, line 987]
Event: 3.932 Thread 0x00007f8f829bf000 Exception <a 'java/lang/NullPointerException'{0x000000070fa09d58}> (0x000000070fa09d58) 
thrown [./open/src/hotspot/share/prims/jni.cpp, line 987]
Event: 3.932 Thread 0x00007f8f829bf000 Exception <a 'java/lang/NullPointerException'{0x000000070fa0a030}> (0x000000070fa0a030) 
thrown [./open/src/hotspot/share/prims/jni.cpp, line 987]

Events (20 events):
Event: 3.885 loading class org/pitest/testapi/TestResult
Event: 3.885 loading class org/pitest/testapi/TestResult done
Event: 3.885 loading class org/pitest/testapi/Description
Event: 3.885 loading class org/pitest/testapi/Description done
Event: 3.885 loading class org/pitest/testapi/Description
Event: 3.885 loading class org/pitest/testapi/Description done
Event: 3.885 loading class org/pitest/testapi/Description
Event: 3.885 loading class org/pitest/testapi/Description done
Event: 3.886 loading class org/pitest/mutationtest/MutationStatusTestPair
Event: 3.886 loading class org/pitest/mutationtest/MutationStatusTestPair done
Event: 3.886 loading class org/pitest/mutationtest/DetectionStatus
Event: 3.886 loading class org/pitest/mutationtest/DetectionStatus done
Event: 3.891 loading class org/pitest/mutationtest/engine/gregor/AbstractJumpMutator$Substitution
Event: 3.891 loading class org/pitest/mutationtest/engine/gregor/AbstractJumpMutator$Substitution done
Event: 3.905 Executing VM operation: RedefineClasses
Event: 3.914 Executing VM operation: RedefineClasses done
Event: 3.915 Thread 0x00007f8f829bf000 Thread added: 0x00007f8f829bf000
Event: 3.915 Protecting memory [0x0000700006d53000,0x0000700006d57000] with protection modes 0
Event: 3.919 Executing VM operation: ICBufferFull
Event: 3.930 Executing VM operation: ICBufferFull done


Dynamic libraries:
0x00007fff2a532000 	/usr/lib/libz.1.dylib
0x000000010d64e000 	/Users/thomasmatthews/.p2/pool/plugins/org.eclipse.justj.openjdk.hotspot.jre.full.macosx.x86_64_15.0.2.v20210201-0955/jre/lib/libjli.dylib
0x00007fff35084000 	/System/Library/Frameworks/Cocoa.framework/Versions/A/Cocoa
0x00007fff222a9000 	/System/Library/Frameworks/Security.framework/Versions/A/Security
0x00007fff33281000 	/System/Library/Frameworks/ApplicationServices.framework/Versions/A/ApplicationServices
0x00007fff2a5fa000 	/usr/lib/libSystem.B.dylib
0x00007fff2a5f4000 	/usr/lib/system/libcache.dylib
0x00007fff2a5b0000 	/usr/lib/system/libcommonCrypto.dylib
0x00007fff2a5da000 	/usr/lib/system/libcompiler_rt.dylib
0x00007fff2a5cf000 	/usr/lib/system/libcopyfile.dylib
0x00007fff2017d000 	/usr/lib/system/libcorecrypto.dylib
0x00007fff2024a000 	/usr/lib/system/libdispatch.dylib
0x00007fff203fe000 	/usr/lib/system/libdyld.dylib
0x00007fff2a5eb000 	/usr/lib/system/libkeymgr.dylib
0x00007fff2da33000 	/usr/lib/system/liblaunch.dylib
0x00007fff2a58e000 	/usr/lib/system/libmacho.dylib
0x00007fff29da8000 	/usr/lib/system/libquarantine.dylib
0x00007fff2a5e8000 	/usr/lib/system/libremovefile.dylib
0x00007fff24c40000 	/usr/lib/system/libsystem_asl.dylib
0x00007fff2012d000 	/usr/lib/system/libsystem_blocks.dylib
0x00007fff202cb000 	/usr/lib/system/libsystem_c.dylib
0x00007fff2a5e2000 	/usr/lib/system/libsystem_collections.dylib
0x00007fff2909c000 	/usr/lib/system/libsystem_configuration.dylib
0x00007fff2838f000 	/usr/lib/system/libsystem_containermanager.dylib
0x00007fff2a32a000 	/usr/lib/system/libsystem_coreservices.dylib
0x00007fff2285d000 	/usr/lib/system/libsystem_darwin.dylib
0x00007fff2a5ec000 	/usr/lib/system/libsystem_dnssd.dylib
0x00007fff202c8000 	/usr/lib/system/libsystem_featureflags.dylib
0x00007fff20443000 	/usr/lib/system/libsystem_info.dylib
0x00007fff2a545000 	/usr/lib/system/libsystem_m.dylib
0x00007fff2021d000 	/usr/lib/system/libsystem_malloc.dylib
0x00007fff24bd4000 	/usr/lib/system/libsystem_networkextension.dylib
0x00007fff22c78000 	/usr/lib/system/libsystem_notify.dylib
0x00007fff2fee7000 	/usr/lib/system/libsystem_product_info_filter.dylib
0x00007fff290a0000 	/usr/lib/system/libsystem_sandbox.dylib
0x00007fff2a5e5000 	/usr/lib/system/libsystem_secinit.dylib
0x00007fff203c3000 	/usr/lib/system/libsystem_kernel.dylib
0x00007fff20439000 	/usr/lib/system/libsystem_platform.dylib
0x00007fff203f2000 	/usr/lib/system/libsystem_pthread.dylib
0x00007fff2633f000 	/usr/lib/system/libsystem_symptoms.dylib
0x00007fff20165000 	/usr/lib/system/libsystem_trace.dylib
0x00007fff2a5bc000 	/usr/lib/system/libunwind.dylib
0x00007fff2012f000 	/usr/lib/system/libxpc.dylib
0x00007fff203aa000 	/usr/lib/libc++abi.dylib
0x00007fff2028f000 	/usr/lib/libobjc.A.dylib
0x00007fff2a5c7000 	/usr/lib/liboah.dylib
0x00007fff20354000 	/usr/lib/libc++.1.dylib
0x00007fff2046f000 	/System/Library/Frameworks/CoreFoundation.framework/Versions/A/CoreFoundation
0x00007fff2121c000 	/System/Library/Frameworks/Foundation.framework/Versions/C/Foundation
0x00007fff22cd0000 	/System/Library/Frameworks/AppKit.framework/Versions/C/AppKit
0x00007fff25b68000 	/System/Library/Frameworks/CoreData.framework/Versions/A/CoreData
0x00007fff23a33000 	/System/Library/PrivateFrameworks/UIFoundation.framework/Versions/A/UIFoundation
0x00007fff2fc60000 	/System/Library/PrivateFrameworks/RemoteViewServices.framework/Versions/A/RemoteViewServices
0x00007fff28a59000 	/System/Library/PrivateFrameworks/XCTTargetBootstrap.framework/Versions/A/XCTTargetBootstrap
0x00007fff2b73a000 	/usr/lib/libspindump.dylib
0x00007fff23c88000 	/System/Library/Frameworks/UniformTypeIdentifiers.framework/Versions/A/UniformTypeIdentifiers
0x00007fff2722f000 	/usr/lib/libapp_launch_measurement.dylib
0x00007fff27232000 	/System/Library/PrivateFrameworks/CoreAutoLayout.framework/Versions/A/CoreAutoLayout
0x00007fff283bb000 	/System/Library/Frameworks/Metal.framework/Versions/A/Metal
0x00007fff290ab000 	/usr/lib/liblangid.dylib
0x00007fff28a5d000 	/System/Library/PrivateFrameworks/CoreSVG.framework/Versions/A/CoreSVG
0x00007fff24c6f000 	/System/Library/PrivateFrameworks/SkyLight.framework/Versions/A/SkyLight
0x00007fff24fd6000 	/System/Library/Frameworks/CoreGraphics.framework/Versions/A/CoreGraphics
0x00007fff302b7000 	/System/Library/Frameworks/Accelerate.framework/Versions/A/Accelerate
0x00007fff2b175000 	/System/Library/PrivateFrameworks/IconServices.framework/Versions/A/IconServices
0x00007fff283a0000 	/System/Library/Frameworks/IOSurface.framework/Versions/A/IOSurface
0x00007fff264f1000 	/usr/lib/libDiagnosticMessagesClient.dylib
0x00007fff28a45000 	/System/Library/PrivateFrameworks/DFRFoundation.framework/Versions/A/DFRFoundation
0x00007fff225fb000 	/usr/lib/libicucore.A.dylib
0x00007fff2cc81000 	/System/Library/Frameworks/AudioToolbox.framework/Versions/A/AudioToolbox
0x00007fff2bf26000 	/System/Library/PrivateFrameworks/DataDetectorsCore.framework/Versions/A/DataDetectorsCore
0x00007fff28745000 	/System/Library/Frameworks/Carbon.framework/Versions/A/Frameworks/HIToolbox.framework/Versions/A/HIToolbox
0x00007fff26c8a000 	/System/Library/Frameworks/QuartzCore.framework/Versions/A/QuartzCore
0x00007fff2fc9c000 	/System/Library/Frameworks/Carbon.framework/Versions/A/Frameworks/SpeechRecognition.framework/Versions/A/SpeechRecognition
0x00007fff26f97000 	/System/Library/PrivateFrameworks/CoreUI.framework/Versions/A/CoreUI
0x00007fff21c04000 	/System/Library/Frameworks/CoreAudio.framework/Versions/A/CoreAudio
0x00007fff265dc000 	/System/Library/Frameworks/DiskArbitration.framework/Versions/A/DiskArbitration
0x00007fff2bb35000 	/System/Library/PrivateFrameworks/MultitouchSupport.framework/Versions/A/MultitouchSupport
0x00007fff2bf1d000 	/System/Library/PrivateFrameworks/InternationalSupport.framework/Versions/A/InternationalSupport
0x00007fff24be3000 	/usr/lib/libenergytrace.dylib
0x00007fff22bc9000 	/System/Library/Frameworks/IOKit.framework/Versions/A/IOKit
0x00007fff2ffe9000 	/System/Library/Frameworks/CoreServices.framework/Versions/A/CoreServices
0x00007fff271c5000 	/System/Library/PrivateFrameworks/PerformanceAnalysis.framework/Versions/A/PerformanceAnalysis
0x00007fff6c952000 	/System/Library/Frameworks/OpenGL.framework/Versions/A/OpenGL
0x00007fff2bfa2000 	/System/Library/PrivateFrameworks/UserActivity.framework/Versions/A/UserActivity
0x00007fff2566a000 	/System/Library/Frameworks/ColorSync.framework/Versions/A/ColorSync
0x00007fff28cc2000 	/System/Library/Frameworks/CoreImage.framework/Versions/A/CoreImage
0x00007fff21a1b000 	/System/Library/Frameworks/CoreText.framework/Versions/A/CoreText
0x00007fff28a87000 	/System/Library/Frameworks/ImageIO.framework/Versions/A/ImageIO
0x00007fff2a600000 	/System/Library/PrivateFrameworks/SoftLinking.framework/Versions/A/SoftLinking
0x00007fff2727b000 	/usr/lib/libxml2.2.dylib
0x00007fff2a872000 	/usr/lib/libcompression.dylib
0x00007fff24be4000 	/usr/lib/libMobileGestalt.dylib
0x00007fff2be50000 	/System/Library/PrivateFrameworks/TextureIO.framework/Versions/A/TextureIO
0x00007fff2ae98000 	/usr/lib/libate.dylib
0x00007fff2ac7d000 	/usr/lib/liblzma.5.dylib
0x00007fff20f30000 	/System/Library/Frameworks/SystemConfiguration.framework/Versions/A/SystemConfiguration
0x00007fff2a5fc000 	/usr/lib/libfakelink.dylib
0x00007fff24736000 	/System/Library/Frameworks/CFNetwork.framework/Versions/A/CFNetwork
0x00007fff2a73c000 	/usr/lib/libarchive.2.dylib
0x00007fff20fae000 	/usr/lib/libCRFSuite.dylib
0x00007fff29dcf000 	/usr/lib/libbsm.0.dylib
0x00007fff240f2000 	/usr/lib/libnetwork.dylib
0x00007fff2a601000 	/usr/lib/libpcap.A.dylib
0x00007fff26338000 	/usr/lib/libdns_services.dylib
0x00007fff2ac96000 	/usr/lib/libcoretls_cfhelpers.dylib
0x00007fff2a840000 	/usr/lib/libapple_nghttp2.dylib
0x00007fff2a594000 	/usr/lib/system/libkxld.dylib
0x00007fff25f9e000 	/usr/lib/libsqlite3.dylib
0x00007fff2a30c000 	/System/Library/PrivateFrameworks/AppleFSCompression.framework/Versions/A/AppleFSCompression
0x00007fff29db7000 	/usr/lib/libcoretls.dylib
0x00007fff2a86d000 	/usr/lib/libpam.2.dylib
0x00007fff2ad93000 	/usr/lib/libxar.1.dylib
0x00007fff290a7000 	/System/Library/PrivateFrameworks/AppleSystemInfo.framework/Versions/A/AppleSystemInfo
0x00007fff299fa000 	/System/Library/PrivateFrameworks/IOMobileFramebuffer.framework/Versions/A/IOMobileFramebuffer
0x00007fff2a31c000 	/usr/lib/libbz2.1.0.dylib
0x00007fff2a639000 	/usr/lib/libiconv.2.dylib
0x00007fff2a58d000 	/usr/lib/libcharset.1.dylib
0x00007fff27201000 	/System/Library/Frameworks/CoreServices.framework/Versions/A/Frameworks/FSEvents.framework/Versions/A/FSEvents
0x00007fff22867000 	/System/Library/Frameworks/CoreServices.framework/Versions/A/Frameworks/CarbonCore.framework/Versions/A/CarbonCore
0x00007fff26541000 	/System/Library/Frameworks/CoreServices.framework/Versions/A/Frameworks/Metadata.framework/Versions/A/Metadata
0x00007fff2a32f000 	/System/Library/Frameworks/CoreServices.framework/Versions/A/Frameworks/OSServices.framework/Versions/A/OSServices
0x00007fff2a7ae000 	/System/Library/Frameworks/CoreServices.framework/Versions/A/Frameworks/SearchKit.framework/Versions/A/SearchKit
0x00007fff262c2000 	/System/Library/Frameworks/CoreServices.framework/Versions/A/Frameworks/AE.framework/Versions/A/AE
0x00007fff2090b000 	/System/Library/Frameworks/CoreServices.framework/Versions/A/Frameworks/LaunchServices.framework/Versions/A/LaunchServices
0x00007fff2ac2e000 	/System/Library/Frameworks/CoreServices.framework/Versions/A/Frameworks/DictionaryServices.framework/Versions/A/DictionaryServices
0x00007fff2720a000 	/System/Library/Frameworks/CoreServices.framework/Versions/A/Frameworks/SharedFileList.framework/Versions/A/SharedFileList
0x00007fff29dab000 	/usr/lib/libCheckFix.dylib
0x00007fff24c57000 	/System/Library/PrivateFrameworks/TCC.framework/Versions/A/TCC
0x00007fff290ad000 	/System/Library/PrivateFrameworks/CoreNLP.framework/Versions/A/CoreNLP
0x00007fff264f4000 	/System/Library/PrivateFrameworks/MetadataUtilities.framework/Versions/A/MetadataUtilities
0x00007fff20fe4000 	/usr/lib/libmecabra.dylib
0x00007fff2a0be000 	/System/Library/Frameworks/MLCompute.framework/Versions/A/MLCompute
0x00007fff29de0000 	/usr/lib/libmecab.dylib
0x00007fff29e2a000 	/usr/lib/libgermantok.dylib
0x00007fff2a816000 	/usr/lib/libThaiTokenizer.dylib
0x00007fff2adce000 	/usr/lib/libChineseTokenizer.dylib
0x00007fff2a86b000 	/System/Library/Frameworks/MetalPerformanceShaders.framework/Versions/A/MetalPerformanceShaders
0x00007fff265e3000 	/System/Library/Frameworks/Accelerate.framework/Versions/A/Frameworks/vImage.framework/Versions/A/vImage
0x00007fff2ffc2000 	/System/Library/Frameworks/Accelerate.framework/Versions/A/Frameworks/vecLib.framework/Versions/A/vecLib
0x00007fff2add9000 	/System/Library/Frameworks/Accelerate.framework/Versions/A/Frameworks/vecLib.framework/Versions/A/libvMisc.dylib
0x00007fff29813000 	/System/Library/Frameworks/Accelerate.framework/Versions/A/Frameworks/vecLib.framework/Versions/A/libvDSP.dylib
0x00007fff20c0f000 	/System/Library/Frameworks/Accelerate.framework/Versions/A/Frameworks/vecLib.framework/Versions/A/libBLAS.dylib
0x00007fff2a891000 	/System/Library/Frameworks/Accelerate.framework/Versions/A/Frameworks/vecLib.framework/Versions/A/libLAPACK.dylib
0x00007fff29e30000 	/System/Library/Frameworks/Accelerate.framework/Versions/A/Frameworks/vecLib.framework/Versions/A/libLinearAlgebra.dylib
0x00007fff2a858000 	/System/Library/Frameworks/Accelerate.framework/Versions/A/Frameworks/vecLib.framework/Versions/A/libSparseBLAS.dylib
0x00007fff2a88b000 	/System/Library/Frameworks/Accelerate.framework/Versions/A/Frameworks/vecLib.framework/Versions/A/libQuadrature.dylib
0x00007fff29155000 	/System/Library/Frameworks/Accelerate.framework/Versions/A/Frameworks/vecLib.framework/Versions/A/libBNNS.dylib
0x00007fff20ec1000 	/System/Library/Frameworks/Accelerate.framework/Versions/A/Frameworks/vecLib.framework/Versions/A/libSparse.dylib
0x00007fff29040000 	/System/Library/Frameworks/MetalPerformanceShaders.framework/Versions/A/Frameworks/MPSCore.framework/Versions/A/MPSCore
0x00007fff2a27b000 	/System/Library/Frameworks/MetalPerformanceShaders.framework/Versions/A/Frameworks/MPSImage.framework/Versions/A/MPSImage
0x00007fff29e46000 	/System/Library/Frameworks/MetalPerformanceShaders.framework/Versions/A/Frameworks/MPSNeuralNetwork.framework/Versions/A/MPSNeuralNetwork
0x00007fff2a206000 	/System/Library/Frameworks/MetalPerformanceShaders.framework/Versions/A/Frameworks/MPSMatrix.framework/Versions/A/MPSMatrix
0x00007fff2a06e000 	/System/Library/Frameworks/MetalPerformanceShaders.framework/Versions/A/Frameworks/MPSRayIntersector.framework/Versions/A/MPSRayIntersector
0x00007fff2a23d000 	/System/Library/Frameworks/MetalPerformanceShaders.framework/Versions/A/Frameworks/MPSNDArray.framework/Versions/A/MPSNDArray
0x00007fff20b3b000 	/System/Library/PrivateFrameworks/MetalTools.framework/Versions/A/MetalTools
0x00007fff290a5000 	/System/Library/PrivateFrameworks/AggregateDictionary.framework/Versions/A/AggregateDictionary
0x00007fff264cc000 	/System/Library/PrivateFrameworks/CoreAnalytics.framework/Versions/A/CoreAnalytics
0x00007fff2a818000 	/System/Library/PrivateFrameworks/AppleSauce.framework/Versions/A/AppleSauce
0x00007fff283b2000 	/System/Library/PrivateFrameworks/IOAccelerator.framework/Versions/A/IOAccelerator
0x00007fff6c946000 	/System/Library/Frameworks/OpenGL.framework/Versions/A/Libraries/libCoreFSCache.dylib
0x00007fff21580000 	/System/Library/PrivateFrameworks/LanguageModeling.framework/Versions/A/LanguageModeling
0x00007fff299e7000 	/System/Library/PrivateFrameworks/CoreEmoji.framework/Versions/A/CoreEmoji
0x00007fff2914e000 	/System/Library/PrivateFrameworks/LinguisticData.framework/Versions/A/LinguisticData
0x00007fff20e73000 	/System/Library/PrivateFrameworks/Lexicon.framework/Versions/A/Lexicon
0x00007fff2a72a000 	/usr/lib/libcmph.dylib
0x00007fff271e1000 	/System/Library/Frameworks/OpenDirectory.framework/Versions/A/Frameworks/CFOpenDirectory.framework/Versions/A/CFOpenDirectory
0x00007fff271d1000 	/System/Library/Frameworks/OpenDirectory.framework/Versions/A/OpenDirectory
0x00007fff2ac98000 	/System/Library/PrivateFrameworks/APFS.framework/Versions/A/APFS
0x00007fff29d0c000 	/System/Library/Frameworks/SecurityFoundation.framework/Versions/A/SecurityFoundation
0x00007fff2ada1000 	/usr/lib/libutil.dylib
0x00007fff22b8e000 	/System/Library/PrivateFrameworks/CoreServicesStore.framework/Versions/A/CoreServicesStore
0x00007fff29da3000 	/System/Library/Frameworks/ServiceManagement.framework/Versions/A/ServiceManagement
0x00007fff2ada5000 	/usr/lib/libxslt.1.dylib
0x00007fff29d99000 	/System/Library/PrivateFrameworks/BackgroundTaskManagement.framework/Versions/A/BackgroundTaskManagement
0x00007fff2bd9a000 	/System/Library/Frameworks/ImageIO.framework/Versions/A/Resources/libRadiance.dylib
0x00007fff2bda4000 	/System/Library/Frameworks/ImageIO.framework/Versions/A/Resources/libJPEG.dylib
0x00007fff2bcef000 	/System/Library/Frameworks/ImageIO.framework/Versions/A/Resources/libPng.dylib
0x00007fff2bd16000 	/System/Library/Frameworks/ImageIO.framework/Versions/A/Resources/libTIFF.dylib
0x00007fff2bdf9000 	/System/Library/Frameworks/ImageIO.framework/Versions/A/Resources/libGIF.dylib
0x00007fff2ba52000 	/System/Library/Frameworks/ImageIO.framework/Versions/A/Resources/libJP2.dylib
0x00007fff2b13c000 	/usr/lib/libexpat.1.dylib
0x00007fff2ba07000 	/System/Library/PrivateFrameworks/AppleJPEG.framework/Versions/A/AppleJPEG
0x00007fff285e8000 	/System/Library/PrivateFrameworks/FontServices.framework/libFontParser.dylib
0x00007fff26276000 	/System/Library/PrivateFrameworks/RunningBoardServices.framework/Versions/A/RunningBoardServices
0x00007fff2bb31000 	/System/Library/PrivateFrameworks/WatchdogClient.framework/Versions/A/WatchdogClient
0x00007fff2166d000 	/System/Library/Frameworks/CoreDisplay.framework/Versions/A/CoreDisplay
0x00007fff284fe000 	/System/Library/Frameworks/CoreMedia.framework/Versions/A/CoreMedia
0x00007fff2735e000 	/System/Library/Frameworks/CoreVideo.framework/Versions/A/CoreVideo
0x00007fff2bb69000 	/System/Library/Frameworks/VideoToolbox.framework/Versions/A/VideoToolbox
0x00007fff261f4000 	/System/Library/PrivateFrameworks/BaseBoard.framework/Versions/A/BaseBoard
0x00007fff2b281000 	/System/Library/PrivateFrameworks/PersistentConnection.framework/Versions/A/PersistentConnection
0x00007fff25f87000 	/System/Library/PrivateFrameworks/ProtocolBuffer.framework/Versions/A/ProtocolBuffer
0x00007fff261db000 	/System/Library/PrivateFrameworks/CommonUtilities.framework/Versions/A/CommonUtilities
0x00007fff2b99c000 	/System/Library/PrivateFrameworks/Bom.framework/Versions/A/Bom
0x00007fff2bd93000 	/System/Library/PrivateFrameworks/GPUWrangler.framework/Versions/A/GPUWrangler
0x00007fff2bd76000 	/System/Library/PrivateFrameworks/IOPresentment.framework/Versions/A/IOPresentment
0x00007fff2bd9e000 	/System/Library/PrivateFrameworks/DSExternalDisplay.framework/Versions/A/DSExternalDisplay
0x00007fff2bdfe000 	/System/Library/PrivateFrameworks/CMCaptureCore.framework/Versions/A/CMCaptureCore
0x00007fff2b721000 	/System/Library/PrivateFrameworks/AppServerSupport.framework/Versions/A/AppServerSupport
0x00007fff2d7d2000 	/System/Library/PrivateFrameworks/perfdata.framework/Versions/A/perfdata
0x00007fff29cfb000 	/System/Library/PrivateFrameworks/AssertionServices.framework/Versions/A/AssertionServices
0x00007fff217a4000 	/System/Library/PrivateFrameworks/AudioToolboxCore.framework/Versions/A/AudioToolboxCore
0x00007fff284e1000 	/System/Library/PrivateFrameworks/caulk.framework/Versions/A/caulk
0x00007fff3d47d000 	/System/Library/PrivateFrameworks/SystemPolicy.framework/Versions/A/SystemPolicy
0x00007fff2af31000 	/usr/lib/libIOReport.dylib
0x00007fff2cff4000 	/usr/lib/libSMC.dylib
0x00007fff2bcbc000 	/usr/lib/libAudioToolboxUtility.dylib
0x00007fff3dde7000 	/usr/lib/libmis.dylib
0x00007fff6c9a2000 	/System/Library/Frameworks/OpenGL.framework/Versions/A/Libraries/libGLU.dylib
0x00007fff6c965000 	/System/Library/Frameworks/OpenGL.framework/Versions/A/Libraries/libGFXShared.dylib
0x00007fff6cb74000 	/System/Library/Frameworks/OpenGL.framework/Versions/A/Libraries/libGL.dylib
0x00007fff6c96e000 	/System/Library/Frameworks/OpenGL.framework/Versions/A/Libraries/libGLImage.dylib
0x00007fff6c962000 	/System/Library/Frameworks/OpenGL.framework/Versions/A/Libraries/libCVMSPluginSupport.dylib
0x00007fff6c94d000 	/System/Library/Frameworks/OpenGL.framework/Versions/A/Libraries/libCoreVMClient.dylib
0x00007fff6dfb5000 	/System/Library/Frameworks/OpenCL.framework/Versions/A/OpenCL
0x00007fff2b2ab000 	/System/Library/PrivateFrameworks/GraphVisualizer.framework/Versions/A/GraphVisualizer
0x00007fff2b2ba000 	/System/Library/PrivateFrameworks/FaceCore.framework/Versions/A/FaceCore
0x00007fff2b6d6000 	/System/Library/PrivateFrameworks/OTSVG.framework/Versions/A/OTSVG
0x00007fff26f55000 	/System/Library/Frameworks/ApplicationServices.framework/Versions/A/Frameworks/ATS.framework/Versions/A/Resources/libFontRegistry.dylib
0x00007fff2b728000 	/System/Library/PrivateFrameworks/FontServices.framework/libhvf.dylib
0x00007fff2b0e8000 	/System/Library/PrivateFrameworks/AppleVA.framework/Versions/A/AppleVA
0x00007fff2ce3d000 	/System/Library/Frameworks/ApplicationServices.framework/Versions/A/Frameworks/ATS.framework/Versions/A/ATS
0x00007fff2d14f000 	/System/Library/Frameworks/ApplicationServices.framework/Versions/A/Frameworks/ColorSyncLegacy.framework/Versions/A/ColorSyncLegacy
0x00007fff25761000 	/System/Library/Frameworks/ApplicationServices.framework/Versions/A/Frameworks/HIServices.framework/Versions/A/HIServices
0x00007fff2d134000 	/System/Library/Frameworks/ApplicationServices.framework/Versions/A/Frameworks/LangAnalysis.framework/Versions/A/LangAnalysis
0x00007fff2be08000 	/System/Library/Frameworks/ApplicationServices.framework/Versions/A/Frameworks/PrintCore.framework/Versions/A/PrintCore
0x00007fff2d157000 	/System/Library/Frameworks/ApplicationServices.framework/Versions/A/Frameworks/QD.framework/Versions/A/QD
0x00007fff2ce2d000 	/System/Library/Frameworks/ApplicationServices.framework/Versions/A/Frameworks/SpeechSynthesis.framework/Versions/A/SpeechSynthesis
0x00007fff2bdc9000 	/System/Library/Frameworks/ApplicationServices.framework/Versions/A/Frameworks/ATSUI.framework/Versions/A/ATSUI
0x00007fff2d0d4000 	/usr/lib/libcups.2.dylib
0x00007fff2d144000 	/System/Library/PrivateFrameworks/NetAuth.framework/Versions/A/NetAuth
0x00007fff2d7ee000 	/System/Library/Frameworks/Kerberos.framework/Versions/A/Kerberos
0x00007fff2d7fe000 	/System/Library/Frameworks/GSS.framework/Versions/A/GSS
0x00007fff2cea9000 	/usr/lib/libresolv.9.dylib
0x00007fff2b73d000 	/System/Library/PrivateFrameworks/Heimdal.framework/Versions/A/Heimdal
0x00007fff33582000 	/System/Library/Frameworks/Kerberos.framework/Versions/A/Libraries/libHeimdalProxy.dylib
0x00007fff26347000 	/System/Library/Frameworks/Network.framework/Versions/A/Network
0x00007fff2b156000 	/usr/lib/libheimdal-asn1.dylib
0x00007fff2d84e000 	/System/Library/PrivateFrameworks/CommonAuth.framework/Versions/A/CommonAuth
0x00007fff273ab000 	/System/Library/PrivateFrameworks/login.framework/Versions/A/Frameworks/loginsupport.framework/Versions/A/loginsupport
0x00007fff2cdb2000 	/System/Library/PrivateFrameworks/AudioSession.framework/Versions/A/AudioSession
0x00007fff2ce1a000 	/usr/lib/libAudioStatistics.dylib
0x00007fff2b1e3000 	/System/Library/PrivateFrameworks/MediaExperience.framework/Versions/A/MediaExperience
0x00007fff2cc4f000 	/System/Library/PrivateFrameworks/AudioSession.framework/libSessionUtility.dylib
0x00007fff2d7df000 	/usr/lib/libperfcheck.dylib
0x00007fff2d163000 	/System/Library/PrivateFrameworks/AudioResourceArbitration.framework/Versions/A/AudioResourceArbitration
0x00007fff2b160000 	/System/Library/PrivateFrameworks/IconFoundation.framework/Versions/A/IconFoundation
0x00007fff2fc8c000 	/System/Library/PrivateFrameworks/SpeechRecognitionCore.framework/Versions/A/SpeechRecognitionCore
0x000000010f800000 	/Users/thomasmatthews/.p2/pool/plugins/org.eclipse.justj.openjdk.hotspot.jre.full.macosx.x86_64_15.0.2.v20210201-0955/jre/lib/server/libjvm.dylib
0x000000010d678000 	/Users/thomasmatthews/.p2/pool/plugins/org.eclipse.justj.openjdk.hotspot.jre.full.macosx.x86_64_15.0.2.v20210201-0955/jre/lib/libjimage.dylib
0x000000010d686000 	/Users/thomasmatthews/.p2/pool/plugins/org.eclipse.justj.openjdk.hotspot.jre.full.macosx.x86_64_15.0.2.v20210201-0955/jre/lib/libinstrument.dylib
0x000000010d696000 	/Users/thomasmatthews/.p2/pool/plugins/org.eclipse.justj.openjdk.hotspot.jre.full.macosx.x86_64_15.0.2.v20210201-0955/jre/lib/libjava.dylib
0x000000010d709000 	/Users/thomasmatthews/.p2/pool/plugins/org.eclipse.justj.openjdk.hotspot.jre.full.macosx.x86_64_15.0.2.v20210201-0955/jre/lib/libzip.dylib
0x000000010d77b000 	/Users/thomasmatthews/.p2/pool/plugins/org.eclipse.justj.openjdk.hotspot.jre.full.macosx.x86_64_15.0.2.v20210201-0955/jre/lib/libnio.dylib
0x000000010d78f000 	/Users/thomasmatthews/.p2/pool/plugins/org.eclipse.justj.openjdk.hotspot.jre.full.macosx.x86_64_15.0.2.v20210201-0955/jre/lib/libnet.dylib
0x000000010d7a8000 	/Users/thomasmatthews/.p2/pool/plugins/org.eclipse.justj.openjdk.hotspot.jre.full.macosx.x86_64_15.0.2.v20210201-0955/jre/lib/libverify.dylib
0x000000010d7b9000 	/Users/thomasmatthews/.p2/pool/plugins/org.eclipse.justj.openjdk.hotspot.jre.full.macosx.x86_64_15.0.2.v20210201-0955/jre/lib/libextnet.dylib
0x000000010d7c0000 	/Users/thomasmatthews/.p2/pool/plugins/org.eclipse.justj.openjdk.hotspot.jre.full.macosx.x86_64_15.0.2.v20210201-0955/jre/lib/libmanagement.dylib
0x000000010d7ca000 	/Users/thomasmatthews/.p2/pool/plugins/org.eclipse.justj.openjdk.hotspot.jre.full.macosx.x86_64_15.0.2.v20210201-0955/jre/lib/libmanagement_ext.dylib
0x000000011a540000 	/Users/thomasmatthews/eclipse-workspace/25_jni-inchi/target/classes/META-INF/jniinchi/1.03_1/MAC-X86_64/JniInchi-1.03_1-MAC-X86_64


VM Arguments:
jvm_args: -Djava.awt.headless=true -javaagent:/var/folders/kf/6s3yyz091ynfywzf3k3mq2cm0000gn/T/16148355627070580662948681972514546938054423415113.jar -Dfile.encoding=UTF-8 
java_command: org.pitest.mutationtest.execute.MutationTestMinion 57631
java_class_path (initial): /Users/thomasmatthews/.p2/pool/plugins/org.pitest_1.4.11:/Users/thomasmatthews/.p2/pool/plugins/org.pitest.pitclipse.runner_2.1.1.jar:/Users/thomasmatthews/.p2/pool/plugins/org.pitest_1.4.11/lib/pitest.jar:/Users/thomasmatthews/.p2/pool/plugins/org.pitest_1.4.11/lib/pitest-entry.jar:/Users/thomasmatthews/.p2/pool/plugins/org.pitest_1.4.11/lib/pitest-command-line.jar:/Users/thomasmatthews/.p2/pool/plugins/org.pitest_1.4.11/lib/pitest-html-report.jar:/Users/thomasmatthews/.p2/pool/plugins/com.google.guava_27.1.0.v20190517-1946.jar:/Users/thomasmatthews/.p2/pool/plugins/org.pitest.pitclipse.listeners_2.1.1.jar:/Users/thomasmatthews/eclipse-workspace/25_jni-inchi/target/classes:/Users/thomasmatthews/eclipse-workspace/25_jni-inchi/target/test-classes:/Users/thomasmatthews/eclipse-workspace/25_jni-inchi/lib/jnati-core-0.4.jar:/Users/thomasmatthews/eclipse-workspace/25_jni-inchi/lib/jnati-deploy-0.4.jar:/Users/thomasmatthews/eclipse-workspace/25_jni-inchi/lib/log4j-1.2.14.jar:/Users/thomasmatthews/.p2/pool/plugins/org.junit_4.13.0.v20200204-1500.jar:/Users/thomasmatthews/.p2/pool/plugins/org.hamcrest.core_1.3.0.v20180420-1519.jar
Launcher Type: SUN_STANDARD

[Global flags]
     intx CICompilerCount                          = 3                                         {product} {ergonomic}
     uint ConcGCThreads                            = 1                                         {product} {ergonomic}
     uint G1ConcRefinementThreads                  = 4                                         {product} {ergonomic}
   size_t G1HeapRegionSize                         = 2097152                                   {product} {ergonomic}
    uintx GCDrainStackTargetSize                   = 64                                        {product} {ergonomic}
   size_t InitialHeapSize                          = 268435456                                 {product} {ergonomic}
   size_t MarkStackSize                            = 4194304                                   {product} {ergonomic}
   size_t MaxHeapSize                              = 4294967296                                {product} {ergonomic}
   size_t MaxNewSize                               = 2575302656                                {product} {ergonomic}
   size_t MinHeapDeltaBytes                        = 2097152                                   {product} {ergonomic}
   size_t MinHeapSize                              = 8388608                                   {product} {ergonomic}
    uintx NonNMethodCodeHeapSize                   = 5832780                                {pd product} {ergonomic}
    uintx NonProfiledCodeHeapSize                  = 122912730                              {pd product} {ergonomic}
    uintx ProfiledCodeHeapSize                     = 122912730                              {pd product} {ergonomic}
    uintx ReservedCodeCacheSize                    = 251658240                              {pd product} {ergonomic}
     bool SegmentedCodeCache                       = true                                      {product} {ergonomic}
   size_t SoftMaxHeapSize                          = 4294967296                             {manageable} {ergonomic}
     bool UseCompressedClassPointers               = true                                 {lp64_product} {ergonomic}
     bool UseCompressedOops                        = true                                 {lp64_product} {ergonomic}
     bool UseG1GC                                  = true                                      {product} {ergonomic}
     bool UseNUMA                                  = false                                     {product} {ergonomic}
     bool UseNUMAInterleaving                      = false                                     {product} {ergonomic}

Logging:
Log output configuration:
 #0: stdout all=warning uptime,level,tags
 #1: stderr all=off uptime,level,tags

Environment Variables:
CLASSPATH=/Users/thomasmatthews/.p2/pool/plugins/org.pitest_1.4.11:/Users/thomasmatthews/.p2/pool/plugins/org.pitest.pitclipse.runner_2.1.1.jar:/Users/thomasmatthews/.p2/pool/plugins/org.pitest_1.4.11/lib/pitest.jar:/Users/thomasmatthews/.p2/pool/plugins/org.pitest_1.4.11/lib/pitest-entry.jar:/Users/thomasmatthews/.p2/pool/plugins/org.pitest_1.4.11/lib/pitest-command-line.jar:/Users/thomasmatthews/.p2/pool/plugins/org.pitest_1.4.11/lib/pitest-html-report.jar:/Users/thomasmatthews/.p2/pool/plugins/com.google.guava_27.1.0.v20190517-1946.jar:/Users/thomasmatthews/.p2/pool/plugins/org.pitest.pitclipse.listeners_2.1.1.jar:/Users/thomasmatthews/eclipse-workspace/25_jni-inchi/target/classes:/Users/thomasmatthews/eclipse-workspace/25_jni-inchi/target/test-classes:/Users/thomasmatthews/eclipse-workspace/25_jni-inchi/lib/jnati-core-0.4.jar:/Users/thomasmatthews/eclipse-workspace/25_jni-inchi/lib/jnati-deploy-0.4.jar:/Users/thomasmatthews/eclipse-workspace/25_jni-inchi/lib/log4j-1.2.14.jar:/Users/thomasmatthews/.p2/pool/plugins/org.junit_4.13.0.v20200204-1500.jar:/Users/thomasmatthews/.p2/pool/plugins/org.hamcrest.core_1.3.0.v20180420-1519.jar
PATH=/usr/bin:/bin:/usr/sbin:/sbin
SHELL=/bin/zsh
DISPLAY=/private/tmp/com.apple.launchd.3oFu3RZlpt/org.xquartz:0

Signal Handlers:
SIGSEGV: [libjvm.dylib+0xa01020], sa_mask[0]=11111111011111110111111111111111, sa_flags=SA_ONSTACK|SA_RESTART|SA_SIGINFO
SIGBUS: [libjvm.dylib+0xa01020], sa_mask[0]=11111111011111110111111111111111, sa_flags=SA_RESTART|SA_SIGINFO
SIGFPE: [libjvm.dylib+0xa01020], sa_mask[0]=11111111011111110111111111111111, sa_flags=SA_RESTART|SA_SIGINFO
SIGPIPE: [libjvm.dylib+0x82c500], sa_mask[0]=11111111011111110111111111111111, sa_flags=SA_RESTART|SA_SIGINFO
SIGXFSZ: [libjvm.dylib+0x82c500], sa_mask[0]=11111111011111110111111111111111, sa_flags=SA_RESTART|SA_SIGINFO
SIGILL: [libjvm.dylib+0xa01020], sa_mask[0]=11111111011111110111111111111111, sa_flags=SA_RESTART|SA_SIGINFO
SIGUSR2: [libjvm.dylib+0x82d010], sa_mask[0]=00100000000000000000000000000000, sa_flags=SA_RESTART|SA_SIGINFO
SIGHUP: [libjvm.dylib+0x82b710], sa_mask[0]=11111111011111110111111111111111, sa_flags=SA_RESTART|SA_SIGINFO
SIGINT: [libjvm.dylib+0x82b710], sa_mask[0]=11111111011111110111111111111111, sa_flags=SA_RESTART|SA_SIGINFO
SIGTERM: [libjvm.dylib+0x82b710], sa_mask[0]=11111111011111110111111111111111, sa_flags=SA_RESTART|SA_SIGINFO
SIGQUIT: [libjvm.dylib+0x82b710], sa_mask[0]=11111111011111110111111111111111, sa_flags=SA_RESTART|SA_SIGINFO


---------------  S Y S T E M  ---------------

OS:uname: Darwin 20.3.0 Darwin Kernel Version 20.3.0: Thu Jan 21 00:07:06 PST 2021; root:xnu-7195.81.3~1/RELEASE_X86_64 x86_64
OS uptime: 12 days 4:23 hours
rlimit (soft/hard): STACK 8192k/65532k , CORE 0k/infinity , NPROC 2784/4176 , NOFILE 10240/infinity , AS infinity/infinity , CPU infinity/infinity , DATA infinity/infinity , FSIZE infinity/infinity , MEMLOCK infinity/infinity , RSS infinity/infinity
load average: 8.15 5.17 3.66

CPU: total 4 (initial active 4) (2 cores per cpu, 2 threads per core) family 6 model 61 stepping 4 microcode 0x2f, cmov, cx8, fxsr, mmx, sse, sse2, sse3, ssse3, sse4.1, sse4.2, popcnt, vzeroupper, avx, avx2, aes, clmul, erms, 3dnowpref, lzcnt, ht, tsc, tscinvbit, bmi1, bmi2, adx, fma, clflush

Memory: 4k page, physical 16777216k(26944k free), swap 2097152k(1072384k free)

vm_info: OpenJDK 64-Bit Server VM (15.0.2+7-27) for bsd-amd64 JRE (15.0.2+7-27), built on Dec  7 2020 20:01:12 by "mach5one" with clang 4.2.1 Compatible Apple LLVM 10.0.0 (clang-1000.11.45.5)

END.
