#
# A fatal error has been detected by the Java Runtime Environment:
#
#  SIGSEGV (0xb) at pc=0x00000001060eb854, pid=52065, tid=36615
#
# JRE version: OpenJDK Runtime Environment (15.0.2+7) (build 15.0.2+7-27)
# Java VM: OpenJDK 64-Bit Server VM (15.0.2+7-27, mixed mode, tiered, compressed oops, g1 gc, bsd-amd64)
# Problematic frame:
# V  [libjvm.dylib+0x3854]  AccessInternal::PostRuntimeDispatch<G1BarrierSet::AccessBarrier<548980ull, G1BarrierSet>, (AccessInternal::BarrierType)2, 548980ull>::oop_access_barrier(void*)+0x4
#
# No core dump will be written. Core dumps have been disabled. To enable core dumping, try "ulimit -c unlimited" before starting Java again
#
# If you would like to submit a bug report, please visit:
#   https://bugreport.java.com/bugreport/crash.jsp
#

---------------  S U M M A R Y ------------

Command Line: -Djava.awt.headless=true -javaagent:/var/folders/kf/6s3yyz091ynfywzf3k3mq2cm0000gn/T/1617350530933092591480972417724106533362184458336.jar -Dfile.encoding=UTF-8 org.pitest.mutationtest.execute.MutationTestMinion 55410

Host: MacBookPro12,1 x86_64 3100 MHz, 4 cores, 16G, Darwin 20.3.0
Time: Fri Apr  2 02:02:43 2021 MDT elapsed time: 4.212854 seconds (0d 0h 0m 4s)

---------------  T H R E A D  ---------------

Current thread (0x00007fbcaf894800):  JavaThread "mutationTestThread" daemon [_thread_in_vm, id=36615, stack(0x000070000b91e000,0x000070000ba1e000)]

Stack: [0x000070000b91e000,0x000070000ba1e000],  sp=0x000070000ba1c900,  free space=1018k
Native frames: (J=compiled Java code, A=aot compiled Java code, j=interpreted, Vv=VM code, C=native code)
V  [libjvm.dylib+0x3854]  AccessInternal::PostRuntimeDispatch<G1BarrierSet::AccessBarrier<548980ull, G1BarrierSet>, (AccessInternal::BarrierType)2, 548980ull>::oop_access_barrier(void*)+0x4
V  [libjvm.dylib+0x518281]  jni_GetStringUTFChars+0xd1
C  [JniInchi-1.03_1-MAC-X86_64+0xba83a]  Java_net_sf_jniinchi_JniInchiWrapper_GetINCHIKeyFromINCHI+0x32
j  net.sf.jniinchi.JniInchiWrapper.GetINCHIKeyFromINCHI(Ljava/lang/String;)Lnet/sf/jniinchi/JniInchiOutputKey;+0
j  net.sf.jniinchi.JniInchiWrapper.getInchiKey(Ljava/lang/String;)Lnet/sf/jniinchi/JniInchiOutputKey;+24
j  net.sf.jniinchi.TestJniInchiWrapper.testGetInchiKeyNull()V+1
v  ~StubRoutines::call_stub
V  [libjvm.dylib+0x4ae582]  JavaCalls::call_helper(JavaValue*, methodHandle const&, JavaCallArguments*, Thread*)+0x2e2
V  [libjvm.dylib+0x89f2ae]  invoke(InstanceKlass*, methodHandle const&, Handle, bool, objArrayHandle, BasicType, objArrayHandle, bool, Thread*)+0x8ee
V  [libjvm.dylib+0x89e994]  Reflection::invoke_method(oopDesc*, Handle, objArrayHandle, Thread*)+0x244
V  [libjvm.dylib+0x55d399]  JVM_InvokeMethod+0x329
j  jdk.internal.reflect.NativeMethodAccessorImpl.invoke0(Ljava/lang/reflect/Method;Ljava/lang/Object;[Ljava/lang/Object;)Ljava/lang/Object;+0 java.base@15.0.2
j  jdk.internal.reflect.NativeMethodAccessorImpl.invoke(Ljava/lang/Object;[Ljava/lang/Object;)Ljava/lang/Object;+113 java.base@15.0.2
j  jdk.internal.reflect.DelegatingMethodAccessorImpl.invoke(Ljava/lang/Object;[Ljava/lang/Object;)Ljava/lang/Object;+6 java.base@15.0.2
j  java.lang.reflect.Method.invoke(Ljava/lang/Object;[Ljava/lang/Object;)Ljava/lang/Object;+59 java.base@15.0.2
j  org.junit.runners.model.FrameworkMethod$1.runReflectiveCall()Ljava/lang/Object;+15
j  org.junit.internal.runners.model.ReflectiveCallable.run()Ljava/lang/Object;+1
j  org.junit.runners.model.FrameworkMethod.invokeExplosively(Ljava/lang/Object;[Ljava/lang/Object;)Ljava/lang/Object;+10
j  org.junit.internal.runners.statements.InvokeMethod.evaluate()V+12
j  org.junit.internal.runners.statements.ExpectException.evaluate()V+6
j  org.junit.runners.ParentRunner$3.evaluate()V+4
j  org.junit.runners.BlockJUnit4ClassRunner$1.evaluate()V+11
j  org.junit.runners.ParentRunner.runLeaf(Lorg/junit/runners/model/Statement;Lorg/junit/runner/Description;Lorg/junit/runner/notification/RunNotifier;)V+17
j  org.junit.runners.BlockJUnit4ClassRunner.runChild(Lorg/junit/runners/model/FrameworkMethod;Lorg/junit/runner/notification/RunNotifier;)V+38
j  org.junit.runners.BlockJUnit4ClassRunner.runChild(Ljava/lang/Object;Lorg/junit/runner/notification/RunNotifier;)V+6
j  org.junit.runners.ParentRunner$4.run()V+12
j  org.junit.runners.ParentRunner$1.schedule(Ljava/lang/Runnable;)V+1
j  org.junit.runners.ParentRunner.runChildren(Lorg/junit/runner/notification/RunNotifier;)V+44
j  org.junit.runners.ParentRunner.access$100(Lorg/junit/runners/ParentRunner;Lorg/junit/runner/notification/RunNotifier;)V+2
j  org.junit.runners.ParentRunner$2.evaluate()V+8
j  org.junit.runners.ParentRunner$3.evaluate()V+4
j  org.junit.runners.ParentRunner.run(Lorg/junit/runner/notification/RunNotifier;)V+24
j  org.pitest.junit.adapter.CustomRunnerExecutor.run()V+34
j  org.pitest.junit.adapter.AdaptedJUnitTestUnit.execute(Lorg/pitest/testapi/ResultCollector;)V+34
j  org.pitest.mutationtest.execute.MutationTimeoutDecorator.lambda$createRunnable$0(Lorg/pitest/testapi/ResultCollector;)V+5
j  org.pitest.mutationtest.execute.MutationTimeoutDecorator$$Lambda$116+0x000000080017e2f0.run()V+8
j  java.util.concurrent.Executors$RunnableAdapter.call()Ljava/lang/Object;+4 java.base@15.0.2
j  java.util.concurrent.FutureTask.run()V+39 java.base@15.0.2
j  java.lang.Thread.run()V+11 java.base@15.0.2
v  ~StubRoutines::call_stub
V  [libjvm.dylib+0x4ae582]  JavaCalls::call_helper(JavaValue*, methodHandle const&, JavaCallArguments*, Thread*)+0x2e2
V  [libjvm.dylib+0x4ad469]  JavaCalls::call_virtual(JavaValue*, Klass*, Symbol*, Symbol*, JavaCallArguments*, Thread*)+0x1e9
V  [libjvm.dylib+0x4ad533]  JavaCalls::call_virtual(JavaValue*, Handle, Klass*, Symbol*, Symbol*, Thread*)+0x63
V  [libjvm.dylib+0x558f80]  thread_entry(JavaThread*, Thread*)+0xb0
V  [libjvm.dylib+0x99ae92]  JavaThread::thread_main_inner()+0xb2
V  [libjvm.dylib+0x997fa1]  Thread::call_run()+0x71
V  [libjvm.dylib+0x82a037]  thread_native_entry(Thread*)+0x197
C  [libsystem_pthread.dylib+0x6950]  _pthread_start+0xe0
C  [libsystem_pthread.dylib+0x247b]  thread_start+0xf

Java frames: (J=compiled Java code, j=interpreted, Vv=VM code)
j  net.sf.jniinchi.JniInchiWrapper.GetINCHIKeyFromINCHI(Ljava/lang/String;)Lnet/sf/jniinchi/JniInchiOutputKey;+0
j  net.sf.jniinchi.JniInchiWrapper.getInchiKey(Ljava/lang/String;)Lnet/sf/jniinchi/JniInchiOutputKey;+24
j  net.sf.jniinchi.TestJniInchiWrapper.testGetInchiKeyNull()V+1
v  ~StubRoutines::call_stub
j  jdk.internal.reflect.NativeMethodAccessorImpl.invoke0(Ljava/lang/reflect/Method;Ljava/lang/Object;[Ljava/lang/Object;)Ljava/lang/Object;+0 java.base@15.0.2
j  jdk.internal.reflect.NativeMethodAccessorImpl.invoke(Ljava/lang/Object;[Ljava/lang/Object;)Ljava/lang/Object;+113 java.base@15.0.2
j  jdk.internal.reflect.DelegatingMethodAccessorImpl.invoke(Ljava/lang/Object;[Ljava/lang/Object;)Ljava/lang/Object;+6 java.base@15.0.2
j  java.lang.reflect.Method.invoke(Ljava/lang/Object;[Ljava/lang/Object;)Ljava/lang/Object;+59 java.base@15.0.2
j  org.junit.runners.model.FrameworkMethod$1.runReflectiveCall()Ljava/lang/Object;+15
j  org.junit.internal.runners.model.ReflectiveCallable.run()Ljava/lang/Object;+1
j  org.junit.runners.model.FrameworkMethod.invokeExplosively(Ljava/lang/Object;[Ljava/lang/Object;)Ljava/lang/Object;+10
j  org.junit.internal.runners.statements.InvokeMethod.evaluate()V+12
j  org.junit.internal.runners.statements.ExpectException.evaluate()V+6
j  org.junit.runners.ParentRunner$3.evaluate()V+4
j  org.junit.runners.BlockJUnit4ClassRunner$1.evaluate()V+11
j  org.junit.runners.ParentRunner.runLeaf(Lorg/junit/runners/model/Statement;Lorg/junit/runner/Description;Lorg/junit/runner/notification/RunNotifier;)V+17
j  org.junit.runners.BlockJUnit4ClassRunner.runChild(Lorg/junit/runners/model/FrameworkMethod;Lorg/junit/runner/notification/RunNotifier;)V+38
j  org.junit.runners.BlockJUnit4ClassRunner.runChild(Ljava/lang/Object;Lorg/junit/runner/notification/RunNotifier;)V+6
j  org.junit.runners.ParentRunner$4.run()V+12
j  org.junit.runners.ParentRunner$1.schedule(Ljava/lang/Runnable;)V+1
j  org.junit.runners.ParentRunner.runChildren(Lorg/junit/runner/notification/RunNotifier;)V+44
j  org.junit.runners.ParentRunner.access$100(Lorg/junit/runners/ParentRunner;Lorg/junit/runner/notification/RunNotifier;)V+2
j  org.junit.runners.ParentRunner$2.evaluate()V+8
j  org.junit.runners.ParentRunner$3.evaluate()V+4
j  org.junit.runners.ParentRunner.run(Lorg/junit/runner/notification/RunNotifier;)V+24
j  org.pitest.junit.adapter.CustomRunnerExecutor.run()V+34
j  org.pitest.junit.adapter.AdaptedJUnitTestUnit.execute(Lorg/pitest/testapi/ResultCollector;)V+34
j  org.pitest.mutationtest.execute.MutationTimeoutDecorator.lambda$createRunnable$0(Lorg/pitest/testapi/ResultCollector;)V+5
j  org.pitest.mutationtest.execute.MutationTimeoutDecorator$$Lambda$116+0x000000080017e2f0.run()V+8
j  java.util.concurrent.Executors$RunnableAdapter.call()Ljava/lang/Object;+4 java.base@15.0.2
j  java.util.concurrent.FutureTask.run()V+39 java.base@15.0.2
j  java.lang.Thread.run()V+11 java.base@15.0.2
v  ~StubRoutines::call_stub

siginfo: si_signo: 11 (SIGSEGV), si_code: 1 (SEGV_MAPERR), si_addr: 0x0000000000000000

Register to memory mapping:

RAX=0x00000001033e8000 points into unknown readable memory: 0x0000000000000000 | 00 00 00 00 00 00 00 00
RBX=0x00007fbcaf894b28 points into unknown readable memory: 0x0000000106cb7f70 | 70 7f cb 06 01 00 00 00
RCX=0x00007fbcb0214f18 points into unknown readable memory: 0x0013000200040001 | 01 00 04 00 02 00 13 00
RDX=0x0 is NULL
RSP=0x000070000ba1c900 is pointing into the stack for thread: 0x00007fbcaf894800
RBP=0x000070000ba1c900 is pointing into the stack for thread: 0x00007fbcaf894800
RSI=0x0 is NULL
RDI=0x0 is NULL
R8 ={method} {0x0000000127815af0} 'GetINCHIKeyFromINCHI' '(Ljava/lang/String;)Lnet/sf/jniinchi/JniInchiOutputKey;' in 'net/sf/jniinchi/JniInchiWrapper'
R9 =0x00007fbcae8fca90 points into unknown readable memory: 0x0000000125294880 | 80 48 29 25 01 00 00 00
R10=0x000000010aa613a1 is at code_begin+897 in an Interpreter codelet
method entry point (kind = native)  [0x000000010aa61020, 0x000000010aa61980]  2400 bytes
R11=0x0000000000000102 is an unknown value
R12=0x00007fbcaf894800 is a thread
R13={method} {0x0000000127815af0} 'GetINCHIKeyFromINCHI' '(Ljava/lang/String;)Lnet/sf/jniinchi/JniInchiOutputKey;' in 'net/sf/jniinchi/JniInchiWrapper'
R14=0x0 is NULL
R15=0x0 is NULL


Registers:
RAX=0x00000001033e8000, RBX=0x00007fbcaf894b28, RCX=0x00007fbcb0214f18, RDX=0x0000000000000000
RSP=0x000070000ba1c900, RBP=0x000070000ba1c900, RSI=0x0000000000000000, RDI=0x0000000000000000
R8 =0x0000000127815af0, R9 =0x00007fbcae8fca90, R10=0x000000010aa613a1, R11=0x0000000000000102
R12=0x00007fbcaf894800, R13=0x0000000127815af0, R14=0x0000000000000000, R15=0x0000000000000000
RIP=0x00000001060eb854, EFLAGS=0x0000000000010246, ERR=0x0000000000000004
  TRAPNO=0x000000000000000e

Top of Stack: (sp=0x000070000ba1c900)
0x000070000ba1c900:   000070000ba1c990 0000000106600281
0x000070000ba1c910:   000070000ba1c940 00000001068bea1b
0x000070000ba1c920:   3ff0000000000000 0000000127818dc8
0x000070000ba1c930:   000070000ba1c978 0000000127815af0
0x000070000ba1c940:   00007fbcaf894800 0000000000000000
0x000070000ba1c950:   00007fbcb0505a20 00007fbcb0505a20
0x000070000ba1c960:   00007fbcae8fca90 0000000127815af0
0x000070000ba1c970:   00007fbcaf894b28 0000000127815af0
0x000070000ba1c980:   000070000ba1ca70 00007fbcaf894800
0x000070000ba1c990:   000070000ba1c9e0 00000001037c883a
0x000070000ba1c9a0:   0000000000000000 00007fbcaf894800
0x000070000ba1c9b0:   0000000127815af0 0000000127815af0
0x000070000ba1c9c0:   0000000000000000 0000000127815af0
0x000070000ba1c9d0:   000070000ba1ca70 00007fbcaf894800
0x000070000ba1c9e0:   000070000ba1ca48 000000010aa613d0
0x000070000ba1c9f0:   0000000127817868 000000010aa610d6
0x000070000ba1ca00:   000070000ba1ca00 0000000127815af0
0x000070000ba1ca10:   000070000ba1ca70 0000000127818490
0x000070000ba1ca20:   0000000000000000 000000070e24c050
0x000070000ba1ca30:   0000000127815af0 0000000000000000
0x000070000ba1ca40:   000070000ba1ca68 000070000ba1cac0
0x000070000ba1ca50:   000000010aa5bc20 0000000000000000
0x000070000ba1ca60:   000000010aa5e5bb 0000000000000000
0x000070000ba1ca70:   000000070e008240 000070000ba1ca78
0x000070000ba1ca80:   0000000127815110 000070000ba1cae8
0x000070000ba1ca90:   0000000127818490 0000000000000000
0x000070000ba1caa0:   000000070e24c050 0000000127815168
0x000070000ba1cab0:   000070000ba1ca68 000070000ba1cae8
0x000070000ba1cac0:   000070000ba1cb38 000000010aa5bc20
0x000070000ba1cad0:   0000000000000000 0000000000000000
0x000070000ba1cae0:   000000070e008240 0000000000000000
0x000070000ba1caf0:   000070000ba1caf0 00000001059f9da1 

Instructions: (pc=0x00000001060eb854)
0x00000001060eb754:   ff 0b 73 0e 48 63 c7 48 8d 0d 2e a9 ae 00 8b 04
0x00000001060eb764:   81 c3 55 48 89 e5 48 8d 3d e3 be a6 00 be 9c 00
0x00000001060eb774:   00 00 e8 b5 c1 2f 00 e8 20 63 82 00 31 c0 5d c3
0x00000001060eb784:   66 66 66 2e 0f 1f 84 00 00 00 00 00 55 48 89 e5
0x00000001060eb794:   48 8b 47 08 0f b7 48 32 0f b7 40 30 8d 44 01 19
0x00000001060eb7a4:   5d c3 66 2e 0f 1f 84 00 00 00 00 00 55 48 89 e5
0x00000001060eb7b4:   53 50 48 89 fb 48 8d 0d 78 c8 c2 00 48 8d 05 59
0x00000001060eb7c4:   0f c0 00 48 8b 00 8b 40 10 ff c8 80 39 00 74 10
0x00000001060eb7d4:   83 f8 04 73 1f 48 98 48 8d 0d fe 50 b2 00 eb 0e
0x00000001060eb7e4:   83 f8 04 73 0f 48 98 48 8d 0d 0e 51 b2 00 48 8b
0x00000001060eb7f4:   04 c1 eb 21 48 8d 3d 8c be a6 00 48 8d 15 b5 be
0x00000001060eb804:   a6 00 be e8 00 00 00 31 c0 e8 1e bf 2f 00 e8 89
0x00000001060eb814:   62 82 00 31 c0 48 89 05 10 8f bc 00 48 89 df 48
0x00000001060eb824:   83 c4 08 5b 5d ff e0 0f 1f 44 00 00 55 48 89 e5
0x00000001060eb834:   48 8b 07 5d c3 0f 1f 80 00 00 00 00 55 48 89 e5
0x00000001060eb844:   48 8b 07 5d c3 0f 1f 80 00 00 00 00 55 48 89 e5
0x00000001060eb854:   48 8b 07 5d c3 0f 1f 80 00 00 00 00 55 48 89 e5
0x00000001060eb864:   41 57 41 56 53 50 49 89 fe 49 8b 1e 4c 8d 3d c1
0x00000001060eb874:   e4 c5 00 49 85 1f 74 3c 48 89 df e8 5c 5c a3 00
0x00000001060eb884:   48 89 c1 48 85 c9 74 29 48 89 d8 f0 49 0f b1 0e
0x00000001060eb894:   48 89 c2 48 39 da 74 19 0f 1f 40 00 49 85 17 74
0x00000001060eb8a4:   10 48 89 d0 f0 49 0f b1 0e 48 39 d0 48 89 c2 75
0x00000001060eb8b4:   eb 48 89 cb 48 89 d8 48 83 c4 08 5b 41 5e 41 5f
0x00000001060eb8c4:   5d c3 66 2e 0f 1f 84 00 00 00 00 00 55 48 89 e5
0x00000001060eb8d4:   48 8b 07 5d c3 0f 1f 80 00 00 00 00 55 48 89 e5
0x00000001060eb8e4:   48 8b 07 5d c3 0f 1f 80 00 00 00 00 55 48 89 e5
0x00000001060eb8f4:   48 8b 07 5d c3 0f 1f 80 00 00 00 00 55 48 89 e5
0x00000001060eb904:   41 57 41 56 53 50 49 89 fe 49 8b 1e 4c 8d 3d 21
0x00000001060eb914:   e4 c5 00 49 85 1f 74 3c 48 89 df e8 bc 5b a3 00
0x00000001060eb924:   48 89 c1 48 85 c9 74 29 48 89 d8 f0 49 0f b1 0e
0x00000001060eb934:   48 89 c2 48 39 da 74 19 0f 1f 40 00 49 85 17 74
0x00000001060eb944:   10 48 89 d0 f0 49 0f b1 0e 48 39 d0 48 89 c2 75 


Stack slot to memory mapping:
stack at sp + 0 slots: 0x000070000ba1c990 is pointing into the stack for thread: 0x00007fbcaf894800
stack at sp + 1 slots: 0x0000000106600281: jni_GetStringUTFChars+0xd1 in /Users/thomasmatthews/.p2/pool/plugins/org.eclipse.justj.openjdk.hotspot.jre.full.macosx.x86_64_15.0.2.v20210201-0955/jre/lib/server/libjvm.dylib at 0x00000001060e8000
stack at sp + 2 slots: 0x000070000ba1c940 is pointing into the stack for thread: 0x00007fbcaf894800
stack at sp + 3 slots: 0x00000001068bea1b: _ZN14MethodCountersC2ERK12methodHandle+0x1bb in /Users/thomasmatthews/.p2/pool/plugins/org.eclipse.justj.openjdk.hotspot.jre.full.macosx.x86_64_15.0.2.v20210201-0955/jre/lib/server/libjvm.dylib at 0x00000001060e8000
stack at sp + 4 slots: 0x3ff0000000000000 is an unknown value
stack at sp + 5 slots: 0x0000000127818dc8 is pointing into metadata
stack at sp + 6 slots: 0x000070000ba1c978 is pointing into the stack for thread: 0x00007fbcaf894800
stack at sp + 7 slots: {method} {0x0000000127815af0} 'GetINCHIKeyFromINCHI' '(Ljava/lang/String;)Lnet/sf/jniinchi/JniInchiOutputKey;' in 'net/sf/jniinchi/JniInchiWrapper'


---------------  P R O C E S S  ---------------

Threads class SMR info:
_java_thread_list=0x00007fbcb021a3c0, length=12, elements={
0x00007fbcae013600, 0x00007fbcae018400, 0x00007fbcad017400, 0x00007fbcaf80a800,
0x00007fbcae0c7c00, 0x00007fbcad013600, 0x00007fbcad826600, 0x00007fbcaf809800,
0x00007fbcaf80f800, 0x00007fbcad013c00, 0x00007fbcad117e00, 0x00007fbcaf894800
}

Java Threads: ( => current thread )
  0x00007fbcae013600 JavaThread "main" [_thread_blocked, id=5635, stack(0x000070000a2d9000,0x000070000a3d9000)]
  0x00007fbcae018400 JavaThread "Reference Handler" daemon [_thread_blocked, id=17155, stack(0x000070000a9ee000,0x000070000aaee000)]
  0x00007fbcad017400 JavaThread "Finalizer" daemon [_thread_blocked, id=16643, stack(0x000070000aaf1000,0x000070000abf1000)]
  0x00007fbcaf80a800 JavaThread "Signal Dispatcher" daemon [_thread_blocked, id=22531, stack(0x000070000acfa000,0x000070000adfa000)]
  0x00007fbcae0c7c00 JavaThread "Service Thread" daemon [_thread_blocked, id=23043, stack(0x000070000adfd000,0x000070000aefd000)]
  0x00007fbcad013600 JavaThread "C2 CompilerThread0" daemon [_thread_in_native, id=40707, stack(0x000070000af00000,0x000070000b000000)]
  0x00007fbcad826600 JavaThread "C1 CompilerThread0" daemon [_thread_blocked, id=39939, stack(0x000070000b003000,0x000070000b103000)]
  0x00007fbcaf809800 JavaThread "Sweeper thread" daemon [_thread_blocked, id=24323, stack(0x000070000b106000,0x000070000b206000)]
  0x00007fbcaf80f800 JavaThread "Common-Cleaner" daemon [_thread_blocked, id=25091, stack(0x000070000b209000,0x000070000b309000)]
  0x00007fbcad013c00 JavaThread "Notification Thread" daemon [_thread_blocked, id=25603, stack(0x000070000b30c000,0x000070000b40c000)]
  0x00007fbcad117e00 JavaThread "C2 CompilerThread1" daemon [_thread_in_native, id=37123, stack(0x000070000b81b000,0x000070000b91b000)]
=>0x00007fbcaf894800 JavaThread "mutationTestThread" daemon [_thread_in_vm, id=36615, stack(0x000070000b91e000,0x000070000ba1e000)]

Other Threads:
  0x00007fbcace3cd40 VMThread "VM Thread" [stack: 0x000070000a8eb000,0x000070000a9eb000] [id=18179]
  0x00007fbcacc7eef0 WatcherThread [stack: 0x000070000b40f000,0x000070000b50f000] [id=38659]
  0x00007fbcace1e3c0 GCTaskThread "GC Thread#0" [stack: 0x000070000a3dc000,0x000070000a4dc000] [id=12291]
  0x00007fbcacea2920 GCTaskThread "GC Thread#1" [stack: 0x000070000b512000,0x000070000b612000] [id=38147]
  0x00007fbcacea3520 GCTaskThread "GC Thread#2" [stack: 0x000070000b615000,0x000070000b715000] [id=25859]
  0x00007fbcacea4140 GCTaskThread "GC Thread#3" [stack: 0x000070000b718000,0x000070000b818000] [id=26371]
  0x00007fbcacc12c80 ConcurrentGCThread "G1 Main Marker" [stack: 0x000070000a4df000,0x000070000a5df000] [id=19203]
  0x00007fbcacc13cd0 ConcurrentGCThread "G1 Conc#0" [stack: 0x000070000a5e2000,0x000070000a6e2000] [id=18691]
  0x00007fbcace39bd0 ConcurrentGCThread "G1 Refine#0" [stack: 0x000070000a6e5000,0x000070000a7e5000] [id=13571]
  0x00007fbcace3ac50 ConcurrentGCThread "G1 Young RemSet Sampling" [stack: 0x000070000a7e8000,0x000070000a8e8000] [id=18435]

Threads with active compile tasks:
C2 CompilerThread0     4227 1710       4       java.util.regex.Pattern$Branch::match (66 bytes)
C2 CompilerThread1     4227 2088       4       java.util.regex.Pattern$BmpCharPropertyGreedy::match (89 bytes)

VM state: not at safepoint (normal execution)

VM Mutex/Monitor currently owned by a thread: None

Heap address: 0x0000000700000000, size: 4096 MB, Compressed Oops mode: Zero based, Oop shift amount: 3
CDS disabled.
Compressed class space mapped at: 0x0000000800000000-0x0000000840000000, size: 1073741824
Narrow klass base: 0x0000000800000000, Narrow klass shift: 0, Narrow klass range: 0x40000000

GC Precious Log:
 CPUs: 4 total, 4 available
 Memory: 16384M
 Large Page Support: Disabled
 NUMA Support: Disabled
 Compressed Oops: Enabled (Zero based)
 Heap Region Size: 2M
 Heap Min Capacity: 8M
 Heap Initial Capacity: 256M
 Heap Max Capacity: 4G
 Pre-touch: Disabled
 Parallel Workers: 4
 Concurrent Workers: 1
 Concurrent Refinement Workers: 4
 Periodic GC: Disabled

Heap:
 garbage-first heap   total 262144K, used 33224K [0x0000000700000000, 0x0000000800000000)
  region size 2048K, 16 young (32768K), 1 survivors (2048K)
 Metaspace       used 17980K, capacity 18174K, committed 18304K, reserved 1064960K
  class space    used 1805K, capacity 1871K, committed 1920K, reserved 1048576K

Heap Regions: E=young(eden), S=young(survivor), O=old, HS=humongous(starts), HC=humongous(continues), CS=collection set, F=free, OA=open archive, CA=closed archive, TAMS=top-at-mark-start (previous, next)
|   0|0x0000000700000000, 0x0000000700200000, 0x0000000700200000|100%| O|  |TAMS 0x0000000700000000, 0x0000000700000000| Untracked 
|   1|0x0000000700200000, 0x00000007002c8400, 0x0000000700400000| 39%| O|  |TAMS 0x0000000700200000, 0x0000000700200000| Untracked 
|   2|0x0000000700400000, 0x0000000700400000, 0x0000000700600000|  0%| F|  |TAMS 0x0000000700400000, 0x0000000700400000| Untracked 
|   3|0x0000000700600000, 0x0000000700600000, 0x0000000700800000|  0%| F|  |TAMS 0x0000000700600000, 0x0000000700600000| Untracked 
|   4|0x0000000700800000, 0x0000000700800000, 0x0000000700a00000|  0%| F|  |TAMS 0x0000000700800000, 0x0000000700800000| Untracked 
|   5|0x0000000700a00000, 0x0000000700a00000, 0x0000000700c00000|  0%| F|  |TAMS 0x0000000700a00000, 0x0000000700a00000| Untracked 
|   6|0x0000000700c00000, 0x0000000700c00000, 0x0000000700e00000|  0%| F|  |TAMS 0x0000000700c00000, 0x0000000700c00000| Untracked 
|   7|0x0000000700e00000, 0x0000000700e00000, 0x0000000701000000|  0%| F|  |TAMS 0x0000000700e00000, 0x0000000700e00000| Untracked 
|   8|0x0000000701000000, 0x0000000701000000, 0x0000000701200000|  0%| F|  |TAMS 0x0000000701000000, 0x0000000701000000| Untracked 
|   9|0x0000000701200000, 0x0000000701200000, 0x0000000701400000|  0%| F|  |TAMS 0x0000000701200000, 0x0000000701200000| Untracked 
|  10|0x0000000701400000, 0x0000000701400000, 0x0000000701600000|  0%| F|  |TAMS 0x0000000701400000, 0x0000000701400000| Untracked 
|  11|0x0000000701600000, 0x0000000701600000, 0x0000000701800000|  0%| F|  |TAMS 0x0000000701600000, 0x0000000701600000| Untracked 
|  12|0x0000000701800000, 0x0000000701800000, 0x0000000701a00000|  0%| F|  |TAMS 0x0000000701800000, 0x0000000701800000| Untracked 
|  13|0x0000000701a00000, 0x0000000701a00000, 0x0000000701c00000|  0%| F|  |TAMS 0x0000000701a00000, 0x0000000701a00000| Untracked 
|  14|0x0000000701c00000, 0x0000000701c00000, 0x0000000701e00000|  0%| F|  |TAMS 0x0000000701c00000, 0x0000000701c00000| Untracked 
|  15|0x0000000701e00000, 0x0000000701e00000, 0x0000000702000000|  0%| F|  |TAMS 0x0000000701e00000, 0x0000000701e00000| Untracked 
|  16|0x0000000702000000, 0x0000000702000000, 0x0000000702200000|  0%| F|  |TAMS 0x0000000702000000, 0x0000000702000000| Untracked 
|  17|0x0000000702200000, 0x0000000702200000, 0x0000000702400000|  0%| F|  |TAMS 0x0000000702200000, 0x0000000702200000| Untracked 
|  18|0x0000000702400000, 0x0000000702400000, 0x0000000702600000|  0%| F|  |TAMS 0x0000000702400000, 0x0000000702400000| Untracked 
|  19|0x0000000702600000, 0x0000000702600000, 0x0000000702800000|  0%| F|  |TAMS 0x0000000702600000, 0x0000000702600000| Untracked 
|  20|0x0000000702800000, 0x0000000702800000, 0x0000000702a00000|  0%| F|  |TAMS 0x0000000702800000, 0x0000000702800000| Untracked 
|  21|0x0000000702a00000, 0x0000000702a00000, 0x0000000702c00000|  0%| F|  |TAMS 0x0000000702a00000, 0x0000000702a00000| Untracked 
|  22|0x0000000702c00000, 0x0000000702c00000, 0x0000000702e00000|  0%| F|  |TAMS 0x0000000702c00000, 0x0000000702c00000| Untracked 
|  23|0x0000000702e00000, 0x0000000702e00000, 0x0000000703000000|  0%| F|  |TAMS 0x0000000702e00000, 0x0000000702e00000| Untracked 
|  24|0x0000000703000000, 0x0000000703000000, 0x0000000703200000|  0%| F|  |TAMS 0x0000000703000000, 0x0000000703000000| Untracked 
|  25|0x0000000703200000, 0x0000000703200000, 0x0000000703400000|  0%| F|  |TAMS 0x0000000703200000, 0x0000000703200000| Untracked 
|  26|0x0000000703400000, 0x0000000703400000, 0x0000000703600000|  0%| F|  |TAMS 0x0000000703400000, 0x0000000703400000| Untracked 
|  27|0x0000000703600000, 0x0000000703600000, 0x0000000703800000|  0%| F|  |TAMS 0x0000000703600000, 0x0000000703600000| Untracked 
|  28|0x0000000703800000, 0x0000000703800000, 0x0000000703a00000|  0%| F|  |TAMS 0x0000000703800000, 0x0000000703800000| Untracked 
|  29|0x0000000703a00000, 0x0000000703a00000, 0x0000000703c00000|  0%| F|  |TAMS 0x0000000703a00000, 0x0000000703a00000| Untracked 
|  30|0x0000000703c00000, 0x0000000703c00000, 0x0000000703e00000|  0%| F|  |TAMS 0x0000000703c00000, 0x0000000703c00000| Untracked 
|  31|0x0000000703e00000, 0x0000000703e00000, 0x0000000704000000|  0%| F|  |TAMS 0x0000000703e00000, 0x0000000703e00000| Untracked 
|  32|0x0000000704000000, 0x0000000704000000, 0x0000000704200000|  0%| F|  |TAMS 0x0000000704000000, 0x0000000704000000| Untracked 
|  33|0x0000000704200000, 0x0000000704200000, 0x0000000704400000|  0%| F|  |TAMS 0x0000000704200000, 0x0000000704200000| Untracked 
|  34|0x0000000704400000, 0x0000000704400000, 0x0000000704600000|  0%| F|  |TAMS 0x0000000704400000, 0x0000000704400000| Untracked 
|  35|0x0000000704600000, 0x0000000704600000, 0x0000000704800000|  0%| F|  |TAMS 0x0000000704600000, 0x0000000704600000| Untracked 
|  36|0x0000000704800000, 0x0000000704800000, 0x0000000704a00000|  0%| F|  |TAMS 0x0000000704800000, 0x0000000704800000| Untracked 
|  37|0x0000000704a00000, 0x0000000704a00000, 0x0000000704c00000|  0%| F|  |TAMS 0x0000000704a00000, 0x0000000704a00000| Untracked 
|  38|0x0000000704c00000, 0x0000000704c00000, 0x0000000704e00000|  0%| F|  |TAMS 0x0000000704c00000, 0x0000000704c00000| Untracked 
|  39|0x0000000704e00000, 0x0000000704e00000, 0x0000000705000000|  0%| F|  |TAMS 0x0000000704e00000, 0x0000000704e00000| Untracked 
|  40|0x0000000705000000, 0x0000000705000000, 0x0000000705200000|  0%| F|  |TAMS 0x0000000705000000, 0x0000000705000000| Untracked 
|  41|0x0000000705200000, 0x0000000705200000, 0x0000000705400000|  0%| F|  |TAMS 0x0000000705200000, 0x0000000705200000| Untracked 
|  42|0x0000000705400000, 0x0000000705400000, 0x0000000705600000|  0%| F|  |TAMS 0x0000000705400000, 0x0000000705400000| Untracked 
|  43|0x0000000705600000, 0x0000000705600000, 0x0000000705800000|  0%| F|  |TAMS 0x0000000705600000, 0x0000000705600000| Untracked 
|  44|0x0000000705800000, 0x0000000705800000, 0x0000000705a00000|  0%| F|  |TAMS 0x0000000705800000, 0x0000000705800000| Untracked 
|  45|0x0000000705a00000, 0x0000000705a00000, 0x0000000705c00000|  0%| F|  |TAMS 0x0000000705a00000, 0x0000000705a00000| Untracked 
|  46|0x0000000705c00000, 0x0000000705c00000, 0x0000000705e00000|  0%| F|  |TAMS 0x0000000705c00000, 0x0000000705c00000| Untracked 
|  47|0x0000000705e00000, 0x0000000705e00000, 0x0000000706000000|  0%| F|  |TAMS 0x0000000705e00000, 0x0000000705e00000| Untracked 
|  48|0x0000000706000000, 0x0000000706000000, 0x0000000706200000|  0%| F|  |TAMS 0x0000000706000000, 0x0000000706000000| Untracked 
|  49|0x0000000706200000, 0x0000000706200000, 0x0000000706400000|  0%| F|  |TAMS 0x0000000706200000, 0x0000000706200000| Untracked 
|  50|0x0000000706400000, 0x0000000706400000, 0x0000000706600000|  0%| F|  |TAMS 0x0000000706400000, 0x0000000706400000| Untracked 
|  51|0x0000000706600000, 0x0000000706600000, 0x0000000706800000|  0%| F|  |TAMS 0x0000000706600000, 0x0000000706600000| Untracked 
|  52|0x0000000706800000, 0x0000000706800000, 0x0000000706a00000|  0%| F|  |TAMS 0x0000000706800000, 0x0000000706800000| Untracked 
|  53|0x0000000706a00000, 0x0000000706a00000, 0x0000000706c00000|  0%| F|  |TAMS 0x0000000706a00000, 0x0000000706a00000| Untracked 
|  54|0x0000000706c00000, 0x0000000706c00000, 0x0000000706e00000|  0%| F|  |TAMS 0x0000000706c00000, 0x0000000706c00000| Untracked 
|  55|0x0000000706e00000, 0x0000000706e00000, 0x0000000707000000|  0%| F|  |TAMS 0x0000000706e00000, 0x0000000706e00000| Untracked 
|  56|0x0000000707000000, 0x0000000707000000, 0x0000000707200000|  0%| F|  |TAMS 0x0000000707000000, 0x0000000707000000| Untracked 
|  57|0x0000000707200000, 0x0000000707200000, 0x0000000707400000|  0%| F|  |TAMS 0x0000000707200000, 0x0000000707200000| Untracked 
|  58|0x0000000707400000, 0x0000000707400000, 0x0000000707600000|  0%| F|  |TAMS 0x0000000707400000, 0x0000000707400000| Untracked 
|  59|0x0000000707600000, 0x0000000707600000, 0x0000000707800000|  0%| F|  |TAMS 0x0000000707600000, 0x0000000707600000| Untracked 
|  60|0x0000000707800000, 0x0000000707800000, 0x0000000707a00000|  0%| F|  |TAMS 0x0000000707800000, 0x0000000707800000| Untracked 
|  61|0x0000000707a00000, 0x0000000707a00000, 0x0000000707c00000|  0%| F|  |TAMS 0x0000000707a00000, 0x0000000707a00000| Untracked 
|  62|0x0000000707c00000, 0x0000000707c00000, 0x0000000707e00000|  0%| F|  |TAMS 0x0000000707c00000, 0x0000000707c00000| Untracked 
|  63|0x0000000707e00000, 0x0000000707e00000, 0x0000000708000000|  0%| F|  |TAMS 0x0000000707e00000, 0x0000000707e00000| Untracked 
|  64|0x0000000708000000, 0x0000000708000000, 0x0000000708200000|  0%| F|  |TAMS 0x0000000708000000, 0x0000000708000000| Untracked 
|  65|0x0000000708200000, 0x0000000708200000, 0x0000000708400000|  0%| F|  |TAMS 0x0000000708200000, 0x0000000708200000| Untracked 
|  66|0x0000000708400000, 0x0000000708400000, 0x0000000708600000|  0%| F|  |TAMS 0x0000000708400000, 0x0000000708400000| Untracked 
|  67|0x0000000708600000, 0x0000000708600000, 0x0000000708800000|  0%| F|  |TAMS 0x0000000708600000, 0x0000000708600000| Untracked 
|  68|0x0000000708800000, 0x0000000708800000, 0x0000000708a00000|  0%| F|  |TAMS 0x0000000708800000, 0x0000000708800000| Untracked 
|  69|0x0000000708a00000, 0x0000000708a00000, 0x0000000708c00000|  0%| F|  |TAMS 0x0000000708a00000, 0x0000000708a00000| Untracked 
|  70|0x0000000708c00000, 0x0000000708c00000, 0x0000000708e00000|  0%| F|  |TAMS 0x0000000708c00000, 0x0000000708c00000| Untracked 
|  71|0x0000000708e00000, 0x0000000708e00000, 0x0000000709000000|  0%| F|  |TAMS 0x0000000708e00000, 0x0000000708e00000| Untracked 
|  72|0x0000000709000000, 0x0000000709000000, 0x0000000709200000|  0%| F|  |TAMS 0x0000000709000000, 0x0000000709000000| Untracked 
|  73|0x0000000709200000, 0x0000000709200000, 0x0000000709400000|  0%| F|  |TAMS 0x0000000709200000, 0x0000000709200000| Untracked 
|  74|0x0000000709400000, 0x0000000709400000, 0x0000000709600000|  0%| F|  |TAMS 0x0000000709400000, 0x0000000709400000| Untracked 
|  75|0x0000000709600000, 0x0000000709600000, 0x0000000709800000|  0%| F|  |TAMS 0x0000000709600000, 0x0000000709600000| Untracked 
|  76|0x0000000709800000, 0x0000000709800000, 0x0000000709a00000|  0%| F|  |TAMS 0x0000000709800000, 0x0000000709800000| Untracked 
|  77|0x0000000709a00000, 0x0000000709a00000, 0x0000000709c00000|  0%| F|  |TAMS 0x0000000709a00000, 0x0000000709a00000| Untracked 
|  78|0x0000000709c00000, 0x0000000709c00000, 0x0000000709e00000|  0%| F|  |TAMS 0x0000000709c00000, 0x0000000709c00000| Untracked 
|  79|0x0000000709e00000, 0x0000000709e00000, 0x000000070a000000|  0%| F|  |TAMS 0x0000000709e00000, 0x0000000709e00000| Untracked 
|  80|0x000000070a000000, 0x000000070a000000, 0x000000070a200000|  0%| F|  |TAMS 0x000000070a000000, 0x000000070a000000| Untracked 
|  81|0x000000070a200000, 0x000000070a200000, 0x000000070a400000|  0%| F|  |TAMS 0x000000070a200000, 0x000000070a200000| Untracked 
|  82|0x000000070a400000, 0x000000070a400000, 0x000000070a600000|  0%| F|  |TAMS 0x000000070a400000, 0x000000070a400000| Untracked 
|  83|0x000000070a600000, 0x000000070a600000, 0x000000070a800000|  0%| F|  |TAMS 0x000000070a600000, 0x000000070a600000| Untracked 
|  84|0x000000070a800000, 0x000000070a800000, 0x000000070aa00000|  0%| F|  |TAMS 0x000000070a800000, 0x000000070a800000| Untracked 
|  85|0x000000070aa00000, 0x000000070aa00000, 0x000000070ac00000|  0%| F|  |TAMS 0x000000070aa00000, 0x000000070aa00000| Untracked 
|  86|0x000000070ac00000, 0x000000070ac00000, 0x000000070ae00000|  0%| F|  |TAMS 0x000000070ac00000, 0x000000070ac00000| Untracked 
|  87|0x000000070ae00000, 0x000000070ae00000, 0x000000070b000000|  0%| F|  |TAMS 0x000000070ae00000, 0x000000070ae00000| Untracked 
|  88|0x000000070b000000, 0x000000070b000000, 0x000000070b200000|  0%| F|  |TAMS 0x000000070b000000, 0x000000070b000000| Untracked 
|  89|0x000000070b200000, 0x000000070b200000, 0x000000070b400000|  0%| F|  |TAMS 0x000000070b200000, 0x000000070b200000| Untracked 
|  90|0x000000070b400000, 0x000000070b400000, 0x000000070b600000|  0%| F|  |TAMS 0x000000070b400000, 0x000000070b400000| Untracked 
|  91|0x000000070b600000, 0x000000070b600000, 0x000000070b800000|  0%| F|  |TAMS 0x000000070b600000, 0x000000070b600000| Untracked 
|  92|0x000000070b800000, 0x000000070b800000, 0x000000070ba00000|  0%| F|  |TAMS 0x000000070b800000, 0x000000070b800000| Untracked 
|  93|0x000000070ba00000, 0x000000070ba00000, 0x000000070bc00000|  0%| F|  |TAMS 0x000000070ba00000, 0x000000070ba00000| Untracked 
|  94|0x000000070bc00000, 0x000000070bc00000, 0x000000070be00000|  0%| F|  |TAMS 0x000000070bc00000, 0x000000070bc00000| Untracked 
|  95|0x000000070be00000, 0x000000070be00000, 0x000000070c000000|  0%| F|  |TAMS 0x000000070be00000, 0x000000070be00000| Untracked 
|  96|0x000000070c000000, 0x000000070c000000, 0x000000070c200000|  0%| F|  |TAMS 0x000000070c000000, 0x000000070c000000| Untracked 
|  97|0x000000070c200000, 0x000000070c200000, 0x000000070c400000|  0%| F|  |TAMS 0x000000070c200000, 0x000000070c200000| Untracked 
|  98|0x000000070c400000, 0x000000070c400000, 0x000000070c600000|  0%| F|  |TAMS 0x000000070c400000, 0x000000070c400000| Untracked 
|  99|0x000000070c600000, 0x000000070c600000, 0x000000070c800000|  0%| F|  |TAMS 0x000000070c600000, 0x000000070c600000| Untracked 
| 100|0x000000070c800000, 0x000000070c800000, 0x000000070ca00000|  0%| F|  |TAMS 0x000000070c800000, 0x000000070c800000| Untracked 
| 101|0x000000070ca00000, 0x000000070ca00000, 0x000000070cc00000|  0%| F|  |TAMS 0x000000070ca00000, 0x000000070ca00000| Untracked 
| 102|0x000000070cc00000, 0x000000070cc00000, 0x000000070ce00000|  0%| F|  |TAMS 0x000000070cc00000, 0x000000070cc00000| Untracked 
| 103|0x000000070ce00000, 0x000000070ce00000, 0x000000070d000000|  0%| F|  |TAMS 0x000000070ce00000, 0x000000070ce00000| Untracked 
| 104|0x000000070d000000, 0x000000070d000000, 0x000000070d200000|  0%| F|  |TAMS 0x000000070d000000, 0x000000070d000000| Untracked 
| 105|0x000000070d200000, 0x000000070d200000, 0x000000070d400000|  0%| F|  |TAMS 0x000000070d200000, 0x000000070d200000| Untracked 
| 106|0x000000070d400000, 0x000000070d400000, 0x000000070d600000|  0%| F|  |TAMS 0x000000070d400000, 0x000000070d400000| Untracked 
| 107|0x000000070d600000, 0x000000070d600000, 0x000000070d800000|  0%| F|  |TAMS 0x000000070d600000, 0x000000070d600000| Untracked 
| 108|0x000000070d800000, 0x000000070d800000, 0x000000070da00000|  0%| F|  |TAMS 0x000000070d800000, 0x000000070d800000| Untracked 
| 109|0x000000070da00000, 0x000000070da00000, 0x000000070dc00000|  0%| F|  |TAMS 0x000000070da00000, 0x000000070da00000| Untracked 
| 110|0x000000070dc00000, 0x000000070dc00000, 0x000000070de00000|  0%| F|  |TAMS 0x000000070dc00000, 0x000000070dc00000| Untracked 
| 111|0x000000070de00000, 0x000000070de00000, 0x000000070e000000|  0%| F|  |TAMS 0x000000070de00000, 0x000000070de00000| Untracked 
| 112|0x000000070e000000, 0x000000070e200000, 0x000000070e200000|100%| E|  |TAMS 0x000000070e000000, 0x000000070e000000| Complete 
| 113|0x000000070e200000, 0x000000070e3a9e00, 0x000000070e400000| 83%| S|CS|TAMS 0x000000070e200000, 0x000000070e200000| Complete 
| 114|0x000000070e400000, 0x000000070e600000, 0x000000070e600000|100%| E|CS|TAMS 0x000000070e400000, 0x000000070e400000| Complete 
| 115|0x000000070e600000, 0x000000070e800000, 0x000000070e800000|100%| E|CS|TAMS 0x000000070e600000, 0x000000070e600000| Complete 
| 116|0x000000070e800000, 0x000000070ea00000, 0x000000070ea00000|100%| E|CS|TAMS 0x000000070e800000, 0x000000070e800000| Complete 
| 117|0x000000070ea00000, 0x000000070ec00000, 0x000000070ec00000|100%| E|CS|TAMS 0x000000070ea00000, 0x000000070ea00000| Complete 
| 118|0x000000070ec00000, 0x000000070ee00000, 0x000000070ee00000|100%| E|CS|TAMS 0x000000070ec00000, 0x000000070ec00000| Complete 
| 119|0x000000070ee00000, 0x000000070f000000, 0x000000070f000000|100%| E|CS|TAMS 0x000000070ee00000, 0x000000070ee00000| Complete 
| 120|0x000000070f000000, 0x000000070f200000, 0x000000070f200000|100%| E|CS|TAMS 0x000000070f000000, 0x000000070f000000| Complete 
| 121|0x000000070f200000, 0x000000070f400000, 0x000000070f400000|100%| E|CS|TAMS 0x000000070f200000, 0x000000070f200000| Complete 
| 122|0x000000070f400000, 0x000000070f600000, 0x000000070f600000|100%| E|CS|TAMS 0x000000070f400000, 0x000000070f400000| Complete 
| 123|0x000000070f600000, 0x000000070f800000, 0x000000070f800000|100%| E|CS|TAMS 0x000000070f600000, 0x000000070f600000| Complete 
| 124|0x000000070f800000, 0x000000070fa00000, 0x000000070fa00000|100%| E|CS|TAMS 0x000000070f800000, 0x000000070f800000| Complete 
| 125|0x000000070fa00000, 0x000000070fc00000, 0x000000070fc00000|100%| E|CS|TAMS 0x000000070fa00000, 0x000000070fa00000| Complete 
| 126|0x000000070fc00000, 0x000000070fe00000, 0x000000070fe00000|100%| E|CS|TAMS 0x000000070fc00000, 0x000000070fc00000| Complete 
| 127|0x000000070fe00000, 0x0000000710000000, 0x0000000710000000|100%| E|CS|TAMS 0x000000070fe00000, 0x000000070fe00000| Complete 

Card table byte_map: [0x000000011a252000,0x000000011aa52000] _byte_map_base: 0x0000000116a52000

Marking Bits (Prev, Next): (CMBitMap*) 0x00007fbcad00b810, (CMBitMap*) 0x00007fbcad00b850
 Prev Bits: [0x000000011b252000, 0x000000011f252000)
 Next Bits: [0x000000011f252000, 0x0000000123252000)

Polling page: 0x00000001033e7000

Metaspace:

Usage:
  Non-class:     15.92 MB capacity,    15.80 MB (>99%) used,   108.19 KB ( <1%) free+waste,    20.31 KB ( <1%) overhead. 
      Class:      1.83 MB capacity,     1.76 MB ( 97%) used,    58.23 KB (  3%) free+waste,     7.19 KB ( <1%) overhead. 
       Both:     17.75 MB capacity,    17.56 MB ( 99%) used,   166.41 KB ( <1%) free+waste,    27.50 KB ( <1%) overhead. 

Virtual space:
  Non-class space:       16.00 MB reserved,      16.00 MB (100%) committed 
      Class space:        1.00 GB reserved,       1.88 MB ( <1%) committed 
             Both:        1.02 GB reserved,      17.88 MB (  2%) committed 

Chunk freelists:
   Non-Class:  65.00 KB
       Class:  17.00 KB
        Both:  82.00 KB

MaxMetaspaceSize: 17179869184.00 GB
CompressedClassSpaceSize: 1.00 GB

CodeHeap 'non-profiled nmethods': size=120032Kb used=596Kb max_used=596Kb free=119435Kb
 bounds [0x000000011251a000, 0x000000011278a000, 0x0000000119a52000]
CodeHeap 'profiled nmethods': size=120028Kb used=3724Kb max_used=3724Kb free=116303Kb
 bounds [0x000000010afe3000, 0x000000010b393000, 0x000000011251a000]
CodeHeap 'non-nmethods': size=5700Kb used=1179Kb max_used=1251Kb free=4520Kb
 bounds [0x000000010aa52000, 0x000000010acc2000, 0x000000010afe3000]
 total_blobs=2527 nmethods=2091 adapters=349
 compilation: enabled
              stopped_count=0, restarted_count=0
 full_count=0

Compilation events (20 events):
Event: 4.191 Thread 0x00007fbcad826600 nmethod 2138 0x00000001125aea10 code [0x00000001125aeba0, 0x00000001125aec50]
Event: 4.191 Thread 0x00007fbcad826600 2139       2       sun.nio.ch.Util::isBufferTooLarge (15 bytes)
Event: 4.191 Thread 0x00007fbcad826600 nmethod 2139 0x000000010b380490 code [0x000000010b380620, 0x000000010b380710]
Event: 4.191 Thread 0x00007fbcad826600 2140       2       java.util.Calendar::complete (40 bytes)
Event: 4.192 Thread 0x00007fbcad826600 nmethod 2140 0x000000010b380790 code [0x000000010b380940, 0x000000010b380ad0]
Event: 4.192 Thread 0x00007fbcad826600 2141       2       java.util.Calendar::get (10 bytes)
Event: 4.192 Thread 0x00007fbcad826600 nmethod 2141 0x000000010b380b90 code [0x000000010b380d20, 0x000000010b380e60]
Event: 4.192 Thread 0x00007fbcad826600 2142       2       java.util.Calendar::getBaseStyle (6 bytes)
Event: 4.192 Thread 0x00007fbcad826600 nmethod 2142 0x000000010b380f90 code [0x000000010b381120, 0x000000010b381210]
Event: 4.192 Thread 0x00007fbcad826600 2143       1       org.pitest.mutationtest.engine.MutationIdentifier::getMutator (5 bytes)
Event: 4.192 Thread 0x00007fbcad826600 nmethod 2143 0x00000001125aed10 code [0x00000001125aeea0, 0x00000001125aef50]
Event: 4.193 Thread 0x00007fbcad826600 2145       2       org.pitest.reloc.asm.SymbolTable::addTypeInternal (85 bytes)
Event: 4.194 Thread 0x00007fbcad826600 nmethod 2145 0x000000010b381290 code [0x000000010b381460, 0x000000010b381970]
Event: 4.194 Thread 0x00007fbcad826600 2146       2       org.pitest.reloc.asm.tree.MethodNode::visitLdcInsn (16 bytes)
Event: 4.194 Thread 0x00007fbcad826600 nmethod 2146 0x000000010b381b10 code [0x000000010b381ca0, 0x000000010b381e80]
Event: 4.194 Thread 0x00007fbcad826600 2147       2       org.pitest.reloc.asm.tree.LdcInsnNode::<init> (12 bytes)
Event: 4.194 Thread 0x00007fbcad826600 nmethod 2147 0x000000010b381f90 code [0x000000010b382120, 0x000000010b382270]
Event: 4.194 Thread 0x00007fbcad826600 2152       2       org.pitest.reloc.asm.MethodWriter::computeAllFrames (510 bytes)
Event: 4.196 Thread 0x00007fbcad826600 nmethod 2152 0x000000010b382310 code [0x000000010b3825a0, 0x000000010b3831c0]
Event: 4.196 Thread 0x00007fbcad826600 2153       2       org.pitest.reloc.asm.ClassReader::readCode (5089 bytes)

GC Heap History (6 events):
Event: 1.890 GC heap before
{Heap before GC invocations=0 (full 0):
 garbage-first heap   total 262144K, used 10240K [0x0000000700000000, 0x0000000800000000)
  region size 2048K, 6 young (12288K), 0 survivors (0K)
 Metaspace       used 11306K, capacity 11497K, committed 11648K, reserved 1060864K
  class space    used 1089K, capacity 1147K, committed 1152K, reserved 1048576K
}
Event: 1.894 GC heap after
{Heap after GC invocations=1 (full 0):
 garbage-first heap   total 262144K, used 2893K [0x0000000700000000, 0x0000000800000000)
  region size 2048K, 1 young (2048K), 1 survivors (2048K)
 Metaspace       used 11306K, capacity 11497K, committed 11648K, reserved 1060864K
  class space    used 1089K, capacity 1147K, committed 1152K, reserved 1048576K
}
Event: 2.775 GC heap before
{Heap before GC invocations=1 (full 0):
 garbage-first heap   total 262144K, used 15181K [0x0000000700000000, 0x0000000800000000)
  region size 2048K, 7 young (14336K), 1 survivors (2048K)
 Metaspace       used 15182K, capacity 15303K, committed 15488K, reserved 1062912K
  class space    used 1495K, capacity 1537K, committed 1664K, reserved 1048576K
}
Event: 2.779 GC heap after
{Heap after GC invocations=2 (full 0):
 garbage-first heap   total 262144K, used 4080K [0x0000000700000000, 0x0000000800000000)
  region size 2048K, 1 young (2048K), 1 survivors (2048K)
 Metaspace       used 15182K, capacity 15303K, committed 15488K, reserved 1062912K
  class space    used 1495K, capacity 1537K, committed 1664K, reserved 1048576K
}
Event: 3.593 GC heap before
{Heap before GC invocations=2 (full 0):
 garbage-first heap   total 262144K, used 28656K [0x0000000700000000, 0x0000000800000000)
  region size 2048K, 14 young (28672K), 1 survivors (2048K)
 Metaspace       used 17896K, capacity 18046K, committed 18304K, reserved 1064960K
  class space    used 1802K, capacity 1871K, committed 1920K, reserved 1048576K
}
Event: 3.596 GC heap after
{Heap after GC invocations=3 (full 0):
 garbage-first heap   total 262144K, used 4552K [0x0000000700000000, 0x0000000800000000)
  region size 2048K, 1 young (2048K), 1 survivors (2048K)
 Metaspace       used 17896K, capacity 18046K, committed 18304K, reserved 1064960K
  class space    used 1802K, capacity 1871K, committed 1920K, reserved 1048576K
}

Deoptimization events (20 events):
Event: 2.357 Thread 0x00007fbcae013600 DEOPT PACKING pc=0x000000010b0f905a sp=0x000070000a3d78f0
Event: 2.357 Thread 0x00007fbcae013600 DEOPT UNPACKING pc=0x000000010aa9ff2b sp=0x000070000a3d6d98 mode 0
Event: 2.455 Thread 0x00007fbcae013600 Uncommon trap: trap_request=0xffffff45 fr.pc=0x000000011256e68c relative=0x000000000000006c
Event: 2.455 Thread 0x00007fbcae013600 Uncommon trap: reason=unstable_if action=reinterpret pc=0x000000011256e68c method=sun.net.www.ParseUtil.firstEncodeIndex(Ljava/lang/String;)I @ 51 c2
Event: 2.455 Thread 0x00007fbcae013600 DEOPT PACKING pc=0x000000011256e68c sp=0x000070000a3d6e30
Event: 2.455 Thread 0x00007fbcae013600 DEOPT UNPACKING pc=0x000000010aaa0125 sp=0x000070000a3d6dd8 mode 2
Event: 2.568 Thread 0x00007fbcae013600 Uncommon trap: trap_request=0xffffff45 fr.pc=0x0000000112554cf0 relative=0x00000000000009b0
Event: 2.568 Thread 0x00007fbcae013600 Uncommon trap: reason=unstable_if action=reinterpret pc=0x0000000112554cf0 method=java.util.HashMap.resize()[Ljava/util/HashMap$Node; @ 203 c2
Event: 2.568 Thread 0x00007fbcae013600 DEOPT PACKING pc=0x0000000112554cf0 sp=0x000070000a3d8350
Event: 2.568 Thread 0x00007fbcae013600 DEOPT UNPACKING pc=0x000000010aaa0125 sp=0x000070000a3d82f0 mode 2
Event: 2.663 Thread 0x00007fbcae013600 Uncommon trap: trap_request=0xffffff45 fr.pc=0x000000011254b0e8 relative=0x0000000000000428
Event: 2.663 Thread 0x00007fbcae013600 Uncommon trap: reason=unstable_if action=reinterpret pc=0x000000011254b0e8 method=java.lang.StringLatin1.replace([BCC)Ljava/lang/String; @ 19 c2
Event: 2.663 Thread 0x00007fbcae013600 DEOPT PACKING pc=0x000000011254b0e8 sp=0x000070000a3d8370
Event: 2.663 Thread 0x00007fbcae013600 DEOPT UNPACKING pc=0x000000010aaa0125 sp=0x000070000a3d8310 mode 2
Event: 2.844 Thread 0x00007fbcae13aa00 Uncommon trap: trap_request=0xffffff45 fr.pc=0x00000001125746a4 relative=0x00000000000000a4
Event: 2.844 Thread 0x00007fbcae13aa00 Uncommon trap: reason=unstable_if action=reinterpret pc=0x00000001125746a4 method=sun.reflect.generics.parser.SignatureParser.current()C @ 39 c2
Event: 2.844 Thread 0x00007fbcae13aa00 DEOPT PACKING pc=0x00000001125746a4 sp=0x000070000ba1a500
Event: 2.844 Thread 0x00007fbcae13aa00 DEOPT UNPACKING pc=0x000000010aaa0125 sp=0x000070000ba1a4b8 mode 2
Event: 3.638 Thread 0x00007fbcaf835400 DEOPT PACKING pc=0x000000010b363c57 sp=0x000070000bc239e0
Event: 3.638 Thread 0x00007fbcaf835400 DEOPT UNPACKING pc=0x000000010aa9ff2b sp=0x000070000bc22ea0 mode 3

Classes unloaded (0 events):
No events

Classes redefined (12 events):
Event: 2.758 Thread 0x00007fbcace3cd40 redefined class name=net.sf.jniinchi.JniInchiWrapper, count=1
Event: 2.976 Thread 0x00007fbcace3cd40 redefined class name=net.sf.jniinchi.JniInchiWrapper, count=2
Event: 3.005 Thread 0x00007fbcace3cd40 redefined class name=net.sf.jniinchi.JniInchiWrapper, count=3
Event: 3.040 Thread 0x00007fbcace3cd40 redefined class name=net.sf.jniinchi.JniInchiWrapper, count=4
Event: 3.120 Thread 0x00007fbcace3cd40 redefined class name=net.sf.jniinchi.JniInchiWrapper, count=5
Event: 3.166 Thread 0x00007fbcace3cd40 redefined class name=net.sf.jniinchi.JniInchiWrapper, count=6
Event: 3.196 Thread 0x00007fbcace3cd40 redefined class name=net.sf.jniinchi.JniInchiWrapper, count=7
Event: 3.242 Thread 0x00007fbcace3cd40 redefined class name=net.sf.jniinchi.JniInchiWrapper, count=8
Event: 3.268 Thread 0x00007fbcace3cd40 redefined class name=net.sf.jniinchi.JniInchiWrapper, count=9
Event: 3.293 Thread 0x00007fbcace3cd40 redefined class name=net.sf.jniinchi.JniInchiWrapper, count=10
Event: 3.315 Thread 0x00007fbcace3cd40 redefined class name=net.sf.jniinchi.JniInchiWrapper, count=11
Event: 4.202 Thread 0x00007fbcace3cd40 redefined class name=net.sf.jniinchi.JniInchiWrapper, count=12

Internal exceptions (20 events):
Event: 2.840 Thread 0x00007fbcae13aa00 Exception <a 'java/lang/ClassNotFoundException'{0x000000070fc649d8}: org/apache/log4j/PatternLayoutBeanInfo> (0x000000070fc649d8) 
thrown [./open/src/hotspot/share/classfile/systemDictionary.cpp, line 295]
Event: 2.841 Thread 0x00007fbcae13aa00 Exception <a 'java/lang/ClassNotFoundException'{0x000000070fc68420}: org/apache/log4j/LayoutBeanInfo> (0x000000070fc68420) 
thrown [./open/src/hotspot/share/classfile/systemDictionary.cpp, line 295]
Event: 2.841 Thread 0x00007fbcae13aa00 Exception <a 'java/lang/ClassNotFoundException'{0x000000070fc69120}: java/lang/ObjectBeanInfo> (0x000000070fc69120) 
thrown [./open/src/hotspot/share/classfile/systemDictionary.cpp, line 295]
Event: 2.841 Thread 0x00007fbcae13aa00 Exception <a 'java/lang/ClassNotFoundException'{0x000000070fc6b138}: java/lang/ObjectCustomizer> (0x000000070fc6b138) 
thrown [./open/src/hotspot/share/classfile/systemDictionary.cpp, line 295]
Event: 2.850 Thread 0x00007fbcae13aa00 Exception <a 'java/lang/ClassNotFoundException'{0x000000070fc9faf8}: org/apache/log4j/LayoutCustomizer> (0x000000070fc9faf8) 
thrown [./open/src/hotspot/share/classfile/systemDictionary.cpp, line 295]
Event: 2.852 Thread 0x00007fbcae13aa00 Exception <a 'java/lang/ClassNotFoundException'{0x000000070fcb33d0}: org/apache/log4j/PatternLayoutCustomizer> (0x000000070fcb33d0) 
thrown [./open/src/hotspot/share/classfile/systemDictionary.cpp, line 295]
Event: 2.943 Thread 0x00007fbcae13aa00 Exception <a 'java/lang/reflect/InvocationTargetException'{0x000000070fafa440}> (0x000000070fafa440) 
thrown [./open/src/hotspot/share/runtime/reflection.cpp, line 1157]
Event: 2.951 Thread 0x00007fbcae013600 Exception <a 'java/lang/NoSuchMethodError'{0x000000070fe2fbb8}: 'void java.lang.invoke.DirectMethodHandle$Holder.invokeStatic(java.lang.Object, java.lang.Object, java.lang.Object)'> (0x000000070fe2fbb8) 
thrown [./open/src/hotspot/share/interpreter/linkResolver.cpp, line 782]
Event: 2.988 Thread 0x00007fbcad968a00 Exception <a 'java/lang/reflect/InvocationTargetException'{0x000000070fbdfd48}> (0x000000070fbdfd48) 
thrown [./open/src/hotspot/share/runtime/reflection.cpp, line 1157]
Event: 3.022 Thread 0x00007fbcad968a00 Exception <a 'java/lang/NullPointerException'{0x000000070f825310}> (0x000000070f825310) 
thrown [./open/src/hotspot/share/interpreter/linkResolver.cpp, line 1374]
Event: 3.022 Thread 0x00007fbcad968a00 Exception <a 'java/lang/reflect/InvocationTargetException'{0x000000070f8255e8}> (0x000000070f8255e8) 
thrown [./open/src/hotspot/share/runtime/reflection.cpp, line 1157]
Event: 3.091 Thread 0x00007fbcad968a00 Exception <a 'java/lang/reflect/InvocationTargetException'{0x000000070f6b8180}> (0x000000070f6b8180) 
thrown [./open/src/hotspot/share/runtime/reflection.cpp, line 1157]
Event: 3.135 Thread 0x00007fbcaf9e7a00 Exception <a 'java/lang/reflect/InvocationTargetException'{0x000000070f76eab8}> (0x000000070f76eab8) 
thrown [./open/src/hotspot/share/runtime/reflection.cpp, line 1157]
Event: 3.208 Thread 0x00007fbcad03ae00 Exception <a 'java/lang/NullPointerException'{0x000000070f4e8ef0}> (0x000000070f4e8ef0) 
thrown [./open/src/hotspot/share/interpreter/linkResolver.cpp, line 1374]
Event: 3.208 Thread 0x00007fbcad03ae00 Exception <a 'java/lang/reflect/InvocationTargetException'{0x000000070f4e91c8}> (0x000000070f4e91c8) 
thrown [./open/src/hotspot/share/runtime/reflection.cpp, line 1157]
Event: 3.252 Thread 0x00007fbcaf9e7a00 Exception <a 'java/lang/reflect/InvocationTargetException'{0x000000070f52bac8}> (0x000000070f52bac8) 
thrown [./open/src/hotspot/share/runtime/reflection.cpp, line 1157]
Event: 3.277 Thread 0x00007fbcaf9e7a00 Exception <a 'java/lang/reflect/InvocationTargetException'{0x000000070f5f1770}> (0x000000070f5f1770) 
thrown [./open/src/hotspot/share/runtime/reflection.cpp, line 1157]
Event: 3.301 Thread 0x00007fbcae13aa00 Exception <a 'java/lang/NullPointerException'{0x000000070f2a42d8}> (0x000000070f2a42d8) 
thrown [./open/src/hotspot/share/interpreter/linkResolver.cpp, line 1457]
Event: 3.301 Thread 0x00007fbcae13aa00 Exception <a 'java/lang/reflect/InvocationTargetException'{0x000000070f2a45b0}> (0x000000070f2a45b0) 
thrown [./open/src/hotspot/share/runtime/reflection.cpp, line 1157]
Event: 3.433 Thread 0x00007fbcae13aa00 Exception <a 'java/lang/IllegalArgumentException'{0x000000070ed56be0}: Too many atoms> (0x000000070ed56be0) 
thrown [./open/src/hotspot/share/prims/jni.cpp, line 599]

Events (20 events):
Event: 4.184 Executing VM operation: ICBufferFull
Event: 4.184 Executing VM operation: ICBufferFull done
Event: 4.185 Executing VM operation: ICBufferFull
Event: 4.185 Executing VM operation: ICBufferFull done
Event: 4.187 Executing VM operation: ICBufferFull
Event: 4.187 Executing VM operation: ICBufferFull done
Event: 4.189 Protecting memory [0x000070000b91e000,0x000070000b922000] with protection modes 3
Event: 4.189 Thread 0x00007fbcaf894800 Thread exited: 0x00007fbcaf894800
Event: 4.189 Thread 0x00007fbcae13aa00 Thread added: 0x00007fbcae13aa00
Event: 4.189 Protecting memory [0x000070000b91e000,0x000070000b922000] with protection modes 0
Event: 4.190 Protecting memory [0x000070000b91e000,0x000070000b922000] with protection modes 3
Event: 4.190 Thread 0x00007fbcae13aa00 Thread exited: 0x00007fbcae13aa00
Event: 4.197 Executing VM operation: ICBufferFull
Event: 4.197 Executing VM operation: ICBufferFull done
Event: 4.200 Executing VM operation: RedefineClasses
Event: 4.207 Executing VM operation: RedefineClasses done
Event: 4.208 Thread 0x00007fbcaf894800 Thread added: 0x00007fbcaf894800
Event: 4.208 Protecting memory [0x000070000b91e000,0x000070000b922000] with protection modes 0
Event: 4.210 Executing VM operation: ICBufferFull
Event: 4.210 Executing VM operation: ICBufferFull done


Dynamic libraries:
0x00007fff2a791000 	/usr/lib/libz.1.dylib
0x00000001033b2000 	/Users/thomasmatthews/.p2/pool/plugins/org.eclipse.justj.openjdk.hotspot.jre.full.macosx.x86_64_15.0.2.v20210201-0955/jre/lib/libjli.dylib
0x00007fff352e3000 	/System/Library/Frameworks/Cocoa.framework/Versions/A/Cocoa
0x00007fff22508000 	/System/Library/Frameworks/Security.framework/Versions/A/Security
0x00007fff334e0000 	/System/Library/Frameworks/ApplicationServices.framework/Versions/A/ApplicationServices
0x00007fff2a859000 	/usr/lib/libSystem.B.dylib
0x00007fff2a853000 	/usr/lib/system/libcache.dylib
0x00007fff2a80f000 	/usr/lib/system/libcommonCrypto.dylib
0x00007fff2a839000 	/usr/lib/system/libcompiler_rt.dylib
0x00007fff2a82e000 	/usr/lib/system/libcopyfile.dylib
0x00007fff203dc000 	/usr/lib/system/libcorecrypto.dylib
0x00007fff204a9000 	/usr/lib/system/libdispatch.dylib
0x00007fff2065d000 	/usr/lib/system/libdyld.dylib
0x00007fff2a84a000 	/usr/lib/system/libkeymgr.dylib
0x00007fff2dc92000 	/usr/lib/system/liblaunch.dylib
0x00007fff2a7ed000 	/usr/lib/system/libmacho.dylib
0x00007fff2a007000 	/usr/lib/system/libquarantine.dylib
0x00007fff2a847000 	/usr/lib/system/libremovefile.dylib
0x00007fff24e9f000 	/usr/lib/system/libsystem_asl.dylib
0x00007fff2038c000 	/usr/lib/system/libsystem_blocks.dylib
0x00007fff2052a000 	/usr/lib/system/libsystem_c.dylib
0x00007fff2a841000 	/usr/lib/system/libsystem_collections.dylib
0x00007fff292fb000 	/usr/lib/system/libsystem_configuration.dylib
0x00007fff285ee000 	/usr/lib/system/libsystem_containermanager.dylib
0x00007fff2a589000 	/usr/lib/system/libsystem_coreservices.dylib
0x00007fff22abc000 	/usr/lib/system/libsystem_darwin.dylib
0x00007fff2a84b000 	/usr/lib/system/libsystem_dnssd.dylib
0x00007fff20527000 	/usr/lib/system/libsystem_featureflags.dylib
0x00007fff206a2000 	/usr/lib/system/libsystem_info.dylib
0x00007fff2a7a4000 	/usr/lib/system/libsystem_m.dylib
0x00007fff2047c000 	/usr/lib/system/libsystem_malloc.dylib
0x00007fff24e33000 	/usr/lib/system/libsystem_networkextension.dylib
0x00007fff22ed7000 	/usr/lib/system/libsystem_notify.dylib
0x00007fff30146000 	/usr/lib/system/libsystem_product_info_filter.dylib
0x00007fff292ff000 	/usr/lib/system/libsystem_sandbox.dylib
0x00007fff2a844000 	/usr/lib/system/libsystem_secinit.dylib
0x00007fff20622000 	/usr/lib/system/libsystem_kernel.dylib
0x00007fff20698000 	/usr/lib/system/libsystem_platform.dylib
0x00007fff20651000 	/usr/lib/system/libsystem_pthread.dylib
0x00007fff2659e000 	/usr/lib/system/libsystem_symptoms.dylib
0x00007fff203c4000 	/usr/lib/system/libsystem_trace.dylib
0x00007fff2a81b000 	/usr/lib/system/libunwind.dylib
0x00007fff2038e000 	/usr/lib/system/libxpc.dylib
0x00007fff20609000 	/usr/lib/libc++abi.dylib
0x00007fff204ee000 	/usr/lib/libobjc.A.dylib
0x00007fff2a826000 	/usr/lib/liboah.dylib
0x00007fff205b3000 	/usr/lib/libc++.1.dylib
0x00007fff206ce000 	/System/Library/Frameworks/CoreFoundation.framework/Versions/A/CoreFoundation
0x00007fff2147b000 	/System/Library/Frameworks/Foundation.framework/Versions/C/Foundation
0x00007fff22f2f000 	/System/Library/Frameworks/AppKit.framework/Versions/C/AppKit
0x00007fff25dc7000 	/System/Library/Frameworks/CoreData.framework/Versions/A/CoreData
0x00007fff23c92000 	/System/Library/PrivateFrameworks/UIFoundation.framework/Versions/A/UIFoundation
0x00007fff2febf000 	/System/Library/PrivateFrameworks/RemoteViewServices.framework/Versions/A/RemoteViewServices
0x00007fff28cb8000 	/System/Library/PrivateFrameworks/XCTTargetBootstrap.framework/Versions/A/XCTTargetBootstrap
0x00007fff2b999000 	/usr/lib/libspindump.dylib
0x00007fff23ee7000 	/System/Library/Frameworks/UniformTypeIdentifiers.framework/Versions/A/UniformTypeIdentifiers
0x00007fff2748e000 	/usr/lib/libapp_launch_measurement.dylib
0x00007fff27491000 	/System/Library/PrivateFrameworks/CoreAutoLayout.framework/Versions/A/CoreAutoLayout
0x00007fff2861a000 	/System/Library/Frameworks/Metal.framework/Versions/A/Metal
0x00007fff2930a000 	/usr/lib/liblangid.dylib
0x00007fff28cbc000 	/System/Library/PrivateFrameworks/CoreSVG.framework/Versions/A/CoreSVG
0x00007fff24ece000 	/System/Library/PrivateFrameworks/SkyLight.framework/Versions/A/SkyLight
0x00007fff25235000 	/System/Library/Frameworks/CoreGraphics.framework/Versions/A/CoreGraphics
0x00007fff30516000 	/System/Library/Frameworks/Accelerate.framework/Versions/A/Accelerate
0x00007fff2b3d4000 	/System/Library/PrivateFrameworks/IconServices.framework/Versions/A/IconServices
0x00007fff285ff000 	/System/Library/Frameworks/IOSurface.framework/Versions/A/IOSurface
0x00007fff26750000 	/usr/lib/libDiagnosticMessagesClient.dylib
0x00007fff28ca4000 	/System/Library/PrivateFrameworks/DFRFoundation.framework/Versions/A/DFRFoundation
0x00007fff2285a000 	/usr/lib/libicucore.A.dylib
0x00007fff2cee0000 	/System/Library/Frameworks/AudioToolbox.framework/Versions/A/AudioToolbox
0x00007fff2c185000 	/System/Library/PrivateFrameworks/DataDetectorsCore.framework/Versions/A/DataDetectorsCore
0x00007fff289a4000 	/System/Library/Frameworks/Carbon.framework/Versions/A/Frameworks/HIToolbox.framework/Versions/A/HIToolbox
0x00007fff26ee9000 	/System/Library/Frameworks/QuartzCore.framework/Versions/A/QuartzCore
0x00007fff2fefb000 	/System/Library/Frameworks/Carbon.framework/Versions/A/Frameworks/SpeechRecognition.framework/Versions/A/SpeechRecognition
0x00007fff271f6000 	/System/Library/PrivateFrameworks/CoreUI.framework/Versions/A/CoreUI
0x00007fff21e63000 	/System/Library/Frameworks/CoreAudio.framework/Versions/A/CoreAudio
0x00007fff2683b000 	/System/Library/Frameworks/DiskArbitration.framework/Versions/A/DiskArbitration
0x00007fff2bd94000 	/System/Library/PrivateFrameworks/MultitouchSupport.framework/Versions/A/MultitouchSupport
0x00007fff2c17c000 	/System/Library/PrivateFrameworks/InternationalSupport.framework/Versions/A/InternationalSupport
0x00007fff24e42000 	/usr/lib/libenergytrace.dylib
0x00007fff22e28000 	/System/Library/Frameworks/IOKit.framework/Versions/A/IOKit
0x00007fff30248000 	/System/Library/Frameworks/CoreServices.framework/Versions/A/CoreServices
0x00007fff27424000 	/System/Library/PrivateFrameworks/PerformanceAnalysis.framework/Versions/A/PerformanceAnalysis
0x00007fff6cbb2000 	/System/Library/Frameworks/OpenGL.framework/Versions/A/OpenGL
0x00007fff2c201000 	/System/Library/PrivateFrameworks/UserActivity.framework/Versions/A/UserActivity
0x00007fff258c9000 	/System/Library/Frameworks/ColorSync.framework/Versions/A/ColorSync
0x00007fff28f21000 	/System/Library/Frameworks/CoreImage.framework/Versions/A/CoreImage
0x00007fff21c7a000 	/System/Library/Frameworks/CoreText.framework/Versions/A/CoreText
0x00007fff28ce6000 	/System/Library/Frameworks/ImageIO.framework/Versions/A/ImageIO
0x00007fff2a85f000 	/System/Library/PrivateFrameworks/SoftLinking.framework/Versions/A/SoftLinking
0x00007fff274da000 	/usr/lib/libxml2.2.dylib
0x00007fff2aad1000 	/usr/lib/libcompression.dylib
0x00007fff24e43000 	/usr/lib/libMobileGestalt.dylib
0x00007fff2c0af000 	/System/Library/PrivateFrameworks/TextureIO.framework/Versions/A/TextureIO
0x00007fff2b0f7000 	/usr/lib/libate.dylib
0x00007fff2aedc000 	/usr/lib/liblzma.5.dylib
0x00007fff2118f000 	/System/Library/Frameworks/SystemConfiguration.framework/Versions/A/SystemConfiguration
0x00007fff2a85b000 	/usr/lib/libfakelink.dylib
0x00007fff24995000 	/System/Library/Frameworks/CFNetwork.framework/Versions/A/CFNetwork
0x00007fff2a99b000 	/usr/lib/libarchive.2.dylib
0x00007fff2120d000 	/usr/lib/libCRFSuite.dylib
0x00007fff2a02e000 	/usr/lib/libbsm.0.dylib
0x00007fff24351000 	/usr/lib/libnetwork.dylib
0x00007fff2a860000 	/usr/lib/libpcap.A.dylib
0x00007fff26597000 	/usr/lib/libdns_services.dylib
0x00007fff2aef5000 	/usr/lib/libcoretls_cfhelpers.dylib
0x00007fff2aa9f000 	/usr/lib/libapple_nghttp2.dylib
0x00007fff2a7f3000 	/usr/lib/system/libkxld.dylib
0x00007fff261fd000 	/usr/lib/libsqlite3.dylib
0x00007fff2a56b000 	/System/Library/PrivateFrameworks/AppleFSCompression.framework/Versions/A/AppleFSCompression
0x00007fff2a016000 	/usr/lib/libcoretls.dylib
0x00007fff2aacc000 	/usr/lib/libpam.2.dylib
0x00007fff2aff2000 	/usr/lib/libxar.1.dylib
0x00007fff29306000 	/System/Library/PrivateFrameworks/AppleSystemInfo.framework/Versions/A/AppleSystemInfo
0x00007fff29c59000 	/System/Library/PrivateFrameworks/IOMobileFramebuffer.framework/Versions/A/IOMobileFramebuffer
0x00007fff2a57b000 	/usr/lib/libbz2.1.0.dylib
0x00007fff2a898000 	/usr/lib/libiconv.2.dylib
0x00007fff2a7ec000 	/usr/lib/libcharset.1.dylib
0x00007fff27460000 	/System/Library/Frameworks/CoreServices.framework/Versions/A/Frameworks/FSEvents.framework/Versions/A/FSEvents
0x00007fff22ac6000 	/System/Library/Frameworks/CoreServices.framework/Versions/A/Frameworks/CarbonCore.framework/Versions/A/CarbonCore
0x00007fff267a0000 	/System/Library/Frameworks/CoreServices.framework/Versions/A/Frameworks/Metadata.framework/Versions/A/Metadata
0x00007fff2a58e000 	/System/Library/Frameworks/CoreServices.framework/Versions/A/Frameworks/OSServices.framework/Versions/A/OSServices
0x00007fff2aa0d000 	/System/Library/Frameworks/CoreServices.framework/Versions/A/Frameworks/SearchKit.framework/Versions/A/SearchKit
0x00007fff26521000 	/System/Library/Frameworks/CoreServices.framework/Versions/A/Frameworks/AE.framework/Versions/A/AE
0x00007fff20b6a000 	/System/Library/Frameworks/CoreServices.framework/Versions/A/Frameworks/LaunchServices.framework/Versions/A/LaunchServices
0x00007fff2ae8d000 	/System/Library/Frameworks/CoreServices.framework/Versions/A/Frameworks/DictionaryServices.framework/Versions/A/DictionaryServices
0x00007fff27469000 	/System/Library/Frameworks/CoreServices.framework/Versions/A/Frameworks/SharedFileList.framework/Versions/A/SharedFileList
0x00007fff2a00a000 	/usr/lib/libCheckFix.dylib
0x00007fff24eb6000 	/System/Library/PrivateFrameworks/TCC.framework/Versions/A/TCC
0x00007fff2930c000 	/System/Library/PrivateFrameworks/CoreNLP.framework/Versions/A/CoreNLP
0x00007fff26753000 	/System/Library/PrivateFrameworks/MetadataUtilities.framework/Versions/A/MetadataUtilities
0x00007fff21243000 	/usr/lib/libmecabra.dylib
0x00007fff2a31d000 	/System/Library/Frameworks/MLCompute.framework/Versions/A/MLCompute
0x00007fff2a03f000 	/usr/lib/libmecab.dylib
0x00007fff2a089000 	/usr/lib/libgermantok.dylib
0x00007fff2aa75000 	/usr/lib/libThaiTokenizer.dylib
0x00007fff2b02d000 	/usr/lib/libChineseTokenizer.dylib
0x00007fff2aaca000 	/System/Library/Frameworks/MetalPerformanceShaders.framework/Versions/A/MetalPerformanceShaders
0x00007fff26842000 	/System/Library/Frameworks/Accelerate.framework/Versions/A/Frameworks/vImage.framework/Versions/A/vImage
0x00007fff30221000 	/System/Library/Frameworks/Accelerate.framework/Versions/A/Frameworks/vecLib.framework/Versions/A/vecLib
0x00007fff2b038000 	/System/Library/Frameworks/Accelerate.framework/Versions/A/Frameworks/vecLib.framework/Versions/A/libvMisc.dylib
0x00007fff29a72000 	/System/Library/Frameworks/Accelerate.framework/Versions/A/Frameworks/vecLib.framework/Versions/A/libvDSP.dylib
0x00007fff20e6e000 	/System/Library/Frameworks/Accelerate.framework/Versions/A/Frameworks/vecLib.framework/Versions/A/libBLAS.dylib
0x00007fff2aaf0000 	/System/Library/Frameworks/Accelerate.framework/Versions/A/Frameworks/vecLib.framework/Versions/A/libLAPACK.dylib
0x00007fff2a08f000 	/System/Library/Frameworks/Accelerate.framework/Versions/A/Frameworks/vecLib.framework/Versions/A/libLinearAlgebra.dylib
0x00007fff2aab7000 	/System/Library/Frameworks/Accelerate.framework/Versions/A/Frameworks/vecLib.framework/Versions/A/libSparseBLAS.dylib
0x00007fff2aaea000 	/System/Library/Frameworks/Accelerate.framework/Versions/A/Frameworks/vecLib.framework/Versions/A/libQuadrature.dylib
0x00007fff293b4000 	/System/Library/Frameworks/Accelerate.framework/Versions/A/Frameworks/vecLib.framework/Versions/A/libBNNS.dylib
0x00007fff21120000 	/System/Library/Frameworks/Accelerate.framework/Versions/A/Frameworks/vecLib.framework/Versions/A/libSparse.dylib
0x00007fff2929f000 	/System/Library/Frameworks/MetalPerformanceShaders.framework/Versions/A/Frameworks/MPSCore.framework/Versions/A/MPSCore
0x00007fff2a4da000 	/System/Library/Frameworks/MetalPerformanceShaders.framework/Versions/A/Frameworks/MPSImage.framework/Versions/A/MPSImage
0x00007fff2a0a5000 	/System/Library/Frameworks/MetalPerformanceShaders.framework/Versions/A/Frameworks/MPSNeuralNetwork.framework/Versions/A/MPSNeuralNetwork
0x00007fff2a465000 	/System/Library/Frameworks/MetalPerformanceShaders.framework/Versions/A/Frameworks/MPSMatrix.framework/Versions/A/MPSMatrix
0x00007fff2a2cd000 	/System/Library/Frameworks/MetalPerformanceShaders.framework/Versions/A/Frameworks/MPSRayIntersector.framework/Versions/A/MPSRayIntersector
0x00007fff2a49c000 	/System/Library/Frameworks/MetalPerformanceShaders.framework/Versions/A/Frameworks/MPSNDArray.framework/Versions/A/MPSNDArray
0x00007fff20d9a000 	/System/Library/PrivateFrameworks/MetalTools.framework/Versions/A/MetalTools
0x00007fff29304000 	/System/Library/PrivateFrameworks/AggregateDictionary.framework/Versions/A/AggregateDictionary
0x00007fff2672b000 	/System/Library/PrivateFrameworks/CoreAnalytics.framework/Versions/A/CoreAnalytics
0x00007fff2aa77000 	/System/Library/PrivateFrameworks/AppleSauce.framework/Versions/A/AppleSauce
0x00007fff28611000 	/System/Library/PrivateFrameworks/IOAccelerator.framework/Versions/A/IOAccelerator
0x00007fff6cba6000 	/System/Library/Frameworks/OpenGL.framework/Versions/A/Libraries/libCoreFSCache.dylib
0x00007fff217df000 	/System/Library/PrivateFrameworks/LanguageModeling.framework/Versions/A/LanguageModeling
0x00007fff29c46000 	/System/Library/PrivateFrameworks/CoreEmoji.framework/Versions/A/CoreEmoji
0x00007fff293ad000 	/System/Library/PrivateFrameworks/LinguisticData.framework/Versions/A/LinguisticData
0x00007fff210d2000 	/System/Library/PrivateFrameworks/Lexicon.framework/Versions/A/Lexicon
0x00007fff2a989000 	/usr/lib/libcmph.dylib
0x00007fff27440000 	/System/Library/Frameworks/OpenDirectory.framework/Versions/A/Frameworks/CFOpenDirectory.framework/Versions/A/CFOpenDirectory
0x00007fff27430000 	/System/Library/Frameworks/OpenDirectory.framework/Versions/A/OpenDirectory
0x00007fff2aef7000 	/System/Library/PrivateFrameworks/APFS.framework/Versions/A/APFS
0x00007fff29f6b000 	/System/Library/Frameworks/SecurityFoundation.framework/Versions/A/SecurityFoundation
0x00007fff2b000000 	/usr/lib/libutil.dylib
0x00007fff22ded000 	/System/Library/PrivateFrameworks/CoreServicesStore.framework/Versions/A/CoreServicesStore
0x00007fff2a002000 	/System/Library/Frameworks/ServiceManagement.framework/Versions/A/ServiceManagement
0x00007fff2b004000 	/usr/lib/libxslt.1.dylib
0x00007fff29ff8000 	/System/Library/PrivateFrameworks/BackgroundTaskManagement.framework/Versions/A/BackgroundTaskManagement
0x00007fff2bff9000 	/System/Library/Frameworks/ImageIO.framework/Versions/A/Resources/libRadiance.dylib
0x00007fff2c003000 	/System/Library/Frameworks/ImageIO.framework/Versions/A/Resources/libJPEG.dylib
0x00007fff2bf4e000 	/System/Library/Frameworks/ImageIO.framework/Versions/A/Resources/libPng.dylib
0x00007fff2bf75000 	/System/Library/Frameworks/ImageIO.framework/Versions/A/Resources/libTIFF.dylib
0x00007fff2c058000 	/System/Library/Frameworks/ImageIO.framework/Versions/A/Resources/libGIF.dylib
0x00007fff2bcb1000 	/System/Library/Frameworks/ImageIO.framework/Versions/A/Resources/libJP2.dylib
0x00007fff2b39b000 	/usr/lib/libexpat.1.dylib
0x00007fff2bc66000 	/System/Library/PrivateFrameworks/AppleJPEG.framework/Versions/A/AppleJPEG
0x00007fff28847000 	/System/Library/PrivateFrameworks/FontServices.framework/libFontParser.dylib
0x00007fff264d5000 	/System/Library/PrivateFrameworks/RunningBoardServices.framework/Versions/A/RunningBoardServices
0x00007fff2bd90000 	/System/Library/PrivateFrameworks/WatchdogClient.framework/Versions/A/WatchdogClient
0x00007fff218cc000 	/System/Library/Frameworks/CoreDisplay.framework/Versions/A/CoreDisplay
0x00007fff2875d000 	/System/Library/Frameworks/CoreMedia.framework/Versions/A/CoreMedia
0x00007fff275bd000 	/System/Library/Frameworks/CoreVideo.framework/Versions/A/CoreVideo
0x00007fff2bdc8000 	/System/Library/Frameworks/VideoToolbox.framework/Versions/A/VideoToolbox
0x00007fff26453000 	/System/Library/PrivateFrameworks/BaseBoard.framework/Versions/A/BaseBoard
0x00007fff2b4e0000 	/System/Library/PrivateFrameworks/PersistentConnection.framework/Versions/A/PersistentConnection
0x00007fff261e6000 	/System/Library/PrivateFrameworks/ProtocolBuffer.framework/Versions/A/ProtocolBuffer
0x00007fff2643a000 	/System/Library/PrivateFrameworks/CommonUtilities.framework/Versions/A/CommonUtilities
0x00007fff2bbfb000 	/System/Library/PrivateFrameworks/Bom.framework/Versions/A/Bom
0x00007fff2bff2000 	/System/Library/PrivateFrameworks/GPUWrangler.framework/Versions/A/GPUWrangler
0x00007fff2bfd5000 	/System/Library/PrivateFrameworks/IOPresentment.framework/Versions/A/IOPresentment
0x00007fff2bffd000 	/System/Library/PrivateFrameworks/DSExternalDisplay.framework/Versions/A/DSExternalDisplay
0x00007fff2c05d000 	/System/Library/PrivateFrameworks/CMCaptureCore.framework/Versions/A/CMCaptureCore
0x00007fff2b980000 	/System/Library/PrivateFrameworks/AppServerSupport.framework/Versions/A/AppServerSupport
0x00007fff2da31000 	/System/Library/PrivateFrameworks/perfdata.framework/Versions/A/perfdata
0x00007fff29f5a000 	/System/Library/PrivateFrameworks/AssertionServices.framework/Versions/A/AssertionServices
0x00007fff21a03000 	/System/Library/PrivateFrameworks/AudioToolboxCore.framework/Versions/A/AudioToolboxCore
0x00007fff28740000 	/System/Library/PrivateFrameworks/caulk.framework/Versions/A/caulk
0x00007fff3d6dc000 	/System/Library/PrivateFrameworks/SystemPolicy.framework/Versions/A/SystemPolicy
0x00007fff2b190000 	/usr/lib/libIOReport.dylib
0x00007fff2d253000 	/usr/lib/libSMC.dylib
0x00007fff2bf1b000 	/usr/lib/libAudioToolboxUtility.dylib
0x00007fff3e046000 	/usr/lib/libmis.dylib
0x00007fff6cc02000 	/System/Library/Frameworks/OpenGL.framework/Versions/A/Libraries/libGLU.dylib
0x00007fff6cbc5000 	/System/Library/Frameworks/OpenGL.framework/Versions/A/Libraries/libGFXShared.dylib
0x00007fff6cdd4000 	/System/Library/Frameworks/OpenGL.framework/Versions/A/Libraries/libGL.dylib
0x00007fff6cbce000 	/System/Library/Frameworks/OpenGL.framework/Versions/A/Libraries/libGLImage.dylib
0x00007fff6cbc2000 	/System/Library/Frameworks/OpenGL.framework/Versions/A/Libraries/libCVMSPluginSupport.dylib
0x00007fff6cbad000 	/System/Library/Frameworks/OpenGL.framework/Versions/A/Libraries/libCoreVMClient.dylib
0x00007fff6e215000 	/System/Library/Frameworks/OpenCL.framework/Versions/A/OpenCL
0x00007fff2b50a000 	/System/Library/PrivateFrameworks/GraphVisualizer.framework/Versions/A/GraphVisualizer
0x00007fff2b519000 	/System/Library/PrivateFrameworks/FaceCore.framework/Versions/A/FaceCore
0x00007fff2b935000 	/System/Library/PrivateFrameworks/OTSVG.framework/Versions/A/OTSVG
0x00007fff271b4000 	/System/Library/Frameworks/ApplicationServices.framework/Versions/A/Frameworks/ATS.framework/Versions/A/Resources/libFontRegistry.dylib
0x00007fff2b987000 	/System/Library/PrivateFrameworks/FontServices.framework/libhvf.dylib
0x00007fff2b347000 	/System/Library/PrivateFrameworks/AppleVA.framework/Versions/A/AppleVA
0x00007fff2d09c000 	/System/Library/Frameworks/ApplicationServices.framework/Versions/A/Frameworks/ATS.framework/Versions/A/ATS
0x00007fff2d3ae000 	/System/Library/Frameworks/ApplicationServices.framework/Versions/A/Frameworks/ColorSyncLegacy.framework/Versions/A/ColorSyncLegacy
0x00007fff259c0000 	/System/Library/Frameworks/ApplicationServices.framework/Versions/A/Frameworks/HIServices.framework/Versions/A/HIServices
0x00007fff2d393000 	/System/Library/Frameworks/ApplicationServices.framework/Versions/A/Frameworks/LangAnalysis.framework/Versions/A/LangAnalysis
0x00007fff2c067000 	/System/Library/Frameworks/ApplicationServices.framework/Versions/A/Frameworks/PrintCore.framework/Versions/A/PrintCore
0x00007fff2d3b6000 	/System/Library/Frameworks/ApplicationServices.framework/Versions/A/Frameworks/QD.framework/Versions/A/QD
0x00007fff2d08c000 	/System/Library/Frameworks/ApplicationServices.framework/Versions/A/Frameworks/SpeechSynthesis.framework/Versions/A/SpeechSynthesis
0x00007fff2c028000 	/System/Library/Frameworks/ApplicationServices.framework/Versions/A/Frameworks/ATSUI.framework/Versions/A/ATSUI
0x00007fff2d333000 	/usr/lib/libcups.2.dylib
0x00007fff2d3a3000 	/System/Library/PrivateFrameworks/NetAuth.framework/Versions/A/NetAuth
0x00007fff2da4d000 	/System/Library/Frameworks/Kerberos.framework/Versions/A/Kerberos
0x00007fff2da5d000 	/System/Library/Frameworks/GSS.framework/Versions/A/GSS
0x00007fff2d108000 	/usr/lib/libresolv.9.dylib
0x00007fff2b99c000 	/System/Library/PrivateFrameworks/Heimdal.framework/Versions/A/Heimdal
0x00007fff337e1000 	/System/Library/Frameworks/Kerberos.framework/Versions/A/Libraries/libHeimdalProxy.dylib
0x00007fff265a6000 	/System/Library/Frameworks/Network.framework/Versions/A/Network
0x00007fff2b3b5000 	/usr/lib/libheimdal-asn1.dylib
0x00007fff2daad000 	/System/Library/PrivateFrameworks/CommonAuth.framework/Versions/A/CommonAuth
0x00007fff2760a000 	/System/Library/PrivateFrameworks/login.framework/Versions/A/Frameworks/loginsupport.framework/Versions/A/loginsupport
0x00007fff2d011000 	/System/Library/PrivateFrameworks/AudioSession.framework/Versions/A/AudioSession
0x00007fff2d079000 	/usr/lib/libAudioStatistics.dylib
0x00007fff2b442000 	/System/Library/PrivateFrameworks/MediaExperience.framework/Versions/A/MediaExperience
0x00007fff2ceae000 	/System/Library/PrivateFrameworks/AudioSession.framework/libSessionUtility.dylib
0x00007fff2da3e000 	/usr/lib/libperfcheck.dylib
0x00007fff2d3c2000 	/System/Library/PrivateFrameworks/AudioResourceArbitration.framework/Versions/A/AudioResourceArbitration
0x00007fff2b3bf000 	/System/Library/PrivateFrameworks/IconFoundation.framework/Versions/A/IconFoundation
0x00007fff2feeb000 	/System/Library/PrivateFrameworks/SpeechRecognitionCore.framework/Versions/A/SpeechRecognitionCore
0x00000001060e8000 	/Users/thomasmatthews/.p2/pool/plugins/org.eclipse.justj.openjdk.hotspot.jre.full.macosx.x86_64_15.0.2.v20210201-0955/jre/lib/server/libjvm.dylib
0x00000001033db000 	/Users/thomasmatthews/.p2/pool/plugins/org.eclipse.justj.openjdk.hotspot.jre.full.macosx.x86_64_15.0.2.v20210201-0955/jre/lib/libjimage.dylib
0x00000001033e9000 	/Users/thomasmatthews/.p2/pool/plugins/org.eclipse.justj.openjdk.hotspot.jre.full.macosx.x86_64_15.0.2.v20210201-0955/jre/lib/libinstrument.dylib
0x00000001033f9000 	/Users/thomasmatthews/.p2/pool/plugins/org.eclipse.justj.openjdk.hotspot.jre.full.macosx.x86_64_15.0.2.v20210201-0955/jre/lib/libjava.dylib
0x000000010346c000 	/Users/thomasmatthews/.p2/pool/plugins/org.eclipse.justj.openjdk.hotspot.jre.full.macosx.x86_64_15.0.2.v20210201-0955/jre/lib/libzip.dylib
0x00000001036b4000 	/Users/thomasmatthews/.p2/pool/plugins/org.eclipse.justj.openjdk.hotspot.jre.full.macosx.x86_64_15.0.2.v20210201-0955/jre/lib/libnio.dylib
0x00000001036c8000 	/Users/thomasmatthews/.p2/pool/plugins/org.eclipse.justj.openjdk.hotspot.jre.full.macosx.x86_64_15.0.2.v20210201-0955/jre/lib/libnet.dylib
0x00000001036e1000 	/Users/thomasmatthews/.p2/pool/plugins/org.eclipse.justj.openjdk.hotspot.jre.full.macosx.x86_64_15.0.2.v20210201-0955/jre/lib/libverify.dylib
0x00000001036f2000 	/Users/thomasmatthews/.p2/pool/plugins/org.eclipse.justj.openjdk.hotspot.jre.full.macosx.x86_64_15.0.2.v20210201-0955/jre/lib/libextnet.dylib
0x00000001036f9000 	/Users/thomasmatthews/.p2/pool/plugins/org.eclipse.justj.openjdk.hotspot.jre.full.macosx.x86_64_15.0.2.v20210201-0955/jre/lib/libmanagement.dylib
0x0000000103703000 	/Users/thomasmatthews/.p2/pool/plugins/org.eclipse.justj.openjdk.hotspot.jre.full.macosx.x86_64_15.0.2.v20210201-0955/jre/lib/libmanagement_ext.dylib
0x000000010370e000 	/Users/thomasmatthews/eclipse-workspace/25_jni-inchi/target/classes/META-INF/jniinchi/1.03_1/MAC-X86_64/JniInchi-1.03_1-MAC-X86_64


VM Arguments:
jvm_args: -Djava.awt.headless=true -javaagent:/var/folders/kf/6s3yyz091ynfywzf3k3mq2cm0000gn/T/1617350530933092591480972417724106533362184458336.jar -Dfile.encoding=UTF-8 
java_command: org.pitest.mutationtest.execute.MutationTestMinion 55410
java_class_path (initial): /Users/thomasmatthews/.p2/pool/plugins/org.pitest_1.4.11:/Users/thomasmatthews/.p2/pool/plugins/org.pitest.pitclipse.runner_2.1.1.jar:/Users/thomasmatthews/.p2/pool/plugins/org.pitest_1.4.11/lib/pitest.jar:/Users/thomasmatthews/.p2/pool/plugins/org.pitest_1.4.11/lib/pitest-entry.jar:/Users/thomasmatthews/.p2/pool/plugins/org.pitest_1.4.11/lib/pitest-command-line.jar:/Users/thomasmatthews/.p2/pool/plugins/org.pitest_1.4.11/lib/pitest-html-report.jar:/Users/thomasmatthews/.p2/pool/plugins/com.google.guava_27.1.0.v20190517-1946.jar:/Users/thomasmatthews/.p2/pool/plugins/org.pitest.pitclipse.listeners_2.1.1.jar:/Users/thomasmatthews/eclipse-workspace/25_jni-inchi/target/classes:/Users/thomasmatthews/eclipse-workspace/25_jni-inchi/target/test-classes:/Users/thomasmatthews/eclipse-workspace/25_jni-inchi/lib/jnati-core-0.4.jar:/Users/thomasmatthews/eclipse-workspace/25_jni-inchi/lib/jnati-deploy-0.4.jar:/Users/thomasmatthews/eclipse-workspace/25_jni-inchi/lib/log4j-1.2.14.jar:/Users/thomasmatthews/.p2/pool/plugins/org.junit_4.13.0.v20200204-1500.jar:/Users/thomasmatthews/.p2/pool/plugins/org.hamcrest.core_1.3.0.v20180420-1519.jar
Launcher Type: SUN_STANDARD

[Global flags]
     intx CICompilerCount                          = 3                                         {product} {ergonomic}
     uint ConcGCThreads                            = 1                                         {product} {ergonomic}
     uint G1ConcRefinementThreads                  = 4                                         {product} {ergonomic}
   size_t G1HeapRegionSize                         = 2097152                                   {product} {ergonomic}
    uintx GCDrainStackTargetSize                   = 64                                        {product} {ergonomic}
   size_t InitialHeapSize                          = 268435456                                 {product} {ergonomic}
   size_t MarkStackSize                            = 4194304                                   {product} {ergonomic}
   size_t MaxHeapSize                              = 4294967296                                {product} {ergonomic}
   size_t MaxNewSize                               = 2575302656                                {product} {ergonomic}
   size_t MinHeapDeltaBytes                        = 2097152                                   {product} {ergonomic}
   size_t MinHeapSize                              = 8388608                                   {product} {ergonomic}
    uintx NonNMethodCodeHeapSize                   = 5832780                                {pd product} {ergonomic}
    uintx NonProfiledCodeHeapSize                  = 122912730                              {pd product} {ergonomic}
    uintx ProfiledCodeHeapSize                     = 122912730                              {pd product} {ergonomic}
    uintx ReservedCodeCacheSize                    = 251658240                              {pd product} {ergonomic}
     bool SegmentedCodeCache                       = true                                      {product} {ergonomic}
   size_t SoftMaxHeapSize                          = 4294967296                             {manageable} {ergonomic}
     bool UseCompressedClassPointers               = true                                 {lp64_product} {ergonomic}
     bool UseCompressedOops                        = true                                 {lp64_product} {ergonomic}
     bool UseG1GC                                  = true                                      {product} {ergonomic}
     bool UseNUMA                                  = false                                     {product} {ergonomic}
     bool UseNUMAInterleaving                      = false                                     {product} {ergonomic}

Logging:
Log output configuration:
 #0: stdout all=warning uptime,level,tags
 #1: stderr all=off uptime,level,tags

Environment Variables:
CLASSPATH=/Users/thomasmatthews/.p2/pool/plugins/org.pitest_1.4.11:/Users/thomasmatthews/.p2/pool/plugins/org.pitest.pitclipse.runner_2.1.1.jar:/Users/thomasmatthews/.p2/pool/plugins/org.pitest_1.4.11/lib/pitest.jar:/Users/thomasmatthews/.p2/pool/plugins/org.pitest_1.4.11/lib/pitest-entry.jar:/Users/thomasmatthews/.p2/pool/plugins/org.pitest_1.4.11/lib/pitest-command-line.jar:/Users/thomasmatthews/.p2/pool/plugins/org.pitest_1.4.11/lib/pitest-html-report.jar:/Users/thomasmatthews/.p2/pool/plugins/com.google.guava_27.1.0.v20190517-1946.jar:/Users/thomasmatthews/.p2/pool/plugins/org.pitest.pitclipse.listeners_2.1.1.jar:/Users/thomasmatthews/eclipse-workspace/25_jni-inchi/target/classes:/Users/thomasmatthews/eclipse-workspace/25_jni-inchi/target/test-classes:/Users/thomasmatthews/eclipse-workspace/25_jni-inchi/lib/jnati-core-0.4.jar:/Users/thomasmatthews/eclipse-workspace/25_jni-inchi/lib/jnati-deploy-0.4.jar:/Users/thomasmatthews/eclipse-workspace/25_jni-inchi/lib/log4j-1.2.14.jar:/Users/thomasmatthews/.p2/pool/plugins/org.junit_4.13.0.v20200204-1500.jar:/Users/thomasmatthews/.p2/pool/plugins/org.hamcrest.core_1.3.0.v20180420-1519.jar
PATH=/usr/bin:/bin:/usr/sbin:/sbin
SHELL=/bin/zsh
DISPLAY=/private/tmp/com.apple.launchd.H4MAuLrG8E/org.xquartz:0

Signal Handlers:
SIGSEGV: [libjvm.dylib+0xa01020], sa_mask[0]=11111111011111110111111111111111, sa_flags=SA_ONSTACK|SA_RESTART|SA_SIGINFO
SIGBUS: [libjvm.dylib+0xa01020], sa_mask[0]=11111111011111110111111111111111, sa_flags=SA_RESTART|SA_SIGINFO
SIGFPE: [libjvm.dylib+0xa01020], sa_mask[0]=11111111011111110111111111111111, sa_flags=SA_RESTART|SA_SIGINFO
SIGPIPE: [libjvm.dylib+0x82c500], sa_mask[0]=11111111011111110111111111111111, sa_flags=SA_RESTART|SA_SIGINFO
SIGXFSZ: [libjvm.dylib+0x82c500], sa_mask[0]=11111111011111110111111111111111, sa_flags=SA_RESTART|SA_SIGINFO
SIGILL: [libjvm.dylib+0xa01020], sa_mask[0]=11111111011111110111111111111111, sa_flags=SA_RESTART|SA_SIGINFO
SIGUSR2: [libjvm.dylib+0x82d010], sa_mask[0]=00100000000000000000000000000000, sa_flags=SA_RESTART|SA_SIGINFO
SIGHUP: [libjvm.dylib+0x82b710], sa_mask[0]=11111111011111110111111111111111, sa_flags=SA_RESTART|SA_SIGINFO
SIGINT: [libjvm.dylib+0x82b710], sa_mask[0]=11111111011111110111111111111111, sa_flags=SA_RESTART|SA_SIGINFO
SIGTERM: [libjvm.dylib+0x82b710], sa_mask[0]=11111111011111110111111111111111, sa_flags=SA_RESTART|SA_SIGINFO
SIGQUIT: [libjvm.dylib+0x82b710], sa_mask[0]=11111111011111110111111111111111, sa_flags=SA_RESTART|SA_SIGINFO


---------------  S Y S T E M  ---------------

OS:uname: Darwin 20.3.0 Darwin Kernel Version 20.3.0: Thu Jan 21 00:07:06 PST 2021; root:xnu-7195.81.3~1/RELEASE_X86_64 x86_64
OS uptime: 9 days 10:20 hours
rlimit (soft/hard): STACK 8192k/65532k , CORE 0k/infinity , NPROC 2784/4176 , NOFILE 10240/infinity , AS infinity/infinity , CPU infinity/infinity , DATA infinity/infinity , FSIZE infinity/infinity , MEMLOCK infinity/infinity , RSS infinity/infinity
load average: 17.93 6.53 3.47

CPU: total 4 (initial active 4) (2 cores per cpu, 2 threads per core) family 6 model 61 stepping 4 microcode 0x2f, cmov, cx8, fxsr, mmx, sse, sse2, sse3, ssse3, sse4.1, sse4.2, popcnt, vzeroupper, avx, avx2, aes, clmul, erms, 3dnowpref, lzcnt, ht, tsc, tscinvbit, bmi1, bmi2, adx, fma, clflush

Memory: 4k page, physical 16777216k(794340k free), swap 2097152k(1450240k free)

vm_info: OpenJDK 64-Bit Server VM (15.0.2+7-27) for bsd-amd64 JRE (15.0.2+7-27), built on Dec  7 2020 20:01:12 by "mach5one" with clang 4.2.1 Compatible Apple LLVM 10.0.0 (clang-1000.11.45.5)

END.
