#
# A fatal error has been detected by the Java Runtime Environment:
#
#  SIGSEGV (0xb) at pc=0x000000010e003854, pid=52095, tid=38659
#
# JRE version: OpenJDK Runtime Environment (15.0.2+7) (build 15.0.2+7-27)
# Java VM: OpenJDK 64-Bit Server VM (15.0.2+7-27, mixed mode, tiered, compressed oops, g1 gc, bsd-amd64)
# Problematic frame:
# V  [libjvm.dylib+0x3854]  _ZN14AccessInternal19PostRuntimeDispatchIN12G1BarrierSet13AccessBarrierILy548980ES1_EELNS_11BarrierTypeE2ELy548980EE18oop_access_barrierEPv+0x4
#
# No core dump will be written. Core dumps have been disabled. To enable core dumping, try "ulimit -c unlimited" before starting Java again
#
# If you would like to submit a bug report, please visit:
#   https://bugreport.java.com/bugreport/crash.jsp
#

---------------  S U M M A R Y ------------

Command Line: -Djava.awt.headless=true -javaagent:/var/folders/kf/6s3yyz091ynfywzf3k3mq2cm0000gn/T/1617350530933092591480972417724106533362184458336.jar -Dfile.encoding=UTF-8 org.pitest.mutationtest.execute.MutationTestMinion 55450

Host: MacBookPro12,1 x86_64 3100 MHz, 4 cores, 16G, Darwin 20.3.0
Time: Fri Apr  2 02:03:06 2021 MDT elapsed time: 1.020771 seconds (0d 0h 0m 1s)

---------------  T H R E A D  ---------------

Current thread (0x00007fb2050d5800):  JavaThread "mutationTestThread" daemon [_thread_in_vm, id=38659, stack(0x000070000aea2000,0x000070000afa2000)]

Stack: [0x000070000aea2000,0x000070000afa2000],  sp=0x000070000afa06e0,  free space=1017k
Native frames: (J=compiled Java code, A=aot compiled Java code, j=interpreted, Vv=VM code, C=native code)
V  [libjvm.dylib+0x3854]  _ZN14AccessInternal19PostRuntimeDispatchIN12G1BarrierSet13AccessBarrierILy548980ES1_EELNS_11BarrierTypeE2ELy548980EE18oop_access_barrierEPv+0x4
V  [libjvm.dylib+0x50681f]  jni_NewObject+0x12f
C  [JniInchi-1.03_1-MAC-X86_64+0xb9a9a]  Java_net_sf_jniinchi_JniInchiWrapper_GetINCHIInputFromAuxInfo+0xb5
j  net.sf.jniinchi.JniInchiWrapper.GetINCHIInputFromAuxInfo(Ljava/lang/String;ZZ)Lnet/sf/jniinchi/JniInchiInputData;+0
j  net.sf.jniinchi.JniInchiWrapper.getInputFromAuxInfo(Ljava/lang/String;)Lnet/sf/jniinchi/JniInchiInputData;+26
j  net.sf.jniinchi.TestExamples.testAuxinfo2Input()V+2
v  ~StubRoutines::call_stub
V  [libjvm.dylib+0x4ae582]  _ZN9JavaCalls11call_helperEP9JavaValueRK12methodHandleP17JavaCallArgumentsP6Thread+0x2e2
V  [libjvm.dylib+0x89f2ae]  _ZL6invokeP13InstanceKlassRK12methodHandle6Handleb14objArrayHandle9BasicTypeS5_bP6Thread+0x8ee
V  [libjvm.dylib+0x89e994]  _ZN10Reflection13invoke_methodEP7oopDesc6Handle14objArrayHandleP6Thread+0x244
V  [libjvm.dylib+0x55d399]  JVM_InvokeMethod+0x329
j  jdk.internal.reflect.NativeMethodAccessorImpl.invoke0(Ljava/lang/reflect/Method;Ljava/lang/Object;[Ljava/lang/Object;)Ljava/lang/Object;+0 java.base@15.0.2
j  jdk.internal.reflect.NativeMethodAccessorImpl.invoke(Ljava/lang/Object;[Ljava/lang/Object;)Ljava/lang/Object;+113 java.base@15.0.2
j  jdk.internal.reflect.DelegatingMethodAccessorImpl.invoke(Ljava/lang/Object;[Ljava/lang/Object;)Ljava/lang/Object;+6 java.base@15.0.2
j  java.lang.reflect.Method.invoke(Ljava/lang/Object;[Ljava/lang/Object;)Ljava/lang/Object;+59 java.base@15.0.2
j  org.junit.runners.model.FrameworkMethod$1.runReflectiveCall()Ljava/lang/Object;+15
j  org.junit.internal.runners.model.ReflectiveCallable.run()Ljava/lang/Object;+1
j  org.junit.runners.model.FrameworkMethod.invokeExplosively(Ljava/lang/Object;[Ljava/lang/Object;)Ljava/lang/Object;+10
j  org.junit.internal.runners.statements.InvokeMethod.evaluate()V+12
j  org.junit.runners.ParentRunner$3.evaluate()V+4
j  org.junit.runners.BlockJUnit4ClassRunner$1.evaluate()V+11
j  org.junit.runners.ParentRunner.runLeaf(Lorg/junit/runners/model/Statement;Lorg/junit/runner/Description;Lorg/junit/runner/notification/RunNotifier;)V+17
j  org.junit.runners.BlockJUnit4ClassRunner.runChild(Lorg/junit/runners/model/FrameworkMethod;Lorg/junit/runner/notification/RunNotifier;)V+38
j  org.junit.runners.BlockJUnit4ClassRunner.runChild(Ljava/lang/Object;Lorg/junit/runner/notification/RunNotifier;)V+6
j  org.junit.runners.ParentRunner$4.run()V+12
j  org.junit.runners.ParentRunner$1.schedule(Ljava/lang/Runnable;)V+1
j  org.junit.runners.ParentRunner.runChildren(Lorg/junit/runner/notification/RunNotifier;)V+44
j  org.junit.runners.ParentRunner.access$100(Lorg/junit/runners/ParentRunner;Lorg/junit/runner/notification/RunNotifier;)V+2
j  org.junit.runners.ParentRunner$2.evaluate()V+8
j  org.junit.runners.ParentRunner$3.evaluate()V+4
j  org.junit.runners.ParentRunner.run(Lorg/junit/runner/notification/RunNotifier;)V+24
j  org.pitest.junit.adapter.CustomRunnerExecutor.run()V+34
j  org.pitest.junit.adapter.AdaptedJUnitTestUnit.execute(Lorg/pitest/testapi/ResultCollector;)V+34
j  org.pitest.mutationtest.execute.MutationTimeoutDecorator.lambda$createRunnable$0(Lorg/pitest/testapi/ResultCollector;)V+5
j  org.pitest.mutationtest.execute.MutationTimeoutDecorator$$Lambda$117+0x000000080017d308.run()V+8
j  java.util.concurrent.Executors$RunnableAdapter.call()Ljava/lang/Object;+4 java.base@15.0.2
j  java.util.concurrent.FutureTask.run()V+39 java.base@15.0.2
j  java.lang.Thread.run()V+11 java.base@15.0.2
v  ~StubRoutines::call_stub
V  [libjvm.dylib+0x4ae582]  _ZN9JavaCalls11call_helperEP9JavaValueRK12methodHandleP17JavaCallArgumentsP6Thread+0x2e2
V  [libjvm.dylib+0x4ad469]  _ZN9JavaCalls12call_virtualEP9JavaValueP5KlassP6SymbolS5_P17JavaCallArgumentsP6Thread+0x1e9
V  [libjvm.dylib+0x4ad533]  _ZN9JavaCalls12call_virtualEP9JavaValue6HandleP5KlassP6SymbolS6_P6Thread+0x63
V  [libjvm.dylib+0x558f80]  _ZL12thread_entryP10JavaThreadP6Thread+0xb0
V  [libjvm.dylib+0x99ae92]  _ZN10JavaThread17thread_main_innerEv+0xb2
V  [libjvm.dylib+0x997fa1]  _ZN6Thread8call_runEv+0x71
V  [libjvm.dylib+0x82a037]  _ZL19thread_native_entryP6Thread+0x197
C  [libsystem_pthread.dylib+0x6950]  _pthread_start+0xe0
C  [libsystem_pthread.dylib+0x247b]  thread_start+0xf

Java frames: (J=compiled Java code, j=interpreted, Vv=VM code)
j  net.sf.jniinchi.JniInchiWrapper.GetINCHIInputFromAuxInfo(Ljava/lang/String;ZZ)Lnet/sf/jniinchi/JniInchiInputData;+0
j  net.sf.jniinchi.JniInchiWrapper.getInputFromAuxInfo(Ljava/lang/String;)Lnet/sf/jniinchi/JniInchiInputData;+26
j  net.sf.jniinchi.TestExamples.testAuxinfo2Input()V+2
v  ~StubRoutines::call_stub
j  jdk.internal.reflect.NativeMethodAccessorImpl.invoke0(Ljava/lang/reflect/Method;Ljava/lang/Object;[Ljava/lang/Object;)Ljava/lang/Object;+0 java.base@15.0.2
j  jdk.internal.reflect.NativeMethodAccessorImpl.invoke(Ljava/lang/Object;[Ljava/lang/Object;)Ljava/lang/Object;+113 java.base@15.0.2
j  jdk.internal.reflect.DelegatingMethodAccessorImpl.invoke(Ljava/lang/Object;[Ljava/lang/Object;)Ljava/lang/Object;+6 java.base@15.0.2
j  java.lang.reflect.Method.invoke(Ljava/lang/Object;[Ljava/lang/Object;)Ljava/lang/Object;+59 java.base@15.0.2
j  org.junit.runners.model.FrameworkMethod$1.runReflectiveCall()Ljava/lang/Object;+15
j  org.junit.internal.runners.model.ReflectiveCallable.run()Ljava/lang/Object;+1
j  org.junit.runners.model.FrameworkMethod.invokeExplosively(Ljava/lang/Object;[Ljava/lang/Object;)Ljava/lang/Object;+10
j  org.junit.internal.runners.statements.InvokeMethod.evaluate()V+12
j  org.junit.runners.ParentRunner$3.evaluate()V+4
j  org.junit.runners.BlockJUnit4ClassRunner$1.evaluate()V+11
j  org.junit.runners.ParentRunner.runLeaf(Lorg/junit/runners/model/Statement;Lorg/junit/runner/Description;Lorg/junit/runner/notification/RunNotifier;)V+17
j  org.junit.runners.BlockJUnit4ClassRunner.runChild(Lorg/junit/runners/model/FrameworkMethod;Lorg/junit/runner/notification/RunNotifier;)V+38
j  org.junit.runners.BlockJUnit4ClassRunner.runChild(Ljava/lang/Object;Lorg/junit/runner/notification/RunNotifier;)V+6
j  org.junit.runners.ParentRunner$4.run()V+12
j  org.junit.runners.ParentRunner$1.schedule(Ljava/lang/Runnable;)V+1
j  org.junit.runners.ParentRunner.runChildren(Lorg/junit/runner/notification/RunNotifier;)V+44
j  org.junit.runners.ParentRunner.access$100(Lorg/junit/runners/ParentRunner;Lorg/junit/runner/notification/RunNotifier;)V+2
j  org.junit.runners.ParentRunner$2.evaluate()V+8
j  org.junit.runners.ParentRunner$3.evaluate()V+4
j  org.junit.runners.ParentRunner.run(Lorg/junit/runner/notification/RunNotifier;)V+24
j  org.pitest.junit.adapter.CustomRunnerExecutor.run()V+34
j  org.pitest.junit.adapter.AdaptedJUnitTestUnit.execute(Lorg/pitest/testapi/ResultCollector;)V+34
j  org.pitest.mutationtest.execute.MutationTimeoutDecorator.lambda$createRunnable$0(Lorg/pitest/testapi/ResultCollector;)V+5
j  org.pitest.mutationtest.execute.MutationTimeoutDecorator$$Lambda$117+0x000000080017d308.run()V+8
j  java.util.concurrent.Executors$RunnableAdapter.call()Ljava/lang/Object;+4 java.base@15.0.2
j  java.util.concurrent.FutureTask.run()V+39 java.base@15.0.2
j  java.lang.Thread.run()V+11 java.base@15.0.2
v  ~StubRoutines::call_stub

siginfo: si_signo: 11 (SIGSEGV), si_code: 1 (SEGV_MAPERR), si_addr: 0x0000000000000000

Register to memory mapping:

RAX=0x000000010ba0b000 points into unknown readable memory: 0x0000000000000000 | 00 00 00 00 00 00 00 00
RBX=0x00007fb2050d5b28 points into unknown readable memory: 0x000000010ebcff70 | 70 ff bc 0e 01 00 00 00
RCX=0x000000010ebcff70: jni_NativeInterface+0 in /Users/thomasmatthews/.p2/pool/plugins/org.eclipse.justj.openjdk.hotspot.jre.full.macosx.x86_64_15.0.2.v20210201-0955/jre/lib/server/libjvm.dylib at 0x000000010e000000
RDX=0x0 is NULL
RSP=0x000070000afa06e0 is pointing into the stack for thread: 0x00007fb2050d5800
RBP=0x000070000afa06e0 is pointing into the stack for thread: 0x00007fb2050d5800
RSI=0x0 is NULL
RDI=0x0 is NULL
R8 =0x0 is NULL
R9 =0x0000000000000004 is an unknown value
R10=0x0000000000000008 is an unknown value
R11=0x0 is NULL
R12=0x0 is NULL
R13=0x00007fb2050d5800 is a thread
R14=0x0 is NULL
R15=0x00007fb2050d5b28 points into unknown readable memory: 0x000000010ebcff70 | 70 ff bc 0e 01 00 00 00


Registers:
RAX=0x000000010ba0b000, RBX=0x00007fb2050d5b28, RCX=0x000000010ebcff70, RDX=0x0000000000000000
RSP=0x000070000afa06e0, RBP=0x000070000afa06e0, RSI=0x0000000000000000, RDI=0x0000000000000000
R8 =0x0000000000000000, R9 =0x0000000000000004, R10=0x0000000000000008, R11=0x0000000000000000
R12=0x0000000000000000, R13=0x00007fb2050d5800, R14=0x0000000000000000, R15=0x00007fb2050d5b28
RIP=0x000000010e003854, EFLAGS=0x0000000000010246, ERR=0x0000000000000004
  TRAPNO=0x000000000000000e

Top of Stack: (sp=0x000070000afa06e0)
0x000070000afa06e0:   000070000afa0870 000000010e50681f
0x000070000afa06f0:   0000000000000000 000000070fe4a100
0x000070000afa0700:   0000000000000000 000000010b9eb000
0x000070000afa0710:   000070000afa0740 000000010ebcff70
0x000070000afa0720:   0000000000000000 0000000000000004
0x000070000afa0730:   0000000000000001 00007fff88caa000
0x000070000afa0740:   000070000afa0780 00007fff20497dfe
0x000070000afa0750:   0000000000000000 0000000000000087
0x000070000afa0760:   0000000000000000 000000070fe4a148
0x000070000afa0770:   000070000afa07f8 0000000000000008
0x000070000afa0780:   000070000afa07b0 000000010e825af5
0x000070000afa0790:   0000000000000001 00007fb2050d5800
0x000070000afa07a0:   0000000000000087 000000070fe4a130
0x000070000afa07b0:   000070000afa07e0 000000010e10f0e4
0x000070000afa07c0:   0000000000000000 0000000000000087
0x000070000afa07d0:   0000000000000086 000000070fe4a130
0x000070000afa07e0:   000070000afa0870 000000010e518304
0x000070000afa07f0:   0000000000000000 0000000000000000
0x000070000afa0800:   00007fb2050d5800 0000000000000000
0x000070000afa0810:   0000000000000000 0000000100000000
0x000070000afa0820:   00007fb2050d5800 0000000000000000
0x000070000afa0830:   0000000000000000 1ee13f6e45b800c9
0x000070000afa0840:   1ee13f6e45b800c9 00007fb2050d5b28
0x000070000afa0850:   0000000000000000 0000000000000006
0x000070000afa0860:   00007fb207f2ec00 0000000000000000
0x000070000afa0870:   000070000afa0a20 000000011168da9a
0x000070000afa0880:   0000000000000000 0000000000000000
0x000070000afa0890:   0000700002000000 000070000afa08d0
0x000070000afa08a0:   000070000afa08b0 000070000afa0ad0
0x000070000afa08b0:   00007fb207f2edf0 0000000000000000
0x000070000afa08c0:   0000000000000000 0000000000000006
0x000070000afa08d0:   000070000afa08b0 0000000000000000 

Instructions: (pc=0x000000010e003854)
0x000000010e003754:   ff 0b 73 0e 48 63 c7 48 8d 0d 2e a9 ae 00 8b 04
0x000000010e003764:   81 c3 55 48 89 e5 48 8d 3d e3 be a6 00 be 9c 00
0x000000010e003774:   00 00 e8 b5 c1 2f 00 e8 20 63 82 00 31 c0 5d c3
0x000000010e003784:   66 66 66 2e 0f 1f 84 00 00 00 00 00 55 48 89 e5
0x000000010e003794:   48 8b 47 08 0f b7 48 32 0f b7 40 30 8d 44 01 19
0x000000010e0037a4:   5d c3 66 2e 0f 1f 84 00 00 00 00 00 55 48 89 e5
0x000000010e0037b4:   53 50 48 89 fb 48 8d 0d 78 c8 c2 00 48 8d 05 59
0x000000010e0037c4:   0f c0 00 48 8b 00 8b 40 10 ff c8 80 39 00 74 10
0x000000010e0037d4:   83 f8 04 73 1f 48 98 48 8d 0d fe 50 b2 00 eb 0e
0x000000010e0037e4:   83 f8 04 73 0f 48 98 48 8d 0d 0e 51 b2 00 48 8b
0x000000010e0037f4:   04 c1 eb 21 48 8d 3d 8c be a6 00 48 8d 15 b5 be
0x000000010e003804:   a6 00 be e8 00 00 00 31 c0 e8 1e bf 2f 00 e8 89
0x000000010e003814:   62 82 00 31 c0 48 89 05 10 8f bc 00 48 89 df 48
0x000000010e003824:   83 c4 08 5b 5d ff e0 0f 1f 44 00 00 55 48 89 e5
0x000000010e003834:   48 8b 07 5d c3 0f 1f 80 00 00 00 00 55 48 89 e5
0x000000010e003844:   48 8b 07 5d c3 0f 1f 80 00 00 00 00 55 48 89 e5
0x000000010e003854:   48 8b 07 5d c3 0f 1f 80 00 00 00 00 55 48 89 e5
0x000000010e003864:   41 57 41 56 53 50 49 89 fe 49 8b 1e 4c 8d 3d c1
0x000000010e003874:   e4 c5 00 49 85 1f 74 3c 48 89 df e8 5c 5c a3 00
0x000000010e003884:   48 89 c1 48 85 c9 74 29 48 89 d8 f0 49 0f b1 0e
0x000000010e003894:   48 89 c2 48 39 da 74 19 0f 1f 40 00 49 85 17 74
0x000000010e0038a4:   10 48 89 d0 f0 49 0f b1 0e 48 39 d0 48 89 c2 75
0x000000010e0038b4:   eb 48 89 cb 48 89 d8 48 83 c4 08 5b 41 5e 41 5f
0x000000010e0038c4:   5d c3 66 2e 0f 1f 84 00 00 00 00 00 55 48 89 e5
0x000000010e0038d4:   48 8b 07 5d c3 0f 1f 80 00 00 00 00 55 48 89 e5
0x000000010e0038e4:   48 8b 07 5d c3 0f 1f 80 00 00 00 00 55 48 89 e5
0x000000010e0038f4:   48 8b 07 5d c3 0f 1f 80 00 00 00 00 55 48 89 e5
0x000000010e003904:   41 57 41 56 53 50 49 89 fe 49 8b 1e 4c 8d 3d 21
0x000000010e003914:   e4 c5 00 49 85 1f 74 3c 48 89 df e8 bc 5b a3 00
0x000000010e003924:   48 89 c1 48 85 c9 74 29 48 89 d8 f0 49 0f b1 0e
0x000000010e003934:   48 89 c2 48 39 da 74 19 0f 1f 40 00 49 85 17 74
0x000000010e003944:   10 48 89 d0 f0 49 0f b1 0e 48 39 d0 48 89 c2 75 


Stack slot to memory mapping:
stack at sp + 0 slots: 0x000070000afa0870 is pointing into the stack for thread: 0x00007fb2050d5800
stack at sp + 1 slots: 0x000000010e50681f: jni_NewObject+0x12f in /Users/thomasmatthews/.p2/pool/plugins/org.eclipse.justj.openjdk.hotspot.jre.full.macosx.x86_64_15.0.2.v20210201-0955/jre/lib/server/libjvm.dylib at 0x000000010e000000
stack at sp + 2 slots: 0x0 is NULL
stack at sp + 3 slots: 0x000000070fe4a100 is pointing into object: org.junit.runners.model.FrameworkMethod$1 
{0x000000070fe4a0f0} - klass: 'org/junit/runners/model/FrameworkMethod$1'
stack at sp + 4 slots: 0x0 is NULL
stack at sp + 5 slots: 0x000000010b9eb000 points into unknown readable memory: 0x0000000000000000 | 00 00 00 00 00 00 00 00
stack at sp + 6 slots: 0x000070000afa0740 is pointing into the stack for thread: 0x00007fb2050d5800
stack at sp + 7 slots: 0x000000010ebcff70: jni_NativeInterface+0 in /Users/thomasmatthews/.p2/pool/plugins/org.eclipse.justj.openjdk.hotspot.jre.full.macosx.x86_64_15.0.2.v20210201-0955/jre/lib/server/libjvm.dylib at 0x000000010e000000


---------------  P R O C E S S  ---------------

Threads class SMR info:
_java_thread_list=0x00007fb207c3b5b0, length=12, elements={
0x00007fb206818000, 0x00007fb206008e00, 0x00007fb20600b000, 0x00007fb20580be00,
0x00007fb20580da00, 0x00007fb20580e800, 0x00007fb20581c400, 0x00007fb20581ca00,
0x00007fb2050e3c00, 0x00007fb20581be00, 0x00007fb206985c00, 0x00007fb2050d5800
}

Java Threads: ( => current thread )
  0x00007fb206818000 JavaThread "main" [_thread_blocked, id=5891, stack(0x000070000985d000,0x000070000995d000)]
  0x00007fb206008e00 JavaThread "Reference Handler" daemon [_thread_blocked, id=14851, stack(0x0000700009f72000,0x000070000a072000)]
  0x00007fb20600b000 JavaThread "Finalizer" daemon [_thread_blocked, id=15363, stack(0x000070000a075000,0x000070000a175000)]
  0x00007fb20580be00 JavaThread "Signal Dispatcher" daemon [_thread_blocked, id=22531, stack(0x000070000a27e000,0x000070000a37e000)]
  0x00007fb20580da00 JavaThread "Service Thread" daemon [_thread_blocked, id=41731, stack(0x000070000a381000,0x000070000a481000)]
  0x00007fb20580e800 JavaThread "C2 CompilerThread0" daemon [_thread_in_native, id=23555, stack(0x000070000a484000,0x000070000a584000)]
  0x00007fb20581c400 JavaThread "C1 CompilerThread0" daemon [_thread_blocked, id=24067, stack(0x000070000a587000,0x000070000a687000)]
  0x00007fb20581ca00 JavaThread "Sweeper thread" daemon [_thread_blocked, id=24835, stack(0x000070000a68a000,0x000070000a78a000)]
  0x00007fb2050e3c00 JavaThread "Common-Cleaner" daemon [_thread_blocked, id=25603, stack(0x000070000a78d000,0x000070000a88d000)]
  0x00007fb20581be00 JavaThread "Notification Thread" daemon [_thread_blocked, id=26371, stack(0x000070000a890000,0x000070000a990000)]
  0x00007fb206985c00 JavaThread "C2 CompilerThread1" daemon [_thread_blocked, id=28675, stack(0x000070000ad9f000,0x000070000ae9f000)]
=>0x00007fb2050d5800 JavaThread "mutationTestThread" daemon [_thread_in_vm, id=38659, stack(0x000070000aea2000,0x000070000afa2000)]

Other Threads:
  0x00007fb204c5ca30 VMThread "VM Thread" [stack: 0x0000700009e6f000,0x0000700009f6f000] [id=14083]
  0x00007fb204e589b0 WatcherThread [stack: 0x000070000a993000,0x000070000aa93000] [id=39939]
  0x00007fb204c15570 GCTaskThread "GC Thread#0" [stack: 0x0000700009960000,0x0000700009a60000] [id=20483]
  0x00007fb204ed45f0 GCTaskThread "GC Thread#1" [stack: 0x000070000aa96000,0x000070000ab96000] [id=26883]
  0x00007fb204ed5110 GCTaskThread "GC Thread#2" [stack: 0x000070000ab99000,0x000070000ac99000] [id=39427]
  0x00007fb204ed6100 GCTaskThread "GC Thread#3" [stack: 0x000070000ac9c000,0x000070000ad9c000] [id=27651]
  0x00007fb204c16720 ConcurrentGCThread "G1 Main Marker" [stack: 0x0000700009a63000,0x0000700009b63000] [id=13315]
  0x00007fb204c177f0 ConcurrentGCThread "G1 Conc#0" [stack: 0x0000700009b66000,0x0000700009c66000] [id=19459]
  0x00007fb204c33220 ConcurrentGCThread "G1 Refine#0" [stack: 0x0000700009c69000,0x0000700009d69000] [id=13827]
  0x00007fb204c342d0 ConcurrentGCThread "G1 Young RemSet Sampling" [stack: 0x0000700009d6c000,0x0000700009e6c000] [id=18435]

Threads with active compile tasks:
C2 CompilerThread0     1030 1327       4       java.util.regex.Pattern$Branch::match (66 bytes)

VM state: not at safepoint (normal execution)

VM Mutex/Monitor currently owned by a thread: None

Heap address: 0x0000000700000000, size: 4096 MB, Compressed Oops mode: Zero based, Oop shift amount: 3
CDS disabled.
Compressed class space mapped at: 0x0000000800000000-0x0000000840000000, size: 1073741824
Narrow klass base: 0x0000000800000000, Narrow klass shift: 0, Narrow klass range: 0x40000000

GC Precious Log:
 CPUs: 4 total, 4 available
 Memory: 16384M
 Large Page Support: Disabled
 NUMA Support: Disabled
 Compressed Oops: Enabled (Zero based)
 Heap Region Size: 2M
 Heap Min Capacity: 8M
 Heap Initial Capacity: 256M
 Heap Max Capacity: 4G
 Pre-touch: Disabled
 Parallel Workers: 4
 Concurrent Workers: 1
 Concurrent Refinement Workers: 4
 Periodic GC: Disabled

Heap:
 garbage-first heap   total 262144K, used 6070K [0x0000000700000000, 0x0000000800000000)
  region size 2048K, 4 young (8192K), 1 survivors (2048K)
 Metaspace       used 17367K, capacity 17545K, committed 18048K, reserved 1064960K
  class space    used 1757K, capacity 1835K, committed 1920K, reserved 1048576K

Heap Regions: E=young(eden), S=young(survivor), O=old, HS=humongous(starts), HC=humongous(continues), CS=collection set, F=free, OA=open archive, CA=closed archive, TAMS=top-at-mark-start (previous, next)
|   0|0x0000000700000000, 0x0000000700200000, 0x0000000700200000|100%| O|  |TAMS 0x0000000700000000, 0x0000000700000000| Untracked 
|   1|0x0000000700200000, 0x00000007002b3600, 0x0000000700400000| 35%| O|  |TAMS 0x0000000700200000, 0x0000000700200000| Untracked 
|   2|0x0000000700400000, 0x0000000700400000, 0x0000000700600000|  0%| F|  |TAMS 0x0000000700400000, 0x0000000700400000| Untracked 
|   3|0x0000000700600000, 0x0000000700600000, 0x0000000700800000|  0%| F|  |TAMS 0x0000000700600000, 0x0000000700600000| Untracked 
|   4|0x0000000700800000, 0x0000000700800000, 0x0000000700a00000|  0%| F|  |TAMS 0x0000000700800000, 0x0000000700800000| Untracked 
|   5|0x0000000700a00000, 0x0000000700a00000, 0x0000000700c00000|  0%| F|  |TAMS 0x0000000700a00000, 0x0000000700a00000| Untracked 
|   6|0x0000000700c00000, 0x0000000700c00000, 0x0000000700e00000|  0%| F|  |TAMS 0x0000000700c00000, 0x0000000700c00000| Untracked 
|   7|0x0000000700e00000, 0x0000000700e00000, 0x0000000701000000|  0%| F|  |TAMS 0x0000000700e00000, 0x0000000700e00000| Untracked 
|   8|0x0000000701000000, 0x0000000701000000, 0x0000000701200000|  0%| F|  |TAMS 0x0000000701000000, 0x0000000701000000| Untracked 
|   9|0x0000000701200000, 0x0000000701200000, 0x0000000701400000|  0%| F|  |TAMS 0x0000000701200000, 0x0000000701200000| Untracked 
|  10|0x0000000701400000, 0x0000000701400000, 0x0000000701600000|  0%| F|  |TAMS 0x0000000701400000, 0x0000000701400000| Untracked 
|  11|0x0000000701600000, 0x0000000701600000, 0x0000000701800000|  0%| F|  |TAMS 0x0000000701600000, 0x0000000701600000| Untracked 
|  12|0x0000000701800000, 0x0000000701800000, 0x0000000701a00000|  0%| F|  |TAMS 0x0000000701800000, 0x0000000701800000| Untracked 
|  13|0x0000000701a00000, 0x0000000701a00000, 0x0000000701c00000|  0%| F|  |TAMS 0x0000000701a00000, 0x0000000701a00000| Untracked 
|  14|0x0000000701c00000, 0x0000000701c00000, 0x0000000701e00000|  0%| F|  |TAMS 0x0000000701c00000, 0x0000000701c00000| Untracked 
|  15|0x0000000701e00000, 0x0000000701e00000, 0x0000000702000000|  0%| F|  |TAMS 0x0000000701e00000, 0x0000000701e00000| Untracked 
|  16|0x0000000702000000, 0x0000000702000000, 0x0000000702200000|  0%| F|  |TAMS 0x0000000702000000, 0x0000000702000000| Untracked 
|  17|0x0000000702200000, 0x0000000702200000, 0x0000000702400000|  0%| F|  |TAMS 0x0000000702200000, 0x0000000702200000| Untracked 
|  18|0x0000000702400000, 0x0000000702400000, 0x0000000702600000|  0%| F|  |TAMS 0x0000000702400000, 0x0000000702400000| Untracked 
|  19|0x0000000702600000, 0x0000000702600000, 0x0000000702800000|  0%| F|  |TAMS 0x0000000702600000, 0x0000000702600000| Untracked 
|  20|0x0000000702800000, 0x0000000702800000, 0x0000000702a00000|  0%| F|  |TAMS 0x0000000702800000, 0x0000000702800000| Untracked 
|  21|0x0000000702a00000, 0x0000000702a00000, 0x0000000702c00000|  0%| F|  |TAMS 0x0000000702a00000, 0x0000000702a00000| Untracked 
|  22|0x0000000702c00000, 0x0000000702c00000, 0x0000000702e00000|  0%| F|  |TAMS 0x0000000702c00000, 0x0000000702c00000| Untracked 
|  23|0x0000000702e00000, 0x0000000702e00000, 0x0000000703000000|  0%| F|  |TAMS 0x0000000702e00000, 0x0000000702e00000| Untracked 
|  24|0x0000000703000000, 0x0000000703000000, 0x0000000703200000|  0%| F|  |TAMS 0x0000000703000000, 0x0000000703000000| Untracked 
|  25|0x0000000703200000, 0x0000000703200000, 0x0000000703400000|  0%| F|  |TAMS 0x0000000703200000, 0x0000000703200000| Untracked 
|  26|0x0000000703400000, 0x0000000703400000, 0x0000000703600000|  0%| F|  |TAMS 0x0000000703400000, 0x0000000703400000| Untracked 
|  27|0x0000000703600000, 0x0000000703600000, 0x0000000703800000|  0%| F|  |TAMS 0x0000000703600000, 0x0000000703600000| Untracked 
|  28|0x0000000703800000, 0x0000000703800000, 0x0000000703a00000|  0%| F|  |TAMS 0x0000000703800000, 0x0000000703800000| Untracked 
|  29|0x0000000703a00000, 0x0000000703a00000, 0x0000000703c00000|  0%| F|  |TAMS 0x0000000703a00000, 0x0000000703a00000| Untracked 
|  30|0x0000000703c00000, 0x0000000703c00000, 0x0000000703e00000|  0%| F|  |TAMS 0x0000000703c00000, 0x0000000703c00000| Untracked 
|  31|0x0000000703e00000, 0x0000000703e00000, 0x0000000704000000|  0%| F|  |TAMS 0x0000000703e00000, 0x0000000703e00000| Untracked 
|  32|0x0000000704000000, 0x0000000704000000, 0x0000000704200000|  0%| F|  |TAMS 0x0000000704000000, 0x0000000704000000| Untracked 
|  33|0x0000000704200000, 0x0000000704200000, 0x0000000704400000|  0%| F|  |TAMS 0x0000000704200000, 0x0000000704200000| Untracked 
|  34|0x0000000704400000, 0x0000000704400000, 0x0000000704600000|  0%| F|  |TAMS 0x0000000704400000, 0x0000000704400000| Untracked 
|  35|0x0000000704600000, 0x0000000704600000, 0x0000000704800000|  0%| F|  |TAMS 0x0000000704600000, 0x0000000704600000| Untracked 
|  36|0x0000000704800000, 0x0000000704800000, 0x0000000704a00000|  0%| F|  |TAMS 0x0000000704800000, 0x0000000704800000| Untracked 
|  37|0x0000000704a00000, 0x0000000704a00000, 0x0000000704c00000|  0%| F|  |TAMS 0x0000000704a00000, 0x0000000704a00000| Untracked 
|  38|0x0000000704c00000, 0x0000000704c00000, 0x0000000704e00000|  0%| F|  |TAMS 0x0000000704c00000, 0x0000000704c00000| Untracked 
|  39|0x0000000704e00000, 0x0000000704e00000, 0x0000000705000000|  0%| F|  |TAMS 0x0000000704e00000, 0x0000000704e00000| Untracked 
|  40|0x0000000705000000, 0x0000000705000000, 0x0000000705200000|  0%| F|  |TAMS 0x0000000705000000, 0x0000000705000000| Untracked 
|  41|0x0000000705200000, 0x0000000705200000, 0x0000000705400000|  0%| F|  |TAMS 0x0000000705200000, 0x0000000705200000| Untracked 
|  42|0x0000000705400000, 0x0000000705400000, 0x0000000705600000|  0%| F|  |TAMS 0x0000000705400000, 0x0000000705400000| Untracked 
|  43|0x0000000705600000, 0x0000000705600000, 0x0000000705800000|  0%| F|  |TAMS 0x0000000705600000, 0x0000000705600000| Untracked 
|  44|0x0000000705800000, 0x0000000705800000, 0x0000000705a00000|  0%| F|  |TAMS 0x0000000705800000, 0x0000000705800000| Untracked 
|  45|0x0000000705a00000, 0x0000000705a00000, 0x0000000705c00000|  0%| F|  |TAMS 0x0000000705a00000, 0x0000000705a00000| Untracked 
|  46|0x0000000705c00000, 0x0000000705c00000, 0x0000000705e00000|  0%| F|  |TAMS 0x0000000705c00000, 0x0000000705c00000| Untracked 
|  47|0x0000000705e00000, 0x0000000705e00000, 0x0000000706000000|  0%| F|  |TAMS 0x0000000705e00000, 0x0000000705e00000| Untracked 
|  48|0x0000000706000000, 0x0000000706000000, 0x0000000706200000|  0%| F|  |TAMS 0x0000000706000000, 0x0000000706000000| Untracked 
|  49|0x0000000706200000, 0x0000000706200000, 0x0000000706400000|  0%| F|  |TAMS 0x0000000706200000, 0x0000000706200000| Untracked 
|  50|0x0000000706400000, 0x0000000706400000, 0x0000000706600000|  0%| F|  |TAMS 0x0000000706400000, 0x0000000706400000| Untracked 
|  51|0x0000000706600000, 0x0000000706600000, 0x0000000706800000|  0%| F|  |TAMS 0x0000000706600000, 0x0000000706600000| Untracked 
|  52|0x0000000706800000, 0x0000000706800000, 0x0000000706a00000|  0%| F|  |TAMS 0x0000000706800000, 0x0000000706800000| Untracked 
|  53|0x0000000706a00000, 0x0000000706a00000, 0x0000000706c00000|  0%| F|  |TAMS 0x0000000706a00000, 0x0000000706a00000| Untracked 
|  54|0x0000000706c00000, 0x0000000706c00000, 0x0000000706e00000|  0%| F|  |TAMS 0x0000000706c00000, 0x0000000706c00000| Untracked 
|  55|0x0000000706e00000, 0x0000000706e00000, 0x0000000707000000|  0%| F|  |TAMS 0x0000000706e00000, 0x0000000706e00000| Untracked 
|  56|0x0000000707000000, 0x0000000707000000, 0x0000000707200000|  0%| F|  |TAMS 0x0000000707000000, 0x0000000707000000| Untracked 
|  57|0x0000000707200000, 0x0000000707200000, 0x0000000707400000|  0%| F|  |TAMS 0x0000000707200000, 0x0000000707200000| Untracked 
|  58|0x0000000707400000, 0x0000000707400000, 0x0000000707600000|  0%| F|  |TAMS 0x0000000707400000, 0x0000000707400000| Untracked 
|  59|0x0000000707600000, 0x0000000707600000, 0x0000000707800000|  0%| F|  |TAMS 0x0000000707600000, 0x0000000707600000| Untracked 
|  60|0x0000000707800000, 0x0000000707800000, 0x0000000707a00000|  0%| F|  |TAMS 0x0000000707800000, 0x0000000707800000| Untracked 
|  61|0x0000000707a00000, 0x0000000707a00000, 0x0000000707c00000|  0%| F|  |TAMS 0x0000000707a00000, 0x0000000707a00000| Untracked 
|  62|0x0000000707c00000, 0x0000000707c00000, 0x0000000707e00000|  0%| F|  |TAMS 0x0000000707c00000, 0x0000000707c00000| Untracked 
|  63|0x0000000707e00000, 0x0000000707e00000, 0x0000000708000000|  0%| F|  |TAMS 0x0000000707e00000, 0x0000000707e00000| Untracked 
|  64|0x0000000708000000, 0x0000000708000000, 0x0000000708200000|  0%| F|  |TAMS 0x0000000708000000, 0x0000000708000000| Untracked 
|  65|0x0000000708200000, 0x0000000708200000, 0x0000000708400000|  0%| F|  |TAMS 0x0000000708200000, 0x0000000708200000| Untracked 
|  66|0x0000000708400000, 0x0000000708400000, 0x0000000708600000|  0%| F|  |TAMS 0x0000000708400000, 0x0000000708400000| Untracked 
|  67|0x0000000708600000, 0x0000000708600000, 0x0000000708800000|  0%| F|  |TAMS 0x0000000708600000, 0x0000000708600000| Untracked 
|  68|0x0000000708800000, 0x0000000708800000, 0x0000000708a00000|  0%| F|  |TAMS 0x0000000708800000, 0x0000000708800000| Untracked 
|  69|0x0000000708a00000, 0x0000000708a00000, 0x0000000708c00000|  0%| F|  |TAMS 0x0000000708a00000, 0x0000000708a00000| Untracked 
|  70|0x0000000708c00000, 0x0000000708c00000, 0x0000000708e00000|  0%| F|  |TAMS 0x0000000708c00000, 0x0000000708c00000| Untracked 
|  71|0x0000000708e00000, 0x0000000708e00000, 0x0000000709000000|  0%| F|  |TAMS 0x0000000708e00000, 0x0000000708e00000| Untracked 
|  72|0x0000000709000000, 0x0000000709000000, 0x0000000709200000|  0%| F|  |TAMS 0x0000000709000000, 0x0000000709000000| Untracked 
|  73|0x0000000709200000, 0x0000000709200000, 0x0000000709400000|  0%| F|  |TAMS 0x0000000709200000, 0x0000000709200000| Untracked 
|  74|0x0000000709400000, 0x0000000709400000, 0x0000000709600000|  0%| F|  |TAMS 0x0000000709400000, 0x0000000709400000| Untracked 
|  75|0x0000000709600000, 0x0000000709600000, 0x0000000709800000|  0%| F|  |TAMS 0x0000000709600000, 0x0000000709600000| Untracked 
|  76|0x0000000709800000, 0x0000000709800000, 0x0000000709a00000|  0%| F|  |TAMS 0x0000000709800000, 0x0000000709800000| Untracked 
|  77|0x0000000709a00000, 0x0000000709a00000, 0x0000000709c00000|  0%| F|  |TAMS 0x0000000709a00000, 0x0000000709a00000| Untracked 
|  78|0x0000000709c00000, 0x0000000709c00000, 0x0000000709e00000|  0%| F|  |TAMS 0x0000000709c00000, 0x0000000709c00000| Untracked 
|  79|0x0000000709e00000, 0x0000000709e00000, 0x000000070a000000|  0%| F|  |TAMS 0x0000000709e00000, 0x0000000709e00000| Untracked 
|  80|0x000000070a000000, 0x000000070a000000, 0x000000070a200000|  0%| F|  |TAMS 0x000000070a000000, 0x000000070a000000| Untracked 
|  81|0x000000070a200000, 0x000000070a200000, 0x000000070a400000|  0%| F|  |TAMS 0x000000070a200000, 0x000000070a200000| Untracked 
|  82|0x000000070a400000, 0x000000070a400000, 0x000000070a600000|  0%| F|  |TAMS 0x000000070a400000, 0x000000070a400000| Untracked 
|  83|0x000000070a600000, 0x000000070a600000, 0x000000070a800000|  0%| F|  |TAMS 0x000000070a600000, 0x000000070a600000| Untracked 
|  84|0x000000070a800000, 0x000000070a800000, 0x000000070aa00000|  0%| F|  |TAMS 0x000000070a800000, 0x000000070a800000| Untracked 
|  85|0x000000070aa00000, 0x000000070aa00000, 0x000000070ac00000|  0%| F|  |TAMS 0x000000070aa00000, 0x000000070aa00000| Untracked 
|  86|0x000000070ac00000, 0x000000070ac00000, 0x000000070ae00000|  0%| F|  |TAMS 0x000000070ac00000, 0x000000070ac00000| Untracked 
|  87|0x000000070ae00000, 0x000000070ae00000, 0x000000070b000000|  0%| F|  |TAMS 0x000000070ae00000, 0x000000070ae00000| Untracked 
|  88|0x000000070b000000, 0x000000070b000000, 0x000000070b200000|  0%| F|  |TAMS 0x000000070b000000, 0x000000070b000000| Untracked 
|  89|0x000000070b200000, 0x000000070b200000, 0x000000070b400000|  0%| F|  |TAMS 0x000000070b200000, 0x000000070b200000| Untracked 
|  90|0x000000070b400000, 0x000000070b400000, 0x000000070b600000|  0%| F|  |TAMS 0x000000070b400000, 0x000000070b400000| Untracked 
|  91|0x000000070b600000, 0x000000070b600000, 0x000000070b800000|  0%| F|  |TAMS 0x000000070b600000, 0x000000070b600000| Untracked 
|  92|0x000000070b800000, 0x000000070b800000, 0x000000070ba00000|  0%| F|  |TAMS 0x000000070b800000, 0x000000070b800000| Untracked 
|  93|0x000000070ba00000, 0x000000070ba00000, 0x000000070bc00000|  0%| F|  |TAMS 0x000000070ba00000, 0x000000070ba00000| Untracked 
|  94|0x000000070bc00000, 0x000000070bc00000, 0x000000070be00000|  0%| F|  |TAMS 0x000000070bc00000, 0x000000070bc00000| Untracked 
|  95|0x000000070be00000, 0x000000070be00000, 0x000000070c000000|  0%| F|  |TAMS 0x000000070be00000, 0x000000070be00000| Untracked 
|  96|0x000000070c000000, 0x000000070c000000, 0x000000070c200000|  0%| F|  |TAMS 0x000000070c000000, 0x000000070c000000| Untracked 
|  97|0x000000070c200000, 0x000000070c200000, 0x000000070c400000|  0%| F|  |TAMS 0x000000070c200000, 0x000000070c200000| Untracked 
|  98|0x000000070c400000, 0x000000070c400000, 0x000000070c600000|  0%| F|  |TAMS 0x000000070c400000, 0x000000070c400000| Untracked 
|  99|0x000000070c600000, 0x000000070c600000, 0x000000070c800000|  0%| F|  |TAMS 0x000000070c600000, 0x000000070c600000| Untracked 
| 100|0x000000070c800000, 0x000000070c800000, 0x000000070ca00000|  0%| F|  |TAMS 0x000000070c800000, 0x000000070c800000| Untracked 
| 101|0x000000070ca00000, 0x000000070ca00000, 0x000000070cc00000|  0%| F|  |TAMS 0x000000070ca00000, 0x000000070ca00000| Untracked 
| 102|0x000000070cc00000, 0x000000070cc00000, 0x000000070ce00000|  0%| F|  |TAMS 0x000000070cc00000, 0x000000070cc00000| Untracked 
| 103|0x000000070ce00000, 0x000000070ce00000, 0x000000070d000000|  0%| F|  |TAMS 0x000000070ce00000, 0x000000070ce00000| Untracked 
| 104|0x000000070d000000, 0x000000070d000000, 0x000000070d200000|  0%| F|  |TAMS 0x000000070d000000, 0x000000070d000000| Untracked 
| 105|0x000000070d200000, 0x000000070d200000, 0x000000070d400000|  0%| F|  |TAMS 0x000000070d200000, 0x000000070d200000| Untracked 
| 106|0x000000070d400000, 0x000000070d400000, 0x000000070d600000|  0%| F|  |TAMS 0x000000070d400000, 0x000000070d400000| Untracked 
| 107|0x000000070d600000, 0x000000070d600000, 0x000000070d800000|  0%| F|  |TAMS 0x000000070d600000, 0x000000070d600000| Untracked 
| 108|0x000000070d800000, 0x000000070d800000, 0x000000070da00000|  0%| F|  |TAMS 0x000000070d800000, 0x000000070d800000| Untracked 
| 109|0x000000070da00000, 0x000000070da00000, 0x000000070dc00000|  0%| F|  |TAMS 0x000000070da00000, 0x000000070da00000| Untracked 
| 110|0x000000070dc00000, 0x000000070dc00000, 0x000000070de00000|  0%| F|  |TAMS 0x000000070dc00000, 0x000000070dc00000| Untracked 
| 111|0x000000070de00000, 0x000000070de00000, 0x000000070e000000|  0%| F|  |TAMS 0x000000070de00000, 0x000000070de00000| Untracked 
| 112|0x000000070e000000, 0x000000070e000000, 0x000000070e200000|  0%| F|  |TAMS 0x000000070e000000, 0x000000070e000000| Untracked 
| 113|0x000000070e200000, 0x000000070e200000, 0x000000070e400000|  0%| F|  |TAMS 0x000000070e200000, 0x000000070e200000| Untracked 
| 114|0x000000070e400000, 0x000000070e400000, 0x000000070e600000|  0%| F|  |TAMS 0x000000070e400000, 0x000000070e400000| Untracked 
| 115|0x000000070e600000, 0x000000070e600000, 0x000000070e800000|  0%| F|  |TAMS 0x000000070e600000, 0x000000070e600000| Untracked 
| 116|0x000000070e800000, 0x000000070e800000, 0x000000070ea00000|  0%| F|  |TAMS 0x000000070e800000, 0x000000070e800000| Untracked 
| 117|0x000000070ea00000, 0x000000070ea00000, 0x000000070ec00000|  0%| F|  |TAMS 0x000000070ea00000, 0x000000070ea00000| Untracked 
| 118|0x000000070ec00000, 0x000000070ec00000, 0x000000070ee00000|  0%| F|  |TAMS 0x000000070ec00000, 0x000000070ec00000| Untracked 
| 119|0x000000070ee00000, 0x000000070ee00000, 0x000000070f000000|  0%| F|  |TAMS 0x000000070ee00000, 0x000000070ee00000| Untracked 
| 120|0x000000070f000000, 0x000000070f13a560, 0x000000070f200000| 61%| S|CS|TAMS 0x000000070f000000, 0x000000070f000000| Complete 
| 121|0x000000070f200000, 0x000000070f200000, 0x000000070f400000|  0%| F|  |TAMS 0x000000070f200000, 0x000000070f200000| Untracked 
| 122|0x000000070f400000, 0x000000070f400000, 0x000000070f600000|  0%| F|  |TAMS 0x000000070f400000, 0x000000070f400000| Untracked 
| 123|0x000000070f600000, 0x000000070f600000, 0x000000070f800000|  0%| F|  |TAMS 0x000000070f600000, 0x000000070f600000| Untracked 
| 124|0x000000070f800000, 0x000000070f800000, 0x000000070fa00000|  0%| F|  |TAMS 0x000000070f800000, 0x000000070f800000| Untracked 
| 125|0x000000070fa00000, 0x000000070fa42560, 0x000000070fc00000| 12%| E|  |TAMS 0x000000070fa00000, 0x000000070fa00000| Complete 
| 126|0x000000070fc00000, 0x000000070fe00000, 0x000000070fe00000|100%| E|  |TAMS 0x000000070fc00000, 0x000000070fc00000| Complete 
| 127|0x000000070fe00000, 0x0000000710000000, 0x0000000710000000|100%| E|CS|TAMS 0x000000070fe00000, 0x000000070fe00000| Complete 

Card table byte_map: [0x000000010f7d3000,0x000000010ffd3000] _byte_map_base: 0x000000010bfd3000

Marking Bits (Prev, Next): (CMBitMap*) 0x00007fb205025610, (CMBitMap*) 0x00007fb205025650
 Prev Bits: [0x0000000124d2a000, 0x0000000128d2a000)
 Next Bits: [0x0000000128d2a000, 0x000000012cd2a000)

Polling page: 0x000000010ba0a000

Metaspace:

Usage:
  Non-class:     15.34 MB capacity,    15.24 MB (>99%) used,    81.14 KB ( <1%) free+waste,    19.25 KB ( <1%) overhead. 
      Class:      1.79 MB capacity,     1.72 MB ( 96%) used,    70.72 KB (  4%) free+waste,     6.88 KB ( <1%) overhead. 
       Both:     17.13 MB capacity,    16.96 MB ( 99%) used,   151.86 KB ( <1%) free+waste,    26.12 KB ( <1%) overhead. 

Virtual space:
  Non-class space:       16.00 MB reserved,      15.75 MB ( 98%) committed 
      Class space:        1.00 GB reserved,       1.88 MB ( <1%) committed 
             Both:        1.02 GB reserved,      17.62 MB (  2%) committed 

Chunk freelists:
   Non-Class:  210.00 KB
       Class:  21.00 KB
        Both:  231.00 KB

MaxMetaspaceSize: 17179869184.00 GB
CompressedClassSpaceSize: 1.00 GB

CodeHeap 'non-profiled nmethods': size=120032Kb used=425Kb max_used=425Kb free=119606Kb
 bounds [0x000000011d7f2000, 0x000000011da62000, 0x0000000124d2a000]
CodeHeap 'profiled nmethods': size=120028Kb used=2703Kb max_used=2703Kb free=117324Kb
 bounds [0x00000001162bb000, 0x000000011656b000, 0x000000011d7f2000]
CodeHeap 'non-nmethods': size=5700Kb used=1177Kb max_used=1210Kb free=4522Kb
 bounds [0x0000000115d2a000, 0x0000000115f9a000, 0x00000001162bb000]
 total_blobs=1976 nmethods=1544 adapters=345
 compilation: enabled
              stopped_count=0, restarted_count=0
 full_count=0

Compilation events (20 events):
Event: 1.005 Thread 0x00007fb20581c400 1540       3       java.util.Properties::getProperty (50 bytes)
Event: 1.005 Thread 0x00007fb20581c400 nmethod 1540 0x000000011655c090 code [0x000000011655c260, 0x000000011655c770]
Event: 1.010 Thread 0x00007fb206985c00 nmethod 1537 0x000000011d85ae90 code [0x000000011d85b020, 0x000000011d85b3b8]
Event: 1.010 Thread 0x00007fb206985c00 1538       4       java.lang.String::startsWith (7 bytes)
Event: 1.010 Thread 0x00007fb20581c400 1544       1       com.sun.org.apache.xerces.internal.util.Status::isExceptional (5 bytes)
Event: 1.010 Thread 0x00007fb20581c400 nmethod 1544 0x000000011d85b690 code [0x000000011d85b820, 0x000000011d85b8d0]
Event: 1.010 Thread 0x00007fb20581c400 1541       3       java.util.ArrayList::contains (14 bytes)
Event: 1.010 Thread 0x00007fb20581c400 nmethod 1541 0x000000011655c890 code [0x000000011655ca40, 0x000000011655cc60]
Event: 1.010 Thread 0x00007fb20581c400 1542       3       java.util.ArrayList::indexOf (11 bytes)
Event: 1.011 Thread 0x00007fb20581c400 nmethod 1542 0x000000011655cd10 code [0x000000011655cea0, 0x000000011655cfe0]
Event: 1.011 Thread 0x00007fb20581c400 1543       3       java.util.ArrayList::addAll (76 bytes)
Event: 1.011 Thread 0x00007fb20581c400 nmethod 1543 0x000000011655d090 code [0x000000011655d260, 0x000000011655d6c0]
Event: 1.013 Thread 0x00007fb206985c00 nmethod 1538 0x000000011d85b990 code [0x000000011d85bb00, 0x000000011d85bcf8]
Event: 1.013 Thread 0x00007fb206985c00 1533       4       java.nio.DirectIntBufferU::ix (10 bytes)
Event: 1.013 Thread 0x00007fb206985c00 nmethod 1533 0x000000011d85be90 code [0x000000011d85c000, 0x000000011d85c078]
Event: 1.014 Thread 0x00007fb20581c400 1545       3       java.util.Arrays::fill (28 bytes)
Event: 1.014 Thread 0x00007fb20581c400 nmethod 1545 0x000000011655d890 code [0x000000011655da40, 0x000000011655dc40]
Event: 1.014 Thread 0x00007fb20581c400 1546       3       java.util.Arrays::rangeCheck (74 bytes)
Event: 1.014 Thread 0x00007fb206985c00 1547 %     4       java.util.Arrays::fill @ 10 (28 bytes)
Event: 1.014 Thread 0x00007fb20581c400 nmethod 1546 0x000000011655dd90 code [0x000000011655e020, 0x000000011655e980]

GC Heap History (4 events):
Event: 0.503 GC heap before
{Heap before GC invocations=0 (full 0):
 garbage-first heap   total 262144K, used 10240K [0x0000000700000000, 0x0000000800000000)
  region size 2048K, 6 young (12288K), 0 survivors (0K)
 Metaspace       used 11280K, capacity 11497K, committed 11648K, reserved 1060864K
  class space    used 1089K, capacity 1147K, committed 1152K, reserved 1048576K
}
Event: 0.509 GC heap after
{Heap after GC invocations=1 (full 0):
 garbage-first heap   total 262144K, used 2883K [0x0000000700000000, 0x0000000800000000)
  region size 2048K, 1 young (2048K), 1 survivors (2048K)
 Metaspace       used 11280K, capacity 11497K, committed 11648K, reserved 1060864K
  class space    used 1089K, capacity 1147K, committed 1152K, reserved 1048576K
}
Event: 0.880 GC heap before
{Heap before GC invocations=1 (full 0):
 garbage-first heap   total 262144K, used 15171K [0x0000000700000000, 0x0000000800000000)
  region size 2048K, 7 young (14336K), 1 survivors (2048K)
 Metaspace       used 15193K, capacity 15367K, committed 15744K, reserved 1062912K
  class space    used 1499K, capacity 1537K, committed 1664K, reserved 1048576K
}
Event: 0.887 GC heap after
{Heap after GC invocations=2 (full 0):
 garbage-first heap   total 262144K, used 4022K [0x0000000700000000, 0x0000000800000000)
  region size 2048K, 1 young (2048K), 1 survivors (2048K)
 Metaspace       used 15193K, capacity 15367K, committed 15744K, reserved 1062912K
  class space    used 1499K, capacity 1537K, committed 1664K, reserved 1048576K
}

Deoptimization events (20 events):
Event: 0.810 Thread 0x00007fb206818000 Uncommon trap: trap_request=0xffffff45 fr.pc=0x000000011d8217e8 relative=0x0000000000000428
Event: 0.810 Thread 0x00007fb206818000 Uncommon trap: reason=unstable_if action=reinterpret pc=0x000000011d8217e8 method=java.lang.StringLatin1.replace([BCC)Ljava/lang/String; @ 19 c2
Event: 0.810 Thread 0x00007fb206818000 DEOPT PACKING pc=0x000000011d8217e8 sp=0x000070000995c370
Event: 0.810 Thread 0x00007fb206818000 DEOPT UNPACKING pc=0x0000000115d78125 sp=0x000070000995c310 mode 2
Event: 0.835 Thread 0x00007fb206818000 Uncommon trap: trap_request=0xffffffc6 fr.pc=0x000000011d85420c relative=0x00000000000014cc
Event: 0.835 Thread 0x00007fb206818000 Uncommon trap: reason=bimorphic_or_optimized_type_check action=maybe_recompile pc=0x000000011d85420c method=java.util.HashMap.putVal(ILjava/lang/Object;Ljava/lang/Object;ZZ)Ljava/lang/Object; @ 91 c2
Event: 0.835 Thread 0x00007fb206818000 DEOPT PACKING pc=0x000000011d85420c sp=0x000070000995c340
Event: 0.835 Thread 0x00007fb206818000 DEOPT UNPACKING pc=0x0000000115d78125 sp=0x000070000995c280 mode 2
Event: 0.835 Thread 0x00007fb206818000 Uncommon trap: trap_request=0xffffffc6 fr.pc=0x000000011d85420c relative=0x00000000000014cc
Event: 0.835 Thread 0x00007fb206818000 Uncommon trap: reason=bimorphic_or_optimized_type_check action=maybe_recompile pc=0x000000011d85420c method=java.util.HashMap.putVal(ILjava/lang/Object;Ljava/lang/Object;ZZ)Ljava/lang/Object; @ 91 c2
Event: 0.835 Thread 0x00007fb206818000 DEOPT PACKING pc=0x000000011d85420c sp=0x000070000995c340
Event: 0.835 Thread 0x00007fb206818000 DEOPT UNPACKING pc=0x0000000115d78125 sp=0x000070000995c280 mode 2
Event: 0.835 Thread 0x00007fb206818000 Uncommon trap: trap_request=0xffffffc6 fr.pc=0x000000011d85420c relative=0x00000000000014cc
Event: 0.835 Thread 0x00007fb206818000 Uncommon trap: reason=bimorphic_or_optimized_type_check action=maybe_recompile pc=0x000000011d85420c method=java.util.HashMap.putVal(ILjava/lang/Object;Ljava/lang/Object;ZZ)Ljava/lang/Object; @ 91 c2
Event: 0.835 Thread 0x00007fb206818000 DEOPT PACKING pc=0x000000011d85420c sp=0x000070000995c340
Event: 0.835 Thread 0x00007fb206818000 DEOPT UNPACKING pc=0x0000000115d78125 sp=0x000070000995c280 mode 2
Event: 0.943 Thread 0x00007fb2050d5800 Uncommon trap: trap_request=0xffffff45 fr.pc=0x000000011d84ee24 relative=0x00000000000000a4
Event: 0.943 Thread 0x00007fb2050d5800 Uncommon trap: reason=unstable_if action=reinterpret pc=0x000000011d84ee24 method=sun.reflect.generics.parser.SignatureParser.current()C @ 39 c2
Event: 0.943 Thread 0x00007fb2050d5800 DEOPT PACKING pc=0x000000011d84ee24 sp=0x000070000af9e510
Event: 0.943 Thread 0x00007fb2050d5800 DEOPT UNPACKING pc=0x0000000115d78125 sp=0x000070000af9e4c8 mode 2

Classes unloaded (0 events):
No events

Classes redefined (1 events):
Event: 0.864 Thread 0x00007fb204c5ca30 redefined class name=net.sf.jniinchi.JniInchiWrapper, count=1

Internal exceptions (19 events):
Event: 0.180 Thread 0x00007fb206818000 Exception <a 'java/lang/NoSuchMethodError'{0x000000070ffcdc30}: 'void java.lang.invoke.DirectMethodHandle$Holder.invokeSpecial(java.lang.Object, java.lang.Object, java.lang.Object)'> (0x000000070ffcdc30) 
thrown [./open/src/hotspot/share/interpreter/linkResolver.cpp, line 782]
Event: 0.296 Thread 0x00007fb206818000 Exception <a 'java/lang/NoSuchMethodError'{0x000000070fb068a0}: 'java.lang.Object java.lang.invoke.DirectMethodHandle$Holder.invokeStatic(java.lang.Object)'> (0x000000070fb068a0) 
thrown [./open/src/hotspot/share/interpreter/linkResolver.cpp, line 782]
Event: 0.296 Thread 0x00007fb206818000 Exception <a 'java/lang/NoSuchMethodError'{0x000000070fb09f10}: 'java.lang.Object java.lang.invoke.DirectMethodHandle$Holder.invokeStaticInit(java.lang.Object)'> (0x000000070fb09f10) 
thrown [./open/src/hotspot/share/interpreter/linkResolver.cpp, line 782]
Event: 0.314 Thread 0x00007fb206818000 Exception <a 'java/lang/NoSuchMethodError'{0x000000070fb323c0}: 'void java.lang.invoke.DirectMethodHandle$Holder.invokeStatic(java.lang.Object, java.lang.Object)'> (0x000000070fb323c0) 
thrown [./open/src/hotspot/share/interpreter/linkResolver.cpp, line 782]
Event: 0.324 Thread 0x00007fb206818000 Exception <a 'java/lang/NoSuchMethodError'{0x000000070fb54428}: 'void java.lang.invoke.DirectMethodHandle$Holder.invokeStatic(java.lang.Object, java.lang.Object, java.lang.Object, java.lang.Object)'> (0x000000070fb54428) 
thrown [./open/src/hotspot/share/interpreter/linkResolver.cpp, line 782]
Event: 0.339 Thread 0x00007fb206818000 Exception <a 'java/lang/NoSuchMethodError'{0x000000070fb984c0}: 'java.lang.Object java.lang.invoke.DirectMethodHandle$Holder.invokeInterface(java.lang.Object, java.lang.Object)'> (0x000000070fb984c0) 
thrown [./open/src/hotspot/share/interpreter/linkResolver.cpp, line 782]
Event: 0.340 Thread 0x00007fb206818000 Exception <a 'java/lang/NoSuchMethodError'{0x000000070fba0b50}: 'java.lang.Object java.lang.invoke.DirectMethodHandle$Holder.invokeStaticInit(java.lang.Object, java.lang.Object, java.lang.Object)'> (0x000000070fba0b50) 
thrown [./open/src/hotspot/share/interpreter/linkResolver.cpp, line 782]
Event: 0.346 Thread 0x00007fb206818000 Exception <a 'java/lang/NoSuchMethodError'{0x000000070fbcf158}: 'int java.lang.invoke.DirectMethodHandle$Holder.invokeSpecial(java.lang.Object, java.lang.Object, java.lang.Object)'> (0x000000070fbcf158) 
thrown [./open/src/hotspot/share/interpreter/linkResolver.cpp, line 782]
Event: 0.470 Thread 0x00007fb206818000 Exception <a 'java/lang/NoSuchMethodError'{0x000000070f7b7f98}: 'int java.lang.invoke.DirectMethodHandle$Holder.invokeStaticInit(java.lang.Object, java.lang.Object, java.lang.Object)'> (0x000000070f7b7f98) 
thrown [./open/src/hotspot/share/interpreter/linkResolver.cpp, line 782]
Event: 0.477 Thread 0x00007fb206818000 Exception <a 'java/lang/NoSuchMethodError'{0x000000070f4a65d0}: 'int java.lang.invoke.DirectMethodHandle$Holder.invokeSpecialIFC(java.lang.Object, java.lang.Object, java.lang.Object)'> (0x000000070f4a65d0) 
thrown [./open/src/hotspot/share/interpreter/linkResolver.cpp, line 782]
Event: 0.525 Thread 0x00007fb206818000 Exception <a 'java/lang/NoSuchMethodError'{0x000000070fe7af90}: 'void java.lang.invoke.DirectMethodHandle$Holder.invokeStaticInit(java.lang.Object, java.lang.Object)'> (0x000000070fe7af90) 
thrown [./open/src/hotspot/share/interpreter/linkResolver.cpp, line 782]
Event: 0.668 Thread 0x00007fb206818000 Exception <a 'java/lang/IncompatibleClassChangeError'{0x000000070fbcd780}: Found class java.lang.Object, but interface was expected> (0x000000070fbcd780) 
thrown [./open/src/hotspot/share/interpreter/linkResolver.cpp, line 848]
Event: 0.689 Thread 0x00007fb206818000 Exception <a 'java/lang/NoSuchMethodError'{0x000000070f856898}: 'java.lang.Object java.lang.invoke.DirectMethodHandle$Holder.newInvokeSpecial(java.lang.Object, java.lang.Object, java.lang.Object, java.lang.Object, java.lang.Object)'> (0x000000070f856898) 
thrown [./open/src/hotspot/share/interpreter/linkResolver.cpp, line 782]
Event: 0.938 Thread 0x00007fb2050d5800 Exception <a 'java/lang/ClassNotFoundException'{0x000000070ffae198}: org/apache/log4j/PatternLayoutBeanInfo> (0x000000070ffae198) 
thrown [./open/src/hotspot/share/classfile/systemDictionary.cpp, line 295]
Event: 0.938 Thread 0x00007fb2050d5800 Exception <a 'java/lang/ClassNotFoundException'{0x000000070ffb1be0}: org/apache/log4j/LayoutBeanInfo> (0x000000070ffb1be0) 
thrown [./open/src/hotspot/share/classfile/systemDictionary.cpp, line 295]
Event: 0.938 Thread 0x00007fb2050d5800 Exception <a 'java/lang/ClassNotFoundException'{0x000000070ffb28e0}: java/lang/ObjectBeanInfo> (0x000000070ffb28e0) 
thrown [./open/src/hotspot/share/classfile/systemDictionary.cpp, line 295]
Event: 0.940 Thread 0x00007fb2050d5800 Exception <a 'java/lang/ClassNotFoundException'{0x000000070ffb48f8}: java/lang/ObjectCustomizer> (0x000000070ffb48f8) 
thrown [./open/src/hotspot/share/classfile/systemDictionary.cpp, line 295]
Event: 0.948 Thread 0x00007fb2050d5800 Exception <a 'java/lang/ClassNotFoundException'{0x000000070ffe9598}: org/apache/log4j/LayoutCustomizer> (0x000000070ffe9598) 
thrown [./open/src/hotspot/share/classfile/systemDictionary.cpp, line 295]
Event: 0.950 Thread 0x00007fb2050d5800 Exception <a 'java/lang/ClassNotFoundException'{0x000000070fffce70}: org/apache/log4j/PatternLayoutCustomizer> (0x000000070fffce70) 
thrown [./open/src/hotspot/share/classfile/systemDictionary.cpp, line 295]

Events (20 events):
Event: 1.016 loading class com/sun/org/apache/xerces/internal/dom/AttrImpl
Event: 1.016 loading class org/w3c/dom/Attr
Event: 1.017 loading class org/w3c/dom/Attr done
Event: 1.017 loading class com/sun/org/apache/xerces/internal/dom/AttrImpl done
Event: 1.017 loading class com/sun/org/apache/xerces/internal/dom/DeferredAttrImpl done
Event: 1.017 loading class com/sun/org/apache/xerces/internal/dom/DeferredTextImpl
Event: 1.017 loading class com/sun/org/apache/xerces/internal/dom/TextImpl
Event: 1.017 loading class org/w3c/dom/CharacterData
Event: 1.017 loading class org/w3c/dom/CharacterData done
Event: 1.017 loading class org/w3c/dom/Text
Event: 1.017 loading class org/w3c/dom/Text done
Event: 1.017 loading class com/sun/org/apache/xerces/internal/dom/CharacterDataImpl
Event: 1.017 loading class com/sun/org/apache/xerces/internal/dom/CharacterDataImpl done
Event: 1.017 loading class com/sun/org/apache/xerces/internal/dom/TextImpl done
Event: 1.017 loading class com/sun/org/apache/xerces/internal/dom/DeferredTextImpl done
Event: 1.017 loading class com/sun/org/apache/xerces/internal/dom/CharacterDataImpl$1
Event: 1.017 loading class com/sun/org/apache/xerces/internal/dom/CharacterDataImpl$1 done
Event: 1.017 loading class net/sf/jnati/deploy/artefact/ArtefactFile
Event: 1.017 loading class net/sf/jnati/deploy/artefact/ArtefactFile done
Event: 1.019 Loaded shared library /Users/thomasmatthews/eclipse-workspace/25_jni-inchi/target/classes/META-INF/jniinchi/1.03_1/MAC-X86_64/JniInchi-1.03_1-MAC-X86_64


Dynamic libraries:
0x00007fff2a791000 	/usr/lib/libz.1.dylib
0x000000010b9d3000 	/Users/thomasmatthews/.p2/pool/plugins/org.eclipse.justj.openjdk.hotspot.jre.full.macosx.x86_64_15.0.2.v20210201-0955/jre/lib/libjli.dylib
0x00007fff352e3000 	/System/Library/Frameworks/Cocoa.framework/Versions/A/Cocoa
0x00007fff22508000 	/System/Library/Frameworks/Security.framework/Versions/A/Security
0x00007fff334e0000 	/System/Library/Frameworks/ApplicationServices.framework/Versions/A/ApplicationServices
0x00007fff2a859000 	/usr/lib/libSystem.B.dylib
0x00007fff2a853000 	/usr/lib/system/libcache.dylib
0x00007fff2a80f000 	/usr/lib/system/libcommonCrypto.dylib
0x00007fff2a839000 	/usr/lib/system/libcompiler_rt.dylib
0x00007fff2a82e000 	/usr/lib/system/libcopyfile.dylib
0x00007fff203dc000 	/usr/lib/system/libcorecrypto.dylib
0x00007fff204a9000 	/usr/lib/system/libdispatch.dylib
0x00007fff2065d000 	/usr/lib/system/libdyld.dylib
0x00007fff2a84a000 	/usr/lib/system/libkeymgr.dylib
0x00007fff2dc92000 	/usr/lib/system/liblaunch.dylib
0x00007fff2a7ed000 	/usr/lib/system/libmacho.dylib
0x00007fff2a007000 	/usr/lib/system/libquarantine.dylib
0x00007fff2a847000 	/usr/lib/system/libremovefile.dylib
0x00007fff24e9f000 	/usr/lib/system/libsystem_asl.dylib
0x00007fff2038c000 	/usr/lib/system/libsystem_blocks.dylib
0x00007fff2052a000 	/usr/lib/system/libsystem_c.dylib
0x00007fff2a841000 	/usr/lib/system/libsystem_collections.dylib
0x00007fff292fb000 	/usr/lib/system/libsystem_configuration.dylib
0x00007fff285ee000 	/usr/lib/system/libsystem_containermanager.dylib
0x00007fff2a589000 	/usr/lib/system/libsystem_coreservices.dylib
0x00007fff22abc000 	/usr/lib/system/libsystem_darwin.dylib
0x00007fff2a84b000 	/usr/lib/system/libsystem_dnssd.dylib
0x00007fff20527000 	/usr/lib/system/libsystem_featureflags.dylib
0x00007fff206a2000 	/usr/lib/system/libsystem_info.dylib
0x00007fff2a7a4000 	/usr/lib/system/libsystem_m.dylib
0x00007fff2047c000 	/usr/lib/system/libsystem_malloc.dylib
0x00007fff24e33000 	/usr/lib/system/libsystem_networkextension.dylib
0x00007fff22ed7000 	/usr/lib/system/libsystem_notify.dylib
0x00007fff30146000 	/usr/lib/system/libsystem_product_info_filter.dylib
0x00007fff292ff000 	/usr/lib/system/libsystem_sandbox.dylib
0x00007fff2a844000 	/usr/lib/system/libsystem_secinit.dylib
0x00007fff20622000 	/usr/lib/system/libsystem_kernel.dylib
0x00007fff20698000 	/usr/lib/system/libsystem_platform.dylib
0x00007fff20651000 	/usr/lib/system/libsystem_pthread.dylib
0x00007fff2659e000 	/usr/lib/system/libsystem_symptoms.dylib
0x00007fff203c4000 	/usr/lib/system/libsystem_trace.dylib
0x00007fff2a81b000 	/usr/lib/system/libunwind.dylib
0x00007fff2038e000 	/usr/lib/system/libxpc.dylib
0x00007fff20609000 	/usr/lib/libc++abi.dylib
0x00007fff204ee000 	/usr/lib/libobjc.A.dylib
0x00007fff2a826000 	/usr/lib/liboah.dylib
0x00007fff205b3000 	/usr/lib/libc++.1.dylib
0x00007fff206ce000 	/System/Library/Frameworks/CoreFoundation.framework/Versions/A/CoreFoundation
0x00007fff2147b000 	/System/Library/Frameworks/Foundation.framework/Versions/C/Foundation
0x00007fff22f2f000 	/System/Library/Frameworks/AppKit.framework/Versions/C/AppKit
0x00007fff25dc7000 	/System/Library/Frameworks/CoreData.framework/Versions/A/CoreData
0x00007fff23c92000 	/System/Library/PrivateFrameworks/UIFoundation.framework/Versions/A/UIFoundation
0x00007fff2febf000 	/System/Library/PrivateFrameworks/RemoteViewServices.framework/Versions/A/RemoteViewServices
0x00007fff28cb8000 	/System/Library/PrivateFrameworks/XCTTargetBootstrap.framework/Versions/A/XCTTargetBootstrap
0x00007fff2b999000 	/usr/lib/libspindump.dylib
0x00007fff23ee7000 	/System/Library/Frameworks/UniformTypeIdentifiers.framework/Versions/A/UniformTypeIdentifiers
0x00007fff2748e000 	/usr/lib/libapp_launch_measurement.dylib
0x00007fff27491000 	/System/Library/PrivateFrameworks/CoreAutoLayout.framework/Versions/A/CoreAutoLayout
0x00007fff2861a000 	/System/Library/Frameworks/Metal.framework/Versions/A/Metal
0x00007fff2930a000 	/usr/lib/liblangid.dylib
0x00007fff28cbc000 	/System/Library/PrivateFrameworks/CoreSVG.framework/Versions/A/CoreSVG
0x00007fff24ece000 	/System/Library/PrivateFrameworks/SkyLight.framework/Versions/A/SkyLight
0x00007fff25235000 	/System/Library/Frameworks/CoreGraphics.framework/Versions/A/CoreGraphics
0x00007fff30516000 	/System/Library/Frameworks/Accelerate.framework/Versions/A/Accelerate
0x00007fff2b3d4000 	/System/Library/PrivateFrameworks/IconServices.framework/Versions/A/IconServices
0x00007fff285ff000 	/System/Library/Frameworks/IOSurface.framework/Versions/A/IOSurface
0x00007fff26750000 	/usr/lib/libDiagnosticMessagesClient.dylib
0x00007fff28ca4000 	/System/Library/PrivateFrameworks/DFRFoundation.framework/Versions/A/DFRFoundation
0x00007fff2285a000 	/usr/lib/libicucore.A.dylib
0x00007fff2cee0000 	/System/Library/Frameworks/AudioToolbox.framework/Versions/A/AudioToolbox
0x00007fff2c185000 	/System/Library/PrivateFrameworks/DataDetectorsCore.framework/Versions/A/DataDetectorsCore
0x00007fff289a4000 	/System/Library/Frameworks/Carbon.framework/Versions/A/Frameworks/HIToolbox.framework/Versions/A/HIToolbox
0x00007fff26ee9000 	/System/Library/Frameworks/QuartzCore.framework/Versions/A/QuartzCore
0x00007fff2fefb000 	/System/Library/Frameworks/Carbon.framework/Versions/A/Frameworks/SpeechRecognition.framework/Versions/A/SpeechRecognition
0x00007fff271f6000 	/System/Library/PrivateFrameworks/CoreUI.framework/Versions/A/CoreUI
0x00007fff21e63000 	/System/Library/Frameworks/CoreAudio.framework/Versions/A/CoreAudio
0x00007fff2683b000 	/System/Library/Frameworks/DiskArbitration.framework/Versions/A/DiskArbitration
0x00007fff2bd94000 	/System/Library/PrivateFrameworks/MultitouchSupport.framework/Versions/A/MultitouchSupport
0x00007fff2c17c000 	/System/Library/PrivateFrameworks/InternationalSupport.framework/Versions/A/InternationalSupport
0x00007fff24e42000 	/usr/lib/libenergytrace.dylib
0x00007fff22e28000 	/System/Library/Frameworks/IOKit.framework/Versions/A/IOKit
0x00007fff30248000 	/System/Library/Frameworks/CoreServices.framework/Versions/A/CoreServices
0x00007fff27424000 	/System/Library/PrivateFrameworks/PerformanceAnalysis.framework/Versions/A/PerformanceAnalysis
0x00007fff6cbb2000 	/System/Library/Frameworks/OpenGL.framework/Versions/A/OpenGL
0x00007fff2c201000 	/System/Library/PrivateFrameworks/UserActivity.framework/Versions/A/UserActivity
0x00007fff258c9000 	/System/Library/Frameworks/ColorSync.framework/Versions/A/ColorSync
0x00007fff28f21000 	/System/Library/Frameworks/CoreImage.framework/Versions/A/CoreImage
0x00007fff21c7a000 	/System/Library/Frameworks/CoreText.framework/Versions/A/CoreText
0x00007fff28ce6000 	/System/Library/Frameworks/ImageIO.framework/Versions/A/ImageIO
0x00007fff2a85f000 	/System/Library/PrivateFrameworks/SoftLinking.framework/Versions/A/SoftLinking
0x00007fff274da000 	/usr/lib/libxml2.2.dylib
0x00007fff2aad1000 	/usr/lib/libcompression.dylib
0x00007fff24e43000 	/usr/lib/libMobileGestalt.dylib
0x00007fff2c0af000 	/System/Library/PrivateFrameworks/TextureIO.framework/Versions/A/TextureIO
0x00007fff2b0f7000 	/usr/lib/libate.dylib
0x00007fff2aedc000 	/usr/lib/liblzma.5.dylib
0x00007fff2118f000 	/System/Library/Frameworks/SystemConfiguration.framework/Versions/A/SystemConfiguration
0x00007fff2a85b000 	/usr/lib/libfakelink.dylib
0x00007fff24995000 	/System/Library/Frameworks/CFNetwork.framework/Versions/A/CFNetwork
0x00007fff2a99b000 	/usr/lib/libarchive.2.dylib
0x00007fff2120d000 	/usr/lib/libCRFSuite.dylib
0x00007fff2a02e000 	/usr/lib/libbsm.0.dylib
0x00007fff24351000 	/usr/lib/libnetwork.dylib
0x00007fff2a860000 	/usr/lib/libpcap.A.dylib
0x00007fff26597000 	/usr/lib/libdns_services.dylib
0x00007fff2aef5000 	/usr/lib/libcoretls_cfhelpers.dylib
0x00007fff2aa9f000 	/usr/lib/libapple_nghttp2.dylib
0x00007fff2a7f3000 	/usr/lib/system/libkxld.dylib
0x00007fff261fd000 	/usr/lib/libsqlite3.dylib
0x00007fff2a56b000 	/System/Library/PrivateFrameworks/AppleFSCompression.framework/Versions/A/AppleFSCompression
0x00007fff2a016000 	/usr/lib/libcoretls.dylib
0x00007fff2aacc000 	/usr/lib/libpam.2.dylib
0x00007fff2aff2000 	/usr/lib/libxar.1.dylib
0x00007fff29306000 	/System/Library/PrivateFrameworks/AppleSystemInfo.framework/Versions/A/AppleSystemInfo
0x00007fff29c59000 	/System/Library/PrivateFrameworks/IOMobileFramebuffer.framework/Versions/A/IOMobileFramebuffer
0x00007fff2a57b000 	/usr/lib/libbz2.1.0.dylib
0x00007fff2a898000 	/usr/lib/libiconv.2.dylib
0x00007fff2a7ec000 	/usr/lib/libcharset.1.dylib
0x00007fff27460000 	/System/Library/Frameworks/CoreServices.framework/Versions/A/Frameworks/FSEvents.framework/Versions/A/FSEvents
0x00007fff22ac6000 	/System/Library/Frameworks/CoreServices.framework/Versions/A/Frameworks/CarbonCore.framework/Versions/A/CarbonCore
0x00007fff267a0000 	/System/Library/Frameworks/CoreServices.framework/Versions/A/Frameworks/Metadata.framework/Versions/A/Metadata
0x00007fff2a58e000 	/System/Library/Frameworks/CoreServices.framework/Versions/A/Frameworks/OSServices.framework/Versions/A/OSServices
0x00007fff2aa0d000 	/System/Library/Frameworks/CoreServices.framework/Versions/A/Frameworks/SearchKit.framework/Versions/A/SearchKit
0x00007fff26521000 	/System/Library/Frameworks/CoreServices.framework/Versions/A/Frameworks/AE.framework/Versions/A/AE
0x00007fff20b6a000 	/System/Library/Frameworks/CoreServices.framework/Versions/A/Frameworks/LaunchServices.framework/Versions/A/LaunchServices
0x00007fff2ae8d000 	/System/Library/Frameworks/CoreServices.framework/Versions/A/Frameworks/DictionaryServices.framework/Versions/A/DictionaryServices
0x00007fff27469000 	/System/Library/Frameworks/CoreServices.framework/Versions/A/Frameworks/SharedFileList.framework/Versions/A/SharedFileList
0x00007fff2a00a000 	/usr/lib/libCheckFix.dylib
0x00007fff24eb6000 	/System/Library/PrivateFrameworks/TCC.framework/Versions/A/TCC
0x00007fff2930c000 	/System/Library/PrivateFrameworks/CoreNLP.framework/Versions/A/CoreNLP
0x00007fff26753000 	/System/Library/PrivateFrameworks/MetadataUtilities.framework/Versions/A/MetadataUtilities
0x00007fff21243000 	/usr/lib/libmecabra.dylib
0x00007fff2a31d000 	/System/Library/Frameworks/MLCompute.framework/Versions/A/MLCompute
0x00007fff2a03f000 	/usr/lib/libmecab.dylib
0x00007fff2a089000 	/usr/lib/libgermantok.dylib
0x00007fff2aa75000 	/usr/lib/libThaiTokenizer.dylib
0x00007fff2b02d000 	/usr/lib/libChineseTokenizer.dylib
0x00007fff2aaca000 	/System/Library/Frameworks/MetalPerformanceShaders.framework/Versions/A/MetalPerformanceShaders
0x00007fff26842000 	/System/Library/Frameworks/Accelerate.framework/Versions/A/Frameworks/vImage.framework/Versions/A/vImage
0x00007fff30221000 	/System/Library/Frameworks/Accelerate.framework/Versions/A/Frameworks/vecLib.framework/Versions/A/vecLib
0x00007fff2b038000 	/System/Library/Frameworks/Accelerate.framework/Versions/A/Frameworks/vecLib.framework/Versions/A/libvMisc.dylib
0x00007fff29a72000 	/System/Library/Frameworks/Accelerate.framework/Versions/A/Frameworks/vecLib.framework/Versions/A/libvDSP.dylib
0x00007fff20e6e000 	/System/Library/Frameworks/Accelerate.framework/Versions/A/Frameworks/vecLib.framework/Versions/A/libBLAS.dylib
0x00007fff2aaf0000 	/System/Library/Frameworks/Accelerate.framework/Versions/A/Frameworks/vecLib.framework/Versions/A/libLAPACK.dylib
0x00007fff2a08f000 	/System/Library/Frameworks/Accelerate.framework/Versions/A/Frameworks/vecLib.framework/Versions/A/libLinearAlgebra.dylib
0x00007fff2aab7000 	/System/Library/Frameworks/Accelerate.framework/Versions/A/Frameworks/vecLib.framework/Versions/A/libSparseBLAS.dylib
0x00007fff2aaea000 	/System/Library/Frameworks/Accelerate.framework/Versions/A/Frameworks/vecLib.framework/Versions/A/libQuadrature.dylib
0x00007fff293b4000 	/System/Library/Frameworks/Accelerate.framework/Versions/A/Frameworks/vecLib.framework/Versions/A/libBNNS.dylib
0x00007fff21120000 	/System/Library/Frameworks/Accelerate.framework/Versions/A/Frameworks/vecLib.framework/Versions/A/libSparse.dylib
0x00007fff2929f000 	/System/Library/Frameworks/MetalPerformanceShaders.framework/Versions/A/Frameworks/MPSCore.framework/Versions/A/MPSCore
0x00007fff2a4da000 	/System/Library/Frameworks/MetalPerformanceShaders.framework/Versions/A/Frameworks/MPSImage.framework/Versions/A/MPSImage
0x00007fff2a0a5000 	/System/Library/Frameworks/MetalPerformanceShaders.framework/Versions/A/Frameworks/MPSNeuralNetwork.framework/Versions/A/MPSNeuralNetwork
0x00007fff2a465000 	/System/Library/Frameworks/MetalPerformanceShaders.framework/Versions/A/Frameworks/MPSMatrix.framework/Versions/A/MPSMatrix
0x00007fff2a2cd000 	/System/Library/Frameworks/MetalPerformanceShaders.framework/Versions/A/Frameworks/MPSRayIntersector.framework/Versions/A/MPSRayIntersector
0x00007fff2a49c000 	/System/Library/Frameworks/MetalPerformanceShaders.framework/Versions/A/Frameworks/MPSNDArray.framework/Versions/A/MPSNDArray
0x00007fff20d9a000 	/System/Library/PrivateFrameworks/MetalTools.framework/Versions/A/MetalTools
0x00007fff29304000 	/System/Library/PrivateFrameworks/AggregateDictionary.framework/Versions/A/AggregateDictionary
0x00007fff2672b000 	/System/Library/PrivateFrameworks/CoreAnalytics.framework/Versions/A/CoreAnalytics
0x00007fff2aa77000 	/System/Library/PrivateFrameworks/AppleSauce.framework/Versions/A/AppleSauce
0x00007fff28611000 	/System/Library/PrivateFrameworks/IOAccelerator.framework/Versions/A/IOAccelerator
0x00007fff6cba6000 	/System/Library/Frameworks/OpenGL.framework/Versions/A/Libraries/libCoreFSCache.dylib
0x00007fff217df000 	/System/Library/PrivateFrameworks/LanguageModeling.framework/Versions/A/LanguageModeling
0x00007fff29c46000 	/System/Library/PrivateFrameworks/CoreEmoji.framework/Versions/A/CoreEmoji
0x00007fff293ad000 	/System/Library/PrivateFrameworks/LinguisticData.framework/Versions/A/LinguisticData
0x00007fff210d2000 	/System/Library/PrivateFrameworks/Lexicon.framework/Versions/A/Lexicon
0x00007fff2a989000 	/usr/lib/libcmph.dylib
0x00007fff27440000 	/System/Library/Frameworks/OpenDirectory.framework/Versions/A/Frameworks/CFOpenDirectory.framework/Versions/A/CFOpenDirectory
0x00007fff27430000 	/System/Library/Frameworks/OpenDirectory.framework/Versions/A/OpenDirectory
0x00007fff2aef7000 	/System/Library/PrivateFrameworks/APFS.framework/Versions/A/APFS
0x00007fff29f6b000 	/System/Library/Frameworks/SecurityFoundation.framework/Versions/A/SecurityFoundation
0x00007fff2b000000 	/usr/lib/libutil.dylib
0x00007fff22ded000 	/System/Library/PrivateFrameworks/CoreServicesStore.framework/Versions/A/CoreServicesStore
0x00007fff2a002000 	/System/Library/Frameworks/ServiceManagement.framework/Versions/A/ServiceManagement
0x00007fff2b004000 	/usr/lib/libxslt.1.dylib
0x00007fff29ff8000 	/System/Library/PrivateFrameworks/BackgroundTaskManagement.framework/Versions/A/BackgroundTaskManagement
0x00007fff2bff9000 	/System/Library/Frameworks/ImageIO.framework/Versions/A/Resources/libRadiance.dylib
0x00007fff2c003000 	/System/Library/Frameworks/ImageIO.framework/Versions/A/Resources/libJPEG.dylib
0x00007fff2bf4e000 	/System/Library/Frameworks/ImageIO.framework/Versions/A/Resources/libPng.dylib
0x00007fff2bf75000 	/System/Library/Frameworks/ImageIO.framework/Versions/A/Resources/libTIFF.dylib
0x00007fff2c058000 	/System/Library/Frameworks/ImageIO.framework/Versions/A/Resources/libGIF.dylib
0x00007fff2bcb1000 	/System/Library/Frameworks/ImageIO.framework/Versions/A/Resources/libJP2.dylib
0x00007fff2b39b000 	/usr/lib/libexpat.1.dylib
0x00007fff2bc66000 	/System/Library/PrivateFrameworks/AppleJPEG.framework/Versions/A/AppleJPEG
0x00007fff28847000 	/System/Library/PrivateFrameworks/FontServices.framework/libFontParser.dylib
0x00007fff264d5000 	/System/Library/PrivateFrameworks/RunningBoardServices.framework/Versions/A/RunningBoardServices
0x00007fff2bd90000 	/System/Library/PrivateFrameworks/WatchdogClient.framework/Versions/A/WatchdogClient
0x00007fff218cc000 	/System/Library/Frameworks/CoreDisplay.framework/Versions/A/CoreDisplay
0x00007fff2875d000 	/System/Library/Frameworks/CoreMedia.framework/Versions/A/CoreMedia
0x00007fff275bd000 	/System/Library/Frameworks/CoreVideo.framework/Versions/A/CoreVideo
0x00007fff2bdc8000 	/System/Library/Frameworks/VideoToolbox.framework/Versions/A/VideoToolbox
0x00007fff26453000 	/System/Library/PrivateFrameworks/BaseBoard.framework/Versions/A/BaseBoard
0x00007fff2b4e0000 	/System/Library/PrivateFrameworks/PersistentConnection.framework/Versions/A/PersistentConnection
0x00007fff261e6000 	/System/Library/PrivateFrameworks/ProtocolBuffer.framework/Versions/A/ProtocolBuffer
0x00007fff2643a000 	/System/Library/PrivateFrameworks/CommonUtilities.framework/Versions/A/CommonUtilities
0x00007fff2bbfb000 	/System/Library/PrivateFrameworks/Bom.framework/Versions/A/Bom
0x00007fff2bff2000 	/System/Library/PrivateFrameworks/GPUWrangler.framework/Versions/A/GPUWrangler
0x00007fff2bfd5000 	/System/Library/PrivateFrameworks/IOPresentment.framework/Versions/A/IOPresentment
0x00007fff2bffd000 	/System/Library/PrivateFrameworks/DSExternalDisplay.framework/Versions/A/DSExternalDisplay
0x00007fff2c05d000 	/System/Library/PrivateFrameworks/CMCaptureCore.framework/Versions/A/CMCaptureCore
0x00007fff2b980000 	/System/Library/PrivateFrameworks/AppServerSupport.framework/Versions/A/AppServerSupport
0x00007fff2da31000 	/System/Library/PrivateFrameworks/perfdata.framework/Versions/A/perfdata
0x00007fff29f5a000 	/System/Library/PrivateFrameworks/AssertionServices.framework/Versions/A/AssertionServices
0x00007fff21a03000 	/System/Library/PrivateFrameworks/AudioToolboxCore.framework/Versions/A/AudioToolboxCore
0x00007fff28740000 	/System/Library/PrivateFrameworks/caulk.framework/Versions/A/caulk
0x00007fff3d6dc000 	/System/Library/PrivateFrameworks/SystemPolicy.framework/Versions/A/SystemPolicy
0x00007fff2b190000 	/usr/lib/libIOReport.dylib
0x00007fff2d253000 	/usr/lib/libSMC.dylib
0x00007fff2bf1b000 	/usr/lib/libAudioToolboxUtility.dylib
0x00007fff3e046000 	/usr/lib/libmis.dylib
0x00007fff6cc02000 	/System/Library/Frameworks/OpenGL.framework/Versions/A/Libraries/libGLU.dylib
0x00007fff6cbc5000 	/System/Library/Frameworks/OpenGL.framework/Versions/A/Libraries/libGFXShared.dylib
0x00007fff6cdd4000 	/System/Library/Frameworks/OpenGL.framework/Versions/A/Libraries/libGL.dylib
0x00007fff6cbce000 	/System/Library/Frameworks/OpenGL.framework/Versions/A/Libraries/libGLImage.dylib
0x00007fff6cbc2000 	/System/Library/Frameworks/OpenGL.framework/Versions/A/Libraries/libCVMSPluginSupport.dylib
0x00007fff6cbad000 	/System/Library/Frameworks/OpenGL.framework/Versions/A/Libraries/libCoreVMClient.dylib
0x00007fff6e215000 	/System/Library/Frameworks/OpenCL.framework/Versions/A/OpenCL
0x00007fff2b50a000 	/System/Library/PrivateFrameworks/GraphVisualizer.framework/Versions/A/GraphVisualizer
0x00007fff2b519000 	/System/Library/PrivateFrameworks/FaceCore.framework/Versions/A/FaceCore
0x00007fff2b935000 	/System/Library/PrivateFrameworks/OTSVG.framework/Versions/A/OTSVG
0x00007fff271b4000 	/System/Library/Frameworks/ApplicationServices.framework/Versions/A/Frameworks/ATS.framework/Versions/A/Resources/libFontRegistry.dylib
0x00007fff2b987000 	/System/Library/PrivateFrameworks/FontServices.framework/libhvf.dylib
0x00007fff2b347000 	/System/Library/PrivateFrameworks/AppleVA.framework/Versions/A/AppleVA
0x00007fff2d09c000 	/System/Library/Frameworks/ApplicationServices.framework/Versions/A/Frameworks/ATS.framework/Versions/A/ATS
0x00007fff2d3ae000 	/System/Library/Frameworks/ApplicationServices.framework/Versions/A/Frameworks/ColorSyncLegacy.framework/Versions/A/ColorSyncLegacy
0x00007fff259c0000 	/System/Library/Frameworks/ApplicationServices.framework/Versions/A/Frameworks/HIServices.framework/Versions/A/HIServices
0x00007fff2d393000 	/System/Library/Frameworks/ApplicationServices.framework/Versions/A/Frameworks/LangAnalysis.framework/Versions/A/LangAnalysis
0x00007fff2c067000 	/System/Library/Frameworks/ApplicationServices.framework/Versions/A/Frameworks/PrintCore.framework/Versions/A/PrintCore
0x00007fff2d3b6000 	/System/Library/Frameworks/ApplicationServices.framework/Versions/A/Frameworks/QD.framework/Versions/A/QD
0x00007fff2d08c000 	/System/Library/Frameworks/ApplicationServices.framework/Versions/A/Frameworks/SpeechSynthesis.framework/Versions/A/SpeechSynthesis
0x00007fff2c028000 	/System/Library/Frameworks/ApplicationServices.framework/Versions/A/Frameworks/ATSUI.framework/Versions/A/ATSUI
0x00007fff2d333000 	/usr/lib/libcups.2.dylib
0x00007fff2d3a3000 	/System/Library/PrivateFrameworks/NetAuth.framework/Versions/A/NetAuth
0x00007fff2da4d000 	/System/Library/Frameworks/Kerberos.framework/Versions/A/Kerberos
0x00007fff2da5d000 	/System/Library/Frameworks/GSS.framework/Versions/A/GSS
0x00007fff2d108000 	/usr/lib/libresolv.9.dylib
0x00007fff2b99c000 	/System/Library/PrivateFrameworks/Heimdal.framework/Versions/A/Heimdal
0x00007fff337e1000 	/System/Library/Frameworks/Kerberos.framework/Versions/A/Libraries/libHeimdalProxy.dylib
0x00007fff265a6000 	/System/Library/Frameworks/Network.framework/Versions/A/Network
0x00007fff2b3b5000 	/usr/lib/libheimdal-asn1.dylib
0x00007fff2daad000 	/System/Library/PrivateFrameworks/CommonAuth.framework/Versions/A/CommonAuth
0x00007fff2760a000 	/System/Library/PrivateFrameworks/login.framework/Versions/A/Frameworks/loginsupport.framework/Versions/A/loginsupport
0x00007fff2d011000 	/System/Library/PrivateFrameworks/AudioSession.framework/Versions/A/AudioSession
0x00007fff2d079000 	/usr/lib/libAudioStatistics.dylib
0x00007fff2b442000 	/System/Library/PrivateFrameworks/MediaExperience.framework/Versions/A/MediaExperience
0x00007fff2ceae000 	/System/Library/PrivateFrameworks/AudioSession.framework/libSessionUtility.dylib
0x00007fff2da3e000 	/usr/lib/libperfcheck.dylib
0x00007fff2d3c2000 	/System/Library/PrivateFrameworks/AudioResourceArbitration.framework/Versions/A/AudioResourceArbitration
0x00007fff2b3bf000 	/System/Library/PrivateFrameworks/IconFoundation.framework/Versions/A/IconFoundation
0x00007fff2feeb000 	/System/Library/PrivateFrameworks/SpeechRecognitionCore.framework/Versions/A/SpeechRecognitionCore
0x000000010e000000 	/Users/thomasmatthews/.p2/pool/plugins/org.eclipse.justj.openjdk.hotspot.jre.full.macosx.x86_64_15.0.2.v20210201-0955/jre/lib/server/libjvm.dylib
0x000000010b9fe000 	/Users/thomasmatthews/.p2/pool/plugins/org.eclipse.justj.openjdk.hotspot.jre.full.macosx.x86_64_15.0.2.v20210201-0955/jre/lib/libjimage.dylib
0x000000010ba0c000 	/Users/thomasmatthews/.p2/pool/plugins/org.eclipse.justj.openjdk.hotspot.jre.full.macosx.x86_64_15.0.2.v20210201-0955/jre/lib/libinstrument.dylib
0x000000010ba1c000 	/Users/thomasmatthews/.p2/pool/plugins/org.eclipse.justj.openjdk.hotspot.jre.full.macosx.x86_64_15.0.2.v20210201-0955/jre/lib/libjava.dylib
0x000000010ba8f000 	/Users/thomasmatthews/.p2/pool/plugins/org.eclipse.justj.openjdk.hotspot.jre.full.macosx.x86_64_15.0.2.v20210201-0955/jre/lib/libzip.dylib
0x000000010bcd7000 	/Users/thomasmatthews/.p2/pool/plugins/org.eclipse.justj.openjdk.hotspot.jre.full.macosx.x86_64_15.0.2.v20210201-0955/jre/lib/libnio.dylib
0x000000010bceb000 	/Users/thomasmatthews/.p2/pool/plugins/org.eclipse.justj.openjdk.hotspot.jre.full.macosx.x86_64_15.0.2.v20210201-0955/jre/lib/libnet.dylib
0x000000010bd04000 	/Users/thomasmatthews/.p2/pool/plugins/org.eclipse.justj.openjdk.hotspot.jre.full.macosx.x86_64_15.0.2.v20210201-0955/jre/lib/libverify.dylib
0x000000010bf18000 	/Users/thomasmatthews/.p2/pool/plugins/org.eclipse.justj.openjdk.hotspot.jre.full.macosx.x86_64_15.0.2.v20210201-0955/jre/lib/libextnet.dylib
0x000000010bf1f000 	/Users/thomasmatthews/.p2/pool/plugins/org.eclipse.justj.openjdk.hotspot.jre.full.macosx.x86_64_15.0.2.v20210201-0955/jre/lib/libmanagement.dylib
0x000000010bf29000 	/Users/thomasmatthews/.p2/pool/plugins/org.eclipse.justj.openjdk.hotspot.jre.full.macosx.x86_64_15.0.2.v20210201-0955/jre/lib/libmanagement_ext.dylib
0x00000001115d4000 	/Users/thomasmatthews/eclipse-workspace/25_jni-inchi/target/classes/META-INF/jniinchi/1.03_1/MAC-X86_64/JniInchi-1.03_1-MAC-X86_64


VM Arguments:
jvm_args: -Djava.awt.headless=true -javaagent:/var/folders/kf/6s3yyz091ynfywzf3k3mq2cm0000gn/T/1617350530933092591480972417724106533362184458336.jar -Dfile.encoding=UTF-8 
java_command: org.pitest.mutationtest.execute.MutationTestMinion 55450
java_class_path (initial): /Users/thomasmatthews/.p2/pool/plugins/org.pitest_1.4.11:/Users/thomasmatthews/.p2/pool/plugins/org.pitest.pitclipse.runner_2.1.1.jar:/Users/thomasmatthews/.p2/pool/plugins/org.pitest_1.4.11/lib/pitest.jar:/Users/thomasmatthews/.p2/pool/plugins/org.pitest_1.4.11/lib/pitest-entry.jar:/Users/thomasmatthews/.p2/pool/plugins/org.pitest_1.4.11/lib/pitest-command-line.jar:/Users/thomasmatthews/.p2/pool/plugins/org.pitest_1.4.11/lib/pitest-html-report.jar:/Users/thomasmatthews/.p2/pool/plugins/com.google.guava_27.1.0.v20190517-1946.jar:/Users/thomasmatthews/.p2/pool/plugins/org.pitest.pitclipse.listeners_2.1.1.jar:/Users/thomasmatthews/eclipse-workspace/25_jni-inchi/target/classes:/Users/thomasmatthews/eclipse-workspace/25_jni-inchi/target/test-classes:/Users/thomasmatthews/eclipse-workspace/25_jni-inchi/lib/jnati-core-0.4.jar:/Users/thomasmatthews/eclipse-workspace/25_jni-inchi/lib/jnati-deploy-0.4.jar:/Users/thomasmatthews/eclipse-workspace/25_jni-inchi/lib/log4j-1.2.14.jar:/Users/thomasmatthews/.p2/pool/plugins/org.junit_4.13.0.v20200204-1500.jar:/Users/thomasmatthews/.p2/pool/plugins/org.hamcrest.core_1.3.0.v20180420-1519.jar
Launcher Type: SUN_STANDARD

[Global flags]
     intx CICompilerCount                          = 3                                         {product} {ergonomic}
     uint ConcGCThreads                            = 1                                         {product} {ergonomic}
     uint G1ConcRefinementThreads                  = 4                                         {product} {ergonomic}
   size_t G1HeapRegionSize                         = 2097152                                   {product} {ergonomic}
    uintx GCDrainStackTargetSize                   = 64                                        {product} {ergonomic}
   size_t InitialHeapSize                          = 268435456                                 {product} {ergonomic}
   size_t MarkStackSize                            = 4194304                                   {product} {ergonomic}
   size_t MaxHeapSize                              = 4294967296                                {product} {ergonomic}
   size_t MaxNewSize                               = 2575302656                                {product} {ergonomic}
   size_t MinHeapDeltaBytes                        = 2097152                                   {product} {ergonomic}
   size_t MinHeapSize                              = 8388608                                   {product} {ergonomic}
    uintx NonNMethodCodeHeapSize                   = 5832780                                {pd product} {ergonomic}
    uintx NonProfiledCodeHeapSize                  = 122912730                              {pd product} {ergonomic}
    uintx ProfiledCodeHeapSize                     = 122912730                              {pd product} {ergonomic}
    uintx ReservedCodeCacheSize                    = 251658240                              {pd product} {ergonomic}
     bool SegmentedCodeCache                       = true                                      {product} {ergonomic}
   size_t SoftMaxHeapSize                          = 4294967296                             {manageable} {ergonomic}
     bool UseCompressedClassPointers               = true                                 {lp64_product} {ergonomic}
     bool UseCompressedOops                        = true                                 {lp64_product} {ergonomic}
     bool UseG1GC                                  = true                                      {product} {ergonomic}
     bool UseNUMA                                  = false                                     {product} {ergonomic}
     bool UseNUMAInterleaving                      = false                                     {product} {ergonomic}

Logging:
Log output configuration:
 #0: stdout all=warning uptime,level,tags
 #1: stderr all=off uptime,level,tags

Environment Variables:
CLASSPATH=/Users/thomasmatthews/.p2/pool/plugins/org.pitest_1.4.11:/Users/thomasmatthews/.p2/pool/plugins/org.pitest.pitclipse.runner_2.1.1.jar:/Users/thomasmatthews/.p2/pool/plugins/org.pitest_1.4.11/lib/pitest.jar:/Users/thomasmatthews/.p2/pool/plugins/org.pitest_1.4.11/lib/pitest-entry.jar:/Users/thomasmatthews/.p2/pool/plugins/org.pitest_1.4.11/lib/pitest-command-line.jar:/Users/thomasmatthews/.p2/pool/plugins/org.pitest_1.4.11/lib/pitest-html-report.jar:/Users/thomasmatthews/.p2/pool/plugins/com.google.guava_27.1.0.v20190517-1946.jar:/Users/thomasmatthews/.p2/pool/plugins/org.pitest.pitclipse.listeners_2.1.1.jar:/Users/thomasmatthews/eclipse-workspace/25_jni-inchi/target/classes:/Users/thomasmatthews/eclipse-workspace/25_jni-inchi/target/test-classes:/Users/thomasmatthews/eclipse-workspace/25_jni-inchi/lib/jnati-core-0.4.jar:/Users/thomasmatthews/eclipse-workspace/25_jni-inchi/lib/jnati-deploy-0.4.jar:/Users/thomasmatthews/eclipse-workspace/25_jni-inchi/lib/log4j-1.2.14.jar:/Users/thomasmatthews/.p2/pool/plugins/org.junit_4.13.0.v20200204-1500.jar:/Users/thomasmatthews/.p2/pool/plugins/org.hamcrest.core_1.3.0.v20180420-1519.jar
PATH=/usr/bin:/bin:/usr/sbin:/sbin
SHELL=/bin/zsh
DISPLAY=/private/tmp/com.apple.launchd.H4MAuLrG8E/org.xquartz:0

Signal Handlers:
SIGSEGV: [libjvm.dylib+0xa01020], sa_mask[0]=11111111011111110111111111111111, sa_flags=SA_ONSTACK|SA_RESTART|SA_SIGINFO
SIGBUS: [libjvm.dylib+0xa01020], sa_mask[0]=11111111011111110111111111111111, sa_flags=SA_RESTART|SA_SIGINFO
SIGFPE: [libjvm.dylib+0xa01020], sa_mask[0]=11111111011111110111111111111111, sa_flags=SA_RESTART|SA_SIGINFO
SIGPIPE: [libjvm.dylib+0x82c500], sa_mask[0]=11111111011111110111111111111111, sa_flags=SA_RESTART|SA_SIGINFO
SIGXFSZ: [libjvm.dylib+0x82c500], sa_mask[0]=11111111011111110111111111111111, sa_flags=SA_RESTART|SA_SIGINFO
SIGILL: [libjvm.dylib+0xa01020], sa_mask[0]=11111111011111110111111111111111, sa_flags=SA_RESTART|SA_SIGINFO
SIGUSR2: [libjvm.dylib+0x82d010], sa_mask[0]=00100000000000000000000000000000, sa_flags=SA_RESTART|SA_SIGINFO
SIGHUP: [libjvm.dylib+0x82b710], sa_mask[0]=11111111011111110111111111111111, sa_flags=SA_RESTART|SA_SIGINFO
SIGINT: [libjvm.dylib+0x82b710], sa_mask[0]=11111111011111110111111111111111, sa_flags=SA_RESTART|SA_SIGINFO
SIGTERM: [libjvm.dylib+0x82b710], sa_mask[0]=11111111011111110111111111111111, sa_flags=SA_RESTART|SA_SIGINFO
SIGQUIT: [libjvm.dylib+0x82b710], sa_mask[0]=11111111011111110111111111111111, sa_flags=SA_RESTART|SA_SIGINFO


---------------  S Y S T E M  ---------------

OS:uname: Darwin 20.3.0 Darwin Kernel Version 20.3.0: Thu Jan 21 00:07:06 PST 2021; root:xnu-7195.81.3~1/RELEASE_X86_64 x86_64
OS uptime: 9 days 10:20 hours
rlimit (soft/hard): STACK 8192k/65532k , CORE 0k/infinity , NPROC 2784/4176 , NOFILE 10240/infinity , AS infinity/infinity , CPU infinity/infinity , DATA infinity/infinity , FSIZE infinity/infinity , MEMLOCK infinity/infinity , RSS infinity/infinity
load average: 17.07 7.19 3.79

CPU: total 4 (initial active 4) (2 cores per cpu, 2 threads per core) family 6 model 61 stepping 4 microcode 0x2f, cmov, cx8, fxsr, mmx, sse, sse2, sse3, ssse3, sse4.1, sse4.2, popcnt, vzeroupper, avx, avx2, aes, clmul, erms, 3dnowpref, lzcnt, ht, tsc, tscinvbit, bmi1, bmi2, adx, fma, clflush

Memory: 4k page, physical 16777216k(962748k free), swap 2097152k(1450240k free)

vm_info: OpenJDK 64-Bit Server VM (15.0.2+7-27) for bsd-amd64 JRE (15.0.2+7-27), built on Dec  7 2020 20:01:12 by "mach5one" with clang 4.2.1 Compatible Apple LLVM 10.0.0 (clang-1000.11.45.5)

END.
